2026-04-13T21:51:47.616323 - Запущен evaluator для задания 117939dc-f207-4f3e-aff6-b5dda55270c8, тип 1, таймаут=300с
2026-04-13T21:51:47.617505 - SITL запущен, ожидание инициализации 15 секунд...
2026-04-13T21:52:02.619675 - Подключение к MAVProxy через udp:127.0.0.1:14550...
2026-04-13T21:52:02.621015 - Ожидание heartbeat...
2026-04-13T21:52:02.726119 - Heartbeat получен, соединение установлено.
2026-04-13T21:52:02.726324 - Открытие TCP-сервера на порту 14601...
2026-04-13T21:52:02.726530 - Ожидание подключения GCS на порту 14601
2026-04-13T21:54:04.358815 - Взлёт на 30.0 м зафиксирован.
2026-04-13T21:54:05.862944 - Дистанция +15.1 м, всего 15.1 м
2026-04-13T21:54:06.361448 - Дистанция +5.0 м, всего 20.1 м
2026-04-13T21:54:06.858630 - Дистанция +5.0 м, всего 25.2 м
2026-04-13T21:54:07.913855 - Дистанция +10.6 м, всего 35.7 м
2026-04-13T21:54:08.169733 - Дистанция +2.5 м, всего 38.2 м
2026-04-13T21:54:09.664608 - Дистанция +15.0 м, всего 53.2 м
2026-04-13T21:54:09.916594 - Дистанция +2.5 м, всего 55.7 м
2026-04-13T21:54:11.167837 - Дистанция +12.5 м, всего 68.2 м
2026-04-13T21:54:11.410560 - Дистанция +2.5 м, всего 70.7 м
2026-04-13T21:54:11.667270 - Дистанция +2.5 м, всего 73.2 м
2026-04-13T21:54:11.912139 - Дистанция +2.5 м, всего 75.7 м
2026-04-13T21:54:12.168364 - Дистанция +2.5 м, всего 78.2 м
2026-04-13T21:54:12.666926 - Дистанция +5.0 м, всего 83.2 м
2026-04-13T21:54:13.172637 - Дистанция +5.0 м, всего 88.2 м
2026-04-13T21:54:13.662304 - Дистанция +5.0 м, всего 93.2 м
2026-04-13T21:54:13.913214 - Дистанция +2.5 м, всего 95.7 м
2026-04-13T21:54:14.171900 - Дистанция +2.5 м, всего 98.2 м
2026-04-13T21:54:14.415584 - Дистанция +2.5 м, всего 100.7 м
2026-04-13T21:54:14.668307 - Дистанция +2.5 м, всего 103.2 м
2026-04-13T21:54:15.171307 - Дистанция +5.0 м, всего 108.2 м
2026-04-13T21:54:15.415988 - Дистанция +2.5 м, всего 110.7 м
2026-04-13T21:54:15.915516 - Дистанция +5.0 м, всего 115.7 м
2026-04-13T21:54:16.162982 - Дистанция +2.5 м, всего 118.2 м
2026-04-13T21:54:16.414209 - Дистанция +2.5 м, всего 120.6 м
2026-04-13T21:54:17.416708 - Дистанция +10.0 м, всего 130.7 м
2026-04-13T21:54:17.912656 - Дистанция +5.0 м, всего 135.7 м
2026-04-13T21:54:18.910422 - Дистанция +10.0 м, всего 145.7 м
2026-04-13T21:54:19.669370 - Дистанция +7.5 м, всего 153.1 м
2026-04-13T21:54:19.913797 - Дистанция +2.5 м, всего 155.6 м
2026-04-13T21:54:20.411875 - Дистанция +5.0 м, всего 160.6 м
2026-04-13T21:54:21.412315 - Дистанция +10.0 м, всего 170.6 м
2026-04-13T21:54:21.666470 - Дистанция +2.5 м, всего 173.1 м
2026-04-13T21:54:22.912717 - Дистанция +12.5 м, всего 185.6 м
2026-04-13T21:54:24.415976 - Дистанция +15.0 м, всего 200.6 м
2026-04-13T21:54:24.661786 - Дистанция +2.5 м, всего 203.1 м
2026-04-13T21:54:24.914808 - Дистанция +2.5 м, всего 205.6 м
2026-04-13T21:54:25.169866 - Дистанция +2.5 м, всего 208.1 м
2026-04-13T21:54:26.166708 - Дистанция +10.0 м, всего 218.0 м
2026-04-13T21:54:26.413128 - Дистанция +2.5 м, всего 220.5 м
2026-04-13T21:54:26.671419 - Дистанция +2.5 м, всего 223.0 м
2026-04-13T21:54:26.920385 - Дистанция +2.5 м, всего 225.5 м
2026-04-13T21:54:27.168549 - Дистанция +2.5 м, всего 228.0 м
2026-04-13T21:54:27.672570 - Дистанция +5.0 м, всего 233.0 м
2026-04-13T21:54:28.671616 - Дистанция +10.0 м, всего 243.0 м
2026-04-13T21:54:28.917950 - Дистанция +2.5 м, всего 245.5 м
2026-04-13T21:54:30.169834 - Дистанция +12.5 м, всего 258.0 м
2026-04-13T21:54:30.666758 - Дистанция +5.0 м, всего 263.0 м
2026-04-13T21:54:31.172154 - Дистанция +5.0 м, всего 268.0 м
2026-04-13T21:54:32.417108 - Дистанция +12.5 м, всего 280.5 м
2026-04-13T21:54:32.668781 - Дистанция +2.5 м, всего 283.0 м
2026-04-13T21:54:32.917365 - Дистанция +2.5 м, всего 285.5 м
2026-04-13T21:54:33.413640 - Дистанция +5.0 м, всего 290.5 м
2026-04-13T21:54:33.671848 - Дистанция +2.5 м, всего 293.0 м
2026-04-13T21:54:33.917447 - Дистанция +2.5 м, всего 295.5 м
2026-04-13T21:54:34.166679 - Дистанция +2.5 м, всего 298.0 м
2026-04-13T21:54:35.367344 - Дистанция +11.9 м, всего 309.9 м
2026-04-13T21:54:36.368647 - Дистанция +10.0 м, всего 319.9 м
2026-04-13T21:54:37.365017 - Дистанция +10.0 м, всего 329.9 м
2026-04-13T21:54:37.918308 - Дистанция +5.5 м, всего 335.4 м
2026-04-13T21:54:38.672904 - Дистанция +7.5 м, всего 342.9 м
2026-04-13T21:54:38.917531 - Дистанция +2.5 м, всего 345.4 м
2026-04-13T21:54:39.667086 - Дистанция +7.5 м, всего 352.9 м
2026-04-13T21:54:39.916096 - Дистанция +2.5 м, всего 355.4 м
2026-04-13T21:54:40.177356 - Дистанция +2.5 м, всего 357.9 м
2026-04-13T21:54:40.916262 - Дистанция +7.5 м, всего 365.4 м
2026-04-13T21:54:41.177890 - Дистанция +2.5 м, всего 367.8 м
2026-04-13T21:54:42.173447 - Дистанция +10.0 м, всего 377.8 м
2026-04-13T21:54:43.672946 - Дистанция +15.0 м, всего 392.9 м
2026-04-13T21:54:43.922061 - Дистанция +2.5 м, всего 395.4 м
2026-04-13T21:54:44.166935 - Дистанция +2.5 м, всего 397.9 м
2026-04-13T21:54:44.419361 - Дистанция +2.5 м, всего 400.4 м
2026-04-13T21:54:44.675830 - Дистанция +2.5 м, всего 402.9 м
2026-04-13T21:54:44.920189 - Дистанция +2.5 м, всего 405.4 м
2026-04-13T21:54:45.674196 - Дистанция +7.5 м, всего 412.8 м
2026-04-13T21:54:46.920923 - Дистанция +12.4 м, всего 425.3 м
2026-04-13T21:54:47.415141 - Дистанция +5.0 м, всего 430.3 м
2026-04-13T21:54:47.921803 - Дистанция +5.0 м, всего 435.3 м
2026-04-13T21:54:48.172487 - Дистанция +2.5 м, всего 437.8 м
2026-04-13T21:54:48.669710 - Дистанция +5.0 м, всего 442.8 м
2026-04-13T21:54:49.168319 - Дистанция +5.0 м, всего 447.8 м
2026-04-13T21:54:49.922467 - Дистанция +7.5 м, всего 455.3 м
2026-04-13T21:54:50.422529 - Дистанция +5.0 м, всего 460.3 м
2026-04-13T21:54:50.920098 - Дистанция +5.0 м, всего 465.3 м
2026-04-13T21:54:51.677411 - Дистанция +7.5 м, всего 472.7 м
2026-04-13T21:54:51.920414 - Дистанция +2.5 м, всего 475.2 м
2026-04-13T21:54:52.425116 - Дистанция +5.0 м, всего 480.2 м
2026-04-13T21:54:52.675112 - Дистанция +2.5 м, всего 482.8 м
2026-04-13T21:54:52.922213 - Дистанция +2.5 м, всего 485.2 м
2026-04-13T21:54:53.173547 - Дистанция +2.5 м, всего 487.8 м
2026-04-13T21:54:53.672694 - Дистанция +5.0 м, всего 492.7 м
2026-04-13T21:54:54.678656 - Дистанция +10.0 м, всего 502.7 м
2026-04-13T21:54:55.672317 - Дистанция +10.0 м, всего 512.7 м
2026-04-13T21:54:55.924589 - Дистанция +2.5 м, всего 515.2 м
2026-04-13T21:54:57.674417 - Дистанция +17.5 м, всего 532.7 м
2026-04-13T21:54:57.922354 - Дистанция +2.5 м, всего 535.2 м
2026-04-13T21:54:58.423166 - Дистанция +5.0 м, всего 540.2 м
2026-04-13T21:54:58.671707 - Дистанция +2.5 м, всего 542.7 м
2026-04-13T21:54:59.422467 - Дистанция +7.5 м, всего 550.2 м
2026-04-13T21:55:00.172427 - Дистанция +7.5 м, всего 557.7 м
2026-04-13T21:55:00.424352 - Дистанция +2.5 м, всего 560.2 м
2026-04-13T21:55:00.669289 - Дистанция +2.5 м, всего 562.7 м
2026-04-13T21:55:01.675724 - Дистанция +9.9 м, всего 572.6 м
2026-04-13T21:55:02.173127 - Дистанция +5.0 м, всего 577.6 м
2026-04-13T21:55:02.919382 - Дистанция +7.5 м, всего 585.1 м
2026-04-13T21:55:03.426953 - Дистанция +5.0 м, всего 590.1 м
2026-04-13T21:55:03.668522 - Дистанция +2.5 м, всего 592.6 м
2026-04-13T21:55:04.171844 - Дистанция +5.0 м, всего 597.6 м
2026-04-13T21:55:04.423525 - Дистанция +2.5 м, всего 600.1 м
2026-04-13T21:55:04.928299 - Дистанция +5.0 м, всего 605.1 м
2026-04-13T21:55:05.178276 - Дистанция +2.5 м, всего 607.6 м
2026-04-13T21:55:05.421258 - Дистанция +2.5 м, всего 610.1 м
2026-04-13T21:55:05.926846 - Дистанция +5.0 м, всего 615.1 м
2026-04-13T21:55:06.174052 - Дистанция +2.5 м, всего 617.6 м
2026-04-13T21:55:06.680662 - Дистанция +5.0 м, всего 622.6 м
2026-04-13T21:55:06.920050 - Дистанция +2.5 м, всего 625.1 м
2026-04-13T21:55:07.424002 - Дистанция +5.0 м, всего 630.1 м
2026-04-13T21:55:07.922897 - Дистанция +5.0 м, всего 635.0 м
2026-04-13T21:55:08.425519 - Дистанция +5.0 м, всего 640.0 м
2026-04-13T21:55:08.923557 - Дистанция +5.0 м, всего 645.1 м
2026-04-13T21:55:09.179057 - Дистанция +2.5 м, всего 647.6 м
2026-04-13T21:55:09.675920 - Дистанция +5.0 м, всего 652.6 м
2026-04-13T21:55:11.593825 - Дистанция +15.0 м, всего 667.5 м
2026-04-13T21:55:11.840618 - Дистанция +2.5 м, всего 670.0 м
2026-04-13T21:55:12.340159 - Дистанция +5.0 м, всего 675.0 м
2026-04-13T21:55:12.594023 - Дистанция +2.5 м, всего 677.5 м
2026-04-13T21:55:13.288652 - Дистанция +7.0 м, всего 684.5 м
2026-04-13T21:55:13.787868 - Дистанция +5.0 м, всего 689.5 м
2026-04-13T21:55:16.286666 - Дистанция +25.0 м, всего 714.5 м
2026-04-13T21:55:17.293325 - Дистанция +9.3 м, всего 723.8 м
2026-04-13T21:55:17.784067 - Дистанция +4.2 м, всего 728.0 м
2026-04-13T21:55:18.289247 - Дистанция +3.9 м, всего 731.9 м
2026-04-13T21:55:20.285459 - Дистанция +12.2 м, всего 744.2 м
2026-04-13T21:55:20.788800 - Дистанция +2.1 м, всего 746.3 м
2026-04-13T21:55:21.788470 - Дистанция +3.0 м, всего 749.3 м
2026-04-13T21:55:23.844116 - Дистанция +1.2 м, всего 750.5 м
2026-04-13T21:55:25.340585 - Дистанция +0.3 м, всего 750.9 м
2026-04-13T21:57:03.361822 - Таймаут! Задание провалено.
2026-04-13T21:57:03.884359 - Evaluator остановлен.
