2026-04-29T21:17:26.654848 - Запущен evaluator для задания 23c98255-212a-4667-9bad-b619ccad7903, тип 2
2026-04-29T21:17:26.655313 - SITL запущен, ожидание инициализации...
2026-04-29T21:17:42.708152 - Подключение к MAVProxy на UDP 14550...
2026-04-29T21:17:43.275750 - Heartbeat получен, соединение установлено.
2026-04-29T21:17:43.275996 - Открытие TCP-сервера на порту 14601...
2026-04-29T21:17:43.276192 - Ожидание подключения Mission Planner на порту 14601
2026-04-29T21:17:44.011227 - Прогресс: взлёт=0% полёт=0% дистанция=0% посадка=0%
2026-04-29T21:17:44.509354 - Стартовая позиция зафиксирована
2026-04-29T21:17:44.761691 - Сбор данных (телеметрия) зафиксирован (критерий 3 выполнен)
2026-04-29T21:17:44.792578 - Миссия загружена: элементов 6, реальных waypoint'ов: 5 (критерий 1 выполнен)
2026-04-29T21:17:46.012790 - Прогресс: взлёт=100% полёт=0% дистанция=100% посадка=0%
2026-04-29T21:17:48.268805 - Прогресс: взлёт=100% полёт=0% дистанция=100% посадка=0%
2026-04-29T21:17:50.933132 - Прогресс: взлёт=100% полёт=0% дистанция=100% посадка=0%
2026-04-29T21:17:52.996295 - Прогресс: взлёт=100% полёт=0% дистанция=100% посадка=0%
2026-04-29T21:17:55.000628 - Прогресс: взлёт=100% полёт=0% дистанция=100% посадка=0%
2026-04-29T21:17:56.986690 - Прогресс: взлёт=100% полёт=0% дистанция=100% посадка=0%
2026-04-29T21:17:58.991426 - Прогресс: взлёт=100% полёт=0% дистанция=100% посадка=0%
2026-04-29T21:18:00.997543 - Прогресс: взлёт=100% полёт=0% дистанция=100% посадка=0%
2026-04-29T21:18:03.010577 - Прогресс: взлёт=100% полёт=0% дистанция=100% посадка=0%
2026-04-29T21:18:05.010181 - Прогресс: взлёт=100% полёт=0% дистанция=100% посадка=0%
2026-04-29T21:18:07.002913 - Прогресс: взлёт=100% полёт=0% дистанция=100% посадка=0%
2026-04-29T21:18:09.004764 - Прогресс: взлёт=100% полёт=0% дистанция=100% посадка=0%
2026-04-29T21:18:11.002527 - Прогресс: взлёт=100% полёт=0% дистанция=100% посадка=0%
2026-04-29T21:18:13.007811 - Прогресс: взлёт=100% полёт=0% дистанция=100% посадка=0%
2026-04-29T21:18:15.243583 - Прогресс: взлёт=100% полёт=0% дистанция=100% посадка=0%
2026-04-29T21:18:17.430188 - Прогресс: взлёт=100% полёт=0% дистанция=100% посадка=0%
2026-04-29T21:18:17.713911 - Режим AUTO активирован
2026-04-29T21:18:19.434804 - Прогресс: взлёт=100% полёт=0% дистанция=100% посадка=0%
2026-04-29T21:18:21.437955 - Прогресс: взлёт=100% полёт=0% дистанция=100% посадка=0%
2026-04-29T21:18:22.170494 - Пройдена точка 1, прогресс выполнения маршрута: 20%
2026-04-29T21:18:22.922647 - Пройдена точка 1, прогресс выполнения маршрута: 20%
2026-04-29T21:18:23.439803 - Прогресс: взлёт=100% полёт=20% дистанция=100% посадка=0%
2026-04-29T21:18:23.679828 - Пройдена точка 1, прогресс выполнения маршрута: 20%
2026-04-29T21:18:23.922300 - Пройдена точка 1, прогресс выполнения маршрута: 20%
2026-04-29T21:18:24.677838 - Пройдена точка 1, прогресс выполнения маршрута: 20%
2026-04-29T21:18:25.437948 - Прогресс: взлёт=100% полёт=20% дистанция=100% посадка=0%
2026-04-29T21:18:25.675880 - Пройдена точка 1, прогресс выполнения маршрута: 20%
2026-04-29T21:18:25.921675 - Пройдена точка 1, прогресс выполнения маршрута: 20%
2026-04-29T21:18:27.438251 - Прогресс: взлёт=100% полёт=20% дистанция=100% посадка=0%
2026-04-29T21:18:27.929700 - Пройдена точка 1, прогресс выполнения маршрута: 20%
2026-04-29T21:18:28.429048 - Пройдена точка 1, прогресс выполнения маршрута: 20%
2026-04-29T21:18:29.687282 - Прогресс: взлёт=100% полёт=20% дистанция=100% посадка=0%
2026-04-29T21:18:30.180099 - Пройдена точка 1, прогресс выполнения маршрута: 20%
2026-04-29T21:18:30.423199 - Пройдена точка 1, прогресс выполнения маршрута: 20%
2026-04-29T21:18:30.678662 - Пройдена точка 1, прогресс выполнения маршрута: 20%
2026-04-29T21:18:30.926072 - Пройдена точка 1, прогресс выполнения маршрута: 20%
2026-04-29T21:18:31.175849 - Пройдена точка 1, прогресс выполнения маршрута: 20%
2026-04-29T21:18:31.429132 - Пройдена точка 1, прогресс выполнения маршрута: 20%
2026-04-29T21:18:31.686571 - Прогресс: взлёт=100% полёт=20% дистанция=100% посадка=0%
2026-04-29T21:18:32.174081 - Пройдена точка 1, прогресс выполнения маршрута: 20%
2026-04-29T21:18:32.424662 - Пройдена точка 1, прогресс выполнения маршрута: 20%
2026-04-29T21:18:32.678216 - Пройдена точка 1, прогресс выполнения маршрута: 20%
2026-04-29T21:18:33.688039 - Прогресс: взлёт=100% полёт=20% дистанция=100% посадка=0%
2026-04-29T21:18:33.927218 - Пройдена точка 1, прогресс выполнения маршрута: 20%
2026-04-29T21:18:34.178043 - Пройдена точка 1, прогресс выполнения маршрута: 20%
2026-04-29T21:18:34.927315 - Пройдена точка 1, прогресс выполнения маршрута: 20%
2026-04-29T21:18:35.422926 - Пройдена точка 1, прогресс выполнения маршрута: 20%
2026-04-29T21:18:35.687959 - Прогресс: взлёт=100% полёт=20% дистанция=100% посадка=0%
2026-04-29T21:18:36.175755 - Пройдена точка 1, прогресс выполнения маршрута: 20%
2026-04-29T21:18:36.428723 - Пройдена точка 1, прогресс выполнения маршрута: 20%
2026-04-29T21:18:36.926619 - Пройдена точка 1, прогресс выполнения маршрута: 20%
2026-04-29T21:18:37.178179 - Пройдена точка 1, прогресс выполнения маршрута: 20%
2026-04-29T21:18:37.418772 - Пройдена точка 1, прогресс выполнения маршрута: 20%
2026-04-29T21:18:37.688715 - Прогресс: взлёт=100% полёт=20% дистанция=100% посадка=0%
2026-04-29T21:18:38.178512 - Пройдена точка 1, прогресс выполнения маршрута: 20%
2026-04-29T21:18:38.681634 - Пройдена точка 1, прогресс выполнения маршрута: 20%
2026-04-29T21:18:38.920479 - Пройдена точка 1, прогресс выполнения маршрута: 20%
2026-04-29T21:18:39.182041 - Пройдена точка 1, прогресс выполнения маршрута: 20%
2026-04-29T21:18:39.431169 - Пройдена точка 1, прогресс выполнения маршрута: 20%
2026-04-29T21:18:39.694323 - Прогресс: взлёт=100% полёт=20% дистанция=100% посадка=0%
2026-04-29T21:18:39.925307 - Пройдена точка 1, прогресс выполнения маршрута: 20%
2026-04-29T21:18:40.431182 - Пройдена точка 1, прогресс выполнения маршрута: 20%
2026-04-29T21:18:41.178151 - Пройдена точка 1, прогресс выполнения маршрута: 20%
2026-04-29T21:18:41.677617 - Пройдена точка 1, прогресс выполнения маршрута: 20%
2026-04-29T21:18:41.691915 - Прогресс: взлёт=100% полёт=20% дистанция=100% посадка=0%
2026-04-29T21:18:42.679659 - Пройдена точка 1, прогресс выполнения маршрута: 20%
2026-04-29T21:18:42.927721 - Пройдена точка 1, прогресс выполнения маршрута: 20%
2026-04-29T21:18:43.677774 - Пройдена точка 1, прогресс выполнения маршрута: 20%
2026-04-29T21:18:43.691409 - Прогресс: взлёт=100% полёт=20% дистанция=100% посадка=0%
2026-04-29T21:18:44.177785 - Пройдена точка 1, прогресс выполнения маршрута: 20%
2026-04-29T21:18:44.926386 - Пройдена точка 1, прогресс выполнения маршрута: 20%
2026-04-29T21:18:45.433141 - Пройдена точка 1, прогресс выполнения маршрута: 20%
2026-04-29T21:18:45.668869 - Пройдена точка 1, прогресс выполнения маршрута: 20%
2026-04-29T21:18:45.730565 - Прогресс: взлёт=100% полёт=20% дистанция=100% посадка=0%
2026-04-29T21:18:46.175195 - Пройдена точка 1, прогресс выполнения маршрута: 20%
2026-04-29T21:18:46.432349 - Пройдена точка 1, прогресс выполнения маршрута: 20%
2026-04-29T21:18:46.926791 - Пройдена точка 1, прогресс выполнения маршрута: 20%
2026-04-29T21:18:47.176692 - Пройдена точка 1, прогресс выполнения маршрута: 20%
2026-04-29T21:18:47.434387 - Пройдена точка 1, прогресс выполнения маршрута: 20%
2026-04-29T21:18:47.684236 - Пройдена точка 1, прогресс выполнения маршрута: 20%
2026-04-29T21:18:47.941747 - Прогресс: взлёт=100% полёт=20% дистанция=100% посадка=0%
2026-04-29T21:18:48.176656 - Пройдена точка 2, прогресс выполнения маршрута: 40%
2026-04-29T21:18:49.179476 - Пройдена точка 2, прогресс выполнения маршрута: 40%
2026-04-29T21:18:49.431175 - Пройдена точка 2, прогресс выполнения маршрута: 40%
2026-04-29T21:18:50.771459 - Прогресс: взлёт=100% полёт=40% дистанция=100% посадка=0%
2026-04-29T21:18:51.257915 - Пройдена точка 2, прогресс выполнения маршрута: 40%
2026-04-29T21:18:51.510340 - Пройдена точка 2, прогресс выполнения маршрута: 40%
2026-04-29T21:18:51.762213 - Пройдена точка 2, прогресс выполнения маршрута: 40%
2026-04-29T21:18:52.252090 - Пройдена точка 2, прогресс выполнения маршрута: 40%
2026-04-29T21:18:52.502361 - Пройдена точка 2, прогресс выполнения маршрута: 40%
2026-04-29T21:18:52.767424 - Прогресс: взлёт=100% полёт=40% дистанция=100% посадка=0%
2026-04-29T21:18:53.006866 - Пройдена точка 2, прогресс выполнения маршрута: 40%
2026-04-29T21:18:53.261926 - Пройдена точка 2, прогресс выполнения маршрута: 40%
2026-04-29T21:18:53.508449 - Пройдена точка 2, прогресс выполнения маршрута: 40%
2026-04-29T21:18:53.760320 - Пройдена точка 2, прогресс выполнения маршрута: 40%
2026-04-29T21:18:54.006780 - Пройдена точка 2, прогресс выполнения маршрута: 40%
2026-04-29T21:18:54.256023 - Пройдена точка 2, прогресс выполнения маршрута: 40%
2026-04-29T21:18:54.771240 - Прогресс: взлёт=100% полёт=40% дистанция=100% посадка=0%
2026-04-29T21:18:55.253429 - Пройдена точка 2, прогресс выполнения маршрута: 40%
2026-04-29T21:18:55.509903 - Пройдена точка 2, прогресс выполнения маршрута: 40%
2026-04-29T21:18:55.764473 - Пройдена точка 2, прогресс выполнения маршрута: 40%
2026-04-29T21:18:56.009975 - Пройдена точка 2, прогресс выполнения маршрута: 40%
2026-04-29T21:18:56.769377 - Прогресс: взлёт=100% полёт=40% дистанция=100% посадка=0%
2026-04-29T21:18:58.256460 - Пройдена точка 2, прогресс выполнения маршрута: 40%
2026-04-29T21:18:58.511394 - Пройдена точка 2, прогресс выполнения маршрута: 40%
2026-04-29T21:18:58.762281 - Прогресс: взлёт=100% полёт=40% дистанция=100% посадка=0%
2026-04-29T21:18:59.005321 - Пройдена точка 2, прогресс выполнения маршрута: 40%
2026-04-29T21:18:59.508929 - Пройдена точка 2, прогресс выполнения маршрута: 40%
2026-04-29T21:19:00.005954 - Пройдена точка 2, прогресс выполнения маршрута: 40%
2026-04-29T21:19:00.773555 - Прогресс: взлёт=100% полёт=40% дистанция=100% посадка=0%
2026-04-29T21:19:01.509503 - Пройдена точка 2, прогресс выполнения маршрута: 40%
2026-04-29T21:19:02.002676 - Пройдена точка 2, прогресс выполнения маршрута: 40%
2026-04-29T21:19:02.780680 - Прогресс: взлёт=100% полёт=40% дистанция=100% посадка=0%
2026-04-29T21:19:03.004651 - Пройдена точка 2, прогресс выполнения маршрута: 40%
2026-04-29T21:19:03.257721 - Пройдена точка 3, прогресс выполнения маршрута: 60%
2026-04-29T21:19:03.519840 - Пройдена точка 3, прогресс выполнения маршрута: 60%
2026-04-29T21:19:03.764706 - Пройдена точка 3, прогресс выполнения маршрута: 60%
2026-04-29T21:19:04.508854 - Пройдена точка 3, прогресс выполнения маршрута: 60%
2026-04-29T21:19:04.815589 - Прогресс: взлёт=100% полёт=60% дистанция=100% посадка=0%
2026-04-29T21:19:05.011876 - Пройдена точка 3, прогресс выполнения маршрута: 60%
2026-04-29T21:19:06.013276 - Пройдена точка 3, прогресс выполнения маршрута: 60%
2026-04-29T21:19:06.512414 - Пройдена точка 3, прогресс выполнения маршрута: 60%
2026-04-29T21:19:07.030464 - Прогресс: взлёт=100% полёт=60% дистанция=100% посадка=0%
2026-04-29T21:19:07.501309 - Пройдена точка 3, прогресс выполнения маршрута: 60%
2026-04-29T21:19:08.510299 - Пройдена точка 3, прогресс выполнения маршрута: 60%
2026-04-29T21:19:09.023337 - Прогресс: взлёт=100% полёт=60% дистанция=100% посадка=0%
2026-04-29T21:19:09.508536 - Пройдена точка 3, прогресс выполнения маршрута: 60%
2026-04-29T21:19:10.009519 - Пройдена точка 3, прогресс выполнения маршрута: 60%
2026-04-29T21:19:11.008849 - Пройдена точка 3, прогресс выполнения маршрута: 60%
2026-04-29T21:19:11.018535 - Прогресс: взлёт=100% полёт=60% дистанция=100% посадка=0%
2026-04-29T21:19:12.012888 - Пройдена точка 3, прогресс выполнения маршрута: 60%
2026-04-29T21:19:12.504971 - Пройдена точка 3, прогресс выполнения маршрута: 60%
2026-04-29T21:19:13.012161 - Пройдена точка 3, прогресс выполнения маршрута: 60%
2026-04-29T21:19:13.025606 - Прогресс: взлёт=100% полёт=60% дистанция=100% посадка=0%
2026-04-29T21:19:15.273140 - Прогресс: взлёт=100% полёт=60% дистанция=100% посадка=0%
2026-04-29T21:19:15.508288 - Пройдена точка 4, прогресс выполнения маршрута: 80%
2026-04-29T21:19:15.763240 - Пройдена точка 4, прогресс выполнения маршрута: 80%
2026-04-29T21:19:16.014090 - Пройдена точка 4, прогресс выполнения маршрута: 80%
2026-04-29T21:19:16.261295 - Пройдена точка 4, прогресс выполнения маршрута: 80%
2026-04-29T21:19:17.257187 - Пройдена точка 4, прогресс выполнения маршрута: 80%
2026-04-29T21:19:17.273675 - Прогресс: взлёт=100% полёт=80% дистанция=100% посадка=0%
2026-04-29T21:19:18.009960 - Пройдена точка 4, прогресс выполнения маршрута: 80%
2026-04-29T21:19:18.504260 - Пройдена точка 4, прогресс выполнения маршрута: 80%
2026-04-29T21:19:19.278480 - Прогресс: взлёт=100% полёт=80% дистанция=100% посадка=0%
2026-04-29T21:19:19.770379 - Пройдена точка 4, прогресс выполнения маршрута: 80%
2026-04-29T21:19:20.011816 - Пройдена точка 4, прогресс выполнения маршрута: 80%
2026-04-29T21:19:20.266015 - Пройдена точка 4, прогресс выполнения маршрута: 80%
2026-04-29T21:19:20.508423 - Пройдена точка 4, прогресс выполнения маршрута: 80%
2026-04-29T21:19:21.276808 - Прогресс: взлёт=100% полёт=80% дистанция=100% посадка=0%
2026-04-29T21:19:21.509021 - Пройдена точка 4, прогресс выполнения маршрута: 80%
2026-04-29T21:19:21.766311 - Пройдена точка 4, прогресс выполнения маршрута: 80%
2026-04-29T21:19:22.013061 - Пройдена точка 4, прогресс выполнения маршрута: 80%
2026-04-29T21:19:22.512807 - Пройдена точка 4, прогресс выполнения маршрута: 80%
2026-04-29T21:19:24.051865 - Прогресс: взлёт=100% полёт=80% дистанция=100% посадка=0%
2026-04-29T21:19:24.284040 - Пройдена точка 4, прогресс выполнения маршрута: 80%
2026-04-29T21:19:24.537280 - Пройдена точка 4, прогресс выполнения маршрута: 80%
2026-04-29T21:19:25.283424 - Пройдена точка 4, прогресс выполнения маршрута: 80%
2026-04-29T21:19:26.056902 - Прогресс: взлёт=100% полёт=80% дистанция=100% посадка=0%
2026-04-29T21:19:26.534839 - Пройдена точка 4, прогресс выполнения маршрута: 80%
2026-04-29T21:19:27.038160 - Пройдена точка 4, прогресс выполнения маршрута: 80%
2026-04-29T21:19:27.292713 - Пройдена точка 4, прогресс выполнения маршрута: 80%
2026-04-29T21:19:27.536412 - Пройдена точка 4, прогресс выполнения маршрута: 80%
2026-04-29T21:19:27.800325 - Пройдена точка 4, прогресс выполнения маршрута: 80%
2026-04-29T21:19:28.301749 - Прогресс: взлёт=100% полёт=80% дистанция=100% посадка=0%
2026-04-29T21:19:28.534889 - Пройдена точка 4, прогресс выполнения маршрута: 80%
2026-04-29T21:19:28.794215 - Пройдена точка 4, прогресс выполнения маршрута: 80%
2026-04-29T21:19:29.041010 - Пройдена точка 5, прогресс выполнения маршрута: 100%
2026-04-29T21:19:29.041222 - Все waypoint'ы миссии пройдены (миссия выполнена)
2026-04-29T21:19:29.289836 - Пройдена точка 5, прогресс выполнения маршрута: 100%
2026-04-29T21:19:29.289908 - Все waypoint'ы миссии пройдены (миссия выполнена)
2026-04-29T21:19:29.534469 - Пройдена точка 5, прогресс выполнения маршрута: 100%
2026-04-29T21:19:29.534710 - Все waypoint'ы миссии пройдены (миссия выполнена)
2026-04-29T21:19:30.308994 - Прогресс: взлёт=100% полёт=100% дистанция=100% посадка=0%
2026-04-29T21:19:30.535481 - Пройдена точка 5, прогресс выполнения маршрута: 100%
2026-04-29T21:19:30.535641 - Все waypoint'ы миссии пройдены (миссия выполнена)
2026-04-29T21:19:31.793509 - Пройдена точка 5, прогресс выполнения маршрута: 100%
2026-04-29T21:19:31.794614 - Все waypoint'ы миссии пройдены (миссия выполнена)
2026-04-29T21:19:32.296827 - Прогресс: взлёт=100% полёт=100% дистанция=100% посадка=0%
2026-04-29T21:19:32.537546 - Пройдена точка 5, прогресс выполнения маршрута: 100%
2026-04-29T21:19:32.537657 - Все waypoint'ы миссии пройдены (миссия выполнена)
2026-04-29T21:19:32.792048 - Пройдена точка 5, прогресс выполнения маршрута: 100%
2026-04-29T21:19:32.792298 - Все waypoint'ы миссии пройдены (миссия выполнена)
2026-04-29T21:19:33.041595 - Пройдена точка 5, прогресс выполнения маршрута: 100%
2026-04-29T21:19:33.041759 - Все waypoint'ы миссии пройдены (миссия выполнена)
2026-04-29T21:19:34.038118 - Пройдена точка 5, прогресс выполнения маршрута: 100%
2026-04-29T21:19:34.041492 - Все waypoint'ы миссии пройдены (миссия выполнена)
2026-04-29T21:19:34.312725 - Прогресс: взлёт=100% полёт=100% дистанция=100% посадка=0%
2026-04-29T21:19:35.044215 - Пройдена точка 5, прогресс выполнения маршрута: 100%
2026-04-29T21:19:35.044324 - Все waypoint'ы миссии пройдены (миссия выполнена)
2026-04-29T21:19:36.308049 - Прогресс: взлёт=100% полёт=100% дистанция=100% посадка=0%
2026-04-29T21:19:36.536232 - Пройдена точка 5, прогресс выполнения маршрута: 100%
2026-04-29T21:19:36.536312 - Все waypoint'ы миссии пройдены (миссия выполнена)
2026-04-29T21:19:37.036367 - Пройдена точка 5, прогресс выполнения маршрута: 100%
2026-04-29T21:19:37.036421 - Все waypoint'ы миссии пройдены (миссия выполнена)
2026-04-29T21:19:37.535427 - Пройдена точка 5, прогресс выполнения маршрута: 100%
2026-04-29T21:19:37.535550 - Все waypoint'ы миссии пройдены (миссия выполнена)
2026-04-29T21:19:37.790284 - Пройдена точка 5, прогресс выполнения маршрута: 100%
2026-04-29T21:19:37.791569 - Все waypoint'ы миссии пройдены (миссия выполнена)
2026-04-29T21:19:38.043118 - Пройдена точка 5, прогресс выполнения маршрута: 100%
2026-04-29T21:19:38.043448 - Все waypoint'ы миссии пройдены (миссия выполнена)
2026-04-29T21:19:38.310724 - Прогресс: взлёт=100% полёт=100% дистанция=100% посадка=0%
2026-04-29T21:19:39.040558 - Пройдена точка 5, прогресс выполнения маршрута: 100%
2026-04-29T21:19:39.041663 - Все waypoint'ы миссии пройдены (миссия выполнена)
2026-04-29T21:19:39.296191 - Пройдена точка 5, прогресс выполнения маршрута: 100%
2026-04-29T21:19:39.296359 - Все waypoint'ы миссии пройдены (миссия выполнена)
2026-04-29T21:19:39.538780 - Пройдена точка 5, прогресс выполнения маршрута: 100%
2026-04-29T21:19:39.538939 - Все waypoint'ы миссии пройдены (миссия выполнена)
2026-04-29T21:19:40.042330 - Пройдена точка 5, прогресс выполнения маршрута: 100%
2026-04-29T21:19:40.042508 - Все waypoint'ы миссии пройдены (миссия выполнена)
2026-04-29T21:19:40.295646 - Пройдена точка 5, прогресс выполнения маршрута: 100%
2026-04-29T21:19:40.296339 - Все waypoint'ы миссии пройдены (миссия выполнена)
2026-04-29T21:19:40.309789 - Прогресс: взлёт=100% полёт=100% дистанция=100% посадка=0%
2026-04-29T21:19:40.791801 - Пройдена точка 5, прогресс выполнения маршрута: 100%
2026-04-29T21:19:40.791982 - Все waypoint'ы миссии пройдены (миссия выполнена)
2026-04-29T21:19:41.039936 - Пройдена точка 5, прогресс выполнения маршрута: 100%
2026-04-29T21:19:41.040007 - Все waypoint'ы миссии пройдены (миссия выполнена)
2026-04-29T21:19:41.293405 - Пройдена точка 5, прогресс выполнения маршрута: 100%
2026-04-29T21:19:41.293791 - Все waypoint'ы миссии пройдены (миссия выполнена)
2026-04-29T21:19:42.052773 - Пройдена точка 5, прогресс выполнения маршрута: 100%
2026-04-29T21:19:42.052876 - Все waypoint'ы миссии пройдены (миссия выполнена)
2026-04-29T21:19:42.547952 - Прогресс: взлёт=100% полёт=100% дистанция=100% посадка=0%
2026-04-29T21:19:43.035414 - Пройдена точка 5, прогресс выполнения маршрута: 100%
2026-04-29T21:19:43.035682 - Все waypoint'ы миссии пройдены (миссия выполнена)
2026-04-29T21:19:44.542792 - Прогресс: взлёт=100% полёт=100% дистанция=100% посадка=0%
2026-04-29T21:19:45.034296 - Пройдена точка 5, прогресс выполнения маршрута: 100%
2026-04-29T21:19:45.035156 - Все waypoint'ы миссии пройдены (миссия выполнена)
2026-04-29T21:19:45.538913 - Пройдена точка 5, прогресс выполнения маршрута: 100%
2026-04-29T21:19:45.539246 - Все waypoint'ы миссии пройдены (миссия выполнена)
2026-04-29T21:19:45.785155 - Пройдена точка 5, прогресс выполнения маршрута: 100%
2026-04-29T21:19:45.785193 - Все waypoint'ы миссии пройдены (миссия выполнена)
2026-04-29T21:19:46.533771 - Пройдена точка 5, прогресс выполнения маршрута: 100%
2026-04-29T21:19:46.533824 - Все waypoint'ы миссии пройдены (миссия выполнена)
2026-04-29T21:19:46.803106 - Прогресс: взлёт=100% полёт=100% дистанция=100% посадка=0%
2026-04-29T21:19:47.041055 - Пройдена точка 5, прогресс выполнения маршрута: 100%
2026-04-29T21:19:47.044126 - Все waypoint'ы миссии пройдены (миссия выполнена)
2026-04-29T21:19:47.297199 - Пройдена точка 5, прогресс выполнения маршрута: 100%
2026-04-29T21:19:47.297363 - Все waypoint'ы миссии пройдены (миссия выполнена)
2026-04-29T21:19:48.039700 - Пройдена точка 5, прогресс выполнения маршрута: 100%
2026-04-29T21:19:48.039775 - Все waypoint'ы миссии пройдены (миссия выполнена)
2026-04-29T21:19:48.544396 - Пройдена точка 5, прогресс выполнения маршрута: 100%
2026-04-29T21:19:48.544462 - Все waypoint'ы миссии пройдены (миссия выполнена)
2026-04-29T21:19:48.805988 - Прогресс: взлёт=100% полёт=100% дистанция=100% посадка=0%
2026-04-29T21:19:49.042180 - Пройдена точка 5, прогресс выполнения маршрута: 100%
2026-04-29T21:19:49.043672 - Все waypoint'ы миссии пройдены (миссия выполнена)
2026-04-29T21:19:49.298774 - Пройдена точка 5, прогресс выполнения маршрута: 100%
2026-04-29T21:19:49.298917 - Все waypoint'ы миссии пройдены (миссия выполнена)
2026-04-29T21:19:49.797973 - Пройдена точка 5, прогресс выполнения маршрута: 100%
2026-04-29T21:19:49.798329 - Все waypoint'ы миссии пройдены (миссия выполнена)
2026-04-29T21:19:50.296127 - Пройдена точка 5, прогресс выполнения маршрута: 100%
2026-04-29T21:19:50.296306 - Все waypoint'ы миссии пройдены (миссия выполнена)
2026-04-29T21:19:50.804951 - Прогресс: взлёт=100% полёт=100% дистанция=100% посадка=0%
2026-04-29T21:19:51.045552 - Пройдена точка 5, прогресс выполнения маршрута: 100%
2026-04-29T21:19:51.045877 - Все waypoint'ы миссии пройдены (миссия выполнена)
2026-04-29T21:19:51.299033 - Пройдена точка 5, прогресс выполнения маршрута: 100%
2026-04-29T21:19:51.299144 - Все waypoint'ы миссии пройдены (миссия выполнена)
2026-04-29T21:19:51.541236 - Пройдена точка 5, прогресс выполнения маршрута: 100%
2026-04-29T21:19:51.541280 - Все waypoint'ы миссии пройдены (миссия выполнена)
2026-04-29T21:19:51.793050 - Пройдена точка 5, прогресс выполнения маршрута: 100%
2026-04-29T21:19:51.793612 - Все waypoint'ы миссии пройдены (миссия выполнена)
2026-04-29T21:19:52.043101 - Пройдена точка 5, прогресс выполнения маршрута: 100%
2026-04-29T21:19:52.043339 - Все waypoint'ы миссии пройдены (миссия выполнена)
2026-04-29T21:19:52.290751 - Пройдена точка 5, прогресс выполнения маршрута: 100%
2026-04-29T21:19:52.291795 - Все waypoint'ы миссии пройдены (миссия выполнена)
2026-04-29T21:19:52.543182 - Пройдена точка 5, прогресс выполнения маршрута: 100%
2026-04-29T21:19:52.543561 - Все waypoint'ы миссии пройдены (миссия выполнена)
2026-04-29T21:19:52.807898 - Прогресс: взлёт=100% полёт=100% дистанция=100% посадка=0%
2026-04-29T21:19:53.039750 - Пройдена точка 5, прогресс выполнения маршрута: 100%
2026-04-29T21:19:53.039956 - Все waypoint'ы миссии пройдены (миссия выполнена)
2026-04-29T21:19:53.544399 - Пройдена точка 5, прогресс выполнения маршрута: 100%
2026-04-29T21:19:53.544481 - Все waypoint'ы миссии пройдены (миссия выполнена)
2026-04-29T21:19:54.038191 - Пройдена точка 5, прогресс выполнения маршрута: 100%
2026-04-29T21:19:54.038436 - Все waypoint'ы миссии пройдены (миссия выполнена)
2026-04-29T21:19:54.291523 - Пройдена точка 5, прогресс выполнения маршрута: 100%
2026-04-29T21:19:54.291558 - Все waypoint'ы миссии пройдены (миссия выполнена)
2026-04-29T21:19:54.537439 - Пройдена точка 5, прогресс выполнения маршрута: 100%
2026-04-29T21:19:54.537616 - Все waypoint'ы миссии пройдены (миссия выполнена)
2026-04-29T21:19:54.796584 - Пройдена точка 5, прогресс выполнения маршрута: 100%
2026-04-29T21:19:54.796833 - Все waypoint'ы миссии пройдены (миссия выполнена)
2026-04-29T21:19:54.814188 - Прогресс: взлёт=100% полёт=100% дистанция=100% посадка=0%
2026-04-29T21:19:55.542845 - Пройдена точка 5, прогресс выполнения маршрута: 100%
2026-04-29T21:19:55.543117 - Все waypoint'ы миссии пройдены (миссия выполнена)
2026-04-29T21:19:56.047495 - Пройдена точка 5, прогресс выполнения маршрута: 100%
2026-04-29T21:19:56.047686 - Все waypoint'ы миссии пройдены (миссия выполнена)
2026-04-29T21:19:56.292631 - Пройдена точка 5, прогресс выполнения маршрута: 100%
2026-04-29T21:19:56.292757 - Все waypoint'ы миссии пройдены (миссия выполнена)
2026-04-29T21:19:56.545237 - Пройдена точка 5, прогресс выполнения маршрута: 100%
2026-04-29T21:19:56.545457 - Все waypoint'ы миссии пройдены (миссия выполнена)
2026-04-29T21:19:56.821089 - Прогресс: взлёт=100% полёт=100% дистанция=100% посадка=0%
2026-04-29T21:19:57.041577 - Пройдена точка 5, прогресс выполнения маршрута: 100%
2026-04-29T21:19:57.041926 - Все waypoint'ы миссии пройдены (миссия выполнена)
2026-04-29T21:19:57.796815 - Пройдена точка 5, прогресс выполнения маршрута: 100%
2026-04-29T21:19:57.796995 - Все waypoint'ы миссии пройдены (миссия выполнена)
2026-04-29T21:19:58.040082 - Пройдена точка 5, прогресс выполнения маршрута: 100%
2026-04-29T21:19:58.040879 - Все waypoint'ы миссии пройдены (миссия выполнена)
2026-04-29T21:19:58.802022 - Пройдена точка 5, прогресс выполнения маршрута: 100%
2026-04-29T21:19:58.802364 - Все waypoint'ы миссии пройдены (миссия выполнена)
2026-04-29T21:19:58.825085 - Прогресс: взлёт=100% полёт=100% дистанция=100% посадка=0%
2026-04-29T21:20:00.037848 - Пройдена точка 5, прогресс выполнения маршрута: 100%
2026-04-29T21:20:00.038108 - Все waypoint'ы миссии пройдены (миссия выполнена)
2026-04-29T21:20:00.537012 - Пройдена точка 5, прогресс выполнения маршрута: 100%
2026-04-29T21:20:00.537082 - Все waypoint'ы миссии пройдены (миссия выполнена)
2026-04-29T21:20:00.794785 - Пройдена точка 5, прогресс выполнения маршрута: 100%
2026-04-29T21:20:00.794968 - Все waypoint'ы миссии пройдены (миссия выполнена)
2026-04-29T21:20:00.835180 - Прогресс: взлёт=100% полёт=100% дистанция=100% посадка=0%
2026-04-29T21:20:01.288477 - Пройдена точка 5, прогресс выполнения маршрута: 100%
2026-04-29T21:20:01.288524 - Все waypoint'ы миссии пройдены (миссия выполнена)
2026-04-29T21:20:01.792999 - Пройдена точка 5, прогресс выполнения маршрута: 100%
2026-04-29T21:20:01.793133 - Все waypoint'ы миссии пройдены (миссия выполнена)
2026-04-29T21:20:02.043025 - Пройдена точка 5, прогресс выполнения маршрута: 100%
2026-04-29T21:20:02.043120 - Все waypoint'ы миссии пройдены (миссия выполнена)
2026-04-29T21:20:02.841426 - Прогресс: взлёт=100% полёт=100% дистанция=100% посадка=0%
2026-04-29T21:20:03.038030 - Пройдена точка 5, прогресс выполнения маршрута: 100%
2026-04-29T21:20:03.038122 - Все waypoint'ы миссии пройдены (миссия выполнена)
2026-04-29T21:20:03.542194 - Пройдена точка 5, прогресс выполнения маршрута: 100%
2026-04-29T21:20:03.542267 - Все waypoint'ы миссии пройдены (миссия выполнена)
2026-04-29T21:20:04.041539 - Пройдена точка 5, прогресс выполнения маршрута: 100%
2026-04-29T21:20:04.041594 - Все waypoint'ы миссии пройдены (миссия выполнена)
2026-04-29T21:20:04.286882 - Пройдена точка 5, прогресс выполнения маршрута: 100%
2026-04-29T21:20:04.286927 - Все waypoint'ы миссии пройдены (миссия выполнена)
2026-04-29T21:20:05.049018 - Прогресс: взлёт=100% полёт=100% дистанция=100% посадка=0%
2026-04-29T21:20:05.545498 - Пройдена точка 5, прогресс выполнения маршрута: 100%
2026-04-29T21:20:05.545666 - Все waypoint'ы миссии пройдены (миссия выполнена)
2026-04-29T21:20:05.791915 - Пройдена точка 5, прогресс выполнения маршрута: 100%
2026-04-29T21:20:05.791982 - Все waypoint'ы миссии пройдены (миссия выполнена)
2026-04-29T21:20:06.041218 - Пройдена точка 5, прогресс выполнения маршрута: 100%
2026-04-29T21:20:06.041391 - Все waypoint'ы миссии пройдены (миссия выполнена)
2026-04-29T21:20:06.292308 - Пройдена точка 5, прогресс выполнения маршрута: 100%
2026-04-29T21:20:06.292500 - Все waypoint'ы миссии пройдены (миссия выполнена)
2026-04-29T21:20:07.059948 - Прогресс: взлёт=100% полёт=100% дистанция=100% посадка=0%
2026-04-29T21:20:09.058088 - Прогресс: взлёт=100% полёт=100% дистанция=100% посадка=0%
2026-04-29T21:20:09.805253 - Пройдена точка 5, прогресс выполнения маршрута: 100%
2026-04-29T21:20:09.805430 - Все waypoint'ы миссии пройдены (миссия выполнена)
2026-04-29T21:20:10.037761 - Пройдена точка 5, прогресс выполнения маршрута: 100%
2026-04-29T21:20:10.037868 - Все waypoint'ы миссии пройдены (миссия выполнена)
2026-04-29T21:20:10.299844 - Пройдена точка 5, прогресс выполнения маршрута: 100%
2026-04-29T21:20:10.300015 - Все waypoint'ы миссии пройдены (миссия выполнена)
2026-04-29T21:20:10.787989 - Пройдена точка 5, прогресс выполнения маршрута: 100%
2026-04-29T21:20:10.788049 - Все waypoint'ы миссии пройдены (миссия выполнена)
2026-04-29T21:20:11.049132 - Прогресс: взлёт=100% полёт=100% дистанция=100% посадка=0%
2026-04-29T21:20:12.987754 - Пройдена точка 5, прогресс выполнения маршрута: 100%
2026-04-29T21:20:12.988752 - Все waypoint'ы миссии пройдены (миссия выполнена)
2026-04-29T21:20:13.259021 - Прогресс: взлёт=100% полёт=100% дистанция=100% посадка=0%
2026-04-29T21:20:13.738085 - Пройдена точка 5, прогресс выполнения маршрута: 100%
2026-04-29T21:20:13.738226 - Все waypoint'ы миссии пройдены (миссия выполнена)
2026-04-29T21:20:13.995968 - Пройдена точка 5, прогресс выполнения маршрута: 100%
2026-04-29T21:20:13.996275 - Все waypoint'ы миссии пройдены (миссия выполнена)
2026-04-29T21:20:14.490598 - Пройдена точка 5, прогресс выполнения маршрута: 100%
2026-04-29T21:20:14.490668 - Все waypoint'ы миссии пройдены (миссия выполнена)
2026-04-29T21:20:15.266174 - Прогресс: взлёт=100% полёт=100% дистанция=100% посадка=0%
2026-04-29T21:20:15.747617 - Пройдена точка 5, прогресс выполнения маршрута: 100%
2026-04-29T21:20:15.747912 - Все waypoint'ы миссии пройдены (миссия выполнена)
2026-04-29T21:20:16.741800 - Пройдена точка 5, прогресс выполнения маршрута: 100%
2026-04-29T21:20:16.741848 - Все waypoint'ы миссии пройдены (миссия выполнена)
2026-04-29T21:20:17.250812 - Пройдена точка 5, прогресс выполнения маршрута: 100%
2026-04-29T21:20:17.250964 - Все waypoint'ы миссии пройдены (миссия выполнена)
2026-04-29T21:20:17.263897 - Прогресс: взлёт=100% полёт=100% дистанция=100% посадка=0%
2026-04-29T21:20:17.995848 - Пройдена точка 5, прогресс выполнения маршрута: 100%
2026-04-29T21:20:17.995989 - Все waypoint'ы миссии пройдены (миссия выполнена)
2026-04-29T21:20:18.241369 - Пройдена точка 5, прогресс выполнения маршрута: 100%
2026-04-29T21:20:18.241438 - Все waypoint'ы миссии пройдены (миссия выполнена)
2026-04-29T21:20:18.484602 - Пройдена точка 5, прогресс выполнения маршрута: 100%
2026-04-29T21:20:18.484792 - Все waypoint'ы миссии пройдены (миссия выполнена)
2026-04-29T21:20:18.987719 - Пройдена точка 5, прогресс выполнения маршрута: 100%
2026-04-29T21:20:18.987801 - Все waypoint'ы миссии пройдены (миссия выполнена)
2026-04-29T21:20:19.509356 - Прогресс: взлёт=100% полёт=100% дистанция=100% посадка=0%
2026-04-29T21:20:19.987613 - Пройдена точка 5, прогресс выполнения маршрута: 100%
2026-04-29T21:20:19.987962 - Все waypoint'ы миссии пройдены (миссия выполнена)
2026-04-29T21:20:20.989144 - Пройдена точка 5, прогресс выполнения маршрута: 100%
2026-04-29T21:20:20.989604 - Все waypoint'ы миссии пройдены (миссия выполнена)
2026-04-29T21:20:21.509207 - Прогресс: взлёт=100% полёт=100% дистанция=100% посадка=0%
2026-04-29T21:20:21.995087 - Пройдена точка 5, прогресс выполнения маршрута: 100%
2026-04-29T21:20:21.996858 - Все waypoint'ы миссии пройдены (миссия выполнена)
2026-04-29T21:20:23.488769 - Пройдена точка 5, прогресс выполнения маршрута: 100%
2026-04-29T21:20:23.488846 - Все waypoint'ы миссии пройдены (миссия выполнена)
2026-04-29T21:20:23.663406 - Прогресс: взлёт=100% полёт=100% дистанция=100% посадка=0%
2026-04-29T21:20:24.987399 - Пройдена точка 5, прогресс выполнения маршрута: 100%
2026-04-29T21:20:24.987758 - Все waypoint'ы миссии пройдены (миссия выполнена)
2026-04-29T21:20:25.496061 - Пройдена точка 5, прогресс выполнения маршрута: 100%
2026-04-29T21:20:25.496157 - Все waypoint'ы миссии пройдены (миссия выполнена)
2026-04-29T21:20:25.741317 - Прогресс: взлёт=100% полёт=100% дистанция=100% посадка=0%
2026-04-29T21:20:27.748300 - Прогресс: взлёт=100% полёт=100% дистанция=100% посадка=0%
2026-04-29T21:20:28.487895 - Пройдена точка 5, прогресс выполнения маршрута: 100%
2026-04-29T21:20:28.489121 - Все waypoint'ы миссии пройдены (миссия выполнена)
2026-04-29T21:20:28.993988 - Пройдена точка 5, прогресс выполнения маршрута: 100%
2026-04-29T21:20:28.994278 - Все waypoint'ы миссии пройдены (миссия выполнена)
2026-04-29T21:20:29.750528 - Прогресс: взлёт=100% полёт=100% дистанция=100% посадка=0%
2026-04-29T21:20:30.236876 - Пройдена точка 5, прогресс выполнения маршрута: 100%
2026-04-29T21:20:30.237390 - Все waypoint'ы миссии пройдены (миссия выполнена)
2026-04-29T21:20:30.992601 - Пройдена точка 5, прогресс выполнения маршрута: 100%
2026-04-29T21:20:30.993000 - Все waypoint'ы миссии пройдены (миссия выполнена)
2026-04-29T21:20:31.745324 - Прогресс: взлёт=100% полёт=100% дистанция=100% посадка=0%
2026-04-29T21:20:31.992235 - Пройдена точка 5, прогресс выполнения маршрута: 100%
2026-04-29T21:20:31.992383 - Все waypoint'ы миссии пройдены (миссия выполнена)
2026-04-29T21:20:32.751749 - Пройдена точка 5, прогресс выполнения маршрута: 100%
2026-04-29T21:20:32.751822 - Все waypoint'ы миссии пройдены (миссия выполнена)
2026-04-29T21:20:32.988848 - Пройдена точка 5, прогресс выполнения маршрута: 100%
2026-04-29T21:20:32.988885 - Все waypoint'ы миссии пройдены (миссия выполнена)
2026-04-29T21:20:33.752671 - Прогресс: взлёт=100% полёт=100% дистанция=100% посадка=0%
2026-04-29T21:20:33.994815 - Пройдена точка 5, прогресс выполнения маршрута: 100%
2026-04-29T21:20:34.001542 - Все waypoint'ы миссии пройдены (миссия выполнена)
2026-04-29T21:20:34.492978 - Пройдена точка 5, прогресс выполнения маршрута: 100%
2026-04-29T21:20:34.495273 - Все waypoint'ы миссии пройдены (миссия выполнена)
2026-04-29T21:20:34.989561 - Пройдена точка 5, прогресс выполнения маршрута: 100%
2026-04-29T21:20:34.989607 - Все waypoint'ы миссии пройдены (миссия выполнена)
2026-04-29T21:20:35.756352 - Прогресс: взлёт=100% полёт=100% дистанция=100% посадка=0%
2026-04-29T21:20:36.243239 - Пройдена точка 5, прогресс выполнения маршрута: 100%
2026-04-29T21:20:36.243325 - Все waypoint'ы миссии пройдены (миссия выполнена)
2026-04-29T21:20:37.246411 - Пройдена точка 5, прогресс выполнения маршрута: 100%
2026-04-29T21:20:37.246527 - Все waypoint'ы миссии пройдены (миссия выполнена)
2026-04-29T21:20:37.486445 - Пройдена точка 5, прогресс выполнения маршрута: 100%
2026-04-29T21:20:37.486494 - Все waypoint'ы миссии пройдены (миссия выполнена)
2026-04-29T21:20:37.739735 - Пройдена точка 5, прогресс выполнения маршрута: 100%
2026-04-29T21:20:37.740045 - Все waypoint'ы миссии пройдены (миссия выполнена)
2026-04-29T21:20:37.744940 - Прогресс: взлёт=100% полёт=100% дистанция=100% посадка=0%
2026-04-29T21:20:38.742103 - Пройдена точка 5, прогресс выполнения маршрута: 100%
2026-04-29T21:20:38.742150 - Все waypoint'ы миссии пройдены (миссия выполнена)
2026-04-29T21:20:39.240933 - Пройдена точка 5, прогресс выполнения маршрута: 100%
2026-04-29T21:20:39.240975 - Все waypoint'ы миссии пройдены (миссия выполнена)
2026-04-29T21:20:39.491149 - Пройдена точка 5, прогресс выполнения маршрута: 100%
2026-04-29T21:20:39.491204 - Все waypoint'ы миссии пройдены (миссия выполнена)
2026-04-29T21:20:39.752687 - Прогресс: взлёт=100% полёт=100% дистанция=100% посадка=0%
2026-04-29T21:20:40.744933 - Пройдена точка 5, прогресс выполнения маршрута: 100%
2026-04-29T21:20:40.745447 - Все waypoint'ы миссии пройдены (миссия выполнена)
2026-04-29T21:20:40.993056 - Пройдена точка 5, прогресс выполнения маршрута: 100%
2026-04-29T21:20:40.993350 - Все waypoint'ы миссии пройдены (миссия выполнена)
2026-04-29T21:20:41.487742 - Пройдена точка 5, прогресс выполнения маршрута: 100%
2026-04-29T21:20:41.487795 - Все waypoint'ы миссии пройдены (миссия выполнена)
2026-04-29T21:20:41.769042 - Прогресс: взлёт=100% полёт=100% дистанция=100% посадка=0%
2026-04-29T21:20:41.995430 - Пройдена точка 5, прогресс выполнения маршрута: 100%
2026-04-29T21:20:41.995599 - Все waypoint'ы миссии пройдены (миссия выполнена)
2026-04-29T21:20:42.247146 - Пройдена точка 5, прогресс выполнения маршрута: 100%
2026-04-29T21:20:42.247358 - Все waypoint'ы миссии пройдены (миссия выполнена)
2026-04-29T21:20:42.739450 - Пройдена точка 5, прогресс выполнения маршрута: 100%
2026-04-29T21:20:42.739557 - Все waypoint'ы миссии пройдены (миссия выполнена)
2026-04-29T21:20:43.493345 - Пройдена точка 5, прогресс выполнения маршрута: 100%
2026-04-29T21:20:43.494146 - Все waypoint'ы миссии пройдены (миссия выполнена)
2026-04-29T21:20:43.751928 - Пройдена точка 5, прогресс выполнения маршрута: 100%
2026-04-29T21:20:43.752123 - Все waypoint'ы миссии пройдены (миссия выполнена)
2026-04-29T21:20:43.770806 - Прогресс: взлёт=100% полёт=100% дистанция=100% посадка=0%
2026-04-29T21:20:44.241494 - Пройдена точка 5, прогресс выполнения маршрута: 100%
2026-04-29T21:20:44.241553 - Все waypoint'ы миссии пройдены (миссия выполнена)
2026-04-29T21:20:44.491726 - Пройдена точка 5, прогресс выполнения маршрута: 100%
2026-04-29T21:20:44.492067 - Все waypoint'ы миссии пройдены (миссия выполнена)
2026-04-29T21:20:44.749528 - Пройдена точка 5, прогресс выполнения маршрута: 100%
2026-04-29T21:20:44.749648 - Все waypoint'ы миссии пройдены (миссия выполнена)
2026-04-29T21:20:44.989821 - Пройдена точка 5, прогресс выполнения маршрута: 100%
2026-04-29T21:20:44.989869 - Все waypoint'ы миссии пройдены (миссия выполнена)
2026-04-29T21:20:46.337260 - Прогресс: взлёт=100% полёт=100% дистанция=100% посадка=0%
2026-04-29T21:20:46.574608 - Пройдена точка 5, прогресс выполнения маршрута: 100%
2026-04-29T21:20:46.574684 - Все waypoint'ы миссии пройдены (миссия выполнена)
2026-04-29T21:20:47.074807 - Пройдена точка 5, прогресс выполнения маршрута: 100%
2026-04-29T21:20:47.074856 - Все waypoint'ы миссии пройдены (миссия выполнена)
2026-04-29T21:20:47.323390 - Пройдена точка 5, прогресс выполнения маршрута: 100%
2026-04-29T21:20:47.323515 - Все waypoint'ы миссии пройдены (миссия выполнена)
2026-04-29T21:20:47.574376 - Пройдена точка 5, прогресс выполнения маршрута: 100%
2026-04-29T21:20:47.574441 - Все waypoint'ы миссии пройдены (миссия выполнена)
2026-04-29T21:20:48.076674 - Пройдена точка 5, прогресс выполнения маршрута: 100%
2026-04-29T21:20:48.078673 - Все waypoint'ы миссии пройдены (миссия выполнена)
2026-04-29T21:20:48.335999 - Прогресс: взлёт=100% полёт=100% дистанция=100% посадка=0%
2026-04-29T21:20:48.574057 - Пройдена точка 5, прогресс выполнения маршрута: 100%
2026-04-29T21:20:48.574259 - Все waypoint'ы миссии пройдены (миссия выполнена)
2026-04-29T21:20:49.077955 - Пройдена точка 5, прогресс выполнения маршрута: 100%
2026-04-29T21:20:49.078067 - Все waypoint'ы миссии пройдены (миссия выполнена)
2026-04-29T21:20:49.335764 - Пройдена точка 5, прогресс выполнения маршрута: 100%
2026-04-29T21:20:49.335955 - Все waypoint'ы миссии пройдены (миссия выполнена)
2026-04-29T21:20:50.334496 - Прогресс: взлёт=100% полёт=100% дистанция=100% посадка=0%
2026-04-29T21:20:50.821613 - Пройдена точка 5, прогресс выполнения маршрута: 100%
2026-04-29T21:20:50.821665 - Все waypoint'ы миссии пройдены (миссия выполнена)
2026-04-29T21:20:51.833427 - Пройдена точка 5, прогресс выполнения маршрута: 100%
2026-04-29T21:20:51.833511 - Все waypoint'ы миссии пройдены (миссия выполнена)
2026-04-29T21:20:52.078513 - Пройдена точка 5, прогресс выполнения маршрута: 100%
2026-04-29T21:20:52.078592 - Все waypoint'ы миссии пройдены (миссия выполнена)
2026-04-29T21:20:52.340828 - Прогресс: взлёт=100% полёт=100% дистанция=100% посадка=0%
2026-04-29T21:20:52.579108 - Пройдена точка 5, прогресс выполнения маршрута: 100%
2026-04-29T21:20:52.579153 - Все waypoint'ы миссии пройдены (миссия выполнена)
2026-04-29T21:20:53.083330 - Пройдена точка 5, прогресс выполнения маршрута: 100%
2026-04-29T21:20:53.083518 - Все waypoint'ы миссии пройдены (миссия выполнена)
2026-04-29T21:20:53.836570 - Пройдена точка 5, прогресс выполнения маршрута: 100%
2026-04-29T21:20:53.836669 - Все waypoint'ы миссии пройдены (миссия выполнена)
2026-04-29T21:20:54.078910 - Пройдена точка 5, прогресс выполнения маршрута: 100%
2026-04-29T21:20:54.079239 - Все waypoint'ы миссии пройдены (миссия выполнена)
2026-04-29T21:20:54.341178 - Прогресс: взлёт=100% полёт=100% дистанция=100% посадка=0%
2026-04-29T21:20:54.575371 - Пройдена точка 5, прогресс выполнения маршрута: 100%
2026-04-29T21:20:54.575947 - Все waypoint'ы миссии пройдены (миссия выполнена)
2026-04-29T21:20:54.832514 - Пройдена точка 5, прогресс выполнения маршрута: 100%
2026-04-29T21:20:54.832636 - Все waypoint'ы миссии пройдены (миссия выполнена)
2026-04-29T21:20:55.333164 - Пройдена точка 5, прогресс выполнения маршрута: 100%
2026-04-29T21:20:55.333328 - Все waypoint'ы миссии пройдены (миссия выполнена)
2026-04-29T21:20:55.579109 - Посадка после миссии (высота 0.4 м) – критерий 4 выполнен
2026-04-29T21:20:55.586760 - Задание завершено. Успех: True
2026-04-29T21:20:55.588992 - Evaluator завершён
