2026-04-29T20:53:06.367006 - Запущен evaluator для задания 38e54250-e4e6-4538-8f8c-8c4c725c7b29, тип 2
2026-04-29T20:53:06.367369 - SITL запущен, ожидание инициализации...
2026-04-29T20:53:21.367885 - Подключение к MAVProxy на UDP 14550...
2026-04-29T20:53:21.746532 - Heartbeat получен, соединение установлено.
2026-04-29T20:53:21.746680 - Открытие TCP-сервера на порту 14607...
2026-04-29T20:53:21.747028 - Ожидание подключения Mission Planner на порту 14607
2026-04-29T20:53:23.911325 - Прогресс: взлёт=0% полёт=0% дистанция=0% посадка=0%
2026-04-29T20:53:24.896998 - Сбор данных (телеметрия) зафиксирован (критерий 3 выполнен)
2026-04-29T20:53:25.932089 - Прогресс: взлёт=0% полёт=0% дистанция=100% посадка=0%
2026-04-29T20:53:27.926822 - Прогресс: взлёт=0% полёт=0% дистанция=100% посадка=0%
2026-04-29T20:53:29.916496 - Прогресс: взлёт=0% полёт=0% дистанция=100% посадка=0%
2026-04-29T20:53:31.933224 - Прогресс: взлёт=0% полёт=0% дистанция=100% посадка=0%
2026-04-29T20:53:32.226215 - Миссия загружена, количество точек: 6 (критерий 1 выполнен)
2026-04-29T20:53:33.933378 - Прогресс: взлёт=100% полёт=0% дистанция=100% посадка=0%
2026-04-29T20:53:36.164503 - Прогресс: взлёт=100% полёт=0% дистанция=100% посадка=0%
2026-04-29T20:53:38.177686 - Прогресс: взлёт=100% полёт=0% дистанция=100% посадка=0%
2026-04-29T20:53:40.395477 - Прогресс: взлёт=100% полёт=0% дистанция=100% посадка=0%
2026-04-29T20:53:42.397497 - Прогресс: взлёт=100% полёт=0% дистанция=100% посадка=0%
2026-04-29T20:53:44.395175 - Прогресс: взлёт=100% полёт=0% дистанция=100% посадка=0%
2026-04-29T20:53:46.395533 - Прогресс: взлёт=100% полёт=0% дистанция=100% посадка=0%
2026-04-29T20:53:48.645392 - Прогресс: взлёт=100% полёт=0% дистанция=100% посадка=0%
2026-04-29T20:53:50.651846 - Прогресс: взлёт=100% полёт=0% дистанция=100% посадка=0%
2026-04-29T20:53:52.659808 - Прогресс: взлёт=100% полёт=0% дистанция=100% посадка=0%
2026-04-29T20:53:54.733236 - Прогресс: взлёт=100% полёт=0% дистанция=100% посадка=0%
2026-04-29T20:53:56.874118 - Прогресс: взлёт=100% полёт=0% дистанция=100% посадка=0%
2026-04-29T20:53:58.891088 - Прогресс: взлёт=100% полёт=0% дистанция=100% посадка=0%
2026-04-29T20:54:00.889166 - Прогресс: взлёт=100% полёт=0% дистанция=100% посадка=0%
2026-04-29T20:54:02.893021 - Прогресс: взлёт=100% полёт=0% дистанция=100% посадка=0%
2026-04-29T20:54:05.140067 - Прогресс: взлёт=100% полёт=0% дистанция=100% посадка=0%
2026-04-29T20:54:07.144590 - Прогресс: взлёт=100% полёт=0% дистанция=100% посадка=0%
2026-04-29T20:54:09.376551 - Прогресс: взлёт=100% полёт=0% дистанция=100% посадка=0%
2026-04-29T20:54:11.399165 - Прогресс: взлёт=100% полёт=0% дистанция=100% посадка=0%
2026-04-29T20:54:13.389456 - Прогресс: взлёт=100% полёт=0% дистанция=100% посадка=0%
2026-04-29T20:54:15.458559 - Прогресс: взлёт=100% полёт=0% дистанция=100% посадка=0%
2026-04-29T20:54:17.636603 - Прогресс: взлёт=100% полёт=0% дистанция=100% посадка=0%
2026-04-29T20:54:19.640081 - Прогресс: взлёт=100% полёт=0% дистанция=100% посадка=0%
2026-04-29T20:54:21.633610 - Прогресс: взлёт=100% полёт=0% дистанция=100% посадка=0%
2026-04-29T20:54:23.630449 - Прогресс: взлёт=100% полёт=0% дистанция=100% посадка=0%
2026-04-29T20:54:25.644685 - Прогресс: взлёт=100% полёт=0% дистанция=100% посадка=0%
2026-04-29T20:54:27.867896 - Прогресс: взлёт=100% полёт=0% дистанция=100% посадка=0%
2026-04-29T20:54:29.881287 - Прогресс: взлёт=100% полёт=0% дистанция=100% посадка=0%
2026-04-29T20:54:32.137372 - Прогресс: взлёт=100% полёт=0% дистанция=100% посадка=0%
2026-04-29T20:54:34.147175 - Прогресс: взлёт=100% полёт=0% дистанция=100% посадка=0%
2026-04-29T20:54:36.162441 - Прогресс: взлёт=100% полёт=0% дистанция=100% посадка=0%
2026-04-29T20:54:38.158785 - Прогресс: взлёт=100% полёт=0% дистанция=100% посадка=0%
2026-04-29T20:54:40.377897 - Прогресс: взлёт=100% полёт=0% дистанция=100% посадка=0%
2026-04-29T20:54:42.391713 - Прогресс: взлёт=100% полёт=0% дистанция=100% посадка=0%
2026-04-29T20:54:42.717642 - Режим AUTO активирован
2026-04-29T20:54:44.387683 - Прогресс: взлёт=100% полёт=0% дистанция=100% посадка=0%
2026-04-29T20:54:46.398084 - Прогресс: взлёт=100% полёт=0% дистанция=100% посадка=0%
2026-04-29T20:54:48.428970 - Прогресс: взлёт=100% полёт=16% дистанция=100% посадка=0%
2026-04-29T20:54:50.421189 - Прогресс: взлёт=100% полёт=16% дистанция=100% посадка=0%
2026-04-29T20:54:52.421138 - Прогресс: взлёт=100% полёт=16% дистанция=100% посадка=0%
2026-04-29T20:54:54.655279 - Прогресс: взлёт=100% полёт=16% дистанция=100% посадка=0%
2026-04-29T20:54:56.665811 - Прогресс: взлёт=100% полёт=16% дистанция=100% посадка=0%
2026-04-29T20:54:58.678126 - Прогресс: взлёт=100% полёт=16% дистанция=100% посадка=0%
2026-04-29T20:55:00.674570 - Прогресс: взлёт=100% полёт=16% дистанция=100% посадка=0%
2026-04-29T20:55:02.677390 - Прогресс: взлёт=100% полёт=16% дистанция=100% посадка=0%
2026-04-29T20:55:04.681647 - Прогресс: взлёт=100% полёт=16% дистанция=100% посадка=0%
2026-04-29T20:55:06.687089 - Прогресс: взлёт=100% полёт=16% дистанция=100% посадка=0%
2026-04-29T20:55:08.691105 - Прогресс: взлёт=100% полёт=16% дистанция=100% посадка=0%
2026-04-29T20:55:10.894962 - Прогресс: взлёт=100% полёт=16% дистанция=100% посадка=0%
2026-04-29T20:55:12.915502 - Прогресс: взлёт=100% полёт=16% дистанция=100% посадка=0%
2026-04-29T20:55:14.922364 - Прогресс: взлёт=100% полёт=33% дистанция=100% посадка=0%
2026-04-29T20:55:16.921432 - Прогресс: взлёт=100% полёт=33% дистанция=100% посадка=0%
2026-04-29T20:55:19.234165 - Прогресс: взлёт=100% полёт=33% дистанция=100% посадка=0%
2026-04-29T20:55:21.246657 - Прогресс: взлёт=100% полёт=33% дистанция=100% посадка=0%
2026-04-29T20:55:23.241983 - Прогресс: взлёт=100% полёт=33% дистанция=100% посадка=0%
2026-04-29T20:55:25.468357 - Прогресс: взлёт=100% полёт=33% дистанция=100% посадка=0%
2026-04-29T20:55:27.502771 - Прогресс: взлёт=100% полёт=33% дистанция=100% посадка=0%
2026-04-29T20:55:29.508457 - Прогресс: взлёт=100% полёт=50% дистанция=100% посадка=0%
2026-04-29T20:55:31.739844 - Прогресс: взлёт=100% полёт=50% дистанция=100% посадка=0%
2026-04-29T20:55:33.754443 - Прогресс: взлёт=100% полёт=50% дистанция=100% посадка=0%
2026-04-29T20:55:35.753791 - Прогресс: взлёт=100% полёт=50% дистанция=100% посадка=0%
2026-04-29T20:55:37.754343 - Прогресс: взлёт=100% полёт=50% дистанция=100% посадка=0%
2026-04-29T20:55:39.757983 - Прогресс: взлёт=100% полёт=50% дистанция=100% посадка=0%
2026-04-29T20:55:41.837072 - Прогресс: взлёт=100% полёт=66% дистанция=100% посадка=0%
2026-04-29T20:55:43.987988 - Прогресс: взлёт=100% полёт=66% дистанция=100% посадка=0%
2026-04-29T20:55:46.250880 - Прогресс: взлёт=100% полёт=66% дистанция=100% посадка=0%
2026-04-29T20:55:48.261630 - Прогресс: взлёт=100% полёт=66% дистанция=100% посадка=0%
2026-04-29T20:55:50.262321 - Прогресс: взлёт=100% полёт=66% дистанция=100% посадка=0%
2026-04-29T20:55:52.569005 - Прогресс: взлёт=100% полёт=66% дистанция=100% посадка=0%
2026-04-29T20:55:54.570931 - Прогресс: взлёт=100% полёт=66% дистанция=100% посадка=0%
2026-04-29T20:55:57.036801 - Прогресс: взлёт=100% полёт=83% дистанция=100% посадка=0%
2026-04-29T20:55:59.037138 - Прогресс: взлёт=100% полёт=83% дистанция=100% посадка=0%
2026-04-29T20:56:01.046415 - Прогресс: взлёт=100% полёт=83% дистанция=100% посадка=0%
2026-04-29T20:56:03.039771 - Прогресс: взлёт=100% полёт=83% дистанция=100% посадка=0%
2026-04-29T20:56:05.052805 - Прогресс: взлёт=100% полёт=83% дистанция=100% посадка=0%
2026-04-29T20:56:07.053334 - Прогресс: взлёт=100% полёт=83% дистанция=100% посадка=0%
2026-04-29T20:56:09.058107 - Прогресс: взлёт=100% полёт=83% дистанция=100% посадка=0%
2026-04-29T20:56:10.546656 - Пройдена точка 6, прогресс выполнения маршрута: 100%
2026-04-29T20:56:11.071917 - Прогресс: взлёт=100% полёт=100% дистанция=100% посадка=0%
2026-04-29T20:56:13.075947 - Прогресс: взлёт=100% полёт=100% дистанция=100% посадка=0%
2026-04-29T20:56:15.078385 - Прогресс: взлёт=100% полёт=100% дистанция=100% посадка=0%
2026-04-29T20:56:17.075205 - Прогресс: взлёт=100% полёт=100% дистанция=100% посадка=0%
2026-04-29T20:56:19.076733 - Прогресс: взлёт=100% полёт=100% дистанция=100% посадка=0%
2026-04-29T20:56:21.079429 - Прогресс: взлёт=100% полёт=100% дистанция=100% посадка=0%
2026-04-29T20:56:23.078105 - Прогресс: взлёт=100% полёт=100% дистанция=100% посадка=0%
2026-04-29T20:56:25.890289 - Прогресс: взлёт=100% полёт=100% дистанция=100% посадка=0%
2026-04-29T20:56:27.901212 - Прогресс: взлёт=100% полёт=100% дистанция=100% посадка=0%
2026-04-29T20:56:29.902534 - Прогресс: взлёт=100% полёт=100% дистанция=100% посадка=0%
2026-04-29T20:56:31.911724 - Прогресс: взлёт=100% полёт=100% дистанция=100% посадка=0%
2026-04-29T20:56:34.068876 - Прогресс: взлёт=100% полёт=100% дистанция=100% посадка=0%
2026-04-29T20:56:36.139540 - Прогресс: взлёт=100% полёт=100% дистанция=100% посадка=0%
2026-04-29T20:56:38.144028 - Прогресс: взлёт=100% полёт=100% дистанция=100% посадка=0%
2026-04-29T20:56:40.118544 - Посадка после миссии обнаружена (критерий 4 выполнен)
2026-04-29T20:56:40.140174 - Задание завершено. Успех: True
2026-04-29T20:56:40.147802 - Evaluator завершён
