2026-04-29T20:21:49.399340 - Запущен evaluator для задания 5800e070-e3fb-4f11-bdf3-ceee6dd66afd, тип 2
2026-04-29T20:21:49.399748 - SITL запущен, ожидание инициализации...
2026-04-29T20:22:04.400195 - Подключение к MAVProxy на UDP 14550...
2026-04-29T20:22:04.436951 - Heartbeat получен, соединение установлено.
2026-04-29T20:22:04.436999 - Открытие TCP-сервера на порту 14602...
2026-04-29T20:22:04.437151 - Ожидание подключения Mission Planner на порту 14602
2026-04-29T20:22:05.013225 - Прогресс: взлёт=0% полёт=0% дистанция=0% посадка=0%
2026-04-29T20:22:07.415618 - Прогресс: взлёт=0% полёт=0% дистанция=0% посадка=0%
2026-04-29T20:22:08.787592 - Сбор данных (телеметрия) зафиксирован (критерий 3 выполнен)
2026-04-29T20:22:09.530257 - Прогресс: взлёт=0% полёт=0% дистанция=100% посадка=0%
2026-04-29T20:22:11.759311 - Прогресс: взлёт=0% полёт=0% дистанция=100% посадка=0%
2026-04-29T20:22:13.782629 - Прогресс: взлёт=0% полёт=0% дистанция=100% посадка=0%
2026-04-29T20:22:15.789171 - Прогресс: взлёт=0% полёт=0% дистанция=100% посадка=0%
2026-04-29T20:22:17.788451 - Прогресс: взлёт=0% полёт=0% дистанция=100% посадка=0%
2026-04-29T20:22:20.036813 - Прогресс: взлёт=0% полёт=0% дистанция=100% посадка=0%
2026-04-29T20:22:22.034392 - Прогресс: взлёт=0% полёт=0% дистанция=100% посадка=0%
2026-04-29T20:22:24.045012 - Прогресс: взлёт=0% полёт=0% дистанция=100% посадка=0%
2026-04-29T20:22:26.045708 - Прогресс: взлёт=0% полёт=0% дистанция=100% посадка=0%
2026-04-29T20:22:28.048174 - Прогресс: взлёт=0% полёт=0% дистанция=100% посадка=0%
2026-04-29T20:22:30.036473 - Прогресс: взлёт=0% полёт=0% дистанция=100% посадка=0%
2026-04-29T20:22:32.283979 - Прогресс: взлёт=0% полёт=0% дистанция=100% посадка=0%
2026-04-29T20:22:34.292304 - Прогресс: взлёт=0% полёт=0% дистанция=100% посадка=0%
2026-04-29T20:22:36.294115 - Прогресс: взлёт=0% полёт=0% дистанция=100% посадка=0%
2026-04-29T20:22:38.296122 - Прогресс: взлёт=0% полёт=0% дистанция=100% посадка=0%
2026-04-29T20:22:40.310961 - Прогресс: взлёт=0% полёт=0% дистанция=100% посадка=0%
2026-04-29T20:22:42.541985 - Прогресс: взлёт=0% полёт=0% дистанция=100% посадка=0%
2026-04-29T20:22:44.555906 - Прогресс: взлёт=0% полёт=0% дистанция=100% посадка=0%
2026-04-29T20:22:46.773971 - Прогресс: взлёт=0% полёт=0% дистанция=100% посадка=0%
2026-04-29T20:22:48.775649 - Прогресс: взлёт=0% полёт=0% дистанция=100% посадка=0%
2026-04-29T20:22:50.782229 - Прогресс: взлёт=0% полёт=0% дистанция=100% посадка=0%
2026-04-29T20:22:52.781814 - Прогресс: взлёт=0% полёт=0% дистанция=100% посадка=0%
2026-04-29T20:22:54.791109 - Прогресс: взлёт=0% полёт=0% дистанция=100% посадка=0%
2026-04-29T20:22:56.783841 - Прогресс: взлёт=0% полёт=0% дистанция=100% посадка=0%
2026-04-29T20:22:58.791538 - Прогресс: взлёт=0% полёт=0% дистанция=100% посадка=0%
2026-04-29T20:23:00.799382 - Прогресс: взлёт=0% полёт=0% дистанция=100% посадка=0%
2026-04-29T20:23:02.950789 - Прогресс: взлёт=0% полёт=0% дистанция=100% посадка=0%
2026-04-29T20:23:05.051822 - Прогресс: взлёт=0% полёт=0% дистанция=100% посадка=0%
2026-04-29T20:23:07.057330 - Прогресс: взлёт=0% полёт=0% дистанция=100% посадка=0%
2026-04-29T20:23:09.051419 - Прогресс: взлёт=0% полёт=0% дистанция=100% посадка=0%
2026-04-29T20:23:11.046162 - Прогресс: взлёт=0% полёт=0% дистанция=100% посадка=0%
2026-04-29T20:23:13.280500 - Прогресс: взлёт=0% полёт=0% дистанция=100% посадка=0%
2026-04-29T20:23:15.287050 - Прогресс: взлёт=0% полёт=0% дистанция=100% посадка=0%
2026-04-29T20:23:17.279730 - Прогресс: взлёт=0% полёт=0% дистанция=100% посадка=0%
2026-04-29T20:23:19.787117 - Прогресс: взлёт=0% полёт=0% дистанция=100% посадка=0%
2026-04-29T20:23:21.791868 - Прогресс: взлёт=0% полёт=0% дистанция=100% посадка=0%
2026-04-29T20:23:23.796951 - Прогресс: взлёт=0% полёт=0% дистанция=100% посадка=0%
2026-04-29T20:23:25.798114 - Прогресс: взлёт=0% полёт=0% дистанция=100% посадка=0%
2026-04-29T20:23:27.799427 - Прогресс: взлёт=0% полёт=0% дистанция=100% посадка=0%
2026-04-29T20:23:29.797148 - Прогресс: взлёт=0% полёт=0% дистанция=100% посадка=0%
2026-04-29T20:23:31.801815 - Прогресс: взлёт=0% полёт=0% дистанция=100% посадка=0%
2026-04-29T20:23:33.803843 - Прогресс: взлёт=0% полёт=0% дистанция=100% посадка=0%
2026-04-29T20:23:36.042423 - Прогресс: взлёт=0% полёт=0% дистанция=100% посадка=0%
2026-04-29T20:23:38.046489 - Прогресс: взлёт=0% полёт=0% дистанция=100% посадка=0%
2026-04-29T20:23:40.059191 - Прогресс: взлёт=0% полёт=0% дистанция=100% посадка=0%
2026-04-29T20:23:42.281377 - Прогресс: взлёт=0% полёт=0% дистанция=100% посадка=0%
2026-04-29T20:23:44.289109 - Прогресс: взлёт=0% полёт=0% дистанция=100% посадка=0%
2026-04-29T20:23:46.284521 - Прогресс: взлёт=0% полёт=0% дистанция=100% посадка=0%
2026-04-29T20:23:48.291476 - Прогресс: взлёт=0% полёт=0% дистанция=100% посадка=0%
2026-04-29T20:23:50.301409 - Прогресс: взлёт=0% полёт=0% дистанция=100% посадка=0%
2026-04-29T20:23:52.780677 - Прогресс: взлёт=0% полёт=0% дистанция=100% посадка=0%
2026-04-29T20:23:54.798225 - Прогресс: взлёт=0% полёт=0% дистанция=100% посадка=0%
2026-04-29T20:23:56.799676 - Прогресс: взлёт=0% полёт=0% дистанция=100% посадка=0%
2026-04-29T20:23:58.808215 - Прогресс: взлёт=0% полёт=0% дистанция=100% посадка=0%
2026-04-29T20:24:00.801655 - Прогресс: взлёт=0% полёт=0% дистанция=100% посадка=0%
2026-04-29T20:24:02.799403 - Прогресс: взлёт=0% полёт=0% дистанция=100% посадка=0%
2026-04-29T20:24:04.807579 - Прогресс: взлёт=0% полёт=0% дистанция=100% посадка=0%
2026-04-29T20:24:07.048451 - Прогресс: взлёт=0% полёт=0% дистанция=100% посадка=0%
2026-04-29T20:24:09.041156 - Прогресс: взлёт=0% полёт=0% дистанция=100% посадка=0%
2026-04-29T20:24:11.052018 - Прогресс: взлёт=0% полёт=0% дистанция=100% посадка=0%
2026-04-29T20:24:13.301639 - Прогресс: взлёт=0% полёт=0% дистанция=100% посадка=0%
2026-04-29T20:24:15.295396 - Прогресс: взлёт=0% полёт=0% дистанция=100% посадка=0%
2026-04-29T20:24:17.305124 - Прогресс: взлёт=0% полёт=0% дистанция=100% посадка=0%
2026-04-29T20:24:19.307317 - Прогресс: взлёт=0% полёт=0% дистанция=100% посадка=0%
2026-04-29T20:24:21.458877 - Прогресс: взлёт=0% полёт=0% дистанция=100% посадка=0%
2026-04-29T20:24:23.454310 - Прогресс: взлёт=0% полёт=0% дистанция=100% посадка=0%
2026-04-29T20:24:25.555245 - Прогресс: взлёт=0% полёт=0% дистанция=100% посадка=0%
2026-04-29T20:24:27.557787 - Прогресс: взлёт=0% полёт=0% дистанция=100% посадка=0%
2026-04-29T20:24:29.553062 - Прогресс: взлёт=0% полёт=0% дистанция=100% посадка=0%
2026-04-29T20:24:31.564830 - Прогресс: взлёт=0% полёт=0% дистанция=100% посадка=0%
2026-04-29T20:24:33.784819 - Прогресс: взлёт=0% полёт=0% дистанция=100% посадка=0%
2026-04-29T20:24:35.797105 - Прогресс: взлёт=0% полёт=0% дистанция=100% посадка=0%
2026-04-29T20:24:38.049017 - Прогресс: взлёт=0% полёт=0% дистанция=100% посадка=0%
2026-04-29T20:24:41.122695 - Прогресс: взлёт=0% полёт=0% дистанция=100% посадка=0%
2026-04-29T20:24:43.120342 - Прогресс: взлёт=0% полёт=0% дистанция=100% посадка=0%
2026-04-29T20:24:45.116378 - Прогресс: взлёт=0% полёт=0% дистанция=100% посадка=0%
2026-04-29T20:24:47.120308 - Прогресс: взлёт=0% полёт=0% дистанция=100% посадка=0%
2026-04-29T20:24:49.118965 - Прогресс: взлёт=0% полёт=0% дистанция=100% посадка=0%
2026-04-29T20:24:51.123348 - Прогресс: взлёт=0% полёт=0% дистанция=100% посадка=0%
2026-04-29T20:24:53.122167 - Прогресс: взлёт=0% полёт=0% дистанция=100% посадка=0%
2026-04-29T20:24:55.132677 - Прогресс: взлёт=0% полёт=0% дистанция=100% посадка=0%
2026-04-29T20:24:57.366710 - Прогресс: взлёт=0% полёт=0% дистанция=100% посадка=0%
2026-04-29T20:24:59.371192 - Прогресс: взлёт=0% полёт=0% дистанция=100% посадка=0%
2026-04-29T20:25:01.362486 - Прогресс: взлёт=0% полёт=0% дистанция=100% посадка=0%
2026-04-29T20:25:03.358718 - Прогресс: взлёт=0% полёт=0% дистанция=100% посадка=0%
2026-04-29T20:25:05.530809 - Прогресс: взлёт=0% полёт=0% дистанция=100% посадка=0%
2026-04-29T20:25:07.617808 - Прогресс: взлёт=0% полёт=0% дистанция=100% посадка=0%
2026-04-29T20:25:09.612811 - Прогресс: взлёт=0% полёт=0% дистанция=100% посадка=0%
2026-04-29T20:25:11.623545 - Прогресс: взлёт=0% полёт=0% дистанция=100% посадка=0%
2026-04-29T20:25:14.063882 - Прогресс: взлёт=0% полёт=0% дистанция=100% посадка=0%
2026-04-29T20:25:16.064719 - Прогресс: взлёт=0% полёт=0% дистанция=100% посадка=0%
2026-04-29T20:25:18.079167 - Прогресс: взлёт=0% полёт=0% дистанция=100% посадка=0%
2026-04-29T20:25:20.220201 - Прогресс: взлёт=0% полёт=0% дистанция=100% посадка=0%
2026-04-29T20:25:22.217448 - Прогресс: взлёт=0% полёт=0% дистанция=100% посадка=0%
2026-04-29T20:25:24.227678 - Прогресс: взлёт=0% полёт=0% дистанция=100% посадка=0%
2026-04-29T20:25:26.304215 - Прогресс: взлёт=0% полёт=0% дистанция=100% посадка=0%
2026-04-29T20:25:28.306991 - Прогресс: взлёт=0% полёт=0% дистанция=100% посадка=0%
2026-04-29T20:25:30.306915 - Прогресс: взлёт=0% полёт=0% дистанция=100% посадка=0%
2026-04-29T20:25:32.308730 - Прогресс: взлёт=0% полёт=0% дистанция=100% посадка=0%
2026-04-29T20:25:34.311327 - Прогресс: взлёт=0% полёт=0% дистанция=100% посадка=0%
2026-04-29T20:25:36.324354 - Прогресс: взлёт=0% полёт=0% дистанция=100% посадка=0%
2026-04-29T20:25:38.324397 - Прогресс: взлёт=0% полёт=0% дистанция=100% посадка=0%
2026-04-29T20:25:40.326078 - Прогресс: взлёт=0% полёт=0% дистанция=100% посадка=0%
2026-04-29T20:25:42.317527 - Прогресс: взлёт=0% полёт=0% дистанция=100% посадка=0%
2026-04-29T20:25:44.334769 - Прогресс: взлёт=0% полёт=0% дистанция=100% посадка=0%
2026-04-29T20:25:47.106442 - Прогресс: взлёт=0% полёт=0% дистанция=100% посадка=0%
2026-04-29T20:25:49.115307 - Прогресс: взлёт=0% полёт=0% дистанция=100% посадка=0%
2026-04-29T20:25:51.124273 - Прогресс: взлёт=0% полёт=0% дистанция=100% посадка=0%
2026-04-29T20:25:53.365343 - Прогресс: взлёт=0% полёт=0% дистанция=100% посадка=0%
2026-04-29T20:25:55.359099 - Прогресс: взлёт=0% полёт=0% дистанция=100% посадка=0%
2026-04-29T20:25:57.368446 - Прогресс: взлёт=0% полёт=0% дистанция=100% посадка=0%
2026-04-29T20:25:59.368352 - Прогресс: взлёт=0% полёт=0% дистанция=100% посадка=0%
2026-04-29T20:26:01.374094 - Прогресс: взлёт=0% полёт=0% дистанция=100% посадка=0%
2026-04-29T20:26:03.610022 - Прогресс: взлёт=0% полёт=0% дистанция=100% посадка=0%
2026-04-29T20:26:05.616152 - Прогресс: взлёт=0% полёт=0% дистанция=100% посадка=0%
2026-04-29T20:26:07.609355 - Прогресс: взлёт=0% полёт=0% дистанция=100% посадка=0%
2026-04-29T20:26:09.610672 - Прогресс: взлёт=0% полёт=0% дистанция=100% посадка=0%
2026-04-29T20:26:11.613631 - Прогресс: взлёт=0% полёт=0% дистанция=100% посадка=0%
2026-04-29T20:26:13.625126 - Прогресс: взлёт=0% полёт=0% дистанция=100% посадка=0%
2026-04-29T20:26:15.614980 - Прогресс: взлёт=0% полёт=0% дистанция=100% посадка=0%
2026-04-29T20:26:18.009289 - Прогресс: взлёт=0% полёт=0% дистанция=100% посадка=0%
2026-04-29T20:26:20.257896 - Прогресс: взлёт=0% полёт=0% дистанция=100% посадка=0%
2026-04-29T20:26:22.268366 - Прогресс: взлёт=0% полёт=0% дистанция=100% посадка=0%
2026-04-29T20:26:24.267550 - Прогресс: взлёт=0% полёт=0% дистанция=100% посадка=0%
2026-04-29T20:26:26.265436 - Прогресс: взлёт=0% полёт=0% дистанция=100% посадка=0%
2026-04-29T20:26:28.269905 - Прогресс: взлёт=0% полёт=0% дистанция=100% посадка=0%
2026-04-29T20:26:30.503679 - Прогресс: взлёт=0% полёт=0% дистанция=100% посадка=0%
2026-04-29T20:26:32.515202 - Прогресс: взлёт=0% полёт=0% дистанция=100% посадка=0%
2026-04-29T20:26:34.514219 - Прогресс: взлёт=0% полёт=0% дистанция=100% посадка=0%
2026-04-29T20:26:36.525209 - Прогресс: взлёт=0% полёт=0% дистанция=100% посадка=0%
2026-04-29T20:26:38.519402 - Прогресс: взлёт=0% полёт=0% дистанция=100% посадка=0%
2026-04-29T20:26:40.531496 - Прогресс: взлёт=0% полёт=0% дистанция=100% посадка=0%
2026-04-29T20:26:42.530422 - Прогресс: взлёт=0% полёт=0% дистанция=100% посадка=0%
2026-04-29T20:26:44.521939 - Прогресс: взлёт=0% полёт=0% дистанция=100% посадка=0%
2026-04-29T20:26:46.531911 - Прогресс: взлёт=0% полёт=0% дистанция=100% посадка=0%
2026-04-29T20:26:48.765526 - Прогресс: взлёт=0% полёт=0% дистанция=100% посадка=0%
2026-04-29T20:26:50.773008 - Прогресс: взлёт=0% полёт=0% дистанция=100% посадка=0%
2026-04-29T20:26:53.289132 - Прогресс: взлёт=0% полёт=0% дистанция=100% посадка=0%
2026-04-29T20:26:55.291185 - Прогресс: взлёт=0% полёт=0% дистанция=100% посадка=0%
2026-04-29T20:26:57.292693 - Прогресс: взлёт=0% полёт=0% дистанция=100% посадка=0%
2026-04-29T20:26:59.295441 - Прогресс: взлёт=0% полёт=0% дистанция=100% посадка=0%
2026-04-29T20:27:01.296105 - Прогресс: взлёт=0% полёт=0% дистанция=100% посадка=0%
2026-04-29T20:27:03.290937 - Прогресс: взлёт=0% полёт=0% дистанция=100% посадка=0%
2026-04-29T20:27:05.288870 - Прогресс: взлёт=0% полёт=0% дистанция=100% посадка=0%
2026-04-29T20:27:07.535364 - Прогресс: взлёт=0% полёт=0% дистанция=100% посадка=0%
2026-04-29T20:27:09.551768 - Прогресс: взлёт=0% полёт=0% дистанция=100% посадка=0%
2026-04-29T20:27:11.547443 - Прогресс: взлёт=0% полёт=0% дистанция=100% посадка=0%
2026-04-29T20:27:13.550409 - Прогресс: взлёт=0% полёт=0% дистанция=100% посадка=0%
2026-04-29T20:27:15.781556 - Прогресс: взлёт=0% полёт=0% дистанция=100% посадка=0%
2026-04-29T20:27:17.784822 - Прогресс: взлёт=0% полёт=0% дистанция=100% посадка=0%
2026-04-29T20:27:19.782905 - Прогресс: взлёт=0% полёт=0% дистанция=100% посадка=0%
2026-04-29T20:27:21.793888 - Прогресс: взлёт=0% полёт=0% дистанция=100% посадка=0%
2026-04-29T20:27:23.795656 - Прогресс: взлёт=0% полёт=0% дистанция=100% посадка=0%
2026-04-29T20:27:26.309661 - Прогресс: взлёт=0% полёт=0% дистанция=100% посадка=0%
2026-04-29T20:27:28.318493 - Прогресс: взлёт=0% полёт=0% дистанция=100% посадка=0%
2026-04-29T20:27:28.329807 - Режим AUTO активирован
2026-04-29T20:27:30.324923 - Прогресс: взлёт=0% полёт=0% дистанция=100% посадка=0%
2026-04-29T20:27:32.324144 - Прогресс: взлёт=0% полёт=0% дистанция=100% посадка=0%
2026-04-29T20:27:34.324914 - Прогресс: взлёт=0% полёт=0% дистанция=100% посадка=0%
2026-04-29T20:27:36.334499 - Прогресс: взлёт=0% полёт=0% дистанция=100% посадка=0%
2026-04-29T20:27:38.569476 - Прогресс: взлёт=0% полёт=0% дистанция=100% посадка=0%
2026-04-29T20:27:40.571716 - Прогресс: взлёт=0% полёт=0% дистанция=100% посадка=0%
2026-04-29T20:27:42.827559 - Прогресс: взлёт=0% полёт=0% дистанция=100% посадка=0%
2026-04-29T20:27:44.823761 - Прогресс: взлёт=0% полёт=0% дистанция=100% посадка=0%
2026-04-29T20:27:46.824285 - Прогресс: взлёт=0% полёт=0% дистанция=100% посадка=0%
2026-04-29T20:27:48.828153 - Прогресс: взлёт=0% полёт=0% дистанция=100% посадка=0%
2026-04-29T20:27:50.830157 - Прогресс: взлёт=0% полёт=0% дистанция=100% посадка=0%
2026-04-29T20:27:52.829589 - Прогресс: взлёт=0% полёт=0% дистанция=100% посадка=0%
2026-04-29T20:27:55.077370 - Прогресс: взлёт=0% полёт=0% дистанция=100% посадка=0%
2026-04-29T20:27:57.071045 - Прогресс: взлёт=0% полёт=0% дистанция=100% посадка=0%
2026-04-29T20:27:59.363860 - Прогресс: взлёт=0% полёт=0% дистанция=100% посадка=0%
2026-04-29T20:28:01.377003 - Прогресс: взлёт=0% полёт=0% дистанция=100% посадка=0%
2026-04-29T20:28:03.372540 - Прогресс: взлёт=0% полёт=0% дистанция=100% посадка=0%
2026-04-29T20:28:05.386588 - Прогресс: взлёт=0% полёт=0% дистанция=100% посадка=0%
2026-04-29T20:28:07.623502 - Прогресс: взлёт=0% полёт=0% дистанция=100% посадка=0%
2026-04-29T20:28:09.624985 - Прогресс: взлёт=0% полёт=0% дистанция=100% посадка=0%
2026-04-29T20:28:11.634008 - Прогресс: взлёт=0% полёт=0% дистанция=100% посадка=0%
2026-04-29T20:28:13.633479 - Прогресс: взлёт=0% полёт=0% дистанция=100% посадка=0%
2026-04-29T20:28:15.630427 - Прогресс: взлёт=0% полёт=0% дистанция=100% посадка=0%
2026-04-29T20:28:17.654392 - Прогресс: взлёт=0% полёт=0% дистанция=100% посадка=0%
2026-04-29T20:28:19.866077 - Прогресс: взлёт=0% полёт=0% дистанция=100% посадка=0%
2026-04-29T20:28:21.872377 - Прогресс: взлёт=0% полёт=0% дистанция=100% посадка=0%
2026-04-29T20:28:23.873000 - Прогресс: взлёт=0% полёт=0% дистанция=100% посадка=0%
2026-04-29T20:28:25.885038 - Прогресс: взлёт=0% полёт=0% дистанция=100% посадка=0%
2026-04-29T20:28:28.131681 - Прогресс: взлёт=0% полёт=0% дистанция=100% посадка=0%
2026-04-29T20:28:30.383318 - Прогресс: взлёт=0% полёт=0% дистанция=100% посадка=0%
2026-04-29T20:28:32.483596 - Прогресс: взлёт=0% полёт=0% дистанция=100% посадка=0%
2026-04-29T20:28:34.712800 - Прогресс: взлёт=0% полёт=0% дистанция=100% посадка=0%
2026-04-29T20:28:36.855331 - Прогресс: взлёт=0% полёт=0% дистанция=100% посадка=0%
2026-04-29T20:28:38.969685 - Прогресс: взлёт=0% полёт=0% дистанция=100% посадка=0%
2026-04-29T20:28:40.969301 - Прогресс: взлёт=0% полёт=0% дистанция=100% посадка=0%
2026-04-29T20:28:41.009857 - Миссия загружена, количество точек: 7 (критерий 1 выполнен)
2026-04-29T20:28:42.973865 - Прогресс: взлёт=100% полёт=0% дистанция=100% посадка=0%
2026-04-29T20:28:44.976545 - Прогресс: взлёт=100% полёт=0% дистанция=100% посадка=0%
2026-04-29T20:28:46.982161 - Прогресс: взлёт=100% полёт=0% дистанция=100% посадка=0%
2026-04-29T20:28:49.214644 - Прогресс: взлёт=100% полёт=57% дистанция=100% посадка=0%
2026-04-29T20:28:51.465562 - Прогресс: взлёт=100% полёт=57% дистанция=100% посадка=0%
2026-04-29T20:28:53.474960 - Прогресс: взлёт=100% полёт=57% дистанция=100% посадка=0%
2026-04-29T20:28:55.474847 - Прогресс: взлёт=100% полёт=57% дистанция=100% посадка=0%
2026-04-29T20:28:57.473001 - Прогресс: взлёт=100% полёт=57% дистанция=100% посадка=0%
2026-04-29T20:28:59.466716 - Прогресс: взлёт=100% полёт=57% дистанция=100% посадка=0%
2026-04-29T20:29:01.467461 - Прогресс: взлёт=100% полёт=57% дистанция=100% посадка=0%
2026-04-29T20:29:03.468298 - Прогресс: взлёт=100% полёт=71% дистанция=100% посадка=0%
2026-04-29T20:29:05.580080 - Прогресс: взлёт=100% полёт=71% дистанция=100% посадка=0%
2026-04-29T20:29:07.822286 - Прогресс: взлёт=100% полёт=71% дистанция=100% посадка=0%
2026-04-29T20:29:09.818279 - Прогресс: взлёт=100% полёт=71% дистанция=100% посадка=0%
2026-04-29T20:29:11.815091 - Прогресс: взлёт=100% полёт=71% дистанция=100% посадка=0%
2026-04-29T20:29:13.832943 - Прогресс: взлёт=100% полёт=71% дистанция=100% посадка=0%
2026-04-29T20:29:15.830773 - Прогресс: взлёт=100% полёт=71% дистанция=100% посадка=0%
2026-04-29T20:29:18.081027 - Прогресс: взлёт=100% полёт=85% дистанция=100% посадка=0%
2026-04-29T20:29:20.080696 - Прогресс: взлёт=100% полёт=85% дистанция=100% посадка=0%
2026-04-29T20:29:22.322779 - Прогресс: взлёт=100% полёт=85% дистанция=100% посадка=0%
2026-04-29T20:29:24.328294 - Прогресс: взлёт=100% полёт=85% дистанция=100% посадка=0%
2026-04-29T20:29:26.334677 - Прогресс: взлёт=100% полёт=85% дистанция=100% посадка=0%
2026-04-29T20:29:28.574713 - Прогресс: взлёт=100% полёт=85% дистанция=100% посадка=0%
2026-04-29T20:29:30.576465 - Прогресс: взлёт=100% полёт=85% дистанция=100% посадка=0%
2026-04-29T20:29:32.592502 - Прогресс: взлёт=100% полёт=85% дистанция=100% посадка=0%
2026-04-29T20:29:34.598392 - Прогресс: взлёт=100% полёт=85% дистанция=100% посадка=0%
2026-04-29T20:29:36.821245 - Прогресс: взлёт=100% полёт=85% дистанция=100% посадка=0%
2026-04-29T20:29:38.964421 - Прогресс: взлёт=100% полёт=85% дистанция=100% посадка=0%
2026-04-29T20:29:40.964859 - Прогресс: взлёт=100% полёт=85% дистанция=100% посадка=0%
2026-04-29T20:29:42.969563 - Прогресс: взлёт=100% полёт=85% дистанция=100% посадка=0%
2026-04-29T20:29:45.207323 - Прогресс: взлёт=100% полёт=85% дистанция=100% посадка=0%
2026-04-29T20:29:47.212763 - Прогресс: взлёт=100% полёт=85% дистанция=100% посадка=0%
2026-04-29T20:29:49.213364 - Прогресс: взлёт=100% полёт=85% дистанция=100% посадка=0%
2026-04-29T20:29:51.220511 - Прогресс: взлёт=100% полёт=85% дистанция=100% посадка=0%
2026-04-29T20:29:53.456267 - Прогресс: взлёт=100% полёт=85% дистанция=100% посадка=0%
2026-04-29T20:29:55.465632 - Прогресс: взлёт=100% полёт=85% дистанция=100% посадка=0%
2026-04-29T20:29:57.464408 - Прогресс: взлёт=100% полёт=85% дистанция=100% посадка=0%
2026-04-29T20:29:59.715750 - Прогресс: взлёт=100% полёт=85% дистанция=100% посадка=0%
2026-04-29T20:30:01.729326 - Прогресс: взлёт=100% полёт=85% дистанция=100% посадка=0%
2026-04-29T20:30:03.726758 - Прогресс: взлёт=100% полёт=85% дистанция=100% посадка=0%
2026-04-29T20:30:05.724936 - Прогресс: взлёт=100% полёт=85% дистанция=100% посадка=0%
2026-04-29T20:30:07.728323 - Прогресс: взлёт=100% полёт=85% дистанция=100% посадка=0%
2026-04-29T20:30:09.729274 - Прогресс: взлёт=100% полёт=85% дистанция=100% посадка=0%
2026-04-29T20:30:11.848140 - Прогресс: взлёт=100% полёт=85% дистанция=100% посадка=0%
2026-04-29T20:30:13.857499 - Прогресс: взлёт=100% полёт=85% дистанция=100% посадка=0%
2026-04-29T20:30:15.848743 - Прогресс: взлёт=100% полёт=85% дистанция=100% посадка=0%
2026-04-29T20:30:17.848500 - Прогресс: взлёт=100% полёт=85% дистанция=100% посадка=0%
2026-04-29T20:30:19.859290 - Прогресс: взлёт=100% полёт=85% дистанция=100% посадка=0%
2026-04-29T20:30:22.098079 - Прогресс: взлёт=100% полёт=85% дистанция=100% посадка=0%
2026-04-29T20:30:24.108117 - Прогресс: взлёт=100% полёт=85% дистанция=100% посадка=0%
2026-04-29T20:30:26.115919 - Прогресс: взлёт=100% полёт=85% дистанция=100% посадка=0%
2026-04-29T20:30:28.341930 - Прогресс: взлёт=100% полёт=85% дистанция=100% посадка=0%
2026-04-29T20:30:30.352797 - Прогресс: взлёт=100% полёт=85% дистанция=100% посадка=0%
2026-04-29T20:30:32.364495 - Прогресс: взлёт=100% полёт=85% дистанция=100% посадка=0%
2026-04-29T20:30:34.365178 - Прогресс: взлёт=100% полёт=85% дистанция=100% посадка=0%
2026-04-29T20:30:36.594502 - Прогресс: взлёт=100% полёт=85% дистанция=100% посадка=0%
2026-04-29T20:30:38.603009 - Прогресс: взлёт=100% полёт=85% дистанция=100% посадка=0%
2026-04-29T20:30:40.593775 - Прогресс: взлёт=100% полёт=85% дистанция=100% посадка=0%
2026-04-29T20:30:42.596966 - Прогресс: взлёт=100% полёт=85% дистанция=100% посадка=0%
2026-04-29T20:30:44.985407 - Прогресс: взлёт=100% полёт=85% дистанция=100% посадка=0%
2026-04-29T20:30:46.991172 - Прогресс: взлёт=100% полёт=85% дистанция=100% посадка=0%
2026-04-29T20:30:48.993517 - Прогресс: взлёт=100% полёт=85% дистанция=100% посадка=0%
2026-04-29T20:30:50.999947 - Прогресс: взлёт=100% полёт=85% дистанция=100% посадка=0%
2026-04-29T20:30:53.002559 - Прогресс: взлёт=100% полёт=85% дистанция=100% посадка=0%
2026-04-29T20:30:55.002423 - Прогресс: взлёт=100% полёт=85% дистанция=100% посадка=0%
2026-04-29T20:30:57.008931 - Прогресс: взлёт=100% полёт=85% дистанция=100% посадка=0%
2026-04-29T20:30:59.248860 - Прогресс: взлёт=100% полёт=85% дистанция=100% посадка=0%
2026-04-29T20:31:01.250590 - Прогресс: взлёт=100% полёт=85% дистанция=100% посадка=0%
2026-04-29T20:31:03.253799 - Прогресс: взлёт=100% полёт=85% дистанция=100% посадка=0%
2026-04-29T20:31:05.252588 - Прогресс: взлёт=100% полёт=85% дистанция=100% посадка=0%
2026-04-29T20:31:07.255520 - Прогресс: взлёт=100% полёт=85% дистанция=100% посадка=0%
2026-04-29T20:31:09.493545 - Прогресс: взлёт=100% полёт=85% дистанция=100% посадка=0%
2026-04-29T20:31:11.497655 - Прогресс: взлёт=100% полёт=85% дистанция=100% посадка=0%
2026-04-29T20:31:13.499690 - Прогресс: взлёт=100% полёт=85% дистанция=100% посадка=0%
2026-04-29T20:31:15.500022 - Прогресс: взлёт=100% полёт=85% дистанция=100% посадка=0%
2026-04-29T20:31:18.156767 - Прогресс: взлёт=100% полёт=85% дистанция=100% посадка=0%
2026-04-29T20:31:20.151436 - Прогресс: взлёт=100% полёт=85% дистанция=100% посадка=0%
2026-04-29T20:31:22.161493 - Прогресс: взлёт=100% полёт=85% дистанция=100% посадка=0%
2026-04-29T20:31:24.158743 - Прогресс: взлёт=100% полёт=85% дистанция=100% посадка=0%
2026-04-29T20:31:26.159067 - Прогресс: взлёт=100% полёт=85% дистанция=100% посадка=0%
2026-04-29T20:31:28.162567 - Прогресс: взлёт=100% полёт=85% дистанция=100% посадка=0%
2026-04-29T20:31:30.409498 - Прогресс: взлёт=100% полёт=85% дистанция=100% посадка=0%
2026-04-29T20:31:32.411173 - Прогресс: взлёт=100% полёт=85% дистанция=100% посадка=0%
2026-04-29T20:31:34.405456 - Прогресс: взлёт=100% полёт=85% дистанция=100% посадка=0%
2026-04-29T20:31:36.405848 - Прогресс: взлёт=100% полёт=85% дистанция=100% посадка=0%
2026-04-29T20:31:38.408142 - Прогресс: взлёт=100% полёт=85% дистанция=100% посадка=0%
2026-04-29T20:31:40.407893 - Прогресс: взлёт=100% полёт=85% дистанция=100% посадка=0%
2026-04-29T20:31:42.410006 - Прогресс: взлёт=100% полёт=85% дистанция=100% посадка=0%
2026-04-29T20:31:44.410358 - Прогресс: взлёт=100% полёт=85% дистанция=100% посадка=0%
2026-04-29T20:31:46.416374 - Прогресс: взлёт=100% полёт=85% дистанция=100% посадка=0%
2026-04-29T20:31:48.424395 - Прогресс: взлёт=100% полёт=85% дистанция=100% посадка=0%
2026-04-29T20:31:51.340370 - Прогресс: взлёт=100% полёт=85% дистанция=100% посадка=0%
2026-04-29T20:31:53.336649 - Прогресс: взлёт=100% полёт=85% дистанция=100% посадка=0%
2026-04-29T20:31:55.346966 - Прогресс: взлёт=100% полёт=85% дистанция=100% посадка=0%
2026-04-29T20:31:57.348087 - Прогресс: взлёт=100% полёт=85% дистанция=100% посадка=0%
2026-04-29T20:31:59.344261 - Прогресс: взлёт=100% полёт=85% дистанция=100% посадка=0%
2026-04-29T20:32:01.347183 - Прогресс: взлёт=100% полёт=85% дистанция=100% посадка=0%
2026-04-29T20:32:03.357657 - Прогресс: взлёт=100% полёт=85% дистанция=100% посадка=0%
2026-04-29T20:32:05.361024 - Прогресс: взлёт=100% полёт=85% дистанция=100% посадка=0%
2026-04-29T20:32:07.359001 - Прогресс: взлёт=100% полёт=85% дистанция=100% посадка=0%
2026-04-29T20:32:09.598205 - Прогресс: взлёт=100% полёт=85% дистанция=100% посадка=0%
2026-04-29T20:32:11.606422 - Прогресс: взлёт=100% полёт=85% дистанция=100% посадка=0%
2026-04-29T20:32:13.603036 - Прогресс: взлёт=100% полёт=85% дистанция=100% посадка=0%
2026-04-29T20:32:15.607095 - Прогресс: взлёт=100% полёт=85% дистанция=100% посадка=0%
2026-04-29T20:32:17.607506 - Прогресс: взлёт=100% полёт=85% дистанция=100% посадка=0%
2026-04-29T20:32:19.615076 - Прогресс: взлёт=100% полёт=85% дистанция=100% посадка=0%
2026-04-29T20:32:21.852348 - Прогресс: взлёт=100% полёт=85% дистанция=100% посадка=0%
2026-04-29T20:32:23.849833 - Прогресс: взлёт=100% полёт=85% дистанция=100% посадка=0%
2026-04-29T20:32:25.848751 - Прогресс: взлёт=100% полёт=85% дистанция=100% посадка=0%
2026-04-29T20:32:27.860591 - Прогресс: взлёт=100% полёт=85% дистанция=100% посадка=0%
2026-04-29T20:32:29.858364 - Прогресс: взлёт=100% полёт=85% дистанция=100% посадка=0%
2026-04-29T20:32:31.858750 - Прогресс: взлёт=100% полёт=85% дистанция=100% посадка=0%
2026-04-29T20:32:33.870595 - Прогресс: взлёт=100% полёт=85% дистанция=100% посадка=0%
2026-04-29T20:32:35.866651 - Прогресс: взлёт=100% полёт=85% дистанция=100% посадка=0%
2026-04-29T20:32:37.868520 - Прогресс: взлёт=100% полёт=85% дистанция=100% посадка=0%
2026-04-29T20:32:39.943667 - Прогресс: взлёт=100% полёт=85% дистанция=100% посадка=0%
2026-04-29T20:32:41.943189 - Прогресс: взлёт=100% полёт=85% дистанция=100% посадка=0%
2026-04-29T20:32:43.941930 - Прогресс: взлёт=100% полёт=85% дистанция=100% посадка=0%
2026-04-29T20:32:45.939534 - Прогресс: взлёт=100% полёт=85% дистанция=100% посадка=0%
2026-04-29T20:32:47.946031 - Прогресс: взлёт=100% полёт=85% дистанция=100% посадка=0%
2026-04-29T20:32:50.199728 - Прогресс: взлёт=100% полёт=85% дистанция=100% посадка=0%
2026-04-29T20:32:52.194215 - Прогресс: взлёт=100% полёт=85% дистанция=100% посадка=0%
