2026-05-08T00:49:23.140882 - Запущен evaluator для задания 5898179e-442b-4397-b564-3c9cebc82554, тип 1
2026-05-08T00:49:23.141392 - Запуск SITL: /home/vladik/ardupilot/Tools/autotest/sim_vehicle.py -v ArduCopter -I 0 --map --console --out 127.0.0.1:14560
2026-05-08T00:49:23.143397 - SITL запущен, ожидание инициализации...
2026-05-08T00:49:38.143837 - Подключение к MAVLink UDP 127.0.0.1:14560...
2026-05-08T00:49:38.972647 - Heartbeat получен, соединение с SITL установлено.
2026-05-08T00:49:38.972722 - Открытие TCP-сервера для Mission Planner на порту 14601...
2026-05-08T00:49:38.972858 - Ожидание подключения Mission Planner на порту 14601
2026-05-08T00:49:39.480677 - Предполётная подготовка (критерий 1) выполнена
2026-05-08T00:49:39.497555 - Прогресс: {1: 100, 2: 0, 3: 0, 4: 0}
2026-05-08T00:49:41.489190 - Прогресс: {1: 100, 2: 0, 3: 0, 4: 0}
2026-05-08T00:49:43.499397 - Прогресс: {1: 100, 2: 0, 3: 0, 4: 0}
2026-05-08T00:49:45.493599 - Прогресс: {1: 100, 2: 0, 3: 0, 4: 0}
2026-05-08T00:49:47.490677 - Прогресс: {1: 100, 2: 0, 3: 0, 4: 0}
2026-05-08T00:49:49.504539 - Прогресс: {1: 100, 2: 0, 3: 0, 4: 0}
2026-05-08T00:49:51.745566 - Прогресс: {1: 100, 2: 0, 3: 0, 4: 0}
2026-05-08T00:49:53.740482 - Прогресс: {1: 100, 2: 0, 3: 0, 4: 0}
2026-05-08T00:49:55.738088 - Прогресс: {1: 100, 2: 0, 3: 0, 4: 0}
2026-05-08T00:49:57.756979 - Прогресс: {1: 100, 2: 0, 3: 0, 4: 0}
2026-05-08T00:49:59.767436 - Прогресс: {1: 100, 2: 0, 3: 0, 4: 0}
2026-05-08T00:50:01.994668 - Прогресс: {1: 100, 2: 0, 3: 0, 4: 0}
2026-05-08T00:50:03.996759 - Прогресс: {1: 100, 2: 0, 3: 0, 4: 0}
2026-05-08T00:50:06.005395 - Прогресс: {1: 100, 2: 0, 3: 0, 4: 0}
2026-05-08T00:50:08.002246 - Прогресс: {1: 100, 2: 0, 3: 0, 4: 0}
2026-05-08T00:50:10.116679 - Прогресс: {1: 100, 2: 0, 3: 0, 4: 0}
2026-05-08T00:50:12.258329 - Прогресс: {1: 100, 2: 0, 3: 0, 4: 0}
2026-05-08T00:50:14.496249 - Прогресс: {1: 100, 2: 0, 3: 0, 4: 0}
2026-05-08T00:50:16.500787 - Прогресс: {1: 100, 2: 0, 3: 0, 4: 0}
2026-05-08T00:50:18.520284 - Прогресс: {1: 100, 2: 0, 3: 0, 4: 0}
2026-05-08T00:50:20.517430 - Прогресс: {1: 100, 2: 0, 3: 0, 4: 0}
2026-05-08T00:50:22.764383 - Прогресс: {1: 100, 2: 0, 3: 0, 4: 0}
2026-05-08T00:50:24.792321 - Прогресс: {1: 100, 2: 0, 3: 0, 4: 0}
2026-05-08T00:50:26.986675 - Прогресс: {1: 100, 2: 0, 3: 0, 4: 0}
2026-05-08T00:50:29.004508 - Прогресс: {1: 100, 2: 0, 3: 0, 4: 0}
2026-05-08T00:50:31.004942 - Прогресс: {1: 100, 2: 0, 3: 0, 4: 0}
2026-05-08T00:50:33.001250 - Прогресс: {1: 100, 2: 0, 3: 0, 4: 0}
2026-05-08T00:50:33.239406 - Взлёт на 31.9 м (критерий 2 выполнен)
2026-05-08T00:50:35.008922 - Прогресс: {1: 100, 2: 100, 3: 0, 4: 0}
2026-05-08T00:50:37.007390 - Прогресс: {1: 100, 2: 100, 3: 0, 4: 0}
2026-05-08T00:50:39.258697 - Прогресс: {1: 100, 2: 100, 3: 0, 4: 0}
2026-05-08T00:50:41.255528 - Прогресс: {1: 100, 2: 100, 3: 0, 4: 0}
2026-05-08T00:50:43.249326 - Прогресс: {1: 100, 2: 100, 3: 0, 4: 0}
2026-05-08T00:50:45.256754 - Прогресс: {1: 100, 2: 100, 3: 0, 4: 0}
2026-05-08T00:50:47.265196 - Прогресс: {1: 100, 2: 100, 3: 0, 4: 0}
2026-05-08T00:50:49.504381 - Прогресс: {1: 100, 2: 100, 3: 1, 4: 0}
2026-05-08T00:50:51.515950 - Прогресс: {1: 100, 2: 100, 3: 4, 4: 0}
2026-05-08T00:50:53.516571 - Прогресс: {1: 100, 2: 100, 3: 9, 4: 0}
2026-05-08T00:50:55.529334 - Прогресс: {1: 100, 2: 100, 3: 11, 4: 0}
2026-05-08T00:50:57.526845 - Прогресс: {1: 100, 2: 100, 3: 15, 4: 0}
2026-05-08T00:50:59.765800 - Прогресс: {1: 100, 2: 100, 3: 19, 4: 0}
2026-05-08T00:51:01.775290 - Прогресс: {1: 100, 2: 100, 3: 22, 4: 0}
2026-05-08T00:51:03.762169 - Прогресс: {1: 100, 2: 100, 3: 29, 4: 0}
2026-05-08T00:51:03.992991 - Пройдено 152 м, прогресс 30%
2026-05-08T00:51:05.766742 - Прогресс: {1: 100, 2: 100, 3: 33, 4: 0}
2026-05-08T00:51:07.764445 - Прогресс: {1: 100, 2: 100, 3: 36, 4: 0}
2026-05-08T00:51:09.763323 - Прогресс: {1: 100, 2: 100, 3: 41, 4: 0}
2026-05-08T00:51:11.991867 - Прогресс: {1: 100, 2: 100, 3: 44, 4: 0}
2026-05-08T00:51:13.996328 - Прогресс: {1: 100, 2: 100, 3: 49, 4: 0}
2026-05-08T00:51:14.246491 - Пройдено 254 м, прогресс 50%
2026-05-08T00:51:15.991795 - Прогресс: {1: 100, 2: 100, 3: 53, 4: 0}
2026-05-08T00:51:18.017834 - Прогресс: {1: 100, 2: 100, 3: 55, 4: 0}
2026-05-08T00:51:19.505639 - Пройдено 302 м, прогресс 60%
2026-05-08T00:51:20.019372 - Прогресс: {1: 100, 2: 100, 3: 60, 4: 0}
2026-05-08T00:51:22.022072 - Прогресс: {1: 100, 2: 100, 3: 61, 4: 0}
2026-05-08T00:51:24.021135 - Прогресс: {1: 100, 2: 100, 3: 61, 4: 0}
2026-05-08T00:51:26.007938 - Прогресс: {1: 100, 2: 100, 3: 63, 4: 0}
2026-05-08T00:51:28.011566 - Прогресс: {1: 100, 2: 100, 3: 65, 4: 0}
2026-05-08T00:51:29.998651 - Пройдено 352 м, прогресс 70%
2026-05-08T00:51:30.017297 - Прогресс: {1: 100, 2: 100, 3: 70, 4: 0}
2026-05-08T00:51:32.017766 - Прогресс: {1: 100, 2: 100, 3: 74, 4: 0}
2026-05-08T00:51:34.022699 - Прогресс: {1: 100, 2: 100, 3: 77, 4: 0}
2026-05-08T00:51:35.000985 - Пройдено 401 м, прогресс 80%
2026-05-08T00:51:36.015054 - Прогресс: {1: 100, 2: 100, 3: 81, 4: 0}
2026-05-08T00:51:38.019907 - Прогресс: {1: 100, 2: 100, 3: 85, 4: 0}
2026-05-08T00:51:40.006078 - Пройдено 451 м, прогресс 90%
2026-05-08T00:51:40.020791 - Прогресс: {1: 100, 2: 100, 3: 90, 4: 0}
2026-05-08T00:51:42.018111 - Прогресс: {1: 100, 2: 100, 3: 94, 4: 0}
2026-05-08T00:51:44.032740 - Прогресс: {1: 100, 2: 100, 3: 97, 4: 0}
2026-05-08T00:51:45.004115 - Пройдено 501 м, прогресс 100%
2026-05-08T00:51:46.256843 - Прогресс: {1: 100, 2: 100, 3: 100, 4: 0}
2026-05-08T00:51:48.267791 - Прогресс: {1: 100, 2: 100, 3: 100, 4: 0}
2026-05-08T00:51:50.261594 - Прогресс: {1: 100, 2: 100, 3: 100, 4: 0}
2026-05-08T00:51:52.266457 - Прогресс: {1: 100, 2: 100, 3: 100, 4: 0}
2026-05-08T00:51:54.275830 - Прогресс: {1: 100, 2: 100, 3: 100, 4: 0}
2026-05-08T00:51:56.512072 - Прогресс: {1: 100, 2: 100, 3: 100, 4: 0}
2026-05-08T00:51:58.521148 - Прогресс: {1: 100, 2: 100, 3: 100, 4: 0}
2026-05-08T00:52:00.527984 - Прогресс: {1: 100, 2: 100, 3: 100, 4: 0}
2026-05-08T00:52:02.524868 - Прогресс: {1: 100, 2: 100, 3: 100, 4: 0}
2026-05-08T00:52:04.760631 - Прогресс: {1: 100, 2: 100, 3: 100, 4: 0}
2026-05-08T00:52:06.772901 - Прогресс: {1: 100, 2: 100, 3: 100, 4: 0}
2026-05-08T00:52:09.000620 - Прогресс: {1: 100, 2: 100, 3: 100, 4: 0}
2026-05-08T00:52:11.018709 - Прогресс: {1: 100, 2: 100, 3: 100, 4: 0}
2026-05-08T00:52:13.022871 - Прогресс: {1: 100, 2: 100, 3: 100, 4: 0}
2026-05-08T00:52:15.034167 - Прогресс: {1: 100, 2: 100, 3: 100, 4: 0}
2026-05-08T00:52:17.271502 - Прогресс: {1: 100, 2: 100, 3: 100, 4: 0}
2026-05-08T00:52:19.278846 - Прогресс: {1: 100, 2: 100, 3: 100, 4: 0}
2026-05-08T00:52:21.532082 - Прогресс: {1: 100, 2: 100, 3: 100, 4: 0}
2026-05-08T00:52:23.528922 - Прогресс: {1: 100, 2: 100, 3: 100, 4: 0}
2026-05-08T00:52:25.519731 - Прогресс: {1: 100, 2: 100, 3: 100, 4: 0}
2026-05-08T00:52:27.534327 - Прогресс: {1: 100, 2: 100, 3: 100, 4: 0}
2026-05-08T00:52:29.530525 - Прогресс: {1: 100, 2: 100, 3: 100, 4: 0}
2026-05-08T00:52:31.766301 - Прогресс: {1: 100, 2: 100, 3: 100, 4: 0}
2026-05-08T00:52:33.763700 - Прогресс: {1: 100, 2: 100, 3: 100, 4: 0}
2026-05-08T00:52:35.777738 - Прогресс: {1: 100, 2: 100, 3: 100, 4: 0}
2026-05-08T00:52:37.769289 - Прогресс: {1: 100, 2: 100, 3: 100, 4: 0}
2026-05-08T00:52:39.768698 - Прогресс: {1: 100, 2: 100, 3: 100, 4: 0}
2026-05-08T00:52:40.518017 - Посадка слишком далеко от старта (14949630.9 м), критерий 4 не засчитан
2026-05-08T00:52:40.540015 - Задание завершено. Успех: False
2026-05-08T00:52:40.544018 - Evaluator завершён
