2026-04-29T20:46:39.452170 - Запущен evaluator для задания 60c1d8a6-c447-466e-8195-911ea09089ca, тип 2
2026-04-29T20:46:39.452518 - SITL запущен, ожидание инициализации...
2026-04-29T20:46:54.452974 - Подключение к MAVProxy на UDP 14550...
2026-04-29T20:46:55.293322 - Heartbeat получен, соединение установлено.
2026-04-29T20:46:55.293422 - Открытие TCP-сервера на порту 14606...
2026-04-29T20:46:55.293657 - Ожидание подключения Mission Planner на порту 14606
2026-04-29T20:46:55.925967 - Прогресс: взлёт=0% полёт=0% дистанция=0% посадка=0%
2026-04-29T20:46:58.642938 - Прогресс: взлёт=0% полёт=0% дистанция=0% посадка=0%
2026-04-29T20:46:58.682165 - Сбор данных (телеметрия) зафиксирован (критерий 3 выполнен)
2026-04-29T20:47:01.412614 - Прогресс: взлёт=0% полёт=0% дистанция=100% посадка=0%
2026-04-29T20:47:03.412222 - Прогресс: взлёт=0% полёт=0% дистанция=100% посадка=0%
2026-04-29T20:47:05.411455 - Прогресс: взлёт=0% полёт=0% дистанция=100% посадка=0%
2026-04-29T20:47:07.409833 - Прогресс: взлёт=0% полёт=0% дистанция=100% посадка=0%
2026-04-29T20:47:09.410089 - Прогресс: взлёт=0% полёт=0% дистанция=100% посадка=0%
2026-04-29T20:47:11.419807 - Прогресс: взлёт=0% полёт=0% дистанция=100% посадка=0%
2026-04-29T20:47:13.416141 - Прогресс: взлёт=0% полёт=0% дистанция=100% посадка=0%
2026-04-29T20:47:15.425819 - Прогресс: взлёт=0% полёт=0% дистанция=100% посадка=0%
2026-04-29T20:47:17.422655 - Прогресс: взлёт=0% полёт=0% дистанция=100% посадка=0%
2026-04-29T20:47:19.430179 - Прогресс: взлёт=0% полёт=0% дистанция=100% посадка=0%
2026-04-29T20:47:21.429077 - Прогресс: взлёт=0% полёт=0% дистанция=100% посадка=0%
2026-04-29T20:47:23.436758 - Прогресс: взлёт=0% полёт=0% дистанция=100% посадка=0%
2026-04-29T20:47:25.435915 - Прогресс: взлёт=0% полёт=0% дистанция=100% посадка=0%
2026-04-29T20:47:26.359818 - Миссия загружена, количество точек: 6 (критерий 1 выполнен)
2026-04-29T20:47:27.435617 - Прогресс: взлёт=100% полёт=0% дистанция=100% посадка=0%
2026-04-29T20:47:29.432480 - Прогресс: взлёт=100% полёт=0% дистанция=100% посадка=0%
2026-04-29T20:47:31.440965 - Прогресс: взлёт=100% полёт=0% дистанция=100% посадка=0%
2026-04-29T20:47:33.436754 - Прогресс: взлёт=100% полёт=0% дистанция=100% посадка=0%
2026-04-29T20:47:35.536254 - Прогресс: взлёт=100% полёт=0% дистанция=100% посадка=0%
2026-04-29T20:47:36.939193 - Режим AUTO активирован
2026-04-29T20:47:37.534861 - Прогресс: взлёт=100% полёт=0% дистанция=100% посадка=0%
2026-04-29T20:47:39.558521 - Прогресс: взлёт=100% полёт=0% дистанция=100% посадка=0%
2026-04-29T20:47:41.572125 - Прогресс: взлёт=100% полёт=0% дистанция=100% посадка=0%
2026-04-29T20:47:43.804523 - Прогресс: взлёт=100% полёт=16% дистанция=100% посадка=0%
2026-04-29T20:47:45.794014 - Прогресс: взлёт=100% полёт=16% дистанция=100% посадка=0%
2026-04-29T20:47:47.794572 - Прогресс: взлёт=100% полёт=16% дистанция=100% посадка=0%
2026-04-29T20:47:49.803702 - Прогресс: взлёт=100% полёт=16% дистанция=100% посадка=0%
2026-04-29T20:47:51.808398 - Прогресс: взлёт=100% полёт=16% дистанция=100% посадка=0%
2026-04-29T20:47:53.812207 - Прогресс: взлёт=100% полёт=16% дистанция=100% посадка=0%
2026-04-29T20:47:55.808066 - Прогресс: взлёт=100% полёт=16% дистанция=100% посадка=0%
2026-04-29T20:47:57.816046 - Прогресс: взлёт=100% полёт=16% дистанция=100% посадка=0%
2026-04-29T20:48:00.052083 - Прогресс: взлёт=100% полёт=16% дистанция=100% посадка=0%
2026-04-29T20:48:02.051312 - Прогресс: взлёт=100% полёт=16% дистанция=100% посадка=0%
2026-04-29T20:48:04.056670 - Прогресс: взлёт=100% полёт=16% дистанция=100% посадка=0%
2026-04-29T20:48:06.056237 - Прогресс: взлёт=100% полёт=16% дистанция=100% посадка=0%
2026-04-29T20:48:08.183358 - Прогресс: взлёт=100% полёт=16% дистанция=100% посадка=0%
2026-04-29T20:48:10.195940 - Прогресс: взлёт=100% полёт=33% дистанция=100% посадка=0%
2026-04-29T20:48:12.191912 - Прогресс: взлёт=100% полёт=33% дистанция=100% посадка=0%
2026-04-29T20:48:14.422090 - Прогресс: взлёт=100% полёт=33% дистанция=100% посадка=0%
2026-04-29T20:48:16.421606 - Прогресс: взлёт=100% полёт=33% дистанция=100% посадка=0%
2026-04-29T20:48:18.432626 - Прогресс: взлёт=100% полёт=33% дистанция=100% посадка=0%
2026-04-29T20:48:20.467495 - Прогресс: взлёт=100% полёт=33% дистанция=100% посадка=0%
2026-04-29T20:48:22.469693 - Прогресс: взлёт=100% полёт=33% дистанция=100% посадка=0%
2026-04-29T20:48:24.478197 - Прогресс: взлёт=100% полёт=50% дистанция=100% посадка=0%
2026-04-29T20:48:26.467940 - Прогресс: взлёт=100% полёт=50% дистанция=100% посадка=0%
2026-04-29T20:48:28.681681 - Прогресс: взлёт=100% полёт=50% дистанция=100% посадка=0%
2026-04-29T20:48:30.678701 - Прогресс: взлёт=100% полёт=50% дистанция=100% посадка=0%
2026-04-29T20:48:32.675059 - Прогресс: взлёт=100% полёт=50% дистанция=100% посадка=0%
2026-04-29T20:48:34.692123 - Прогресс: взлёт=100% полёт=66% дистанция=100% посадка=0%
2026-04-29T20:48:36.696008 - Прогресс: взлёт=100% полёт=66% дистанция=100% посадка=0%
2026-04-29T20:48:38.688498 - Прогресс: взлёт=100% полёт=66% дистанция=100% посадка=0%
2026-04-29T20:48:40.868398 - Прогресс: взлёт=100% полёт=66% дистанция=100% посадка=0%
2026-04-29T20:48:42.961139 - Прогресс: взлёт=100% полёт=66% дистанция=100% посадка=0%
2026-04-29T20:48:44.956467 - Прогресс: взлёт=100% полёт=66% дистанция=100% посадка=0%
2026-04-29T20:48:46.967332 - Прогресс: взлёт=100% полёт=66% дистанция=100% посадка=0%
2026-04-29T20:48:48.974628 - Прогресс: взлёт=100% полёт=83% дистанция=100% посадка=0%
2026-04-29T20:48:50.965536 - Прогресс: взлёт=100% полёт=83% дистанция=100% посадка=0%
2026-04-29T20:48:52.968891 - Прогресс: взлёт=100% полёт=83% дистанция=100% посадка=0%
2026-04-29T20:48:55.138654 - Прогресс: взлёт=100% полёт=83% дистанция=100% посадка=0%
2026-04-29T20:48:57.181010 - Прогресс: взлёт=100% полёт=83% дистанция=100% посадка=0%
2026-04-29T20:48:59.219651 - Прогресс: взлёт=100% полёт=83% дистанция=100% посадка=0%
2026-04-29T20:49:01.217012 - Прогресс: взлёт=100% полёт=83% дистанция=100% посадка=0%
2026-04-29T20:49:03.468591 - Прогресс: взлёт=100% полёт=83% дистанция=100% посадка=0%
2026-04-29T20:49:05.464489 - Прогресс: взлёт=100% полёт=83% дистанция=100% посадка=0%
2026-04-29T20:49:07.465549 - Прогресс: взлёт=100% полёт=83% дистанция=100% посадка=0%
2026-04-29T20:49:09.465138 - Прогресс: взлёт=100% полёт=83% дистанция=100% посадка=0%
2026-04-29T20:49:11.723364 - Прогресс: взлёт=100% полёт=83% дистанция=100% посадка=0%
2026-04-29T20:49:14.090097 - Прогресс: взлёт=100% полёт=83% дистанция=100% посадка=0%
2026-04-29T20:49:16.090859 - Прогресс: взлёт=100% полёт=83% дистанция=100% посадка=0%
2026-04-29T20:49:18.089340 - Прогресс: взлёт=100% полёт=83% дистанция=100% посадка=0%
2026-04-29T20:49:20.094418 - Прогресс: взлёт=100% полёт=83% дистанция=100% посадка=0%
2026-04-29T20:49:22.093694 - Прогресс: взлёт=100% полёт=83% дистанция=100% посадка=0%
2026-04-29T20:49:24.085407 - Прогресс: взлёт=100% полёт=83% дистанция=100% посадка=0%
2026-04-29T20:49:26.086191 - Прогресс: взлёт=100% полёт=83% дистанция=100% посадка=0%
2026-04-29T20:49:28.098785 - Прогресс: взлёт=100% полёт=83% дистанция=100% посадка=0%
2026-04-29T20:49:30.103719 - Прогресс: взлёт=100% полёт=83% дистанция=100% посадка=0%
2026-04-29T20:49:32.103304 - Прогресс: взлёт=100% полёт=83% дистанция=100% посадка=0%
2026-04-29T20:49:34.345016 - Прогресс: взлёт=100% полёт=83% дистанция=100% посадка=0%
2026-04-29T20:49:36.336321 - Прогресс: взлёт=100% полёт=83% дистанция=100% посадка=0%
2026-04-29T20:49:38.392396 - Прогресс: взлёт=100% полёт=83% дистанция=100% посадка=0%
2026-04-29T20:49:40.754908 - Прогресс: взлёт=100% полёт=83% дистанция=100% посадка=0%
2026-04-29T20:49:42.841474 - Прогресс: взлёт=100% полёт=83% дистанция=100% посадка=0%
2026-04-29T20:49:44.847961 - Прогресс: взлёт=100% полёт=83% дистанция=100% посадка=0%
2026-04-29T20:49:47.246725 - Прогресс: взлёт=100% полёт=83% дистанция=100% посадка=0%
2026-04-29T20:49:49.254911 - Прогресс: взлёт=100% полёт=83% дистанция=100% посадка=0%
2026-04-29T20:49:51.255605 - Прогресс: взлёт=100% полёт=83% дистанция=100% посадка=0%
2026-04-29T20:49:53.265919 - Прогресс: взлёт=100% полёт=83% дистанция=100% посадка=0%
2026-04-29T20:49:55.269352 - Прогресс: взлёт=100% полёт=83% дистанция=100% посадка=0%
2026-04-29T20:49:57.271649 - Прогресс: взлёт=100% полёт=83% дистанция=100% посадка=0%
2026-04-29T20:49:59.273152 - Прогресс: взлёт=100% полёт=83% дистанция=100% посадка=0%
2026-04-29T20:50:01.486610 - Прогресс: взлёт=100% полёт=83% дистанция=100% посадка=0%
2026-04-29T20:50:03.495109 - Прогресс: взлёт=100% полёт=83% дистанция=100% посадка=0%
2026-04-29T20:50:05.491127 - Прогресс: взлёт=100% полёт=83% дистанция=100% посадка=0%
2026-04-29T20:50:07.492372 - Прогресс: взлёт=100% полёт=83% дистанция=100% посадка=0%
2026-04-29T20:50:09.491722 - Прогресс: взлёт=100% полёт=83% дистанция=100% посадка=0%
2026-04-29T20:50:11.502045 - Прогресс: взлёт=100% полёт=83% дистанция=100% посадка=0%
2026-04-29T20:50:13.648146 - Прогресс: взлёт=100% полёт=83% дистанция=100% посадка=0%
2026-04-29T20:50:15.733844 - Прогресс: взлёт=100% полёт=83% дистанция=100% посадка=0%
2026-04-29T20:50:17.737834 - Прогресс: взлёт=100% полёт=83% дистанция=100% посадка=0%
2026-04-29T20:50:20.419033 - Прогресс: взлёт=100% полёт=83% дистанция=100% посадка=0%
2026-04-29T20:50:22.414562 - Прогресс: взлёт=100% полёт=83% дистанция=100% посадка=0%
2026-04-29T20:50:24.649851 - Прогресс: взлёт=100% полёт=83% дистанция=100% посадка=0%
2026-04-29T20:50:26.654270 - Прогресс: взлёт=100% полёт=83% дистанция=100% посадка=0%
2026-04-29T20:50:28.659523 - Прогресс: взлёт=100% полёт=83% дистанция=100% посадка=0%
2026-04-29T20:50:30.653614 - Прогресс: взлёт=100% полёт=83% дистанция=100% посадка=0%
2026-04-29T20:50:32.673749 - Прогресс: взлёт=100% полёт=83% дистанция=100% посадка=0%
2026-04-29T20:50:34.899161 - Прогресс: взлёт=100% полёт=83% дистанция=100% посадка=0%
2026-04-29T20:50:36.908803 - Прогресс: взлёт=100% полёт=83% дистанция=100% посадка=0%
2026-04-29T20:50:38.910518 - Прогресс: взлёт=100% полёт=83% дистанция=100% посадка=0%
2026-04-29T20:50:40.917651 - Прогресс: взлёт=100% полёт=83% дистанция=100% посадка=0%
2026-04-29T20:50:42.917292 - Прогресс: взлёт=100% полёт=83% дистанция=100% посадка=0%
2026-04-29T20:50:44.926331 - Прогресс: взлёт=100% полёт=83% дистанция=100% посадка=0%
2026-04-29T20:50:46.928051 - Прогресс: взлёт=100% полёт=83% дистанция=100% посадка=0%
2026-04-29T20:50:49.167181 - Прогресс: взлёт=100% полёт=83% дистанция=100% посадка=0%
2026-04-29T20:50:51.203252 - Прогресс: взлёт=100% полёт=83% дистанция=100% посадка=0%
2026-04-29T20:50:53.593098 - Прогресс: взлёт=100% полёт=83% дистанция=100% посадка=0%
2026-04-29T20:50:55.591490 - Прогресс: взлёт=100% полёт=83% дистанция=100% посадка=0%
2026-04-29T20:50:57.597431 - Прогресс: взлёт=100% полёт=83% дистанция=100% посадка=0%
2026-04-29T20:50:59.813700 - Прогресс: взлёт=100% полёт=83% дистанция=100% посадка=0%
2026-04-29T20:51:01.803635 - Прогресс: взлёт=100% полёт=83% дистанция=100% посадка=0%
2026-04-29T20:51:03.808890 - Прогресс: взлёт=100% полёт=83% дистанция=100% посадка=0%
2026-04-29T20:51:05.811668 - Прогресс: взлёт=100% полёт=83% дистанция=100% посадка=0%
2026-04-29T20:51:07.816737 - Прогресс: взлёт=100% полёт=83% дистанция=100% посадка=0%
2026-04-29T20:51:09.814341 - Прогресс: взлёт=100% полёт=83% дистанция=100% посадка=0%
2026-04-29T20:51:11.825483 - Прогресс: взлёт=100% полёт=83% дистанция=100% посадка=0%
2026-04-29T20:51:13.824141 - Прогресс: взлёт=100% полёт=83% дистанция=100% посадка=0%
2026-04-29T20:51:15.826851 - Прогресс: взлёт=100% полёт=83% дистанция=100% посадка=0%
2026-04-29T20:51:18.049292 - Прогресс: взлёт=100% полёт=83% дистанция=100% посадка=0%
2026-04-29T20:51:20.063275 - Прогресс: взлёт=100% полёт=83% дистанция=100% посадка=0%
2026-04-29T20:51:22.056015 - Прогресс: взлёт=100% полёт=83% дистанция=100% посадка=0%
2026-04-29T20:51:24.059489 - Прогресс: взлёт=100% полёт=83% дистанция=100% посадка=0%
2026-04-29T20:51:26.703037 - Прогресс: взлёт=100% полёт=83% дистанция=100% посадка=0%
2026-04-29T20:51:28.706110 - Прогресс: взлёт=100% полёт=83% дистанция=100% посадка=0%
2026-04-29T20:51:30.953752 - Прогресс: взлёт=100% полёт=83% дистанция=100% посадка=0%
2026-04-29T20:51:32.951852 - Прогресс: взлёт=100% полёт=83% дистанция=100% посадка=0%
2026-04-29T20:51:35.001038 - Прогресс: взлёт=100% полёт=83% дистанция=100% посадка=0%
2026-04-29T20:51:37.202805 - Прогресс: взлёт=100% полёт=83% дистанция=100% посадка=0%
2026-04-29T20:51:39.198688 - Прогресс: взлёт=100% полёт=83% дистанция=100% посадка=0%
2026-04-29T20:51:41.489837 - Прогресс: взлёт=100% полёт=83% дистанция=100% посадка=0%
2026-04-29T20:51:43.953443 - Прогресс: взлёт=100% полёт=83% дистанция=100% посадка=0%
2026-04-29T20:51:45.962897 - Прогресс: взлёт=100% полёт=83% дистанция=100% посадка=0%
2026-04-29T20:51:47.966846 - Прогресс: взлёт=100% полёт=83% дистанция=100% посадка=0%
2026-04-29T20:51:49.976548 - Прогресс: взлёт=100% полёт=83% дистанция=100% посадка=0%
2026-04-29T20:51:51.984549 - Прогресс: взлёт=100% полёт=83% дистанция=100% посадка=0%
2026-04-29T20:51:54.213163 - Прогресс: взлёт=100% полёт=83% дистанция=100% посадка=0%
2026-04-29T20:51:56.209649 - Прогресс: взлёт=100% полёт=83% дистанция=100% посадка=0%
2026-04-29T20:51:58.211448 - Прогресс: взлёт=100% полёт=83% дистанция=100% посадка=0%
2026-04-29T20:52:00.362220 - Прогресс: взлёт=100% полёт=83% дистанция=100% посадка=0%
2026-04-29T20:52:02.366362 - Прогресс: взлёт=100% полёт=83% дистанция=100% посадка=0%
2026-04-29T20:52:04.365085 - Прогресс: взлёт=100% полёт=83% дистанция=100% посадка=0%
2026-04-29T20:52:06.362421 - Прогресс: взлёт=100% полёт=83% дистанция=100% посадка=0%
2026-04-29T20:52:08.385303 - Прогресс: взлёт=100% полёт=83% дистанция=100% посадка=0%
2026-04-29T20:52:10.385731 - Прогресс: взлёт=100% полёт=83% дистанция=100% посадка=0%
2026-04-29T20:52:12.388965 - Прогресс: взлёт=100% полёт=83% дистанция=100% посадка=0%
