2026-04-13T22:57:10.985981 - Запущен evaluator для задания 6e4c81e6-800b-463b-8b56-d6c55e4bc1ed, тип 1, таймаут=300с
2026-04-13T22:57:10.987043 - SITL запущен, ожидание инициализации 15 секунд...
2026-04-13T22:57:25.987660 - Подключение к MAVProxy через udp:127.0.0.1:14550...
2026-04-13T22:57:25.988562 - Ожидание heartbeat...
2026-04-13T22:57:26.557383 - Heartbeat получен, соединение установлено.
2026-04-13T22:57:26.557780 - Открытие TCP-сервера на порту 14601...
2026-04-13T22:57:26.558425 - Ожидание подключения GCS на порту 14601
2026-04-13T22:58:09.423666 - Дрон в воздухе, начинаем отсчёт дистанции.
2026-04-13T22:58:22.425745 - Достигнута требуемая высота 33.7 м (цель 30.0 м).
2026-04-13T22:58:27.425432 - Дистанция +0.2 м, всего 0.4 м
2026-04-13T22:58:27.924249 - Дистанция +1.0 м, всего 1.4 м
2026-04-13T22:58:28.181747 - Дистанция +0.7 м, всего 2.1 м
2026-04-13T22:58:28.675133 - Дистанция +1.9 м, всего 4.0 м
2026-04-13T22:58:29.675801 - Дистанция +5.5 м, всего 9.5 м
2026-04-13T22:58:29.927070 - Дистанция +1.7 м, всего 11.3 м
2026-04-13T22:58:30.430842 - Дистанция +3.9 м, всего 15.2 м
2026-04-13T22:58:31.679315 - Дистанция +11.2 м, всего 26.3 м
2026-04-13T22:58:32.677725 - Дистанция +9.7 м, всего 36.0 м
2026-04-13T22:58:34.426780 - Дистанция +17.5 м, всего 53.5 м
2026-04-13T22:58:35.184537 - Дистанция +2.5 м, всего 56.0 м
2026-04-13T22:58:35.436541 - Дистанция +2.5 м, всего 58.5 м
2026-04-13T22:58:35.685050 - Дистанция +2.5 м, всего 61.1 м
2026-04-13T22:58:35.934468 - Дистанция +2.5 м, всего 63.6 м
2026-04-13T22:58:36.191748 - Дистанция +2.5 м, всего 66.1 м
2026-04-13T22:58:36.437316 - Дистанция +2.5 м, всего 68.6 м
2026-04-13T22:58:37.790297 - Дистанция +13.7 м, всего 82.3 м
2026-04-13T22:58:42.296544 - Дистанция +45.0 м, всего 127.3 м
2026-04-13T22:58:43.793151 - Дистанция +15.0 м, всего 142.4 м
2026-04-13T22:58:45.435976 - Дистанция +16.4 м, всего 158.8 м
2026-04-13T22:58:45.689365 - Дистанция +2.5 м, всего 161.3 м
2026-04-13T22:58:45.935764 - Дистанция +2.5 м, всего 163.8 м
2026-04-13T22:58:46.434563 - Дистанция +5.0 м, всего 168.8 м
2026-04-13T22:58:46.690723 - Дистанция +2.5 м, всего 171.2 м
2026-04-13T22:58:46.935473 - Дистанция +2.5 м, всего 173.7 м
2026-04-13T22:58:47.194014 - Дистанция +2.5 м, всего 176.2 м
2026-04-13T22:58:47.692755 - Дистанция +5.0 м, всего 181.2 м
2026-04-13T22:58:47.937613 - Дистанция +2.5 м, всего 183.7 м
2026-04-13T22:58:48.186730 - Дистанция +2.5 м, всего 186.2 м
2026-04-13T22:58:50.190220 - Дистанция +20.0 м, всего 206.2 м
2026-04-13T22:58:50.435270 - Дистанция +2.5 м, всего 208.7 м
2026-04-13T22:58:52.188385 - Дистанция +17.5 м, всего 226.2 м
2026-04-13T22:58:53.440547 - Дистанция +12.5 м, всего 238.7 м
2026-04-13T22:58:53.690210 - Дистанция +2.5 м, всего 241.2 м
2026-04-13T22:58:54.945705 - Дистанция +12.5 м, всего 253.7 м
2026-04-13T22:58:55.189839 - Дистанция +2.5 м, всего 256.2 м
2026-04-13T22:58:56.694612 - Дистанция +14.9 м, всего 271.1 м
2026-04-13T22:58:57.946628 - Дистанция +12.5 м, всего 283.6 м
2026-04-13T22:58:59.444347 - Дистанция +15.0 м, всего 298.7 м
2026-04-13T22:59:00.436711 - Дистанция +10.0 м, всего 308.6 м
2026-04-13T22:59:00.939433 - Дистанция +5.0 м, всего 313.6 м
2026-04-13T22:59:01.192224 - Дистанция +2.5 м, всего 316.1 м
2026-04-13T22:59:01.691636 - Дистанция +5.0 м, всего 321.1 м
2026-04-13T22:59:02.189040 - Дистанция +5.0 м, всего 326.0 м
2026-04-13T22:59:02.698104 - Дистанция +5.0 м, всего 331.0 м
2026-04-13T22:59:02.946763 - Дистанция +2.5 м, всего 333.6 м
2026-04-13T22:59:03.188879 - Дистанция +2.5 м, всего 336.1 м
2026-04-13T22:59:03.940526 - Дистанция +7.0 м, всего 343.0 м
2026-04-13T22:59:05.696798 - Дистанция +10.3 м, всего 353.3 м
2026-04-13T22:59:06.443398 - Дистанция +0.9 м, всего 354.2 м
2026-04-13T22:59:08.442505 - Дистанция +1.4 м, всего 355.6 м
2026-04-13T22:59:09.437354 - Дистанция +1.6 м, всего 357.2 м
2026-04-13T22:59:09.692237 - Дистанция +0.5 м, всего 357.7 м
2026-04-13T22:59:09.937605 - Дистанция +0.6 м, всего 358.3 м
2026-04-13T22:59:10.690756 - Дистанция +2.5 м, всего 360.8 м
2026-04-13T22:59:11.692571 - Дистанция +5.0 м, всего 365.8 м
2026-04-13T22:59:12.690145 - Дистанция +6.8 м, всего 372.6 м
2026-04-13T22:59:13.186335 - Дистанция +4.0 м, всего 376.6 м
2026-04-13T22:59:13.691204 - Дистанция +4.3 м, всего 380.9 м
2026-04-13T22:59:15.294349 - Дистанция +14.7 м, всего 395.5 м
2026-04-13T22:59:22.792945 - Дистанция +73.3 м, всего 468.8 м
2026-04-13T22:59:23.293899 - Дистанция +5.0 м, всего 473.8 м
2026-04-13T22:59:23.796063 - Дистанция +5.0 м, всего 478.7 м
2026-04-13T22:59:25.296675 - Дистанция +15.0 м, всего 493.8 м
2026-04-13T22:59:26.298183 - Дистанция +10.0 м, всего 503.8 м
2026-04-13T22:59:27.296723 - Дистанция +10.0 м, всего 513.7 м
2026-04-13T22:59:27.792215 - Дистанция +5.0 м, всего 518.7 м
2026-04-13T22:59:28.293976 - Дистанция +5.0 м, всего 523.7 м
2026-04-13T22:59:29.297254 - Дистанция +10.0 м, всего 533.7 м
2026-04-13T22:59:30.687640 - Дистанция +13.9 м, всего 547.6 м
2026-04-13T22:59:31.946232 - Дистанция +12.5 м, всего 560.1 м
2026-04-13T22:59:32.191985 - Дистанция +2.5 м, всего 562.6 м
2026-04-13T22:59:32.695412 - Дистанция +5.0 м, всего 567.6 м
2026-04-13T22:59:33.198808 - Дистанция +5.0 м, всего 572.6 м
2026-04-13T22:59:33.690903 - Дистанция +5.0 м, всего 577.6 м
2026-04-13T22:59:33.947529 - Дистанция +2.5 м, всего 580.1 м
2026-04-13T22:59:34.200670 - Дистанция +2.5 м, всего 582.5 м
2026-04-13T22:59:34.440416 - Дистанция +2.5 м, всего 585.0 м
2026-04-13T22:59:34.692641 - Дистанция +2.5 м, всего 587.6 м
2026-04-13T22:59:35.444693 - Дистанция +7.5 м, всего 595.1 м
2026-04-13T22:59:36.445189 - Дистанция +10.0 м, всего 605.1 м
2026-04-13T22:59:36.690726 - Дистанция +2.5 м, всего 607.6 м
2026-04-13T22:59:37.444089 - Дистанция +7.5 м, всего 615.1 м
2026-04-13T22:59:37.696074 - Дистанция +2.5 м, всего 617.5 м
2026-04-13T22:59:38.195514 - Дистанция +5.0 м, всего 622.5 м
2026-04-13T22:59:38.447756 - Дистанция +2.5 м, всего 625.0 м
2026-04-13T22:59:38.944605 - Дистанция +5.0 м, всего 630.0 м
2026-04-13T22:59:39.197875 - Дистанция +2.5 м, всего 632.5 м
2026-04-13T22:59:39.691790 - Дистанция +5.0 м, всего 637.5 м
2026-04-13T22:59:41.453201 - Дистанция +12.5 м, всего 650.0 м
2026-04-13T22:59:42.198300 - Дистанция +7.5 м, всего 657.5 м
2026-04-13T22:59:43.448670 - Дистанция +12.5 м, всего 670.0 м
2026-04-13T22:59:43.702972 - Дистанция +2.5 м, всего 672.5 м
2026-04-13T22:59:44.203812 - Дистанция +5.0 м, всего 677.4 м
2026-04-13T22:59:44.704428 - Дистанция +4.9 м, всего 682.4 м
2026-04-13T22:59:44.945727 - Дистанция +2.4 м, всего 684.8 м
2026-04-13T22:59:45.200656 - Дистанция +2.4 м, всего 687.2 м
2026-04-13T22:59:45.950201 - Дистанция +6.8 м, всего 694.0 м
2026-04-13T22:59:46.202669 - Дистанция +2.1 м, всего 696.0 м
2026-04-13T22:59:46.447228 - Дистанция +1.9 м, всего 697.9 м
2026-04-13T22:59:46.704089 - Дистанция +1.8 м, всего 699.7 м
2026-04-13T22:59:47.450227 - Дистанция +4.4 м, всего 704.2 м
2026-04-13T22:59:47.700481 - Дистанция +1.2 м, всего 705.3 м
2026-04-13T22:59:48.705176 - Дистанция +3.0 м, всего 708.3 м
2026-04-13T22:59:49.446663 - Дистанция +0.8 м, всего 709.1 м
2026-04-13T22:59:50.706740 - Дистанция +0.1 м, всего 709.2 м
2026-04-13T22:59:51.697349 - Дистанция +0.3 м, всего 709.5 м
2026-04-13T22:59:54.305471 - Дистанция +0.1 м, всего 709.8 м
2026-04-13T23:00:31.816521 - Посадка на высоте 0.8 м.
2026-04-13T23:00:31.830316 - Задание завершено. Успех: True, Дистанция: 709.9/500.0 м, Время: 184.4 с
2026-04-13T23:00:31.831821 - Evaluator остановлен.
