2026-04-13T22:52:44.803399 - Запущен evaluator для задания 76505a04-56cb-4347-b02b-faf797169b92, тип 1, таймаут=300с
2026-04-13T22:52:44.807570 - SITL запущен, ожидание инициализации 15 секунд...
2026-04-13T22:52:59.808048 - Подключение к MAVProxy через udp:127.0.0.1:14550...
2026-04-13T22:52:59.808880 - Ожидание heartbeat...
2026-04-13T22:53:00.481263 - Heartbeat получен, соединение установлено.
2026-04-13T22:53:00.481421 - Открытие TCP-сервера на порту 14601...
2026-04-13T22:53:00.482014 - Ожидание подключения GCS на порту 14601
2026-04-13T22:53:39.410462 - Дрон в воздухе, начинаем отсчёт дистанции.
2026-04-13T22:53:48.909294 - Дистанция +0.1 м, всего 0.2 м
2026-04-13T22:53:49.167538 - Дистанция +0.3 м, всего 0.5 м
2026-04-13T22:53:49.658178 - Дистанция +1.1 м, всего 1.6 м
2026-04-13T22:53:50.165059 - Дистанция +1.7 м, всего 3.3 м
2026-04-13T22:53:50.913105 - Дистанция +3.7 м, всего 6.9 м
2026-04-13T22:53:51.659617 - Дистанция +5.0 м, всего 11.9 м
2026-04-13T22:53:52.412291 - Дистанция +6.1 м, всего 18.0 м
2026-04-13T22:53:52.659934 - Дистанция +2.2 м, всего 20.3 м
2026-04-13T22:53:52.916472 - Дистанция +2.3 м, всего 22.5 м
2026-04-13T22:53:53.411160 - Дистанция +4.7 м, всего 27.3 м
2026-04-13T22:53:54.164185 - Дистанция +7.4 м, всего 34.6 м
2026-04-13T22:53:54.410385 - Дистанция +2.5 м, всего 37.1 м
2026-04-13T22:53:54.660616 - Дистанция +2.5 м, всего 39.6 м
2026-04-13T22:53:55.169815 - Дистанция +5.1 м, всего 44.7 м
2026-04-13T22:53:56.160521 - Дистанция +10.2 м, всего 55.0 м
2026-04-13T22:53:56.910033 - Дистанция +7.6 м, всего 62.6 м
2026-04-13T22:53:57.160179 - Дистанция +2.5 м, всего 65.2 м
2026-04-13T22:53:57.412742 - Дистанция +2.5 м, всего 67.7 м
2026-04-13T22:53:57.659452 - Дистанция +2.5 м, всего 70.2 м
2026-04-13T22:53:58.413544 - Дистанция +7.5 м, всего 77.7 м
2026-04-13T22:53:58.659446 - Дистанция +2.5 м, всего 80.2 м
2026-04-13T22:53:59.423107 - Дистанция +7.5 м, всего 87.8 м
2026-04-13T22:54:00.418393 - Дистанция +10.1 м, всего 97.8 м
2026-04-13T22:54:01.164763 - Дистанция +7.5 м, всего 105.3 м
2026-04-13T22:54:01.412892 - Дистанция +2.5 м, всего 107.8 м
2026-04-13T22:54:01.664734 - Дистанция +2.5 м, всего 110.3 м
2026-04-13T22:54:01.911591 - Дистанция +2.5 м, всего 112.8 м
2026-04-13T22:54:02.167213 - Дистанция +2.5 м, всего 115.3 м
2026-04-13T22:54:02.411571 - Дистанция +2.5 м, всего 117.8 м
2026-04-13T22:54:02.659694 - Дистанция +2.5 м, всего 120.3 м
2026-04-13T22:54:03.412210 - Дистанция +7.5 м, всего 127.8 м
2026-04-13T22:54:04.164365 - Дистанция +7.5 м, всего 135.3 м
2026-04-13T22:54:04.414212 - Дистанция +2.5 м, всего 137.8 м
2026-04-13T22:54:06.916080 - Дистанция +25.0 м, всего 162.8 м
2026-04-13T22:54:07.413611 - Дистанция +5.0 м, всего 167.8 м
2026-04-13T22:54:08.919155 - Дистанция +15.0 м, всего 182.7 м
2026-04-13T22:54:09.414465 - Дистанция +5.0 м, всего 187.7 м
2026-04-13T22:54:09.663583 - Дистанция +2.5 м, всего 190.3 м
2026-04-13T22:54:09.920050 - Дистанция +2.5 м, всего 192.7 м
2026-04-13T22:54:10.166961 - Дистанция +2.5 м, всего 195.3 м
2026-04-13T22:54:11.160134 - Дистанция +10.0 м, всего 205.2 м
2026-04-13T22:54:12.660342 - Дистанция +14.9 м, всего 220.2 м
2026-04-13T22:54:13.162508 - Дистанция +5.0 м, всего 225.2 м
2026-04-13T22:54:15.163534 - Дистанция +20.0 м, всего 245.2 м
2026-04-13T22:54:15.661368 - Дистанция +5.0 м, всего 250.2 м
2026-04-13T22:54:17.664117 - Дистанция +20.0 м, всего 270.2 м
2026-04-13T22:54:19.416613 - Дистанция +17.5 м, всего 287.6 м
2026-04-13T22:54:19.921087 - Дистанция +5.0 м, всего 292.6 м
2026-04-13T22:54:21.664892 - Дистанция +17.5 м, всего 310.1 м
2026-04-13T22:54:22.168400 - Дистанция +5.0 м, всего 315.1 м
2026-04-13T22:54:22.912605 - Дистанция +7.5 м, всего 322.6 м
2026-04-13T22:54:24.423920 - Дистанция +15.0 м, всего 337.6 м
2026-04-13T22:54:25.417102 - Дистанция +10.0 м, всего 347.6 м
2026-04-13T22:54:25.669335 - Дистанция +2.5 м, всего 350.1 м
2026-04-13T22:54:26.670733 - Дистанция +10.0 м, всего 360.1 м
2026-04-13T22:54:26.917014 - Дистанция +2.5 м, всего 362.6 м
2026-04-13T22:54:27.167564 - Дистанция +2.5 м, всего 365.1 м
2026-04-13T22:54:29.663483 - Дистанция +24.7 м, всего 389.7 м
2026-04-13T22:54:30.671767 - Дистанция +8.3 м, всего 398.0 м
2026-04-13T22:54:31.409131 - Дистанция +1.7 м, всего 399.7 м
2026-04-13T22:54:31.914890 - Дистанция +2.9 м, всего 402.6 м
2026-04-13T22:54:33.164131 - Дистанция +3.4 м, всего 406.0 м
2026-04-13T22:54:33.660351 - Дистанция +0.1 м, всего 406.1 м
2026-04-13T22:54:34.163035 - Дистанция +0.6 м, всего 406.7 м
2026-04-13T22:54:34.919394 - Дистанция +1.2 м, всего 407.9 м
2026-04-13T22:54:35.412868 - Дистанция +1.0 м, всего 408.9 м
2026-04-13T22:54:36.414426 - Дистанция +2.9 м, всего 411.7 м
2026-04-13T22:54:36.666282 - Дистанция +1.0 м, всего 412.7 м
2026-04-13T22:54:37.166102 - Дистанция +2.3 м, всего 415.0 м
2026-04-13T22:54:37.666016 - Дистанция +2.8 м, всего 417.8 м
2026-04-13T22:54:37.918268 - Дистанция +1.6 м, всего 419.4 м
2026-04-13T22:54:38.162982 - Дистанция +1.7 м, всего 421.1 м
2026-04-13T22:54:38.660119 - Дистанция +3.7 м, всего 424.8 м
2026-04-13T22:54:39.660939 - Дистанция +8.4 м, всего 433.2 м
2026-04-13T22:54:40.414305 - Дистанция +6.8 м, всего 439.9 м
2026-04-13T22:54:41.409861 - Дистанция +9.3 м, всего 449.2 м
2026-04-13T22:54:41.918854 - Дистанция +4.7 м, всего 454.0 м
2026-04-13T22:54:42.659452 - Дистанция +7.2 м, всего 461.1 м
2026-04-13T22:54:42.919520 - Дистанция +2.4 м, всего 463.6 м
2026-04-13T22:54:46.163372 - Дистанция +31.8 м, всего 495.4 м
2026-04-13T22:54:46.666201 - Дистанция +4.9 м, всего 500.3 м
2026-04-13T22:54:46.915179 - Дистанция +2.5 м, всего 502.8 м
2026-04-13T22:54:47.417917 - Дистанция +5.0 м, всего 507.8 м
2026-04-13T22:54:47.665801 - Дистанция +2.5 м, всего 510.2 м
2026-04-13T22:54:48.420719 - Дистанция +7.5 м, всего 517.7 м
2026-04-13T22:54:49.923408 - Дистанция +14.9 м, всего 532.6 м
2026-04-13T22:54:50.664522 - Дистанция +7.5 м, всего 540.1 м
2026-04-13T22:54:50.921471 - Дистанция +2.5 м, всего 542.6 м
2026-04-13T22:54:51.165476 - Дистанция +2.5 м, всего 545.1 м
2026-04-13T22:54:51.665783 - Дистанция +5.0 м, всего 550.1 м
2026-04-13T22:54:52.165395 - Дистанция +5.0 м, всего 555.1 м
2026-04-13T22:54:52.664969 - Дистанция +5.0 м, всего 560.1 м
2026-04-13T22:54:52.913361 - Дистанция +2.5 м, всего 562.6 м
2026-04-13T22:54:53.169572 - Дистанция +2.5 м, всего 565.1 м
2026-04-13T22:54:54.167782 - Дистанция +10.0 м, всего 575.1 м
2026-04-13T22:54:55.911854 - Дистанция +17.4 м, всего 592.5 м
2026-04-13T22:54:57.162651 - Дистанция +12.3 м, всего 604.8 м
2026-04-13T22:54:57.422785 - Дистанция +2.2 м, всего 607.0 м
2026-04-13T22:54:57.667705 - Дистанция +2.1 м, всего 609.1 м
2026-04-13T22:54:57.919458 - Дистанция +1.9 м, всего 611.1 м
2026-04-13T22:54:58.172728 - Дистанция +1.8 м, всего 612.8 м
2026-04-13T22:54:59.412896 - Дистанция +6.4 м, всего 619.2 м
2026-04-13T22:54:59.670602 - Дистанция +0.8 м, всего 620.0 м
2026-04-13T22:55:00.168692 - Дистанция +1.0 м, всего 621.0 м
2026-04-13T22:55:00.920763 - Дистанция +0.4 м, всего 621.4 м
2026-04-13T22:55:01.924369 - Дистанция +0.1 м, всего 621.6 м
2026-04-13T22:55:03.669897 - Дистанция +0.4 м, всего 622.0 м
2026-04-13T22:55:57.598368 - Посадка на высоте -3.0 м.
2026-04-13T22:55:57.619860 - Задание завершено. Успех: False, Дистанция: 622.5/500.0 м, Время: 176.1 с
2026-04-13T22:55:57.623294 - Evaluator остановлен.
