2026-04-29T19:49:19.085875 - Запущен evaluator для задания a1ba72d5-ded0-4e41-b3df-db7a368464a7, тип 1
2026-04-29T19:49:19.086203 - SITL запущен, ожидание инициализации...
2026-04-29T19:49:34.869454 - Подключение к MAVProxy на UDP 14550...
2026-04-29T19:49:35.480960 - Heartbeat получен, соединение установлено.
2026-04-29T19:49:35.481148 - Открытие TCP-сервера на порту 14601...
2026-04-29T19:49:35.481683 - Ожидание подключения Mission Planner на порту 14601
2026-04-29T19:49:36.033396 - Предполётная подготовка (критерий 1) выполнена
2026-04-29T19:49:36.051269 - Прогресс: взлёт=100% полёт=0% дистанция=0% посадка=0%
2026-04-29T19:49:38.121794 - Прогресс: взлёт=100% полёт=0% дистанция=0% посадка=0%
2026-04-29T19:49:40.296749 - Прогресс: взлёт=100% полёт=0% дистанция=0% посадка=0%
2026-04-29T19:49:42.294902 - Прогресс: взлёт=100% полёт=0% дистанция=0% посадка=0%
2026-04-29T19:49:44.283880 - Прогресс: взлёт=100% полёт=0% дистанция=0% посадка=0%
2026-04-29T19:49:46.297499 - Прогресс: взлёт=100% полёт=0% дистанция=0% посадка=0%
2026-04-29T19:49:48.297866 - Прогресс: взлёт=100% полёт=0% дистанция=0% посадка=0%
2026-04-29T19:49:50.297008 - Прогресс: взлёт=100% полёт=0% дистанция=0% посадка=0%
2026-04-29T19:49:52.302588 - Прогресс: взлёт=100% полёт=0% дистанция=0% посадка=0%
2026-04-29T19:49:54.308920 - Прогресс: взлёт=100% полёт=0% дистанция=0% посадка=0%
2026-04-29T19:49:56.304957 - Прогресс: взлёт=100% полёт=0% дистанция=0% посадка=0%
2026-04-29T19:49:58.309083 - Прогресс: взлёт=100% полёт=0% дистанция=0% посадка=0%
2026-04-29T19:50:00.308957 - Прогресс: взлёт=100% полёт=0% дистанция=0% посадка=0%
2026-04-29T19:50:02.312874 - Прогресс: взлёт=100% полёт=0% дистанция=0% посадка=0%
2026-04-29T19:50:04.340609 - Прогресс: взлёт=100% полёт=0% дистанция=0% посадка=0%
2026-04-29T19:50:06.341593 - Прогресс: взлёт=100% полёт=0% дистанция=0% посадка=0%
2026-04-29T19:50:08.346402 - Прогресс: взлёт=100% полёт=0% дистанция=0% посадка=0%
2026-04-29T19:50:10.348950 - Прогресс: взлёт=100% полёт=0% дистанция=0% посадка=0%
2026-04-29T19:50:12.421942 - Прогресс: взлёт=100% полёт=0% дистанция=0% посадка=0%
2026-04-29T19:50:14.420886 - Прогресс: взлёт=100% полёт=0% дистанция=0% посадка=0%
2026-04-29T19:50:16.439311 - Прогресс: взлёт=100% полёт=0% дистанция=0% посадка=0%
2026-04-29T19:50:18.434500 - Прогресс: взлёт=100% полёт=0% дистанция=0% посадка=0%
2026-04-29T19:50:20.435464 - Прогресс: взлёт=100% полёт=0% дистанция=0% посадка=0%
2026-04-29T19:50:22.442446 - Прогресс: взлёт=100% полёт=0% дистанция=0% посадка=0%
2026-04-29T19:50:24.598491 - Прогресс: взлёт=100% полёт=0% дистанция=0% посадка=0%
2026-04-29T19:50:25.835451 - Взлёт на 32.4 м (критерий 2 выполнен)
2026-04-29T19:50:26.601871 - Прогресс: взлёт=100% полёт=100% дистанция=0% посадка=0%
2026-04-29T19:50:28.847628 - Прогресс: взлёт=100% полёт=100% дистанция=0% посадка=0%
2026-04-29T19:50:30.848280 - Прогресс: взлёт=100% полёт=100% дистанция=0% посадка=0%
2026-04-29T19:50:32.845877 - Прогресс: взлёт=100% полёт=100% дистанция=0% посадка=0%
2026-04-29T19:50:34.852433 - Прогресс: взлёт=100% полёт=100% дистанция=2% посадка=0%
2026-04-29T19:50:37.116838 - Прогресс: взлёт=100% полёт=100% дистанция=5% посадка=0%
2026-04-29T19:50:39.131675 - Прогресс: взлёт=100% полёт=100% дистанция=8% посадка=0%
2026-04-29T19:50:41.126799 - Прогресс: взлёт=100% полёт=100% дистанция=13% посадка=0%
2026-04-29T19:50:43.128472 - Прогресс: взлёт=100% полёт=100% дистанция=17% посадка=0%
2026-04-29T19:50:44.615921 - Пройдено 105 м, прогресс 20%
2026-04-29T19:50:45.383094 - Прогресс: взлёт=100% полёт=100% дистанция=20% посадка=0%
2026-04-29T19:50:47.391110 - Прогресс: взлёт=100% полёт=100% дистанция=25% посадка=0%
2026-04-29T19:50:49.370813 - Пройдено 152 м, прогресс 30%
2026-04-29T19:50:49.394649 - Прогресс: взлёт=100% полёт=100% дистанция=30% посадка=0%
2026-04-29T19:50:51.624992 - Прогресс: взлёт=100% полёт=100% дистанция=33% посадка=0%
2026-04-29T19:50:53.639770 - Прогресс: взлёт=100% полёт=100% дистанция=38% посадка=0%
2026-04-29T19:50:55.642613 - Прогресс: взлёт=100% полёт=100% дистанция=41% посадка=0%
2026-04-29T19:50:57.886504 - Прогресс: взлёт=100% полёт=100% дистанция=46% посадка=0%
2026-04-29T19:50:59.366527 - Пройдено 252 м, прогресс 50%
2026-04-29T19:50:59.888593 - Прогресс: взлёт=100% полёт=100% дистанция=50% посадка=0%
2026-04-29T19:51:01.891322 - Прогресс: взлёт=100% полёт=100% дистанция=55% посадка=0%
2026-04-29T19:51:03.901056 - Прогресс: взлёт=100% полёт=100% дистанция=58% посадка=0%
2026-04-29T19:51:04.618610 - Пройдено 304 м, прогресс 60%
2026-04-29T19:51:06.135627 - Прогресс: взлёт=100% полёт=100% дистанция=63% посадка=0%
2026-04-29T19:51:08.141434 - Прогресс: взлёт=100% полёт=100% дистанция=66% посадка=0%
2026-04-29T19:51:10.178092 - Прогресс: взлёт=100% полёт=100% дистанция=68% посадка=0%
2026-04-29T19:51:10.407659 - Пройдено 354 м, прогресс 70%
2026-04-29T19:51:12.180595 - Прогресс: взлёт=100% полёт=100% дистанция=73% посадка=0%
2026-04-29T19:51:14.184583 - Прогресс: взлёт=100% полёт=100% дистанция=75% посадка=0%
2026-04-29T19:51:16.186660 - Прогресс: взлёт=100% полёт=100% дистанция=78% посадка=0%
2026-04-29T19:51:18.425409 - Прогресс: взлёт=100% полёт=100% дистанция=79% посадка=0%
2026-04-29T19:51:19.418286 - Пройдено 401 м, прогресс 80%
2026-04-29T19:51:20.421947 - Прогресс: взлёт=100% полёт=100% дистанция=80% посадка=0%
2026-04-29T19:51:22.426784 - Прогресс: взлёт=100% полёт=100% дистанция=83% посадка=0%
2026-04-29T19:51:24.432347 - Прогресс: взлёт=100% полёт=100% дистанция=87% посадка=0%
2026-04-29T19:51:26.668096 - Прогресс: взлёт=100% полёт=100% дистанция=89% посадка=0%
2026-04-29T19:51:28.911224 - Прогресс: взлёт=100% полёт=100% дистанция=94% посадка=0%
2026-04-29T19:51:30.920591 - Прогресс: взлёт=100% полёт=100% дистанция=99% посадка=0%
2026-04-29T19:51:30.990639 - Пройдено 504 м, прогресс 100%
2026-04-29T19:51:32.923118 - Прогресс: взлёт=100% полёт=100% дистанция=100% посадка=0%
2026-04-29T19:51:34.919499 - Прогресс: взлёт=100% полёт=100% дистанция=100% посадка=0%
2026-04-29T19:51:36.923192 - Прогресс: взлёт=100% полёт=100% дистанция=100% посадка=0%
2026-04-29T19:51:38.926938 - Прогресс: взлёт=100% полёт=100% дистанция=100% посадка=0%
2026-04-29T19:51:40.933916 - Прогресс: взлёт=100% полёт=100% дистанция=100% посадка=0%
2026-04-29T19:51:43.211769 - Прогресс: взлёт=100% полёт=100% дистанция=100% посадка=0%
2026-04-29T19:51:45.208288 - Прогресс: взлёт=100% полёт=100% дистанция=100% посадка=0%
2026-04-29T19:51:47.212693 - Прогресс: взлёт=100% полёт=100% дистанция=100% посадка=0%
2026-04-29T19:51:49.212231 - Прогресс: взлёт=100% полёт=100% дистанция=100% посадка=0%
2026-04-29T19:51:51.212471 - Прогресс: взлёт=100% полёт=100% дистанция=100% посадка=0%
2026-04-29T19:51:53.215515 - Прогресс: взлёт=100% полёт=100% дистанция=100% посадка=0%
2026-04-29T19:51:55.217046 - Прогресс: взлёт=100% полёт=100% дистанция=100% посадка=0%
2026-04-29T19:51:57.219484 - Прогресс: взлёт=100% полёт=100% дистанция=100% посадка=0%
2026-04-29T19:51:59.216545 - Прогресс: взлёт=100% полёт=100% дистанция=100% посадка=0%
2026-04-29T19:52:01.218900 - Прогресс: взлёт=100% полёт=100% дистанция=100% посадка=0%
2026-04-29T19:52:03.220924 - Прогресс: взлёт=100% полёт=100% дистанция=100% посадка=0%
2026-04-29T19:52:05.224542 - Прогресс: взлёт=100% полёт=100% дистанция=100% посадка=0%
2026-04-29T19:52:07.314693 - Прогресс: взлёт=100% полёт=100% дистанция=100% посадка=0%
2026-04-29T19:52:09.468785 - Прогресс: взлёт=100% полёт=100% дистанция=100% посадка=0%
2026-04-29T19:52:11.471603 - Прогресс: взлёт=100% полёт=100% дистанция=100% посадка=0%
2026-04-29T19:52:13.476812 - Прогресс: взлёт=100% полёт=100% дистанция=100% посадка=0%
2026-04-29T19:52:16.259004 - Прогресс: взлёт=100% полёт=100% дистанция=100% посадка=0%
2026-04-29T19:52:18.262432 - Прогресс: взлёт=100% полёт=100% дистанция=100% посадка=0%
2026-04-29T19:52:20.258010 - Прогресс: взлёт=100% полёт=100% дистанция=100% посадка=0%
2026-04-29T19:52:22.265428 - Прогресс: взлёт=100% полёт=100% дистанция=100% посадка=0%
2026-04-29T19:52:24.456907 - Прогресс: взлёт=100% полёт=100% дистанция=100% посадка=0%
2026-04-29T19:52:26.510921 - Прогресс: взлёт=100% полёт=100% дистанция=100% посадка=0%
2026-04-29T19:52:28.517579 - Прогресс: взлёт=100% полёт=100% дистанция=100% посадка=0%
2026-04-29T19:52:30.511810 - Прогресс: взлёт=100% полёт=100% дистанция=100% посадка=0%
2026-04-29T19:52:32.523596 - Прогресс: взлёт=100% полёт=100% дистанция=100% посадка=0%
2026-04-29T19:52:34.521983 - Прогресс: взлёт=100% полёт=100% дистанция=100% посадка=0%
2026-04-29T19:52:36.764753 - Прогресс: взлёт=100% полёт=100% дистанция=100% посадка=0%
2026-04-29T19:52:38.764251 - Прогресс: взлёт=100% полёт=100% дистанция=100% посадка=0%
2026-04-29T19:52:40.768386 - Прогресс: взлёт=100% полёт=100% дистанция=100% посадка=0%
2026-04-29T19:52:42.775768 - Прогресс: взлёт=100% полёт=100% дистанция=100% посадка=0%
2026-04-29T19:52:45.009368 - Прогресс: взлёт=100% полёт=100% дистанция=100% посадка=0%
2026-04-29T19:52:47.094137 - Прогресс: взлёт=100% полёт=100% дистанция=100% посадка=0%
2026-04-29T19:52:49.301538 - Прогресс: взлёт=100% полёт=100% дистанция=100% посадка=0%
2026-04-29T19:52:49.874335 - Посадка в радиусе 0.0 м от старта (критерий 4 выполнен)
2026-04-29T19:52:49.894947 - Задание завершено. Успех: True
2026-04-29T19:52:49.903769 - Evaluator завершён
