2026-05-03T19:14:35.630450 - Запущен evaluator для задания b2a19c8a-dfb6-4a6d-aaba-7cd8b2c44576, тип 2
2026-05-03T19:14:35.634222 - Запуск SITL: /home/vladik/ardupilot/Tools/autotest/sim_vehicle.py -v ArduCopter -I 0 --map --console --out 127.0.0.1:14560
2026-05-03T19:14:35.636447 - SITL запущен, ожидание инициализации...
2026-05-03T19:14:52.377670 - Подключение к MAVLink UDP 127.0.0.1:14560...
2026-05-03T19:14:53.017182 - Heartbeat получен, соединение с SITL установлено.
2026-05-03T19:14:53.017257 - Открытие TCP-сервера для Mission Planner на порту 14601...
2026-05-03T19:14:53.017555 - Ожидание подключения Mission Planner на порту 14601
2026-05-03T19:14:53.645778 - Прогресс: {1: 0, 2: 0, 3: 0, 4: 0}
2026-05-03T19:14:53.887762 - Сбор данных (телеметрия) зафиксирован (критерий 3 выполнен)
2026-05-03T19:14:54.138714 - Стартовая позиция зафиксирована
2026-05-03T19:14:55.643899 - Прогресс: {1: 0, 2: 0, 3: 100, 4: 0}
2026-05-03T19:14:57.721821 - Прогресс: {1: 0, 2: 0, 3: 100, 4: 0}
2026-05-03T19:14:59.779110 - Прогресс: {1: 0, 2: 0, 3: 100, 4: 0}
2026-05-03T19:15:01.909865 - Прогресс: {1: 0, 2: 0, 3: 100, 4: 0}
2026-05-03T19:15:03.900268 - Прогресс: {1: 0, 2: 0, 3: 100, 4: 0}
2026-05-03T19:15:05.907763 - Прогресс: {1: 0, 2: 0, 3: 100, 4: 0}
2026-05-03T19:15:07.912777 - Прогресс: {1: 0, 2: 0, 3: 100, 4: 0}
2026-05-03T19:15:10.024585 - Прогресс: {1: 0, 2: 0, 3: 100, 4: 0}
2026-05-03T19:15:12.150209 - Прогресс: {1: 0, 2: 0, 3: 100, 4: 0}
2026-05-03T19:15:14.393248 - Прогресс: {1: 0, 2: 0, 3: 100, 4: 0}
2026-05-03T19:15:16.404026 - Прогресс: {1: 0, 2: 0, 3: 100, 4: 0}
2026-05-03T19:15:18.414512 - Прогресс: {1: 0, 2: 0, 3: 100, 4: 0}
2026-05-03T19:15:20.602832 - Прогресс: {1: 0, 2: 0, 3: 100, 4: 0}
2026-05-03T19:15:22.599527 - Прогресс: {1: 0, 2: 0, 3: 100, 4: 0}
2026-05-03T19:15:24.599863 - Прогресс: {1: 0, 2: 0, 3: 100, 4: 0}
2026-05-03T19:15:26.605225 - Прогресс: {1: 0, 2: 0, 3: 100, 4: 0}
2026-05-03T19:15:28.610695 - Прогресс: {1: 0, 2: 0, 3: 100, 4: 0}
2026-05-03T19:15:30.609362 - Прогресс: {1: 0, 2: 0, 3: 100, 4: 0}
2026-05-03T19:15:32.607716 - Прогресс: {1: 0, 2: 0, 3: 100, 4: 0}
2026-05-03T19:15:34.842276 - Прогресс: {1: 0, 2: 0, 3: 100, 4: 0}
2026-05-03T19:15:36.852292 - Прогресс: {1: 0, 2: 0, 3: 100, 4: 0}
2026-05-03T19:15:38.858511 - Прогресс: {1: 0, 2: 0, 3: 100, 4: 0}
2026-05-03T19:15:40.860521 - Прогресс: {1: 0, 2: 0, 3: 100, 4: 0}
2026-05-03T19:15:42.975831 - Прогресс: {1: 0, 2: 0, 3: 100, 4: 0}
2026-05-03T19:15:44.974629 - Прогресс: {1: 0, 2: 0, 3: 100, 4: 0}
2026-05-03T19:15:47.097611 - Прогресс: {1: 0, 2: 0, 3: 100, 4: 0}
2026-05-03T19:15:49.096237 - Прогресс: {1: 0, 2: 0, 3: 100, 4: 0}
2026-05-03T19:15:51.104965 - Прогресс: {1: 0, 2: 0, 3: 100, 4: 0}
2026-05-03T19:15:54.751546 - Прогресс: {1: 0, 2: 0, 3: 100, 4: 0}
2026-05-03T19:15:56.754050 - Прогресс: {1: 0, 2: 0, 3: 100, 4: 0}
2026-05-03T19:15:58.745430 - Прогресс: {1: 0, 2: 0, 3: 100, 4: 0}
2026-05-03T19:16:00.756497 - Прогресс: {1: 0, 2: 0, 3: 100, 4: 0}
2026-05-03T19:16:02.750643 - Прогресс: {1: 0, 2: 0, 3: 100, 4: 0}
2026-05-03T19:16:04.752731 - Прогресс: {1: 0, 2: 0, 3: 100, 4: 0}
2026-05-03T19:16:06.758672 - Прогресс: {1: 0, 2: 0, 3: 100, 4: 0}
2026-05-03T19:16:08.879777 - Прогресс: {1: 0, 2: 0, 3: 100, 4: 0}
2026-05-03T19:16:11.001234 - Прогресс: {1: 0, 2: 0, 3: 100, 4: 0}
2026-05-03T19:16:13.241117 - Прогресс: {1: 0, 2: 0, 3: 100, 4: 0}
2026-05-03T19:16:15.259003 - Прогресс: {1: 0, 2: 0, 3: 100, 4: 0}
2026-05-03T19:16:17.250632 - Прогресс: {1: 0, 2: 0, 3: 100, 4: 0}
2026-05-03T19:16:19.260556 - Прогресс: {1: 0, 2: 0, 3: 100, 4: 0}
2026-05-03T19:16:21.266890 - Прогресс: {1: 0, 2: 0, 3: 100, 4: 0}
2026-05-03T19:16:23.512109 - Прогресс: {1: 0, 2: 0, 3: 100, 4: 0}
2026-05-03T19:16:25.758004 - Прогресс: {1: 0, 2: 0, 3: 100, 4: 0}
2026-05-03T19:16:28.995255 - Прогресс: {1: 0, 2: 0, 3: 100, 4: 0}
2026-05-03T19:16:31.231046 - Прогресс: {1: 0, 2: 0, 3: 100, 4: 0}
2026-05-03T19:16:33.233122 - Прогресс: {1: 0, 2: 0, 3: 100, 4: 0}
2026-05-03T19:16:35.222861 - Прогресс: {1: 0, 2: 0, 3: 100, 4: 0}
2026-05-03T19:16:37.235892 - Прогресс: {1: 0, 2: 0, 3: 100, 4: 0}
2026-05-03T19:16:39.225909 - Прогресс: {1: 0, 2: 0, 3: 100, 4: 0}
2026-05-03T19:16:41.250510 - Прогресс: {1: 0, 2: 0, 3: 100, 4: 0}
2026-05-03T19:16:43.484066 - Прогресс: {1: 0, 2: 0, 3: 100, 4: 0}
2026-05-03T19:16:45.489525 - Прогресс: {1: 0, 2: 0, 3: 100, 4: 0}
2026-05-03T19:16:47.723840 - Прогресс: {1: 0, 2: 0, 3: 100, 4: 0}
2026-05-03T19:16:49.739622 - Прогресс: {1: 0, 2: 0, 3: 100, 4: 0}
2026-05-03T19:16:51.741325 - Прогресс: {1: 0, 2: 0, 3: 100, 4: 0}
2026-05-03T19:16:53.974917 - Прогресс: {1: 0, 2: 0, 3: 100, 4: 0}
2026-05-03T19:16:55.982298 - Прогресс: {1: 0, 2: 0, 3: 100, 4: 0}
2026-05-03T19:16:57.984199 - Прогресс: {1: 0, 2: 0, 3: 100, 4: 0}
2026-05-03T19:16:59.990890 - Прогресс: {1: 0, 2: 0, 3: 100, 4: 0}
2026-05-03T19:17:03.753550 - Прогресс: {1: 0, 2: 0, 3: 100, 4: 0}
2026-05-03T19:17:06.013761 - Прогресс: {1: 0, 2: 0, 3: 100, 4: 0}
2026-05-03T19:17:08.259944 - Прогресс: {1: 0, 2: 0, 3: 100, 4: 0}
2026-05-03T19:17:10.251401 - Прогресс: {1: 0, 2: 0, 3: 100, 4: 0}
2026-05-03T19:17:12.264352 - Прогресс: {1: 0, 2: 0, 3: 100, 4: 0}
2026-05-03T19:17:14.263663 - Прогресс: {1: 0, 2: 0, 3: 100, 4: 0}
2026-05-03T19:17:16.272686 - Прогресс: {1: 0, 2: 0, 3: 100, 4: 0}
2026-05-03T19:17:18.272549 - Прогресс: {1: 0, 2: 0, 3: 100, 4: 0}
2026-05-03T19:17:20.276316 - Прогресс: {1: 0, 2: 0, 3: 100, 4: 0}
2026-05-03T19:17:22.511213 - Прогресс: {1: 0, 2: 0, 3: 100, 4: 0}
2026-05-03T19:17:24.511775 - Прогресс: {1: 0, 2: 0, 3: 100, 4: 0}
2026-05-03T19:17:26.507851 - Прогресс: {1: 0, 2: 0, 3: 100, 4: 0}
2026-05-03T19:17:28.763338 - Прогресс: {1: 0, 2: 0, 3: 100, 4: 0}
2026-05-03T19:17:30.770054 - Прогресс: {1: 0, 2: 0, 3: 100, 4: 0}
2026-05-03T19:17:32.768920 - Прогресс: {1: 0, 2: 0, 3: 100, 4: 0}
2026-05-03T19:17:35.005961 - Прогресс: {1: 0, 2: 0, 3: 100, 4: 0}
2026-05-03T19:17:37.842951 - Прогресс: {1: 0, 2: 0, 3: 100, 4: 0}
2026-05-03T19:17:40.113155 - Прогресс: {1: 0, 2: 0, 3: 100, 4: 0}
2026-05-03T19:17:42.348180 - Прогресс: {1: 0, 2: 0, 3: 100, 4: 0}
2026-05-03T19:17:43.653516 - Миссия загружена: элементов 6, реальных waypoint'ов: 5 (критерий 1 выполнен)
2026-05-03T19:17:44.363465 - Прогресс: {1: 100, 2: 0, 3: 100, 4: 0}
2026-05-03T19:17:46.354081 - Прогресс: {1: 100, 2: 0, 3: 100, 4: 0}
2026-05-03T19:17:48.346714 - Прогресс: {1: 100, 2: 0, 3: 100, 4: 0}
2026-05-03T19:17:50.357263 - Прогресс: {1: 100, 2: 0, 3: 100, 4: 0}
2026-05-03T19:17:52.357285 - Прогресс: {1: 100, 2: 0, 3: 100, 4: 0}
2026-05-03T19:17:54.594899 - Прогресс: {1: 100, 2: 0, 3: 100, 4: 0}
2026-05-03T19:17:54.969789 - Режим AUTO активирован
2026-05-03T19:17:56.600394 - Прогресс: {1: 100, 2: 0, 3: 100, 4: 0}
2026-05-03T19:17:58.605984 - Прогресс: {1: 100, 2: 0, 3: 100, 4: 0}
2026-05-03T19:18:00.619309 - Прогресс: {1: 100, 2: 0, 3: 100, 4: 0}
2026-05-03T19:18:01.345180 - Пройдена точка 1, прогресс выполнения маршрута: 20%
2026-05-03T19:18:01.853355 - Пройдена точка 1, прогресс выполнения маршрута: 20%
2026-05-03T19:18:02.595574 - Пройдена точка 1, прогресс выполнения маршрута: 20%
2026-05-03T19:18:02.856525 - Прогресс: {1: 100, 2: 20, 3: 100, 4: 0}
2026-05-03T19:18:02.860283 - Пройдена точка 1, прогресс выполнения маршрута: 20%
2026-05-03T19:18:03.113930 - Пройдена точка 1, прогресс выполнения маршрута: 20%
2026-05-03T19:18:03.346851 - Пройдена точка 1, прогресс выполнения маршрута: 20%
2026-05-03T19:18:04.341635 - Пройдена точка 1, прогресс выполнения маршрута: 20%
2026-05-03T19:18:04.865824 - Прогресс: {1: 100, 2: 20, 3: 100, 4: 0}
2026-05-03T19:18:05.845492 - Пройдена точка 1, прогресс выполнения маршрута: 20%
2026-05-03T19:18:06.355725 - Пройдена точка 1, прогресс выполнения маршрута: 20%
2026-05-03T19:18:06.847819 - Пройдена точка 1, прогресс выполнения маршрута: 20%
2026-05-03T19:18:06.863817 - Прогресс: {1: 100, 2: 20, 3: 100, 4: 0}
2026-05-03T19:18:07.345435 - Пройдена точка 1, прогресс выполнения маршрута: 20%
2026-05-03T19:18:07.841857 - Пройдена точка 1, прогресс выполнения маршрута: 20%
2026-05-03T19:18:08.351783 - Пройдена точка 1, прогресс выполнения маршрута: 20%
2026-05-03T19:18:08.841216 - Пройдена точка 1, прогресс выполнения маршрута: 20%
2026-05-03T19:18:09.101161 - Прогресс: {1: 100, 2: 20, 3: 100, 4: 0}
2026-05-03T19:18:09.351260 - Пройдена точка 1, прогресс выполнения маршрута: 20%
2026-05-03T19:18:09.853816 - Пройдена точка 1, прогресс выполнения маршрута: 20%
2026-05-03T19:18:12.180581 - Прогресс: {1: 100, 2: 20, 3: 100, 4: 0}
2026-05-03T19:18:12.915979 - Пройдена точка 1, прогресс выполнения маршрута: 20%
2026-05-03T19:18:13.414409 - Пройдена точка 1, прогресс выполнения маршрута: 20%
2026-05-03T19:18:14.421409 - Прогресс: {1: 100, 2: 20, 3: 100, 4: 0}
2026-05-03T19:18:14.681688 - Пройдена точка 1, прогресс выполнения маршрута: 20%
2026-05-03T19:18:15.165171 - Пройдена точка 1, прогресс выполнения маршрута: 20%
2026-05-03T19:18:15.430981 - Пройдена точка 1, прогресс выполнения маршрута: 20%
2026-05-03T19:18:15.666431 - Пройдена точка 1, прогресс выполнения маршрута: 20%
2026-05-03T19:18:16.177971 - Пройдена точка 1, прогресс выполнения маршрута: 20%
2026-05-03T19:18:16.425937 - Прогресс: {1: 100, 2: 20, 3: 100, 4: 0}
2026-05-03T19:18:16.917613 - Пройдена точка 1, прогресс выполнения маршрута: 20%
2026-05-03T19:18:17.181877 - Пройдена точка 1, прогресс выполнения маршрута: 20%
2026-05-03T19:18:17.423783 - Пройдена точка 1, прогресс выполнения маршрута: 20%
2026-05-03T19:18:17.920254 - Пройдена точка 1, прогресс выполнения маршрута: 20%
2026-05-03T19:18:18.433960 - Прогресс: {1: 100, 2: 20, 3: 100, 4: 0}
2026-05-03T19:18:18.931546 - Пройдена точка 1, прогресс выполнения маршрута: 20%
2026-05-03T19:18:19.170689 - Пройдена точка 1, прогресс выполнения маршрута: 20%
2026-05-03T19:18:19.431433 - Пройдена точка 1, прогресс выполнения маршрута: 20%
2026-05-03T19:18:20.415698 - Пройдена точка 1, прогресс выполнения маршрута: 20%
2026-05-03T19:18:20.680182 - Прогресс: {1: 100, 2: 20, 3: 100, 4: 0}
2026-05-03T19:18:21.417876 - Пройдена точка 1, прогресс выполнения маршрута: 20%
2026-05-03T19:18:22.167671 - Пройдена точка 1, прогресс выполнения маршрута: 20%
2026-05-03T19:18:22.422119 - Пройдена точка 1, прогресс выполнения маршрута: 20%
2026-05-03T19:18:22.678882 - Прогресс: {1: 100, 2: 20, 3: 100, 4: 0}
2026-05-03T19:18:22.681463 - Пройдена точка 1, прогресс выполнения маршрута: 20%
2026-05-03T19:18:22.937264 - Пройдена точка 1, прогресс выполнения маршрута: 20%
2026-05-03T19:18:23.430951 - Пройдена точка 1, прогресс выполнения маршрута: 20%
2026-05-03T19:18:24.684994 - Прогресс: {1: 100, 2: 20, 3: 100, 4: 0}
2026-05-03T19:18:24.919617 - Пройдена точка 1, прогресс выполнения маршрута: 20%
2026-05-03T19:18:25.178567 - Пройдена точка 1, прогресс выполнения маршрута: 20%
2026-05-03T19:18:25.427029 - Пройдена точка 1, прогресс выполнения маршрута: 20%
2026-05-03T19:18:25.669632 - Пройдена точка 1, прогресс выполнения маршрута: 20%
2026-05-03T19:18:25.922542 - Пройдена точка 1, прогресс выполнения маршрута: 20%
2026-05-03T19:18:26.165962 - Пройдена точка 1, прогресс выполнения маршрута: 20%
2026-05-03T19:18:26.418586 - Пройдена точка 1, прогресс выполнения маршрута: 20%
2026-05-03T19:18:26.675764 - Прогресс: {1: 100, 2: 20, 3: 100, 4: 0}
2026-05-03T19:18:26.928178 - Пройдена точка 1, прогресс выполнения маршрута: 20%
2026-05-03T19:18:27.163987 - Пройдена точка 1, прогресс выполнения маршрута: 20%
2026-05-03T19:18:28.168481 - Пройдена точка 1, прогресс выполнения маршрута: 20%
2026-05-03T19:18:28.420723 - Пройдена точка 1, прогресс выполнения маршрута: 20%
2026-05-03T19:18:28.669649 - Пройдена точка 1, прогресс выполнения маршрута: 20%
2026-05-03T19:18:28.681073 - Прогресс: {1: 100, 2: 20, 3: 100, 4: 0}
2026-05-03T19:18:29.684591 - Пройдена точка 1, прогресс выполнения маршрута: 20%
2026-05-03T19:18:30.688970 - Прогресс: {1: 100, 2: 20, 3: 100, 4: 0}
2026-05-03T19:18:30.691359 - Пройдена точка 2, прогресс выполнения маршрута: 40%
2026-05-03T19:18:30.927394 - Пройдена точка 2, прогресс выполнения маршрута: 40%
2026-05-03T19:18:32.667033 - Пройдена точка 2, прогресс выполнения маршрута: 40%
2026-05-03T19:18:32.680684 - Прогресс: {1: 100, 2: 40, 3: 100, 4: 0}
2026-05-03T19:18:32.940487 - Пройдена точка 2, прогресс выполнения маршрута: 40%
2026-05-03T19:18:33.179929 - Пройдена точка 2, прогресс выполнения маршрута: 40%
2026-05-03T19:18:33.426345 - Пройдена точка 2, прогресс выполнения маршрута: 40%
2026-05-03T19:18:33.667732 - Пройдена точка 2, прогресс выполнения маршрута: 40%
2026-05-03T19:18:33.932097 - Пройдена точка 2, прогресс выполнения маршрута: 40%
2026-05-03T19:18:34.668324 - Пройдена точка 2, прогресс выполнения маршрута: 40%
2026-05-03T19:18:34.682452 - Прогресс: {1: 100, 2: 40, 3: 100, 4: 0}
2026-05-03T19:18:34.941531 - Пройдена точка 2, прогресс выполнения маршрута: 40%
2026-05-03T19:18:35.180082 - Пройдена точка 2, прогресс выполнения маршрута: 40%
2026-05-03T19:18:35.417719 - Пройдена точка 2, прогресс выполнения маршрута: 40%
2026-05-03T19:18:35.683035 - Пройдена точка 2, прогресс выполнения маршрута: 40%
2026-05-03T19:18:35.932822 - Пройдена точка 2, прогресс выполнения маршрута: 40%
2026-05-03T19:18:36.673232 - Пройдена точка 2, прогресс выполнения маршрута: 40%
2026-05-03T19:18:36.685733 - Прогресс: {1: 100, 2: 40, 3: 100, 4: 0}
2026-05-03T19:18:36.939022 - Пройдена точка 2, прогресс выполнения маршрута: 40%
2026-05-03T19:18:37.433848 - Пройдена точка 2, прогресс выполнения маршрута: 40%
2026-05-03T19:18:37.920301 - Пройдена точка 2, прогресс выполнения маршрута: 40%
2026-05-03T19:18:38.171539 - Пройдена точка 2, прогресс выполнения маршрута: 40%
2026-05-03T19:18:38.425765 - Пройдена точка 2, прогресс выполнения маршрута: 40%
2026-05-03T19:18:38.695186 - Прогресс: {1: 100, 2: 40, 3: 100, 4: 0}
2026-05-03T19:18:39.419883 - Пройдена точка 2, прогресс выполнения маршрута: 40%
2026-05-03T19:18:39.670174 - Пройдена точка 2, прогресс выполнения маршрута: 40%
2026-05-03T19:18:39.919614 - Пройдена точка 2, прогресс выполнения маршрута: 40%
2026-05-03T19:18:40.420797 - Пройдена точка 2, прогресс выполнения маршрута: 40%
2026-05-03T19:18:40.669041 - Пройдена точка 2, прогресс выполнения маршрута: 40%
2026-05-03T19:18:40.932401 - Прогресс: {1: 100, 2: 40, 3: 100, 4: 0}
2026-05-03T19:18:41.669902 - Пройдена точка 2, прогресс выполнения маршрута: 40%
2026-05-03T19:18:43.180124 - Прогресс: {1: 100, 2: 40, 3: 100, 4: 0}
2026-05-03T19:18:43.420597 - Пройдена точка 2, прогресс выполнения маршрута: 40%
2026-05-03T19:18:43.927024 - Пройдена точка 3, прогресс выполнения маршрута: 60%
2026-05-03T19:18:46.513379 - Прогресс: {1: 100, 2: 60, 3: 100, 4: 0}
2026-05-03T19:18:46.740168 - Пройдена точка 3, прогресс выполнения маршрута: 60%
2026-05-03T19:18:47.000346 - Пройдена точка 3, прогресс выполнения маршрута: 60%
2026-05-03T19:18:48.502951 - Прогресс: {1: 100, 2: 60, 3: 100, 4: 0}
2026-05-03T19:18:48.507191 - Пройдена точка 3, прогресс выполнения маршрута: 60%
2026-05-03T19:18:48.757000 - Пройдена точка 3, прогресс выполнения маршрута: 60%
2026-05-03T19:18:49.504619 - Пройдена точка 3, прогресс выполнения маршрута: 60%
2026-05-03T19:18:49.745352 - Пройдена точка 3, прогресс выполнения маршрута: 60%
2026-05-03T19:18:50.507219 - Прогресс: {1: 100, 2: 60, 3: 100, 4: 0}
2026-05-03T19:18:50.996411 - Пройдена точка 3, прогресс выполнения маршрута: 60%
2026-05-03T19:18:51.248028 - Пройдена точка 3, прогресс выполнения маршрута: 60%
2026-05-03T19:18:51.499498 - Пройдена точка 3, прогресс выполнения маршрута: 60%
2026-05-03T19:18:51.999368 - Пройдена точка 3, прогресс выполнения маршрута: 60%
2026-05-03T19:18:52.489804 - Пройдена точка 3, прогресс выполнения маршрута: 60%
2026-05-03T19:18:52.495782 - Прогресс: {1: 100, 2: 60, 3: 100, 4: 0}
2026-05-03T19:18:53.000938 - Пройдена точка 3, прогресс выполнения маршрута: 60%
2026-05-03T19:18:53.995980 - Пройдена точка 3, прогресс выполнения маршрута: 60%
2026-05-03T19:18:54.498488 - Прогресс: {1: 100, 2: 60, 3: 100, 4: 0}
2026-05-03T19:18:54.740975 - Пройдена точка 3, прогресс выполнения маршрута: 60%
2026-05-03T19:18:54.992842 - Пройдена точка 3, прогресс выполнения маршрута: 60%
2026-05-03T19:18:55.249584 - Пройдена точка 3, прогресс выполнения маршрута: 60%
2026-05-03T19:18:55.744662 - Пройдена точка 3, прогресс выполнения маршрута: 60%
2026-05-03T19:18:55.990716 - Пройдена точка 3, прогресс выполнения маршрута: 60%
2026-05-03T19:18:56.507177 - Прогресс: {1: 100, 2: 60, 3: 100, 4: 0}
2026-05-03T19:18:57.000441 - Пройдена точка 3, прогресс выполнения маршрута: 60%
2026-05-03T19:18:57.247714 - Пройдена точка 3, прогресс выполнения маршрута: 60%
2026-05-03T19:18:57.492200 - Пройдена точка 3, прогресс выполнения маршрута: 60%
2026-05-03T19:18:57.741916 - Пройдена точка 4, прогресс выполнения маршрута: 80%
2026-05-03T19:18:58.254628 - Пройдена точка 4, прогресс выполнения маршрута: 80%
2026-05-03T19:18:58.755252 - Прогресс: {1: 100, 2: 80, 3: 100, 4: 0}
2026-05-03T19:18:58.756176 - Пройдена точка 4, прогресс выполнения маршрута: 80%
2026-05-03T19:18:59.998349 - Пройдена точка 4, прогресс выполнения маршрута: 80%
2026-05-03T19:19:00.744641 - Прогресс: {1: 100, 2: 80, 3: 100, 4: 0}
2026-05-03T19:19:00.998283 - Пройдена точка 4, прогресс выполнения маршрута: 80%
2026-05-03T19:19:01.744372 - Пройдена точка 4, прогресс выполнения маршрута: 80%
2026-05-03T19:19:02.245782 - Пройдена точка 4, прогресс выполнения маршрута: 80%
2026-05-03T19:19:02.753357 - Прогресс: {1: 100, 2: 80, 3: 100, 4: 0}
2026-05-03T19:19:02.755210 - Пройдена точка 4, прогресс выполнения маршрута: 80%
2026-05-03T19:19:02.989821 - Пройдена точка 4, прогресс выполнения маршрута: 80%
2026-05-03T19:19:03.246507 - Пройдена точка 4, прогресс выполнения маршрута: 80%
2026-05-03T19:19:03.745455 - Пройдена точка 4, прогресс выполнения маршрута: 80%
2026-05-03T19:19:04.501638 - Пройдена точка 4, прогресс выполнения маршрута: 80%
2026-05-03T19:19:04.748359 - Прогресс: {1: 100, 2: 80, 3: 100, 4: 0}
2026-05-03T19:19:05.004809 - Пройдена точка 4, прогресс выполнения маршрута: 80%
2026-05-03T19:19:05.246365 - Пройдена точка 4, прогресс выполнения маршрута: 80%
2026-05-03T19:19:05.501721 - Пройдена точка 4, прогресс выполнения маршрута: 80%
2026-05-03T19:19:06.765449 - Прогресс: {1: 100, 2: 80, 3: 100, 4: 0}
2026-05-03T19:19:07.010926 - Пройдена точка 4, прогресс выполнения маршрута: 80%
2026-05-03T19:19:07.251187 - Пройдена точка 4, прогресс выполнения маршрута: 80%
2026-05-03T19:19:08.497406 - Пройдена точка 4, прогресс выполнения маршрута: 80%
2026-05-03T19:19:08.773478 - Прогресс: {1: 100, 2: 80, 3: 100, 4: 0}
2026-05-03T19:19:09.500464 - Пройдена точка 4, прогресс выполнения маршрута: 80%
2026-05-03T19:19:10.004739 - Пройдена точка 4, прогресс выполнения маршрута: 80%
2026-05-03T19:19:10.501913 - Пройдена точка 4, прогресс выполнения маршрута: 80%
2026-05-03T19:19:10.751108 - Пройдена точка 5, прогресс выполнения маршрута: 100%
2026-05-03T19:19:10.751246 - Все waypoint'ы миссии пройдены (миссия выполнена)
2026-05-03T19:19:10.767384 - Прогресс: {1: 100, 2: 100, 3: 100, 4: 0}
2026-05-03T19:19:10.996489 - Пройдена точка 5, прогресс выполнения маршрута: 100%
2026-05-03T19:19:10.996527 - Все waypoint'ы миссии пройдены (миссия выполнена)
2026-05-03T19:19:11.513268 - Пройдена точка 5, прогресс выполнения маршрута: 100%
2026-05-03T19:19:11.513461 - Все waypoint'ы миссии пройдены (миссия выполнена)
2026-05-03T19:19:11.996949 - Пройдена точка 5, прогресс выполнения маршрута: 100%
2026-05-03T19:19:11.997228 - Все waypoint'ы миссии пройдены (миссия выполнена)
2026-05-03T19:19:12.243978 - Пройдена точка 5, прогресс выполнения маршрута: 100%
2026-05-03T19:19:12.244019 - Все waypoint'ы миссии пройдены (миссия выполнена)
2026-05-03T19:19:13.000158 - Прогресс: {1: 100, 2: 100, 3: 100, 4: 0}
2026-05-03T19:19:13.001800 - Пройдена точка 5, прогресс выполнения маршрута: 100%
2026-05-03T19:19:13.001833 - Все waypoint'ы миссии пройдены (миссия выполнена)
2026-05-03T19:19:13.252145 - Пройдена точка 5, прогресс выполнения маршрута: 100%
2026-05-03T19:19:13.252296 - Все waypoint'ы миссии пройдены (миссия выполнена)
2026-05-03T19:19:13.498602 - Пройдена точка 5, прогресс выполнения маршрута: 100%
2026-05-03T19:19:13.498680 - Все waypoint'ы миссии пройдены (миссия выполнена)
2026-05-03T19:19:13.991181 - Пройдена точка 5, прогресс выполнения маршрута: 100%
2026-05-03T19:19:13.991220 - Все waypoint'ы миссии пройдены (миссия выполнена)
2026-05-03T19:19:14.496727 - Пройдена точка 5, прогресс выполнения маршрута: 100%
2026-05-03T19:19:14.496766 - Все waypoint'ы миссии пройдены (миссия выполнена)
2026-05-03T19:19:14.741251 - Пройдена точка 5, прогресс выполнения маршрута: 100%
2026-05-03T19:19:14.741320 - Все waypoint'ы миссии пройдены (миссия выполнена)
2026-05-03T19:19:15.001635 - Прогресс: {1: 100, 2: 100, 3: 100, 4: 0}
2026-05-03T19:19:15.005379 - Пройдена точка 5, прогресс выполнения маршрута: 100%
2026-05-03T19:19:15.005413 - Все waypoint'ы миссии пройдены (миссия выполнена)
2026-05-03T19:19:15.250804 - Пройдена точка 5, прогресс выполнения маршрута: 100%
2026-05-03T19:19:15.250864 - Все waypoint'ы миссии пройдены (миссия выполнена)
2026-05-03T19:19:15.503301 - Пройдена точка 5, прогресс выполнения маршрута: 100%
2026-05-03T19:19:15.503521 - Все waypoint'ы миссии пройдены (миссия выполнена)
2026-05-03T19:19:15.754819 - Пройдена точка 5, прогресс выполнения маршрута: 100%
2026-05-03T19:19:15.755017 - Все waypoint'ы миссии пройдены (миссия выполнена)
2026-05-03T19:19:16.243320 - Пройдена точка 5, прогресс выполнения маршрута: 100%
2026-05-03T19:19:16.243361 - Все waypoint'ы миссии пройдены (миссия выполнена)
2026-05-03T19:19:16.497406 - Пройдена точка 5, прогресс выполнения маршрута: 100%
2026-05-03T19:19:16.497467 - Все waypoint'ы миссии пройдены (миссия выполнена)
2026-05-03T19:19:16.751797 - Пройдена точка 5, прогресс выполнения маршрута: 100%
2026-05-03T19:19:16.751850 - Все waypoint'ы миссии пройдены (миссия выполнена)
2026-05-03T19:19:16.999926 - Прогресс: {1: 100, 2: 100, 3: 100, 4: 0}
2026-05-03T19:19:17.000061 - Пройдена точка 5, прогресс выполнения маршрута: 100%
2026-05-03T19:19:17.000093 - Все waypoint'ы миссии пройдены (миссия выполнена)
2026-05-03T19:19:17.256198 - Пройдена точка 5, прогресс выполнения маршрута: 100%
2026-05-03T19:19:17.256388 - Все waypoint'ы миссии пройдены (миссия выполнена)
2026-05-03T19:19:17.508069 - Пройдена точка 5, прогресс выполнения маршрута: 100%
2026-05-03T19:19:17.508188 - Все waypoint'ы миссии пройдены (миссия выполнена)
2026-05-03T19:19:17.998315 - Пройдена точка 5, прогресс выполнения маршрута: 100%
2026-05-03T19:19:17.998374 - Все waypoint'ы миссии пройдены (миссия выполнена)
2026-05-03T19:19:18.245569 - Пройдена точка 5, прогресс выполнения маршрута: 100%
2026-05-03T19:19:18.245605 - Все waypoint'ы миссии пройдены (миссия выполнена)
2026-05-03T19:19:18.527865 - Пройдена точка 5, прогресс выполнения маршрута: 100%
2026-05-03T19:19:18.528143 - Все waypoint'ы миссии пройдены (миссия выполнена)
2026-05-03T19:19:20.734601 - Прогресс: {1: 100, 2: 100, 3: 100, 4: 0}
2026-05-03T19:19:20.986219 - Пройдена точка 5, прогресс выполнения маршрута: 100%
2026-05-03T19:19:20.986494 - Все waypoint'ы миссии пройдены (миссия выполнена)
2026-05-03T19:19:21.477478 - Пройдена точка 5, прогресс выполнения маршрута: 100%
2026-05-03T19:19:21.477817 - Все waypoint'ы миссии пройдены (миссия выполнена)
2026-05-03T19:19:21.973431 - Пройдена точка 5, прогресс выполнения маршрута: 100%
2026-05-03T19:19:21.973473 - Все waypoint'ы миссии пройдены (миссия выполнена)
2026-05-03T19:19:22.739214 - Прогресс: {1: 100, 2: 100, 3: 100, 4: 0}
2026-05-03T19:19:22.972739 - Пройдена точка 5, прогресс выполнения маршрута: 100%
2026-05-03T19:19:22.972808 - Все waypoint'ы миссии пройдены (миссия выполнена)
2026-05-03T19:19:23.468938 - Пройдена точка 5, прогресс выполнения маршрута: 100%
2026-05-03T19:19:23.469242 - Все waypoint'ы миссии пройдены (миссия выполнена)
2026-05-03T19:19:23.974148 - Пройдена точка 5, прогресс выполнения маршрута: 100%
2026-05-03T19:19:23.974226 - Все waypoint'ы миссии пройдены (миссия выполнена)
2026-05-03T19:19:24.470680 - Пройдена точка 5, прогресс выполнения маршрута: 100%
2026-05-03T19:19:24.470737 - Все waypoint'ы миссии пройдены (миссия выполнена)
2026-05-03T19:19:24.978516 - Прогресс: {1: 100, 2: 100, 3: 100, 4: 0}
2026-05-03T19:19:25.470018 - Пройдена точка 5, прогресс выполнения маршрута: 100%
2026-05-03T19:19:25.470063 - Все waypoint'ы миссии пройдены (миссия выполнена)
2026-05-03T19:19:26.478001 - Пройдена точка 5, прогресс выполнения маршрута: 100%
2026-05-03T19:19:26.478152 - Все waypoint'ы миссии пройдены (миссия выполнена)
2026-05-03T19:19:26.993462 - Прогресс: {1: 100, 2: 100, 3: 100, 4: 0}
2026-05-03T19:19:27.472504 - Пройдена точка 5, прогресс выполнения маршрута: 100%
2026-05-03T19:19:27.472547 - Все waypoint'ы миссии пройдены (миссия выполнена)
2026-05-03T19:19:27.980399 - Пройдена точка 5, прогресс выполнения маршрута: 100%
2026-05-03T19:19:27.980632 - Все waypoint'ы миссии пройдены (миссия выполнена)
2026-05-03T19:19:28.996350 - Прогресс: {1: 100, 2: 100, 3: 100, 4: 0}
2026-05-03T19:19:29.471762 - Пройдена точка 5, прогресс выполнения маршрута: 100%
2026-05-03T19:19:29.471798 - Все waypoint'ы миссии пройдены (миссия выполнена)
2026-05-03T19:19:29.727292 - Пройдена точка 5, прогресс выполнения маршрута: 100%
2026-05-03T19:19:29.727335 - Все waypoint'ы миссии пройдены (миссия выполнена)
2026-05-03T19:19:30.222510 - Пройдена точка 5, прогресс выполнения маршрута: 100%
2026-05-03T19:19:30.222649 - Все waypoint'ы миссии пройдены (миссия выполнена)
2026-05-03T19:19:30.475272 - Пройдена точка 5, прогресс выполнения маршрута: 100%
2026-05-03T19:19:30.475331 - Все waypoint'ы миссии пройдены (миссия выполнена)
2026-05-03T19:19:30.729666 - Пройдена точка 5, прогресс выполнения маршрута: 100%
2026-05-03T19:19:30.729791 - Все waypoint'ы миссии пройдены (миссия выполнена)
2026-05-03T19:19:30.984189 - Пройдена точка 5, прогресс выполнения маршрута: 100%
2026-05-03T19:19:30.984228 - Все waypoint'ы миссии пройдены (миссия выполнена)
2026-05-03T19:19:30.993810 - Прогресс: {1: 100, 2: 100, 3: 100, 4: 0}
2026-05-03T19:19:31.225383 - Пройдена точка 5, прогресс выполнения маршрута: 100%
2026-05-03T19:19:31.225575 - Все waypoint'ы миссии пройдены (миссия выполнена)
2026-05-03T19:19:31.479014 - Пройдена точка 5, прогресс выполнения маршрута: 100%
2026-05-03T19:19:31.479091 - Все waypoint'ы миссии пройдены (миссия выполнена)
2026-05-03T19:19:32.979454 - Пройдена точка 5, прогресс выполнения маршрута: 100%
2026-05-03T19:19:32.979582 - Все waypoint'ы миссии пройдены (миссия выполнена)
2026-05-03T19:19:33.000964 - Прогресс: {1: 100, 2: 100, 3: 100, 4: 0}
2026-05-03T19:19:33.223068 - Пройдена точка 5, прогресс выполнения маршрута: 100%
2026-05-03T19:19:33.223109 - Все waypoint'ы миссии пройдены (миссия выполнена)
2026-05-03T19:19:33.484017 - Пройдена точка 5, прогресс выполнения маршрута: 100%
2026-05-03T19:19:33.484167 - Все waypoint'ы миссии пройдены (миссия выполнена)
2026-05-03T19:19:33.734136 - Пройдена точка 5, прогресс выполнения маршрута: 100%
2026-05-03T19:19:33.734217 - Все waypoint'ы миссии пройдены (миссия выполнена)
2026-05-03T19:19:34.224021 - Пройдена точка 5, прогресс выполнения маршрута: 100%
2026-05-03T19:19:34.224062 - Все waypoint'ы миссии пройдены (миссия выполнена)
2026-05-03T19:19:35.230958 - Прогресс: {1: 100, 2: 100, 3: 100, 4: 0}
2026-05-03T19:19:35.478386 - Пройдена точка 5, прогресс выполнения маршрута: 100%
2026-05-03T19:19:35.478442 - Все waypoint'ы миссии пройдены (миссия выполнена)
2026-05-03T19:19:35.726128 - Пройдена точка 5, прогресс выполнения маршрута: 100%
2026-05-03T19:19:35.726184 - Все waypoint'ы миссии пройдены (миссия выполнена)
2026-05-03T19:19:36.237709 - Пройдена точка 5, прогресс выполнения маршрута: 100%
2026-05-03T19:19:36.237819 - Все waypoint'ы миссии пройдены (миссия выполнена)
2026-05-03T19:19:36.724836 - Пройдена точка 5, прогресс выполнения маршрута: 100%
2026-05-03T19:19:36.724882 - Все waypoint'ы миссии пройдены (миссия выполнена)
2026-05-03T19:19:37.235087 - Прогресс: {1: 100, 2: 100, 3: 100, 4: 0}
2026-05-03T19:19:37.483366 - Пройдена точка 5, прогресс выполнения маршрута: 100%
2026-05-03T19:19:37.483414 - Все waypoint'ы миссии пройдены (миссия выполнена)
2026-05-03T19:19:37.988186 - Пройдена точка 5, прогресс выполнения маршрута: 100%
2026-05-03T19:19:37.988341 - Все waypoint'ы миссии пройдены (миссия выполнена)
2026-05-03T19:19:38.990211 - Пройдена точка 5, прогресс выполнения маршрута: 100%
2026-05-03T19:19:38.990264 - Все waypoint'ы миссии пройдены (миссия выполнена)
2026-05-03T19:19:39.232134 - Прогресс: {1: 100, 2: 100, 3: 100, 4: 0}
2026-05-03T19:19:39.734552 - Пройдена точка 5, прогресс выполнения маршрута: 100%
2026-05-03T19:19:39.734637 - Все waypoint'ы миссии пройдены (миссия выполнена)
2026-05-03T19:19:39.995639 - Пройдена точка 5, прогресс выполнения маршрута: 100%
2026-05-03T19:19:39.995818 - Все waypoint'ы миссии пройдены (миссия выполнена)
2026-05-03T19:19:40.223058 - Пройдена точка 5, прогресс выполнения маршрута: 100%
2026-05-03T19:19:40.223093 - Все waypoint'ы миссии пройдены (миссия выполнена)
2026-05-03T19:19:40.985407 - Пройдена точка 5, прогресс выполнения маршрута: 100%
2026-05-03T19:19:40.985480 - Все waypoint'ы миссии пройдены (миссия выполнена)
2026-05-03T19:19:41.246645 - Прогресс: {1: 100, 2: 100, 3: 100, 4: 0}
2026-05-03T19:19:41.483172 - Пройдена точка 5, прогресс выполнения маршрута: 100%
2026-05-03T19:19:41.483209 - Все waypoint'ы миссии пройдены (миссия выполнена)
2026-05-03T19:19:41.735112 - Пройдена точка 5, прогресс выполнения маршрута: 100%
2026-05-03T19:19:41.735170 - Все waypoint'ы миссии пройдены (миссия выполнена)
2026-05-03T19:19:41.973551 - Пройдена точка 5, прогресс выполнения маршрута: 100%
2026-05-03T19:19:41.973587 - Все waypoint'ы миссии пройдены (миссия выполнена)
2026-05-03T19:19:42.234076 - Пройдена точка 5, прогресс выполнения маршрута: 100%
2026-05-03T19:19:42.234250 - Все waypoint'ы миссии пройдены (миссия выполнена)
2026-05-03T19:19:42.729414 - Пройдена точка 5, прогресс выполнения маршрута: 100%
2026-05-03T19:19:42.729478 - Все waypoint'ы миссии пройдены (миссия выполнена)
2026-05-03T19:19:43.259593 - Прогресс: {1: 100, 2: 100, 3: 100, 4: 0}
2026-05-03T19:19:43.986168 - Пройдена точка 5, прогресс выполнения маршрута: 100%
2026-05-03T19:19:43.986236 - Все waypoint'ы миссии пройдены (миссия выполнена)
2026-05-03T19:19:44.224665 - Пройдена точка 5, прогресс выполнения маршрута: 100%
2026-05-03T19:19:44.224703 - Все waypoint'ы миссии пройдены (миссия выполнена)
2026-05-03T19:19:44.479770 - Пройдена точка 5, прогресс выполнения маршрута: 100%
2026-05-03T19:19:44.479814 - Все waypoint'ы миссии пройдены (миссия выполнена)
2026-05-03T19:19:45.477475 - Прогресс: {1: 100, 2: 100, 3: 100, 4: 0}
2026-05-03T19:19:46.736853 - Пройдена точка 5, прогресс выполнения маршрута: 100%
2026-05-03T19:19:46.737091 - Все waypoint'ы миссии пройдены (миссия выполнена)
2026-05-03T19:19:47.222949 - Пройдена точка 5, прогресс выполнения маршрута: 100%
2026-05-03T19:19:47.222987 - Все waypoint'ы миссии пройдены (миссия выполнена)
2026-05-03T19:19:47.481786 - Прогресс: {1: 100, 2: 100, 3: 100, 4: 0}
2026-05-03T19:19:47.726125 - Пройдена точка 5, прогресс выполнения маршрута: 100%
2026-05-03T19:19:47.726188 - Все waypoint'ы миссии пройдены (миссия выполнена)
2026-05-03T19:19:48.487728 - Пройдена точка 5, прогресс выполнения маршрута: 100%
2026-05-03T19:19:48.487787 - Все waypoint'ы миссии пройдены (миссия выполнена)
2026-05-03T19:19:48.976955 - Пройдена точка 5, прогресс выполнения маршрута: 100%
2026-05-03T19:19:48.976995 - Все waypoint'ы миссии пройдены (миссия выполнена)
2026-05-03T19:19:49.247658 - Пройдена точка 5, прогресс выполнения маршрута: 100%
2026-05-03T19:19:49.247870 - Все waypoint'ы миссии пройдены (миссия выполнена)
2026-05-03T19:19:49.491114 - Прогресс: {1: 100, 2: 100, 3: 100, 4: 0}
2026-05-03T19:19:49.730342 - Пройдена точка 5, прогресс выполнения маршрута: 100%
2026-05-03T19:19:49.730493 - Все waypoint'ы миссии пройдены (миссия выполнена)
2026-05-03T19:19:50.237203 - Пройдена точка 5, прогресс выполнения маршрута: 100%
2026-05-03T19:19:50.237269 - Все waypoint'ы миссии пройдены (миссия выполнена)
2026-05-03T19:19:51.223520 - Посадка после миссии (высота 0.8 м) – критерий 4 выполнен
2026-05-03T19:19:51.229958 - Задание завершено. Успех: True
2026-05-03T19:19:51.233392 - Evaluator завершён
