2026-05-01T22:32:34.074324 - Запущен evaluator для задания b9d7f6fa-50f9-49e2-b9ab-c3d5e29ad694, тип 1
2026-05-01T22:32:34.074393 - Запуск SITL: /home/vladik/ardupilot/Tools/autotest/sim_vehicle.py -v ArduCopter -I 0 --map --console --out 127.0.0.1:14560
2026-05-01T22:32:34.075297 - SITL запущен, ожидание инициализации...
2026-05-01T22:32:49.679566 - Подключение к MAVLink UDP 127.0.0.1:14560...
2026-05-01T22:32:50.482964 - Heartbeat получен, соединение с SITL установлено.
2026-05-01T22:32:50.483009 - Открытие TCP-сервера для Mission Planner на порту 14601...
2026-05-01T22:32:50.483210 - Ожидание подключения Mission Planner на порту 14601
2026-05-01T22:32:51.067868 - Предполётная подготовка (критерий 1) выполнена
2026-05-01T22:32:53.073239 - Прогресс: {1: 100, 2: 0, 3: 0, 4: 0}
2026-05-01T22:32:53.707387 - Прогресс: {1: 100, 2: 0, 3: 0, 4: 0}
2026-05-01T22:32:57.074098 - Прогресс: {1: 100, 2: 0, 3: 0, 4: 0}
2026-05-01T22:32:59.079139 - Прогресс: {1: 100, 2: 0, 3: 0, 4: 0}
2026-05-01T22:33:01.571837 - Прогресс: {1: 100, 2: 0, 3: 0, 4: 0}
2026-05-01T22:33:03.578130 - Прогресс: {1: 100, 2: 0, 3: 0, 4: 0}
2026-05-01T22:33:05.577659 - Прогресс: {1: 100, 2: 0, 3: 0, 4: 0}
2026-05-01T22:33:07.596054 - Прогресс: {1: 100, 2: 0, 3: 0, 4: 0}
2026-05-01T22:33:09.831845 - Прогресс: {1: 100, 2: 0, 3: 0, 4: 0}
2026-05-01T22:33:11.831308 - Прогресс: {1: 100, 2: 0, 3: 0, 4: 0}
2026-05-01T22:33:13.847688 - Прогресс: {1: 100, 2: 0, 3: 0, 4: 0}
2026-05-01T22:33:15.956184 - Прогресс: {1: 100, 2: 0, 3: 0, 4: 0}
2026-05-01T22:33:17.957904 - Прогресс: {1: 100, 2: 0, 3: 0, 4: 0}
2026-05-01T22:33:20.123664 - Прогресс: {1: 100, 2: 0, 3: 0, 4: 0}
2026-05-01T22:33:22.197922 - Прогресс: {1: 100, 2: 0, 3: 0, 4: 0}
2026-05-01T22:33:24.198937 - Прогресс: {1: 100, 2: 0, 3: 0, 4: 0}
2026-05-01T22:33:26.213784 - Прогресс: {1: 100, 2: 0, 3: 0, 4: 0}
2026-05-01T22:33:28.213845 - Прогресс: {1: 100, 2: 0, 3: 0, 4: 0}
2026-05-01T22:33:30.208586 - Прогресс: {1: 100, 2: 0, 3: 0, 4: 0}
2026-05-01T22:33:32.204970 - Прогресс: {1: 100, 2: 0, 3: 0, 4: 0}
2026-05-01T22:33:34.213782 - Прогресс: {1: 100, 2: 0, 3: 0, 4: 0}
2026-05-01T22:33:36.211269 - Прогресс: {1: 100, 2: 0, 3: 0, 4: 0}
2026-05-01T22:33:38.207507 - Прогресс: {1: 100, 2: 0, 3: 0, 4: 0}
2026-05-01T22:33:40.220572 - Прогресс: {1: 100, 2: 0, 3: 0, 4: 0}
2026-05-01T22:33:42.229535 - Прогресс: {1: 100, 2: 0, 3: 0, 4: 0}
2026-05-01T22:33:44.467852 - Прогресс: {1: 100, 2: 0, 3: 0, 4: 0}
2026-05-01T22:33:46.471901 - Прогресс: {1: 100, 2: 0, 3: 0, 4: 0}
2026-05-01T22:33:48.589700 - Прогресс: {1: 100, 2: 0, 3: 0, 4: 0}
2026-05-01T22:33:50.611909 - Прогресс: {1: 100, 2: 0, 3: 0, 4: 0}
2026-05-01T22:33:52.829534 - Прогресс: {1: 100, 2: 0, 3: 0, 4: 0}
2026-05-01T22:33:54.840768 - Прогресс: {1: 100, 2: 0, 3: 0, 4: 0}
2026-05-01T22:33:56.836717 - Прогресс: {1: 100, 2: 0, 3: 0, 4: 0}
2026-05-01T22:33:58.844859 - Прогресс: {1: 100, 2: 0, 3: 0, 4: 0}
2026-05-01T22:34:00.843664 - Прогресс: {1: 100, 2: 0, 3: 0, 4: 0}
2026-05-01T22:34:02.833298 - Прогресс: {1: 100, 2: 0, 3: 0, 4: 0}
2026-05-01T22:34:04.847624 - Прогресс: {1: 100, 2: 0, 3: 0, 4: 0}
2026-05-01T22:34:06.845904 - Прогресс: {1: 100, 2: 0, 3: 0, 4: 0}
2026-05-01T22:34:09.097992 - Прогресс: {1: 100, 2: 0, 3: 0, 4: 0}
2026-05-01T22:34:11.097965 - Прогресс: {1: 100, 2: 0, 3: 0, 4: 0}
2026-05-01T22:34:13.088532 - Прогресс: {1: 100, 2: 0, 3: 0, 4: 0}
2026-05-01T22:34:15.106608 - Прогресс: {1: 100, 2: 0, 3: 0, 4: 0}
2026-05-01T22:34:17.107419 - Прогресс: {1: 100, 2: 0, 3: 0, 4: 0}
2026-05-01T22:34:19.332622 - Прогресс: {1: 100, 2: 0, 3: 0, 4: 0}
2026-05-01T22:34:21.405403 - Прогресс: {1: 100, 2: 0, 3: 0, 4: 0}
2026-05-01T22:34:23.419124 - Прогресс: {1: 100, 2: 0, 3: 0, 4: 0}
2026-05-01T22:34:25.419036 - Прогресс: {1: 100, 2: 0, 3: 0, 4: 0}
2026-05-01T22:34:27.411527 - Прогресс: {1: 100, 2: 0, 3: 0, 4: 0}
2026-05-01T22:34:29.418908 - Прогресс: {1: 100, 2: 0, 3: 0, 4: 0}
2026-05-01T22:34:31.663232 - Прогресс: {1: 100, 2: 0, 3: 0, 4: 0}
2026-05-01T22:34:33.670000 - Прогресс: {1: 100, 2: 0, 3: 0, 4: 0}
2026-05-01T22:34:35.660183 - Прогресс: {1: 100, 2: 0, 3: 0, 4: 0}
2026-05-01T22:34:37.667704 - Прогресс: {1: 100, 2: 0, 3: 0, 4: 0}
2026-05-01T22:34:39.670248 - Прогресс: {1: 100, 2: 0, 3: 0, 4: 0}
2026-05-01T22:34:41.911345 - Прогресс: {1: 100, 2: 0, 3: 0, 4: 0}
2026-05-01T22:34:43.926968 - Прогресс: {1: 100, 2: 0, 3: 0, 4: 0}
2026-05-01T22:34:46.174799 - Прогресс: {1: 100, 2: 0, 3: 0, 4: 0}
2026-05-01T22:34:48.179541 - Прогресс: {1: 100, 2: 0, 3: 0, 4: 0}
2026-05-01T22:34:50.185970 - Прогресс: {1: 100, 2: 0, 3: 0, 4: 0}
2026-05-01T22:34:52.328809 - Прогресс: {1: 100, 2: 0, 3: 0, 4: 0}
2026-05-01T22:34:54.508405 - Прогресс: {1: 100, 2: 0, 3: 0, 4: 0}
2026-05-01T22:34:56.515323 - Прогресс: {1: 100, 2: 0, 3: 0, 4: 0}
2026-05-01T22:34:58.509175 - Прогресс: {1: 100, 2: 0, 3: 0, 4: 0}
2026-05-01T22:35:00.521298 - Прогресс: {1: 100, 2: 0, 3: 0, 4: 0}
2026-05-01T22:35:00.752258 - Взлёт на 30.0 м (критерий 2 выполнен)
2026-05-01T22:35:02.528510 - Прогресс: {1: 100, 2: 100, 3: 0, 4: 0}
2026-05-01T22:35:04.515067 - Прогресс: {1: 100, 2: 100, 3: 0, 4: 0}
2026-05-01T22:35:06.771961 - Прогресс: {1: 100, 2: 100, 3: 0, 4: 0}
2026-05-01T22:35:08.997757 - Прогресс: {1: 100, 2: 100, 3: 0, 4: 0}
2026-05-01T22:35:11.014178 - Прогресс: {1: 100, 2: 100, 3: 0, 4: 0}
2026-05-01T22:35:13.013235 - Прогресс: {1: 100, 2: 100, 3: 0, 4: 0}
2026-05-01T22:35:15.005273 - Прогресс: {1: 100, 2: 100, 3: 0, 4: 0}
2026-05-01T22:35:17.007221 - Прогресс: {1: 100, 2: 100, 3: 1, 4: 0}
2026-05-01T22:35:19.023778 - Прогресс: {1: 100, 2: 100, 3: 7, 4: 0}
2026-05-01T22:35:20.249878 - Пройдено 50 м, прогресс 10%
2026-05-01T22:35:21.012864 - Прогресс: {1: 100, 2: 100, 3: 11, 4: 0}
2026-05-01T22:35:23.025375 - Прогресс: {1: 100, 2: 100, 3: 15, 4: 0}
2026-05-01T22:35:25.020905 - Прогресс: {1: 100, 2: 100, 3: 17, 4: 0}
2026-05-01T22:35:25.751768 - Пройдено 105 м, прогресс 20%
2026-05-01T22:35:27.111446 - Прогресс: {1: 100, 2: 100, 3: 21, 4: 0}
2026-05-01T22:35:29.115689 - Прогресс: {1: 100, 2: 100, 3: 25, 4: 0}
2026-05-01T22:35:31.102260 - Пройдено 152 м, прогресс 30%
2026-05-01T22:35:31.109468 - Прогресс: {1: 100, 2: 100, 3: 30, 4: 0}
2026-05-01T22:35:33.119644 - Прогресс: {1: 100, 2: 100, 3: 33, 4: 0}
2026-05-01T22:35:35.126698 - Прогресс: {1: 100, 2: 100, 3: 38, 4: 0}
2026-05-01T22:35:36.104300 - Пройдено 202 м, прогресс 40%
2026-05-01T22:35:37.128326 - Прогресс: {1: 100, 2: 100, 3: 41, 4: 0}
2026-05-01T22:35:39.133489 - Прогресс: {1: 100, 2: 100, 3: 45, 4: 0}
2026-05-01T22:35:41.108567 - Пройдено 252 м, прогресс 50%
2026-05-01T22:35:41.127848 - Прогресс: {1: 100, 2: 100, 3: 50, 4: 0}
2026-05-01T22:35:43.121074 - Прогресс: {1: 100, 2: 100, 3: 53, 4: 0}
2026-05-01T22:35:45.383254 - Прогресс: {1: 100, 2: 100, 3: 55, 4: 0}
2026-05-01T22:35:47.548795 - Прогресс: {1: 100, 2: 100, 3: 61, 4: 0}
2026-05-01T22:35:49.606556 - Прогресс: {1: 100, 2: 100, 3: 66, 4: 0}
2026-05-01T22:35:51.616455 - Прогресс: {1: 100, 2: 100, 3: 69, 4: 0}
2026-05-01T22:35:53.626190 - Прогресс: {1: 100, 2: 100, 3: 74, 4: 0}
2026-05-01T22:35:55.634055 - Прогресс: {1: 100, 2: 100, 3: 78, 4: 0}
2026-05-01T22:35:56.109956 - Пройдено 402 м, прогресс 80%
2026-05-01T22:35:57.633290 - Прогресс: {1: 100, 2: 100, 3: 83, 4: 0}
2026-05-01T22:35:59.992180 - Прогресс: {1: 100, 2: 100, 3: 84, 4: 0}
2026-05-01T22:36:01.721686 - Пройдено 452 м, прогресс 90%
2026-05-01T22:36:01.994943 - Прогресс: {1: 100, 2: 100, 3: 90, 4: 0}
2026-05-01T22:36:03.998315 - Прогресс: {1: 100, 2: 100, 3: 92, 4: 0}
2026-05-01T22:36:05.999644 - Прогресс: {1: 100, 2: 100, 3: 97, 4: 0}
2026-05-01T22:36:07.993393 - Прогресс: {1: 100, 2: 100, 3: 98, 4: 0}
2026-05-01T22:36:10.246558 - Прогресс: {1: 100, 2: 100, 3: 98, 4: 0}
2026-05-01T22:36:12.241779 - Прогресс: {1: 100, 2: 100, 3: 98, 4: 0}
2026-05-01T22:36:14.485004 - Прогресс: {1: 100, 2: 100, 3: 99, 4: 0}
2026-05-01T22:36:16.227749 - Пройдено 506 м, прогресс 100%
2026-05-01T22:36:16.499628 - Прогресс: {1: 100, 2: 100, 3: 100, 4: 0}
2026-05-01T22:36:18.495636 - Прогресс: {1: 100, 2: 100, 3: 100, 4: 0}
2026-05-01T22:36:20.493320 - Прогресс: {1: 100, 2: 100, 3: 100, 4: 0}
2026-05-01T22:36:22.502488 - Прогресс: {1: 100, 2: 100, 3: 100, 4: 0}
2026-05-01T22:36:24.723581 - Прогресс: {1: 100, 2: 100, 3: 100, 4: 0}
2026-05-01T22:36:26.738498 - Прогресс: {1: 100, 2: 100, 3: 100, 4: 0}
2026-05-01T22:36:28.736336 - Прогресс: {1: 100, 2: 100, 3: 100, 4: 0}
2026-05-01T22:36:30.743823 - Прогресс: {1: 100, 2: 100, 3: 100, 4: 0}
2026-05-01T22:36:33.079264 - Прогресс: {1: 100, 2: 100, 3: 100, 4: 0}
2026-05-01T22:36:35.088569 - Прогресс: {1: 100, 2: 100, 3: 100, 4: 0}
2026-05-01T22:36:37.101644 - Прогресс: {1: 100, 2: 100, 3: 100, 4: 0}
2026-05-01T22:36:39.334126 - Прогресс: {1: 100, 2: 100, 3: 100, 4: 0}
2026-05-01T22:36:41.337294 - Прогресс: {1: 100, 2: 100, 3: 100, 4: 0}
2026-05-01T22:36:43.342756 - Прогресс: {1: 100, 2: 100, 3: 100, 4: 0}
2026-05-01T22:36:45.340652 - Прогресс: {1: 100, 2: 100, 3: 100, 4: 0}
2026-05-01T22:36:47.342643 - Прогресс: {1: 100, 2: 100, 3: 100, 4: 0}
2026-05-01T22:36:49.596629 - Прогресс: {1: 100, 2: 100, 3: 100, 4: 0}
2026-05-01T22:36:51.596142 - Прогресс: {1: 100, 2: 100, 3: 100, 4: 0}
2026-05-01T22:36:53.745955 - Прогресс: {1: 100, 2: 100, 3: 100, 4: 0}
2026-05-01T22:36:55.742447 - Прогресс: {1: 100, 2: 100, 3: 100, 4: 0}
2026-05-01T22:36:57.818591 - Прогресс: {1: 100, 2: 100, 3: 100, 4: 0}
2026-05-01T22:36:59.827607 - Прогресс: {1: 100, 2: 100, 3: 100, 4: 0}
2026-05-01T22:37:01.843544 - Прогресс: {1: 100, 2: 100, 3: 100, 4: 0}
2026-05-01T22:37:03.834259 - Прогресс: {1: 100, 2: 100, 3: 100, 4: 0}
2026-05-01T22:37:05.923512 - Прогресс: {1: 100, 2: 100, 3: 100, 4: 0}
2026-05-01T22:37:07.941940 - Прогресс: {1: 100, 2: 100, 3: 100, 4: 0}
2026-05-01T22:37:09.934038 - Прогресс: {1: 100, 2: 100, 3: 100, 4: 0}
2026-05-01T22:37:12.185716 - Прогресс: {1: 100, 2: 100, 3: 100, 4: 0}
2026-05-01T22:37:14.187972 - Прогресс: {1: 100, 2: 100, 3: 100, 4: 0}
2026-05-01T22:37:15.422601 - Посадка в радиусе 0.0 м от старта (критерий 4 выполнен)
2026-05-01T22:37:15.431824 - Задание завершено. Успех: True
2026-05-01T22:37:15.435191 - Evaluator завершён
