2026-05-03T20:00:34.189491 - Запущен evaluator для задания cf3f9740-c510-4fe4-bb9f-73b97d85a65e, тип 1
2026-05-03T20:00:34.189559 - Запуск SITL: /home/vladik/ardupilot/Tools/autotest/sim_vehicle.py -v ArduCopter -I 0 --map --console --out 127.0.0.1:14560
2026-05-03T20:00:34.191376 - SITL запущен, ожидание инициализации...
2026-05-03T20:00:49.191764 - Подключение к MAVLink UDP 127.0.0.1:14560...
2026-05-03T20:00:49.854238 - Heartbeat получен, соединение с SITL установлено.
2026-05-03T20:00:49.854424 - Открытие TCP-сервера для Mission Planner на порту 14601...
2026-05-03T20:00:49.854799 - Ожидание подключения Mission Planner на порту 14601
2026-05-03T20:00:50.483326 - Предполётная подготовка (критерий 1) выполнена
2026-05-03T20:00:50.703488 - Прогресс: {1: 100, 2: 0, 3: 0, 4: 0}
2026-05-03T20:00:52.488464 - Прогресс: {1: 100, 2: 0, 3: 0, 4: 0}
2026-05-03T20:00:54.491255 - Прогресс: {1: 100, 2: 0, 3: 0, 4: 0}
2026-05-03T20:00:56.503595 - Прогресс: {1: 100, 2: 0, 3: 0, 4: 0}
2026-05-03T20:00:59.113933 - Прогресс: {1: 100, 2: 0, 3: 0, 4: 0}
2026-05-03T20:01:01.104127 - Прогресс: {1: 100, 2: 0, 3: 0, 4: 0}
2026-05-03T20:01:03.241950 - Прогресс: {1: 100, 2: 0, 3: 0, 4: 0}
2026-05-03T20:01:05.419872 - Прогресс: {1: 100, 2: 0, 3: 0, 4: 0}
2026-05-03T20:01:07.492777 - Прогресс: {1: 100, 2: 0, 3: 0, 4: 0}
2026-05-03T20:01:09.494564 - Прогресс: {1: 100, 2: 0, 3: 0, 4: 0}
2026-05-03T20:01:11.496318 - Прогресс: {1: 100, 2: 0, 3: 0, 4: 0}
2026-05-03T20:01:13.505109 - Прогресс: {1: 100, 2: 0, 3: 0, 4: 0}
2026-05-03T20:01:15.507394 - Прогресс: {1: 100, 2: 0, 3: 0, 4: 0}
2026-05-03T20:01:17.507474 - Прогресс: {1: 100, 2: 0, 3: 0, 4: 0}
2026-05-03T20:01:19.868799 - Прогресс: {1: 100, 2: 0, 3: 0, 4: 0}
2026-05-03T20:01:21.756155 - Прогресс: {1: 100, 2: 0, 3: 0, 4: 0}
2026-05-03T20:01:23.755992 - Прогресс: {1: 100, 2: 0, 3: 0, 4: 0}
2026-05-03T20:01:25.749230 - Прогресс: {1: 100, 2: 0, 3: 0, 4: 0}
2026-05-03T20:01:27.764180 - Прогресс: {1: 100, 2: 0, 3: 0, 4: 0}
2026-05-03T20:01:29.778799 - Прогресс: {1: 100, 2: 0, 3: 0, 4: 0}
2026-05-03T20:01:33.440776 - Прогресс: {1: 100, 2: 0, 3: 0, 4: 0}
2026-05-03T20:01:35.440613 - Прогресс: {1: 100, 2: 0, 3: 0, 4: 0}
2026-05-03T20:01:37.441209 - Прогресс: {1: 100, 2: 0, 3: 0, 4: 0}
2026-05-03T20:01:39.443693 - Прогресс: {1: 100, 2: 0, 3: 0, 4: 0}
2026-05-03T20:01:41.461562 - Прогресс: {1: 100, 2: 0, 3: 0, 4: 0}
2026-05-03T20:01:43.464513 - Прогресс: {1: 100, 2: 0, 3: 0, 4: 0}
2026-05-03T20:01:45.697448 - Прогресс: {1: 100, 2: 0, 3: 0, 4: 0}
2026-05-03T20:01:47.686949 - Прогресс: {1: 100, 2: 0, 3: 0, 4: 0}
2026-05-03T20:01:49.699704 - Прогресс: {1: 100, 2: 0, 3: 0, 4: 0}
2026-05-03T20:01:51.691149 - Прогресс: {1: 100, 2: 0, 3: 0, 4: 0}
2026-05-03T20:01:53.694483 - Прогресс: {1: 100, 2: 0, 3: 0, 4: 0}
2026-05-03T20:01:55.693186 - Прогресс: {1: 100, 2: 0, 3: 0, 4: 0}
2026-05-03T20:01:57.704716 - Прогресс: {1: 100, 2: 0, 3: 0, 4: 0}
2026-05-03T20:01:59.716959 - Прогресс: {1: 100, 2: 0, 3: 0, 4: 0}
2026-05-03T20:02:01.705939 - Прогресс: {1: 100, 2: 0, 3: 0, 4: 0}
2026-05-03T20:02:03.724123 - Прогресс: {1: 100, 2: 0, 3: 0, 4: 0}
2026-05-03T20:02:07.616722 - Прогресс: {1: 100, 2: 0, 3: 0, 4: 0}
2026-05-03T20:02:09.633248 - Прогресс: {1: 100, 2: 0, 3: 0, 4: 0}
2026-05-03T20:02:11.645602 - Прогресс: {1: 100, 2: 0, 3: 0, 4: 0}
2026-05-03T20:02:13.782043 - Прогресс: {1: 100, 2: 0, 3: 0, 4: 0}
2026-05-03T20:02:15.872322 - Прогресс: {1: 100, 2: 0, 3: 0, 4: 0}
2026-05-03T20:02:18.112956 - Прогресс: {1: 100, 2: 0, 3: 0, 4: 0}
2026-05-03T20:02:20.268233 - Прогресс: {1: 100, 2: 0, 3: 0, 4: 0}
2026-05-03T20:02:22.281953 - Прогресс: {1: 100, 2: 0, 3: 0, 4: 0}
2026-05-03T20:02:23.356886 - Взлёт на 32.1 м (критерий 2 выполнен)
2026-05-03T20:02:24.369940 - Прогресс: {1: 100, 2: 100, 3: 0, 4: 0}
2026-05-03T20:02:26.385035 - Прогресс: {1: 100, 2: 100, 3: 0, 4: 0}
2026-05-03T20:02:28.624928 - Прогресс: {1: 100, 2: 100, 3: 0, 4: 0}
2026-05-03T20:02:30.620551 - Прогресс: {1: 100, 2: 100, 3: 0, 4: 0}
2026-05-03T20:02:32.627313 - Прогресс: {1: 100, 2: 100, 3: 0, 4: 0}
2026-05-03T20:02:34.625749 - Прогресс: {1: 100, 2: 100, 3: 0, 4: 0}
2026-05-03T20:02:36.630122 - Прогресс: {1: 100, 2: 100, 3: 0, 4: 0}
2026-05-03T20:02:38.634469 - Прогресс: {1: 100, 2: 100, 3: 0, 4: 0}
2026-05-03T20:02:41.822372 - Прогресс: {1: 100, 2: 100, 3: 0, 4: 0}
2026-05-03T20:02:43.810786 - Прогресс: {1: 100, 2: 100, 3: 0, 4: 0}
2026-05-03T20:02:45.828462 - Прогресс: {1: 100, 2: 100, 3: 1, 4: 0}
2026-05-03T20:02:47.825379 - Прогресс: {1: 100, 2: 100, 3: 5, 4: 0}
2026-05-03T20:02:50.058148 - Прогресс: {1: 100, 2: 100, 3: 9, 4: 0}
2026-05-03T20:02:52.065590 - Прогресс: {1: 100, 2: 100, 3: 13, 4: 0}
2026-05-03T20:02:54.062590 - Прогресс: {1: 100, 2: 100, 3: 13, 4: 0}
2026-05-03T20:02:55.055325 - Пройдено 103 м, прогресс 20%
2026-05-03T20:02:56.065103 - Прогресс: {1: 100, 2: 100, 3: 22, 4: 0}
2026-05-03T20:02:58.077525 - Прогресс: {1: 100, 2: 100, 3: 25, 4: 0}
2026-05-03T20:02:59.810188 - Пройдено 150 м, прогресс 30%
2026-05-03T20:03:00.080660 - Прогресс: {1: 100, 2: 100, 3: 30, 4: 0}
2026-05-03T20:03:02.078273 - Прогресс: {1: 100, 2: 100, 3: 34, 4: 0}
2026-05-03T20:03:04.232656 - Прогресс: {1: 100, 2: 100, 3: 38, 4: 0}
2026-05-03T20:03:05.313250 - Пройдено 205 м, прогресс 40%
2026-05-03T20:03:06.318852 - Прогресс: {1: 100, 2: 100, 3: 42, 4: 0}
2026-05-03T20:03:08.310349 - Прогресс: {1: 100, 2: 100, 3: 46, 4: 0}
2026-05-03T20:03:10.057630 - Пройдено 252 м, прогресс 50%
2026-05-03T20:03:10.330592 - Прогресс: {1: 100, 2: 100, 3: 50, 4: 0}
2026-05-03T20:03:12.330345 - Прогресс: {1: 100, 2: 100, 3: 54, 4: 0}
2026-05-03T20:03:15.998454 - Прогресс: {1: 100, 2: 100, 3: 57, 4: 0}
2026-05-03T20:03:16.991329 - Пройдено 302 м, прогресс 60%
2026-05-03T20:03:17.999885 - Прогресс: {1: 100, 2: 100, 3: 61, 4: 0}
2026-05-03T20:03:19.992642 - Прогресс: {1: 100, 2: 100, 3: 66, 4: 0}
2026-05-03T20:03:22.005126 - Прогресс: {1: 100, 2: 100, 3: 69, 4: 0}
2026-05-03T20:03:22.240916 - Пройдено 354 м, прогресс 70%
2026-05-03T20:03:24.016175 - Прогресс: {1: 100, 2: 100, 3: 72, 4: 0}
2026-05-03T20:03:26.249713 - Прогресс: {1: 100, 2: 100, 3: 73, 4: 0}
2026-05-03T20:03:28.244650 - Прогресс: {1: 100, 2: 100, 3: 73, 4: 0}
2026-05-03T20:03:30.252791 - Прогресс: {1: 100, 2: 100, 3: 75, 4: 0}
2026-05-03T20:03:32.658622 - Прогресс: {1: 100, 2: 100, 3: 79, 4: 0}
2026-05-03T20:03:34.678359 - Прогресс: {1: 100, 2: 100, 3: 82, 4: 0}
2026-05-03T20:03:36.673408 - Прогресс: {1: 100, 2: 100, 3: 85, 4: 0}
2026-05-03T20:03:38.239675 - Пройдено 454 м, прогресс 90%
2026-05-03T20:03:38.756796 - Прогресс: {1: 100, 2: 100, 3: 90, 4: 0}
2026-05-03T20:03:40.746970 - Прогресс: {1: 100, 2: 100, 3: 95, 4: 0}
2026-05-03T20:03:42.743646 - Прогресс: {1: 100, 2: 100, 3: 97, 4: 0}
2026-05-03T20:03:42.996265 - Пройдено 502 м, прогресс 100%
2026-05-03T20:03:44.758076 - Прогресс: {1: 100, 2: 100, 3: 100, 4: 0}
2026-05-03T20:03:46.753484 - Прогресс: {1: 100, 2: 100, 3: 100, 4: 0}
2026-05-03T20:03:50.096425 - Прогресс: {1: 100, 2: 100, 3: 100, 4: 0}
2026-05-03T20:03:52.193578 - Прогресс: {1: 100, 2: 100, 3: 100, 4: 0}
2026-05-03T20:03:54.203983 - Прогресс: {1: 100, 2: 100, 3: 100, 4: 0}
2026-05-03T20:03:56.438955 - Прогресс: {1: 100, 2: 100, 3: 100, 4: 0}
2026-05-03T20:03:58.443916 - Прогресс: {1: 100, 2: 100, 3: 100, 4: 0}
2026-05-03T20:04:00.441960 - Прогресс: {1: 100, 2: 100, 3: 100, 4: 0}
2026-05-03T20:04:02.435700 - Прогресс: {1: 100, 2: 100, 3: 100, 4: 0}
2026-05-03T20:04:04.591082 - Прогресс: {1: 100, 2: 100, 3: 100, 4: 0}
2026-05-03T20:04:06.594561 - Прогресс: {1: 100, 2: 100, 3: 100, 4: 0}
2026-05-03T20:04:08.599233 - Прогресс: {1: 100, 2: 100, 3: 100, 4: 0}
2026-05-03T20:04:10.683309 - Прогресс: {1: 100, 2: 100, 3: 100, 4: 0}
2026-05-03T20:04:12.702316 - Прогресс: {1: 100, 2: 100, 3: 100, 4: 0}
2026-05-03T20:04:14.694037 - Прогресс: {1: 100, 2: 100, 3: 100, 4: 0}
2026-05-03T20:04:16.700984 - Прогресс: {1: 100, 2: 100, 3: 100, 4: 0}
2026-05-03T20:04:18.689586 - Прогресс: {1: 100, 2: 100, 3: 100, 4: 0}
2026-05-03T20:04:20.692712 - Прогресс: {1: 100, 2: 100, 3: 100, 4: 0}
2026-05-03T20:04:24.365885 - Прогресс: {1: 100, 2: 100, 3: 100, 4: 0}
2026-05-03T20:04:26.354851 - Прогресс: {1: 100, 2: 100, 3: 100, 4: 0}
2026-05-03T20:04:28.377917 - Прогресс: {1: 100, 2: 100, 3: 100, 4: 0}
2026-05-03T20:04:30.615884 - Прогресс: {1: 100, 2: 100, 3: 100, 4: 0}
2026-05-03T20:04:32.856784 - Прогресс: {1: 100, 2: 100, 3: 100, 4: 0}
2026-05-03T20:04:34.860099 - Прогресс: {1: 100, 2: 100, 3: 100, 4: 0}
2026-05-03T20:04:36.852763 - Прогресс: {1: 100, 2: 100, 3: 100, 4: 0}
2026-05-03T20:04:38.854003 - Прогресс: {1: 100, 2: 100, 3: 100, 4: 0}
2026-05-03T20:04:40.871750 - Прогресс: {1: 100, 2: 100, 3: 100, 4: 0}
2026-05-03T20:04:43.027346 - Прогресс: {1: 100, 2: 100, 3: 100, 4: 0}
2026-05-03T20:04:45.034411 - Прогресс: {1: 100, 2: 100, 3: 100, 4: 0}
2026-05-03T20:04:47.360917 - Прогресс: {1: 100, 2: 100, 3: 100, 4: 0}
2026-05-03T20:04:49.529094 - Прогресс: {1: 100, 2: 100, 3: 100, 4: 0}
2026-05-03T20:04:51.529230 - Прогресс: {1: 100, 2: 100, 3: 100, 4: 0}
2026-05-03T20:04:53.510572 - Посадка в радиусе 0.0 м от старта (критерий 4 выполнен)
2026-05-03T20:04:53.517302 - Задание завершено. Успех: True
2026-05-03T20:04:53.520559 - Evaluator завершён
