2026-04-13T22:00:04.848787 - Запущен evaluator для задания dc36cb4c-e0a0-49a0-90f1-d2163e86be94, тип 1, таймаут=300с
2026-04-13T22:00:04.850618 - SITL запущен, ожидание инициализации 15 секунд...
2026-04-13T22:00:19.851269 - Подключение к MAVProxy через udp:127.0.0.1:14550...
2026-04-13T22:00:19.852287 - Ожидание heartbeat...
2026-04-13T22:00:20.433377 - Heartbeat получен, соединение установлено.
2026-04-13T22:00:20.433669 - Открытие TCP-сервера на порту 14601...
2026-04-13T22:00:20.434246 - Ожидание подключения GCS на порту 14601
2026-04-13T22:01:06.565732 - Дрон в воздухе, начинаем отсчёт дистанции.
2026-04-13T22:01:23.429266 - Дистанция +0.5 м, всего 0.6 м
2026-04-13T22:01:23.936636 - Дистанция +1.1 м, всего 1.7 м
2026-04-13T22:01:24.178211 - Дистанция +0.8 м, всего 2.4 м
2026-04-13T22:01:24.429345 - Дистанция +0.9 м, всего 3.4 м
2026-04-13T22:01:25.677131 - Дистанция +6.8 м, всего 10.2 м
2026-04-13T22:01:26.926943 - Дистанция +10.2 м, всего 20.4 м
2026-04-13T22:01:27.177032 - Дистанция +2.3 м, всего 22.7 м
2026-04-13T22:01:27.432185 - Дистанция +2.3 м, всего 25.0 м
2026-04-13T22:01:28.430741 - Дистанция +9.7 м, всего 34.7 м
2026-04-13T22:01:28.687355 - Дистанция +2.5 м, всего 37.2 м
2026-04-13T22:01:29.178554 - Дистанция +5.0 м, всего 42.2 м
2026-04-13T22:01:29.427904 - Дистанция +2.5 м, всего 44.7 м
2026-04-13T22:01:29.683377 - Дистанция +2.5 м, всего 47.3 м
2026-04-13T22:01:31.429583 - Дистанция +17.9 м, всего 65.1 м
2026-04-13T22:01:32.435437 - Дистанция +10.1 м, всего 75.2 м
2026-04-13T22:01:35.071149 - Дистанция +26.5 м, всего 101.7 м
2026-04-13T22:01:35.572467 - Дистанция +5.0 м, всего 106.7 м
2026-04-13T22:01:36.568554 - Дистанция +10.0 м, всего 116.7 м
2026-04-13T22:01:37.069828 - Дистанция +5.0 м, всего 121.7 м
2026-04-13T22:01:37.572514 - Дистанция +5.0 м, всего 126.7 м
2026-04-13T22:01:38.071611 - Дистанция +5.0 м, всего 131.7 м
2026-04-13T22:01:38.932778 - Дистанция +8.6 м, всего 140.3 м
2026-04-13T22:01:39.431091 - Дистанция +5.0 м, всего 145.2 м
2026-04-13T22:01:39.683159 - Дистанция +2.5 м, всего 147.7 м
2026-04-13T22:01:40.184742 - Дистанция +5.0 м, всего 152.7 м
2026-04-13T22:01:40.430404 - Дистанция +2.5 м, всего 155.2 м
2026-04-13T22:01:41.188604 - Дистанция +7.5 м, всего 162.8 м
2026-04-13T22:01:41.685173 - Дистанция +5.0 м, всего 167.8 м
2026-04-13T22:01:41.933592 - Дистанция +2.5 м, всего 170.3 м
2026-04-13T22:01:42.937742 - Дистанция +10.0 м, всего 180.2 м
2026-04-13T22:01:44.439039 - Дистанция +15.0 м, всего 195.2 м
2026-04-13T22:01:44.931315 - Дистанция +5.0 м, всего 200.2 м
2026-04-13T22:01:45.187158 - Дистанция +2.5 м, всего 202.7 м
2026-04-13T22:01:45.680617 - Дистанция +5.0 м, всего 207.7 м
2026-04-13T22:01:46.189243 - Дистанция +5.0 м, всего 212.7 м
2026-04-13T22:01:46.436687 - Дистанция +2.5 м, всего 215.2 м
2026-04-13T22:01:46.932360 - Дистанция +5.0 м, всего 220.2 м
2026-04-13T22:01:47.182687 - Дистанция +2.5 м, всего 222.7 м
2026-04-13T22:01:47.430390 - Дистанция +2.5 м, всего 225.2 м
2026-04-13T22:01:48.185393 - Дистанция +7.5 м, всего 232.7 м
2026-04-13T22:01:48.933903 - Дистанция +7.5 м, всего 240.1 м
2026-04-13T22:01:49.189309 - Дистанция +2.5 м, всего 242.6 м
2026-04-13T22:01:49.431182 - Дистанция +2.5 м, всего 245.1 м
2026-04-13T22:01:50.435206 - Дистанция +10.0 м, всего 255.1 м
2026-04-13T22:01:50.934342 - Дистанция +5.0 м, всего 260.2 м
2026-04-13T22:01:51.186989 - Дистанция +2.5 м, всего 262.7 м
2026-04-13T22:01:51.435877 - Дистанция +2.5 м, всего 265.2 м
2026-04-13T22:01:52.184303 - Дистанция +7.5 м, всего 272.7 м
2026-04-13T22:01:52.434663 - Дистанция +2.5 м, всего 275.1 м
2026-04-13T22:01:52.685050 - Дистанция +2.5 м, всего 277.6 м
2026-04-13T22:01:52.934126 - Дистанция +2.5 м, всего 280.1 м
2026-04-13T22:01:53.440396 - Дистанция +5.0 м, всего 285.1 м
2026-04-13T22:01:53.933019 - Дистанция +5.0 м, всего 290.1 м
2026-04-13T22:01:54.681418 - Дистанция +7.5 м, всего 297.5 м
2026-04-13T22:01:54.942796 - Дистанция +2.5 м, всего 300.1 м
2026-04-13T22:01:55.183233 - Дистанция +2.5 м, всего 302.6 м
2026-04-13T22:01:56.184299 - Дистанция +10.0 м, всего 312.6 м
2026-04-13T22:01:56.436575 - Дистанция +2.5 м, всего 315.1 м
2026-04-13T22:01:56.943894 - Дистанция +5.0 м, всего 320.1 м
2026-04-13T22:01:57.435634 - Дистанция +5.0 м, всего 325.1 м
2026-04-13T22:01:57.937105 - Дистанция +5.0 м, всего 330.1 м
2026-04-13T22:01:58.437101 - Дистанция +5.0 м, всего 335.1 м
2026-04-13T22:01:59.686956 - Дистанция +12.5 м, всего 347.5 м
2026-04-13T22:01:59.938443 - Дистанция +2.5 м, всего 350.0 м
2026-04-13T22:02:00.183931 - Дистанция +2.5 м, всего 352.5 м
2026-04-13T22:02:00.434342 - Дистанция +2.5 м, всего 355.0 м
2026-04-13T22:02:00.688302 - Дистанция +2.5 м, всего 357.5 м
2026-04-13T22:02:01.185413 - Дистанция +5.0 м, всего 362.5 м
2026-04-13T22:02:02.185186 - Дистанция +10.0 м, всего 372.5 м
2026-04-13T22:02:02.440429 - Дистанция +2.5 м, всего 375.0 м
2026-04-13T22:02:02.938097 - Дистанция +5.0 м, всего 380.0 м
2026-04-13T22:02:03.439505 - Дистанция +5.0 м, всего 385.0 м
2026-04-13T22:02:03.692144 - Дистанция +2.5 м, всего 387.5 м
2026-04-13T22:02:04.437624 - Дистанция +7.5 м, всего 395.0 м
2026-04-13T22:02:04.690290 - Дистанция +2.5 м, всего 397.5 м
2026-04-13T22:02:04.940080 - Дистанция +2.5 м, всего 400.0 м
2026-04-13T22:02:05.436389 - Дистанция +5.0 м, всего 405.0 м
2026-04-13T22:02:06.940765 - Дистанция +15.0 м, всего 420.0 м
2026-04-13T22:02:07.184411 - Дистанция +2.5 м, всего 422.5 м
2026-04-13T22:02:07.942929 - Дистанция +7.5 м, всего 430.0 м
2026-04-13T22:02:08.435395 - Дистанция +5.0 м, всего 435.0 м
2026-04-13T22:02:08.690623 - Дистанция +2.5 м, всего 437.4 м
2026-04-13T22:02:10.685813 - Дистанция +20.0 м, всего 457.4 м
2026-04-13T22:02:12.078283 - Дистанция +13.9 м, всего 471.3 м
2026-04-13T22:02:13.573568 - Дистанция +15.0 м, всего 486.3 м
2026-04-13T22:02:16.076013 - Дистанция +24.9 м, всего 511.2 м
2026-04-13T22:02:20.074701 - Дистанция +40.0 м, всего 551.2 м
2026-04-13T22:02:20.573959 - Дистанция +5.0 м, всего 556.2 м
2026-04-13T22:02:22.077564 - Дистанция +15.0 м, всего 571.1 м
2026-04-13T22:02:23.686465 - Дистанция +16.1 м, всего 587.3 м
2026-04-13T22:02:23.938644 - Дистанция +2.5 м, всего 589.8 м
2026-04-13T22:02:24.192026 - Дистанция +2.5 м, всего 592.3 м
2026-04-13T22:02:25.192034 - Дистанция +10.0 м, всего 602.2 м
2026-04-13T22:02:25.690432 - Дистанция +5.0 м, всего 607.2 м
2026-04-13T22:02:26.189242 - Дистанция +5.0 м, всего 612.2 м
2026-04-13T22:02:26.687610 - Дистанция +5.0 м, всего 617.2 м
2026-04-13T22:02:27.191834 - Дистанция +5.0 м, всего 622.2 м
2026-04-13T22:02:27.447992 - Дистанция +2.5 м, всего 624.7 м
2026-04-13T22:02:27.947046 - Дистанция +5.0 м, всего 629.7 м
2026-04-13T22:02:28.691656 - Дистанция +6.9 м, всего 636.7 м
2026-04-13T22:02:28.942834 - Дистанция +2.0 м, всего 638.7 м
2026-04-13T22:02:29.443923 - Дистанция +3.6 м, всего 642.3 м
2026-04-13T22:02:29.691811 - Дистанция +1.5 м, всего 643.8 м
2026-04-13T22:02:29.946325 - Дистанция +1.3 м, всего 645.1 м
2026-04-13T22:02:31.188985 - Дистанция +2.8 м, всего 647.9 м
2026-04-13T22:02:32.945121 - Дистанция +1.7 м, всего 649.6 м
2026-04-13T22:02:33.448297 - Дистанция +0.8 м, всего 650.4 м
2026-04-13T22:02:34.192842 - Дистанция +1.6 м, всего 651.9 м
2026-04-13T22:02:34.692490 - Дистанция +1.5 м, всего 653.4 м
2026-04-13T22:02:35.446425 - Дистанция +3.1 м, всего 656.5 м
2026-04-13T22:02:35.697715 - Дистанция +1.3 м, всего 657.8 м
2026-04-13T22:02:36.440933 - Дистанция +4.6 м, всего 662.3 м
2026-04-13T22:02:37.198076 - Дистанция +5.6 м, всего 667.9 м
2026-04-13T22:02:37.447800 - Дистанция +2.0 м, всего 669.9 м
2026-04-13T22:02:37.940002 - Дистанция +4.2 м, всего 674.2 м
2026-04-13T22:02:40.443255 - Дистанция +23.0 м, всего 697.2 м
2026-04-13T22:02:40.695342 - Дистанция +2.4 м, всего 699.6 м
2026-04-13T22:02:41.199999 - Дистанция +4.8 м, всего 704.4 м
2026-04-13T22:02:42.191354 - Дистанция +9.7 м, всего 714.0 м
2026-04-13T22:02:42.945269 - Дистанция +7.3 м, всего 721.4 м
2026-04-13T22:02:43.697846 - Дистанция +7.4 м, всего 728.8 м
2026-04-13T22:02:44.195355 - Дистанция +4.9 м, всего 733.7 м
2026-04-13T22:02:44.946406 - Дистанция +7.4 м, всего 741.1 м
2026-04-13T22:02:45.448130 - Дистанция +5.0 м, всего 746.1 м
2026-04-13T22:02:45.950208 - Дистанция +4.9 м, всего 751.0 м
2026-04-13T22:02:47.446765 - Дистанция +14.9 м, всего 765.9 м
2026-04-13T22:02:49.082194 - Дистанция +16.4 м, всего 782.3 м
2026-04-13T22:02:51.086029 - Дистанция +19.9 м, всего 802.2 м
2026-04-13T22:02:53.948098 - Дистанция +28.6 м, всего 830.8 м
2026-04-13T22:02:54.694777 - Дистанция +7.5 м, всего 838.3 м
2026-04-13T22:02:56.948367 - Дистанция +22.4 м, всего 860.7 м
2026-04-13T22:02:57.194099 - Дистанция +2.5 м, всего 863.2 м
2026-04-13T22:02:57.949471 - Дистанция +7.5 м, всего 870.7 м
2026-04-13T22:02:58.453765 - Дистанция +5.0 м, всего 875.7 м
2026-04-13T22:02:59.696193 - Дистанция +12.5 м, всего 888.2 м
2026-04-13T22:02:59.949540 - Дистанция +2.5 м, всего 890.7 м
2026-04-13T22:03:00.443387 - Дистанция +5.0 м, всего 895.7 м
2026-04-13T22:03:03.204058 - Дистанция +27.4 м, всего 923.1 м
2026-04-13T22:03:03.449417 - Дистанция +2.5 м, всего 925.6 м
2026-04-13T22:03:03.697219 - Дистанция +2.5 м, всего 928.1 м
2026-04-13T22:03:04.945102 - Дистанция +12.5 м, всего 940.7 м
2026-04-13T22:03:05.447782 - Дистанция +5.0 м, всего 945.6 м
2026-04-13T22:03:05.700508 - Дистанция +2.5 м, всего 948.1 м
2026-04-13T22:03:05.954966 - Дистанция +2.5 м, всего 950.7 м
2026-04-13T22:03:06.196210 - Дистанция +2.5 м, всего 953.1 м
2026-04-13T22:03:06.698630 - Дистанция +5.0 м, всего 958.1 м
2026-04-13T22:03:07.948270 - Дистанция +12.5 м, всего 970.6 м
2026-04-13T22:03:08.449139 - Дистанция +5.0 м, всего 975.6 м
2026-04-13T22:03:08.699944 - Дистанция +2.5 м, всего 978.1 м
2026-04-13T22:03:08.953889 - Дистанция +2.5 м, всего 980.6 м
2026-04-13T22:03:09.448155 - Дистанция +5.0 м, всего 985.6 м
2026-04-13T22:03:09.950096 - Дистанция +5.0 м, всего 990.6 м
2026-04-13T22:03:10.202596 - Дистанция +2.5 м, всего 993.1 м
2026-04-13T22:03:10.456365 - Дистанция +2.5 м, всего 995.6 м
2026-04-13T22:03:10.694587 - Дистанция +2.5 м, всего 998.1 м
2026-04-13T22:03:11.446966 - Дистанция +7.5 м, всего 1005.6 м
2026-04-13T22:03:11.702480 - Дистанция +2.5 м, всего 1008.0 м
2026-04-13T22:03:12.199955 - Дистанция +5.0 м, всего 1013.0 м
2026-04-13T22:03:12.450834 - Дистанция +2.5 м, всего 1015.5 м
2026-04-13T22:03:12.702905 - Дистанция +2.5 м, всего 1018.0 м
2026-04-13T22:03:14.949952 - Дистанция +22.5 м, всего 1040.5 м
2026-04-13T22:03:16.449006 - Дистанция +15.0 м, всего 1055.5 м
2026-04-13T22:03:16.945130 - Дистанция +5.0 м, всего 1060.5 м
2026-04-13T22:03:17.202262 - Дистанция +2.5 м, всего 1063.0 м
2026-04-13T22:03:17.451157 - Дистанция +2.5 м, всего 1065.5 м
2026-04-13T22:03:17.697699 - Дистанция +2.5 м, всего 1067.9 м
2026-04-13T22:03:19.204342 - Дистанция +15.0 м, всего 1083.0 м
2026-04-13T22:03:20.200349 - Дистанция +10.0 м, всего 1093.0 м
2026-04-13T22:03:20.451222 - Дистанция +2.5 м, всего 1095.5 м
2026-04-13T22:03:20.702036 - Дистанция +2.5 м, всего 1098.0 м
2026-04-13T22:03:21.696883 - Дистанция +10.0 м, всего 1108.0 м
2026-04-13T22:03:22.702151 - Дистанция +10.0 м, всего 1117.9 м
2026-04-13T22:03:23.195729 - Дистанция +5.0 м, всего 1122.9 м
2026-04-13T22:03:23.698664 - Дистанция +5.0 м, всего 1127.9 м
2026-04-13T22:03:23.958253 - Дистанция +2.5 м, всего 1130.4 м
2026-04-13T22:03:24.197927 - Дистанция +2.5 м, всего 1132.9 м
2026-04-13T22:03:24.703233 - Дистанция +5.0 м, всего 1137.9 м
2026-04-13T22:03:25.199781 - Дистанция +5.0 м, всего 1142.9 м
2026-04-13T22:03:25.952717 - Дистанция +7.5 м, всего 1150.4 м
2026-04-13T22:03:26.202587 - Дистанция +2.5 м, всего 1152.9 м
2026-04-13T22:03:26.448496 - Дистанция +2.5 м, всего 1155.4 м
2026-04-13T22:03:27.085678 - Дистанция +6.4 м, всего 1161.7 м
2026-04-13T22:03:31.587490 - Дистанция +45.0 м, всего 1206.7 м
2026-04-13T22:03:32.092271 - Дистанция +5.0 м, всего 1211.7 м
2026-04-13T22:03:32.589374 - Дистанция +5.0 м, всего 1216.7 м
2026-04-13T22:03:35.085113 - Дистанция +25.0 м, всего 1241.6 м
2026-04-13T22:03:35.586511 - Дистанция +5.0 м, всего 1246.7 м
2026-04-13T22:03:36.089711 - Дистанция +5.0 м, всего 1251.7 м
2026-04-13T22:03:38.088943 - Дистанция +19.9 м, всего 1271.5 м
2026-04-13T22:03:38.703616 - Дистанция +5.7 м, всего 1277.3 м
2026-04-13T22:03:38.948400 - Дистанция +2.2 м, всего 1279.5 м
2026-04-13T22:03:39.201050 - Дистанция +2.2 м, всего 1281.7 м
2026-04-13T22:03:39.954098 - Дистанция +5.7 м, всего 1287.4 м
2026-04-13T22:03:40.204192 - Дистанция +1.6 м, всего 1289.0 м
2026-04-13T22:03:41.703164 - Дистанция +6.3 м, всего 1295.3 м
2026-04-13T22:03:42.955917 - Дистанция +1.2 м, всего 1296.6 м
2026-04-13T22:03:44.459397 - Дистанция +0.3 м, всего 1296.9 м
2026-04-13T22:03:44.954292 - Дистанция +0.1 м, всего 1297.1 м
2026-04-13T22:04:21.889925 - Посадка на высоте 0.4 м.
2026-04-13T22:04:21.900862 - Задание завершено. Успех: False, Дистанция: 1297.5/500.0 м, Время: 240.7 с
2026-04-13T22:04:21.902456 - Evaluator остановлен.
