2026-04-29T20:59:14.590291 - Запущен evaluator для задания e4e431aa-22e7-4fcf-a687-819622c74eb1, тип 2
2026-04-29T20:59:14.590692 - SITL запущен, ожидание инициализации...
2026-04-29T20:59:29.591004 - Подключение к MAVProxy на UDP 14550...
2026-04-29T20:59:30.100214 - Heartbeat получен, соединение установлено.
2026-04-29T20:59:30.100459 - Открытие TCP-сервера на порту 14608...
2026-04-29T20:59:30.100914 - Ожидание подключения Mission Planner на порту 14608
2026-04-29T20:59:30.710164 - Прогресс: взлёт=0% полёт=0% дистанция=0% посадка=0%
2026-04-29T20:59:33.212526 - Прогресс: взлёт=0% полёт=0% дистанция=0% посадка=0%
2026-04-29T20:59:33.476319 - Сбор данных (телеметрия) зафиксирован (критерий 3 выполнен)
2026-04-29T20:59:35.209332 - Прогресс: взлёт=0% полёт=0% дистанция=100% посадка=0%
2026-04-29T20:59:36.863895 - Миссия загружена, количество точек: 6 (критерий 1 выполнен)
2026-04-29T20:59:37.431585 - Прогресс: взлёт=100% полёт=0% дистанция=100% посадка=0%
2026-04-29T20:59:39.445418 - Прогресс: взлёт=100% полёт=0% дистанция=100% посадка=0%
2026-04-29T20:59:41.449136 - Прогресс: взлёт=100% полёт=0% дистанция=100% посадка=0%
2026-04-29T20:59:43.692141 - Прогресс: взлёт=100% полёт=0% дистанция=100% посадка=0%
2026-04-29T20:59:45.783001 - Прогресс: взлёт=100% полёт=0% дистанция=100% посадка=0%
2026-04-29T20:59:48.314066 - Прогресс: взлёт=100% полёт=0% дистанция=100% посадка=0%
2026-04-29T20:59:50.515763 - Прогресс: взлёт=100% полёт=0% дистанция=100% посадка=0%
2026-04-29T20:59:52.513030 - Прогресс: взлёт=100% полёт=0% дистанция=100% посадка=0%
2026-04-29T20:59:54.610622 - Прогресс: взлёт=100% полёт=0% дистанция=100% посадка=0%
2026-04-29T20:59:56.861284 - Прогресс: взлёт=100% полёт=0% дистанция=100% посадка=0%
2026-04-29T20:59:58.862896 - Прогресс: взлёт=100% полёт=0% дистанция=100% посадка=0%
2026-04-29T21:00:00.870507 - Прогресс: взлёт=100% полёт=0% дистанция=100% посадка=0%
2026-04-29T21:00:02.863701 - Прогресс: взлёт=100% полёт=0% дистанция=100% посадка=0%
2026-04-29T21:00:05.105633 - Прогресс: взлёт=100% полёт=0% дистанция=100% посадка=0%
2026-04-29T21:00:05.174394 - Режим AUTO активирован
2026-04-29T21:00:07.104227 - Прогресс: взлёт=100% полёт=0% дистанция=100% посадка=0%
2026-04-29T21:00:09.112702 - Прогресс: взлёт=100% полёт=0% дистанция=100% посадка=0%
2026-04-29T21:00:11.102878 - Прогресс: взлёт=100% полёт=16% дистанция=100% посадка=0%
2026-04-29T21:00:13.102405 - Прогресс: взлёт=100% полёт=16% дистанция=100% посадка=0%
2026-04-29T21:00:15.101749 - Прогресс: взлёт=100% полёт=16% дистанция=100% посадка=0%
2026-04-29T21:00:17.112540 - Прогресс: взлёт=100% полёт=16% дистанция=100% посадка=0%
2026-04-29T21:00:19.171873 - Прогресс: взлёт=100% полёт=16% дистанция=100% посадка=0%
2026-04-29T21:00:21.181402 - Прогресс: взлёт=100% полёт=16% дистанция=100% посадка=0%
2026-04-29T21:00:23.176730 - Прогресс: взлёт=100% полёт=16% дистанция=100% посадка=0%
2026-04-29T21:00:25.264311 - Прогресс: взлёт=100% полёт=16% дистанция=100% посадка=0%
2026-04-29T21:00:27.374343 - Прогресс: взлёт=100% полёт=16% дистанция=100% посадка=0%
2026-04-29T21:00:29.372047 - Прогресс: взлёт=100% полёт=16% дистанция=100% посадка=0%
2026-04-29T21:00:31.388561 - Прогресс: взлёт=100% полёт=16% дистанция=100% посадка=0%
2026-04-29T21:00:33.427333 - Прогресс: взлёт=100% полёт=16% дистанция=100% посадка=0%
2026-04-29T21:00:35.431134 - Прогресс: взлёт=100% полёт=16% дистанция=100% посадка=0%
2026-04-29T21:00:37.680320 - Прогресс: взлёт=100% полёт=33% дистанция=100% посадка=0%
2026-04-29T21:00:39.683882 - Прогресс: взлёт=100% полёт=33% дистанция=100% посадка=0%
2026-04-29T21:00:41.689535 - Прогресс: взлёт=100% полёт=33% дистанция=100% посадка=0%
2026-04-29T21:00:43.690681 - Прогресс: взлёт=100% полёт=33% дистанция=100% посадка=0%
2026-04-29T21:00:45.709502 - Прогресс: взлёт=100% полёт=33% дистанция=100% посадка=0%
2026-04-29T21:00:47.935521 - Прогресс: взлёт=100% полёт=33% дистанция=100% посадка=0%
2026-04-29T21:00:49.938232 - Прогресс: взлёт=100% полёт=33% дистанция=100% посадка=0%
2026-04-29T21:00:52.273029 - Прогресс: взлёт=100% полёт=50% дистанция=100% посадка=0%
2026-04-29T21:00:54.270696 - Прогресс: взлёт=100% полёт=50% дистанция=100% посадка=0%
2026-04-29T21:00:56.275266 - Прогресс: взлёт=100% полёт=50% дистанция=100% посадка=0%
2026-04-29T21:00:58.284553 - Прогресс: взлёт=100% полёт=50% дистанция=100% посадка=0%
2026-04-29T21:01:00.274320 - Прогресс: взлёт=100% полёт=50% дистанция=100% посадка=0%
2026-04-29T21:01:02.352194 - Прогресс: взлёт=100% полёт=50% дистанция=100% посадка=0%
2026-04-29T21:01:04.390355 - Прогресс: взлёт=100% полёт=66% дистанция=100% посадка=0%
2026-04-29T21:01:06.530232 - Прогресс: взлёт=100% полёт=66% дистанция=100% посадка=0%
2026-04-29T21:01:08.522478 - Прогресс: взлёт=100% полёт=66% дистанция=100% посадка=0%
2026-04-29T21:01:10.525478 - Прогресс: взлёт=100% полёт=66% дистанция=100% посадка=0%
2026-04-29T21:01:12.527702 - Прогресс: взлёт=100% полёт=66% дистанция=100% посадка=0%
2026-04-29T21:01:14.529965 - Прогресс: взлёт=100% полёт=66% дистанция=100% посадка=0%
2026-04-29T21:01:16.525931 - Прогресс: взлёт=100% полёт=66% дистанция=100% посадка=0%
2026-04-29T21:01:18.526402 - Прогресс: взлёт=100% полёт=83% дистанция=100% посадка=0%
2026-04-29T21:01:20.525109 - Прогресс: взлёт=100% полёт=83% дистанция=100% посадка=0%
2026-04-29T21:01:22.530729 - Прогресс: взлёт=100% полёт=83% дистанция=100% посадка=0%
2026-04-29T21:01:25.593538 - Прогресс: взлёт=100% полёт=83% дистанция=100% посадка=0%
2026-04-29T21:01:27.589058 - Прогресс: взлёт=100% полёт=83% дистанция=100% посадка=0%
2026-04-29T21:01:29.589312 - Прогресс: взлёт=100% полёт=83% дистанция=100% посадка=0%
2026-04-29T21:01:31.593844 - Прогресс: взлёт=100% полёт=83% дистанция=100% посадка=0%
2026-04-29T21:01:33.594020 - Прогресс: взлёт=100% полёт=83% дистанция=100% посадка=0%
2026-04-29T21:01:35.593189 - Прогресс: взлёт=100% полёт=83% дистанция=100% посадка=0%
2026-04-29T21:01:37.598302 - Прогресс: взлёт=100% полёт=83% дистанция=100% посадка=0%
2026-04-29T21:01:39.841817 - Прогресс: взлёт=100% полёт=83% дистанция=100% посадка=0%
2026-04-29T21:01:41.845226 - Прогресс: взлёт=100% полёт=83% дистанция=100% посадка=0%
2026-04-29T21:01:43.845378 - Прогресс: взлёт=100% полёт=83% дистанция=100% посадка=0%
2026-04-29T21:01:45.850299 - Прогресс: взлёт=100% полёт=83% дистанция=100% посадка=0%
2026-04-29T21:01:47.856950 - Прогресс: взлёт=100% полёт=83% дистанция=100% посадка=0%
2026-04-29T21:01:50.024182 - Прогресс: взлёт=100% полёт=83% дистанция=100% посадка=0%
2026-04-29T21:01:52.110206 - Прогресс: взлёт=100% полёт=83% дистанция=100% посадка=0%
2026-04-29T21:01:54.102445 - Прогресс: взлёт=100% полёт=83% дистанция=100% посадка=0%
2026-04-29T21:01:56.107941 - Прогресс: взлёт=100% полёт=83% дистанция=100% посадка=0%
2026-04-29T21:01:58.106692 - Прогресс: взлёт=100% полёт=83% дистанция=100% посадка=0%
2026-04-29T21:02:00.108225 - Прогресс: взлёт=100% полёт=83% дистанция=100% посадка=0%
2026-04-29T21:02:02.115905 - Прогресс: взлёт=100% полёт=83% дистанция=100% посадка=0%
2026-04-29T21:02:04.115288 - Прогресс: взлёт=100% полёт=83% дистанция=100% посадка=0%
2026-04-29T21:02:06.118820 - Прогресс: взлёт=100% полёт=83% дистанция=100% посадка=0%
2026-04-29T21:02:08.347189 - Прогресс: взлёт=100% полёт=83% дистанция=100% посадка=0%
2026-04-29T21:02:10.348061 - Прогресс: взлёт=100% полёт=83% дистанция=100% посадка=0%
2026-04-29T21:02:12.347129 - Прогресс: взлёт=100% полёт=83% дистанция=100% посадка=0%
2026-04-29T21:02:14.525272 - Прогресс: взлёт=100% полёт=83% дистанция=100% посадка=0%
2026-04-29T21:02:16.764914 - Прогресс: взлёт=100% полёт=83% дистанция=100% посадка=0%
2026-04-29T21:02:18.947736 - Прогресс: взлёт=100% полёт=83% дистанция=100% посадка=0%
2026-04-29T21:02:20.958567 - Прогресс: взлёт=100% полёт=83% дистанция=100% посадка=0%
2026-04-29T21:02:23.027256 - Прогресс: взлёт=100% полёт=83% дистанция=100% посадка=0%
2026-04-29T21:02:25.020074 - Прогресс: взлёт=100% полёт=83% дистанция=100% посадка=0%
2026-04-29T21:02:27.035096 - Прогресс: взлёт=100% полёт=83% дистанция=100% посадка=0%
2026-04-29T21:02:29.042614 - Прогресс: взлёт=100% полёт=83% дистанция=100% посадка=0%
2026-04-29T21:02:31.040716 - Прогресс: взлёт=100% полёт=83% дистанция=100% посадка=0%
2026-04-29T21:02:33.039786 - Прогресс: взлёт=100% полёт=83% дистанция=100% посадка=0%
2026-04-29T21:02:35.047370 - Прогресс: взлёт=100% полёт=83% дистанция=100% посадка=0%
2026-04-29T21:02:37.277883 - Прогресс: взлёт=100% полёт=83% дистанция=100% посадка=0%
2026-04-29T21:02:39.274527 - Прогресс: взлёт=100% полёт=83% дистанция=100% посадка=0%
2026-04-29T21:02:41.271934 - Прогресс: взлёт=100% полёт=83% дистанция=100% посадка=0%
2026-04-29T21:02:43.282069 - Прогресс: взлёт=100% полёт=83% дистанция=100% посадка=0%
2026-04-29T21:02:45.288219 - Прогресс: взлёт=100% полёт=83% дистанция=100% посадка=0%
2026-04-29T21:02:47.797098 - Прогресс: взлёт=100% полёт=83% дистанция=100% посадка=0%
2026-04-29T21:02:49.805391 - Прогресс: взлёт=100% полёт=83% дистанция=100% посадка=0%
2026-04-29T21:02:51.798789 - Прогресс: взлёт=100% полёт=83% дистанция=100% посадка=0%
2026-04-29T21:02:53.813817 - Прогресс: взлёт=100% полёт=83% дистанция=100% посадка=0%
2026-04-29T21:02:55.805233 - Прогресс: взлёт=100% полёт=83% дистанция=100% посадка=0%
2026-04-29T21:02:57.989752 - Прогресс: взлёт=100% полёт=83% дистанция=100% посадка=0%
2026-04-29T21:02:59.994473 - Прогресс: взлёт=100% полёт=83% дистанция=100% посадка=0%
2026-04-29T21:03:02.002429 - Прогресс: взлёт=100% полёт=83% дистанция=100% посадка=0%
2026-04-29T21:03:04.064961 - Прогресс: взлёт=100% полёт=83% дистанция=100% посадка=0%
2026-04-29T21:03:06.062796 - Прогресс: взлёт=100% полёт=83% дистанция=100% посадка=0%
2026-04-29T21:03:08.059296 - Прогресс: взлёт=100% полёт=83% дистанция=100% посадка=0%
2026-04-29T21:03:10.069924 - Прогресс: взлёт=100% полёт=83% дистанция=100% посадка=0%
2026-04-29T21:03:12.058269 - Прогресс: взлёт=100% полёт=83% дистанция=100% посадка=0%
2026-04-29T21:03:14.064101 - Прогресс: взлёт=100% полёт=83% дистанция=100% посадка=0%
2026-04-29T21:03:16.063859 - Прогресс: взлёт=100% полёт=83% дистанция=100% посадка=0%
2026-04-29T21:03:18.063225 - Прогресс: взлёт=100% полёт=83% дистанция=100% посадка=0%
2026-04-29T21:03:21.020584 - Прогресс: взлёт=100% полёт=83% дистанция=100% посадка=0%
2026-04-29T21:03:23.080698 - Прогресс: взлёт=100% полёт=83% дистанция=100% посадка=0%
2026-04-29T21:03:25.081824 - Прогресс: взлёт=100% полёт=83% дистанция=100% посадка=0%
2026-04-29T21:03:27.101444 - Прогресс: взлёт=100% полёт=83% дистанция=100% посадка=0%
2026-04-29T21:03:29.093703 - Прогресс: взлёт=100% полёт=83% дистанция=100% посадка=0%
2026-04-29T21:03:31.331237 - Прогресс: взлёт=100% полёт=83% дистанция=100% посадка=0%
2026-04-29T21:03:33.336022 - Прогресс: взлёт=100% полёт=83% дистанция=100% посадка=0%
2026-04-29T21:03:35.343469 - Прогресс: взлёт=100% полёт=83% дистанция=100% посадка=0%
2026-04-29T21:03:37.339512 - Прогресс: взлёт=100% полёт=83% дистанция=100% посадка=0%
2026-04-29T21:03:39.341510 - Прогресс: взлёт=100% полёт=83% дистанция=100% посадка=0%
2026-04-29T21:03:41.352391 - Прогресс: взлёт=100% полёт=83% дистанция=100% посадка=0%
2026-04-29T21:03:43.350328 - Прогресс: взлёт=100% полёт=83% дистанция=100% посадка=0%
2026-04-29T21:03:45.366374 - Прогресс: взлёт=100% полёт=83% дистанция=100% посадка=0%
2026-04-29T21:03:47.368073 - Прогресс: взлёт=100% полёт=83% дистанция=100% посадка=0%
2026-04-29T21:03:49.376343 - Прогресс: взлёт=100% полёт=83% дистанция=100% посадка=0%
2026-04-29T21:03:51.527992 - Прогресс: взлёт=100% полёт=83% дистанция=100% посадка=0%
2026-04-29T21:03:54.375993 - Прогресс: взлёт=100% полёт=83% дистанция=100% посадка=0%
2026-04-29T21:03:56.373501 - Прогресс: взлёт=100% полёт=83% дистанция=100% посадка=0%
2026-04-29T21:03:58.379860 - Прогресс: взлёт=100% полёт=83% дистанция=100% посадка=0%
2026-04-29T21:04:00.385393 - Прогресс: взлёт=100% полёт=83% дистанция=100% посадка=0%
2026-04-29T21:04:02.632660 - Прогресс: взлёт=100% полёт=83% дистанция=100% посадка=0%
2026-04-29T21:04:04.639003 - Прогресс: взлёт=100% полёт=83% дистанция=100% посадка=0%
2026-04-29T21:04:06.636986 - Прогресс: взлёт=100% полёт=83% дистанция=100% посадка=0%
2026-04-29T21:04:08.639218 - Прогресс: взлёт=100% полёт=83% дистанция=100% посадка=0%
2026-04-29T21:04:10.881662 - Прогресс: взлёт=100% полёт=83% дистанция=100% посадка=0%
2026-04-29T21:04:12.883342 - Прогресс: взлёт=100% полёт=83% дистанция=100% посадка=0%
2026-04-29T21:04:14.953395 - Прогресс: взлёт=100% полёт=83% дистанция=100% посадка=0%
2026-04-29T21:04:17.055740 - Прогресс: взлёт=100% полёт=83% дистанция=100% посадка=0%
2026-04-29T21:04:19.055214 - Прогресс: взлёт=100% полёт=83% дистанция=100% посадка=0%
2026-04-29T21:04:21.056427 - Прогресс: взлёт=100% полёт=83% дистанция=100% посадка=0%
2026-04-29T21:04:23.121286 - Прогресс: взлёт=100% полёт=83% дистанция=100% посадка=0%
2026-04-29T21:04:25.123368 - Прогресс: взлёт=100% полёт=83% дистанция=100% посадка=0%
2026-04-29T21:04:27.649990 - Прогресс: взлёт=100% полёт=83% дистанция=100% посадка=0%
2026-04-29T21:04:29.661228 - Прогресс: взлёт=100% полёт=83% дистанция=100% посадка=0%
2026-04-29T21:04:31.651772 - Прогресс: взлёт=100% полёт=83% дистанция=100% посадка=0%
2026-04-29T21:04:33.905235 - Прогресс: взлёт=100% полёт=83% дистанция=100% посадка=0%
2026-04-29T21:04:48.281573 - Прогресс: взлёт=100% полёт=83% дистанция=100% посадка=0%
2026-04-29T21:04:50.291316 - Прогресс: взлёт=100% полёт=83% дистанция=100% посадка=0%
2026-04-29T21:04:52.400554 - Прогресс: взлёт=100% полёт=83% дистанция=100% посадка=0%
2026-04-29T21:04:54.891689 - Прогресс: взлёт=100% полёт=83% дистанция=100% посадка=0%
2026-04-29T21:04:57.284540 - Прогресс: взлёт=100% полёт=83% дистанция=100% посадка=0%
2026-04-29T21:07:32.420671 - Прогресс: взлёт=100% полёт=83% дистанция=100% посадка=0%
2026-04-29T21:07:34.486746 - Прогресс: взлёт=100% полёт=83% дистанция=100% посадка=0%
2026-04-29T21:07:36.490452 - Прогресс: взлёт=100% полёт=83% дистанция=100% посадка=0%
2026-04-29T21:07:38.492818 - Прогресс: взлёт=100% полёт=83% дистанция=100% посадка=0%
2026-04-29T21:07:40.491404 - Прогресс: взлёт=100% полёт=83% дистанция=100% посадка=0%
2026-04-29T21:07:42.496590 - Прогресс: взлёт=100% полёт=83% дистанция=100% посадка=0%
2026-04-29T21:07:44.496547 - Прогресс: взлёт=100% полёт=83% дистанция=100% посадка=0%
2026-04-29T21:07:47.222330 - Прогресс: взлёт=100% полёт=83% дистанция=100% посадка=0%
2026-04-29T21:07:49.212491 - Прогресс: взлёт=100% полёт=83% дистанция=100% посадка=0%
2026-04-29T21:07:51.214641 - Прогресс: взлёт=100% полёт=83% дистанция=100% посадка=0%
2026-04-29T21:07:53.381478 - Прогресс: взлёт=100% полёт=83% дистанция=100% посадка=0%
2026-04-29T21:07:55.476128 - Прогресс: взлёт=100% полёт=83% дистанция=100% посадка=0%
2026-04-29T21:07:57.471445 - Прогресс: взлёт=100% полёт=83% дистанция=100% посадка=0%
2026-04-29T21:07:59.481462 - Прогресс: взлёт=100% полёт=83% дистанция=100% посадка=0%
2026-04-29T21:08:01.476993 - Прогресс: взлёт=100% полёт=83% дистанция=100% посадка=0%
2026-04-29T21:08:03.712818 - Прогресс: взлёт=100% полёт=83% дистанция=100% посадка=0%
2026-04-29T21:08:05.712110 - Прогресс: взлёт=100% полёт=83% дистанция=100% посадка=0%
2026-04-29T21:08:07.710317 - Прогресс: взлёт=100% полёт=83% дистанция=100% посадка=0%
2026-04-29T21:08:09.715720 - Прогресс: взлёт=100% полёт=83% дистанция=100% посадка=0%
2026-04-29T21:08:11.965849 - Прогресс: взлёт=100% полёт=83% дистанция=100% посадка=0%
2026-04-29T21:08:13.966519 - Прогресс: взлёт=100% полёт=83% дистанция=100% посадка=0%
2026-04-29T21:08:15.982743 - Прогресс: взлёт=100% полёт=83% дистанция=100% посадка=0%
2026-04-29T21:08:18.215768 - Прогресс: взлёт=100% полёт=83% дистанция=100% посадка=0%
2026-04-29T21:08:20.472569 - Прогресс: взлёт=100% полёт=83% дистанция=100% посадка=0%
2026-04-29T21:08:22.473320 - Прогресс: взлёт=100% полёт=83% дистанция=100% посадка=0%
2026-04-29T21:08:24.488574 - Прогресс: взлёт=100% полёт=83% дистанция=100% посадка=0%
2026-04-29T21:08:26.483664 - Прогресс: взлёт=100% полёт=83% дистанция=100% посадка=0%
2026-04-29T21:08:28.483170 - Прогресс: взлёт=100% полёт=83% дистанция=100% посадка=0%
2026-04-29T21:08:30.723117 - Прогресс: взлёт=100% полёт=83% дистанция=100% посадка=0%
2026-04-29T21:08:32.745651 - Прогресс: взлёт=100% полёт=83% дистанция=100% посадка=0%
2026-04-29T21:08:34.974342 - Прогресс: взлёт=100% полёт=83% дистанция=100% посадка=0%
2026-04-29T21:08:36.990740 - Прогресс: взлёт=100% полёт=83% дистанция=100% посадка=0%
2026-04-29T21:08:38.997199 - Прогресс: взлёт=100% полёт=83% дистанция=100% посадка=0%
2026-04-29T21:08:40.995606 - Прогресс: взлёт=100% полёт=83% дистанция=100% посадка=0%
2026-04-29T21:08:42.997668 - Прогресс: взлёт=100% полёт=83% дистанция=100% посадка=0%
2026-04-29T21:08:45.008620 - Прогресс: взлёт=100% полёт=83% дистанция=100% посадка=0%
2026-04-29T21:08:46.999044 - Прогресс: взлёт=100% полёт=83% дистанция=100% посадка=0%
2026-04-29T21:08:49.010381 - Прогресс: взлёт=100% полёт=83% дистанция=100% посадка=0%
2026-04-29T21:08:51.232935 - Прогресс: взлёт=100% полёт=83% дистанция=100% посадка=0%
2026-04-29T21:08:53.750351 - Прогресс: взлёт=100% полёт=83% дистанция=100% посадка=0%
2026-04-29T21:08:55.752887 - Прогресс: взлёт=100% полёт=83% дистанция=100% посадка=0%
2026-04-29T21:08:57.747491 - Прогресс: взлёт=100% полёт=83% дистанция=100% посадка=0%
2026-04-29T21:08:59.751401 - Прогресс: взлёт=100% полёт=83% дистанция=100% посадка=0%
2026-04-29T21:09:01.757330 - Прогресс: взлёт=100% полёт=83% дистанция=100% посадка=0%
2026-04-29T21:09:03.760988 - Прогресс: взлёт=100% полёт=83% дистанция=100% посадка=0%
2026-04-29T21:09:05.760310 - Прогресс: взлёт=100% полёт=83% дистанция=100% посадка=0%
2026-04-29T21:09:07.764911 - Прогресс: взлёт=100% полёт=83% дистанция=100% посадка=0%
2026-04-29T21:09:09.765859 - Прогресс: взлёт=100% полёт=83% дистанция=100% посадка=0%
2026-04-29T21:09:11.763067 - Прогресс: взлёт=100% полёт=83% дистанция=100% посадка=0%
2026-04-29T21:09:14.000882 - Прогресс: взлёт=100% полёт=83% дистанция=100% посадка=0%
2026-04-29T21:09:15.999115 - Прогресс: взлёт=100% полёт=83% дистанция=100% посадка=0%
2026-04-29T21:09:18.000394 - Прогресс: взлёт=100% полёт=83% дистанция=100% посадка=0%
2026-04-29T21:09:20.008508 - Прогресс: взлёт=100% полёт=83% дистанция=100% посадка=0%
2026-04-29T21:09:22.012893 - Прогресс: взлёт=100% полёт=83% дистанция=100% посадка=0%
2026-04-29T21:09:24.014931 - Прогресс: взлёт=100% полёт=83% дистанция=100% посадка=0%
2026-04-29T21:09:27.031592 - Прогресс: взлёт=100% полёт=83% дистанция=100% посадка=0%
2026-04-29T21:09:29.052162 - Прогресс: взлёт=100% полёт=83% дистанция=100% посадка=0%
2026-04-29T21:09:31.271711 - Прогресс: взлёт=100% полёт=83% дистанция=100% посадка=0%
2026-04-29T21:09:33.287597 - Прогресс: взлёт=100% полёт=83% дистанция=100% посадка=0%
2026-04-29T21:09:35.283084 - Прогресс: взлёт=100% полёт=83% дистанция=100% посадка=0%
2026-04-29T21:09:37.441477 - Прогресс: взлёт=100% полёт=83% дистанция=100% посадка=0%
2026-04-29T21:09:39.446927 - Прогресс: взлёт=100% полёт=83% дистанция=100% посадка=0%
2026-04-29T21:09:41.528441 - Прогресс: взлёт=100% полёт=83% дистанция=100% посадка=0%
2026-04-29T21:09:43.525387 - Прогресс: взлёт=100% полёт=83% дистанция=100% посадка=0%
2026-04-29T21:09:45.540455 - Прогресс: взлёт=100% полёт=83% дистанция=100% посадка=0%
2026-04-29T21:09:47.779543 - Прогресс: взлёт=100% полёт=83% дистанция=100% посадка=0%
2026-04-29T21:09:49.782278 - Прогресс: взлёт=100% полёт=83% дистанция=100% посадка=0%
2026-04-29T21:09:51.779491 - Прогресс: взлёт=100% полёт=83% дистанция=100% посадка=0%
2026-04-29T21:09:53.776143 - Прогресс: взлёт=100% полёт=83% дистанция=100% посадка=0%
2026-04-29T21:09:55.783349 - Прогресс: взлёт=100% полёт=83% дистанция=100% посадка=0%
2026-04-29T21:09:58.021064 - Прогресс: взлёт=100% полёт=83% дистанция=100% посадка=0%
2026-04-29T21:10:00.040692 - Прогресс: взлёт=100% полёт=83% дистанция=100% посадка=0%
2026-04-29T21:10:02.048131 - Прогресс: взлёт=100% полёт=83% дистанция=100% посадка=0%
2026-04-29T21:10:04.274322 - Прогресс: взлёт=100% полёт=83% дистанция=100% посадка=0%
2026-04-29T21:10:06.287021 - Прогресс: взлёт=100% полёт=83% дистанция=100% посадка=0%
2026-04-29T21:10:08.277485 - Прогресс: взлёт=100% полёт=83% дистанция=100% посадка=0%
2026-04-29T21:10:10.286132 - Прогресс: взлёт=100% полёт=83% дистанция=100% посадка=0%
2026-04-29T21:10:12.295876 - Прогресс: взлёт=100% полёт=83% дистанция=100% посадка=0%
2026-04-29T21:10:15.924059 - Прогресс: взлёт=100% полёт=83% дистанция=100% посадка=0%
2026-04-29T21:10:17.920095 - Прогресс: взлёт=100% полёт=83% дистанция=100% посадка=0%
2026-04-29T21:10:19.994053 - Прогресс: взлёт=100% полёт=83% дистанция=100% посадка=0%
2026-04-29T21:10:21.995044 - Прогресс: взлёт=100% полёт=83% дистанция=100% посадка=0%
2026-04-29T21:10:40.383331 - Прогресс: взлёт=100% полёт=83% дистанция=100% посадка=0%
2026-04-29T21:10:42.397158 - Прогресс: взлёт=100% полёт=83% дистанция=100% посадка=0%
2026-04-29T21:10:44.538606 - Прогресс: взлёт=100% полёт=83% дистанция=100% посадка=0%
2026-04-29T21:10:46.539380 - Прогресс: взлёт=100% полёт=83% дистанция=100% посадка=0%
2026-04-29T21:10:49.124681 - Прогресс: взлёт=100% полёт=83% дистанция=100% посадка=0%
2026-04-29T21:14:50.770369 - Прогресс: взлёт=100% полёт=83% дистанция=100% посадка=0%
2026-04-29T21:14:52.773251 - Прогресс: взлёт=100% полёт=83% дистанция=100% посадка=0%
2026-04-29T21:14:54.776160 - Прогресс: взлёт=100% полёт=83% дистанция=100% посадка=0%
2026-04-29T21:14:56.778221 - Прогресс: взлёт=100% полёт=83% дистанция=100% посадка=0%
2026-04-29T21:14:58.781932 - Прогресс: взлёт=100% полёт=83% дистанция=100% посадка=0%
2026-04-29T21:15:00.948143 - Прогресс: взлёт=100% полёт=83% дистанция=100% посадка=0%
2026-04-29T21:15:03.637520 - Прогресс: взлёт=100% полёт=83% дистанция=100% посадка=0%
2026-04-29T21:15:05.026746 - Прогресс: взлёт=100% полёт=83% дистанция=100% посадка=0%
2026-04-29T21:15:07.276204 - Прогресс: взлёт=100% полёт=83% дистанция=100% посадка=0%
2026-04-29T21:15:09.287504 - Прогресс: взлёт=100% полёт=83% дистанция=100% посадка=0%
2026-04-29T21:15:11.298406 - Прогресс: взлёт=100% полёт=83% дистанция=100% посадка=0%
2026-04-29T21:15:13.457817 - Прогресс: взлёт=100% полёт=83% дистанция=100% посадка=0%
2026-04-29T21:15:15.481974 - Прогресс: взлёт=100% полёт=83% дистанция=100% посадка=0%
2026-04-29T21:15:17.490202 - Прогресс: взлёт=100% полёт=83% дистанция=100% посадка=0%
2026-04-29T21:15:19.495299 - Прогресс: взлёт=100% полёт=83% дистанция=100% посадка=0%
2026-04-29T21:15:21.500306 - Прогресс: взлёт=100% полёт=83% дистанция=100% посадка=0%
2026-04-29T21:15:23.546168 - Прогресс: взлёт=100% полёт=83% дистанция=100% посадка=0%
2026-04-29T21:15:25.811615 - Прогресс: взлёт=100% полёт=83% дистанция=100% посадка=0%
2026-04-29T21:15:27.822923 - Прогресс: взлёт=100% полёт=83% дистанция=100% посадка=0%
2026-04-29T21:15:29.826341 - Прогресс: взлёт=100% полёт=83% дистанция=100% посадка=0%
2026-04-29T21:15:31.826424 - Прогресс: взлёт=100% полёт=83% дистанция=100% посадка=0%
2026-04-29T21:15:33.832371 - Прогресс: взлёт=100% полёт=83% дистанция=100% посадка=0%
2026-04-29T21:15:35.838315 - Прогресс: взлёт=100% полёт=83% дистанция=100% посадка=0%
2026-04-29T21:15:38.067616 - Прогресс: взлёт=100% полёт=83% дистанция=100% посадка=0%
2026-04-29T21:15:40.070936 - Прогресс: взлёт=100% полёт=83% дистанция=100% посадка=0%
2026-04-29T21:15:42.070877 - Прогресс: взлёт=100% полёт=83% дистанция=100% посадка=0%
2026-04-29T21:15:44.070222 - Прогресс: взлёт=100% полёт=83% дистанция=100% посадка=0%
2026-04-29T21:15:46.329087 - Прогресс: взлёт=100% полёт=83% дистанция=100% посадка=0%
2026-04-29T21:15:48.526578 - Прогресс: взлёт=100% полёт=83% дистанция=100% посадка=0%
2026-04-29T21:15:50.588699 - Прогресс: взлёт=100% полёт=83% дистанция=100% посадка=0%
2026-04-29T21:15:52.586904 - Прогресс: взлёт=100% полёт=83% дистанция=100% посадка=0%
2026-04-29T21:15:54.593609 - Прогресс: взлёт=100% полёт=83% дистанция=100% посадка=0%
2026-04-29T21:15:56.837104 - Прогресс: взлёт=100% полёт=83% дистанция=100% посадка=0%
2026-04-29T21:15:58.847240 - Прогресс: взлёт=100% полёт=83% дистанция=100% посадка=0%
2026-04-29T21:16:00.840851 - Прогресс: взлёт=100% полёт=83% дистанция=100% посадка=0%
2026-04-29T21:16:02.838010 - Прогресс: взлёт=100% полёт=83% дистанция=100% посадка=0%
2026-04-29T21:16:04.847126 - Прогресс: взлёт=100% полёт=83% дистанция=100% посадка=0%
2026-04-29T21:16:06.843886 - Прогресс: взлёт=100% полёт=83% дистанция=100% посадка=0%
2026-04-29T21:16:09.087887 - Прогресс: взлёт=100% полёт=83% дистанция=100% посадка=0%
2026-04-29T21:16:11.093511 - Прогресс: взлёт=100% полёт=83% дистанция=100% посадка=0%
2026-04-29T21:16:13.348413 - Прогресс: взлёт=100% полёт=83% дистанция=100% посадка=0%
2026-04-29T21:16:15.348155 - Прогресс: взлёт=100% полёт=83% дистанция=100% посадка=0%
2026-04-29T21:16:17.342925 - Прогресс: взлёт=100% полёт=83% дистанция=100% посадка=0%
2026-04-29T21:16:19.354552 - Прогресс: взлёт=100% полёт=83% дистанция=100% посадка=0%
2026-04-29T21:16:21.880192 - Прогресс: взлёт=100% полёт=83% дистанция=100% посадка=0%
2026-04-29T21:16:23.888298 - Прогресс: взлёт=100% полёт=83% дистанция=100% посадка=0%
2026-04-29T21:16:25.881889 - Прогресс: взлёт=100% полёт=83% дистанция=100% посадка=0%
2026-04-29T21:16:27.886219 - Прогресс: взлёт=100% полёт=83% дистанция=100% посадка=0%
2026-04-29T21:16:29.882595 - Прогресс: взлёт=100% полёт=83% дистанция=100% посадка=0%
2026-04-29T21:16:31.883358 - Прогресс: взлёт=100% полёт=83% дистанция=100% посадка=0%
2026-04-29T21:16:34.068108 - Прогресс: взлёт=100% полёт=83% дистанция=100% посадка=0%
2026-04-29T21:16:36.068224 - Прогресс: взлёт=100% полёт=83% дистанция=100% посадка=0%
2026-04-29T21:16:38.072000 - Прогресс: взлёт=100% полёт=83% дистанция=100% посадка=0%
2026-04-29T21:16:40.150382 - Прогресс: взлёт=100% полёт=83% дистанция=100% посадка=0%
2026-04-29T21:16:42.146035 - Прогресс: взлёт=100% полёт=83% дистанция=100% посадка=0%
2026-04-29T21:16:44.145952 - Прогресс: взлёт=100% полёт=83% дистанция=100% посадка=0%
2026-04-29T21:16:46.140128 - Прогресс: взлёт=100% полёт=83% дистанция=100% посадка=0%
2026-04-29T21:16:48.151934 - Прогресс: взлёт=100% полёт=83% дистанция=100% посадка=0%
2026-04-29T21:16:50.145489 - Прогресс: взлёт=100% полёт=83% дистанция=100% посадка=0%
2026-04-29T21:16:52.142395 - Прогресс: взлёт=100% полёт=83% дистанция=100% посадка=0%
2026-04-29T21:16:55.123939 - Прогресс: взлёт=100% полёт=83% дистанция=100% посадка=0%
2026-04-29T21:16:57.124585 - Прогресс: взлёт=100% полёт=83% дистанция=100% посадка=0%
2026-04-29T21:16:59.206628 - Прогресс: взлёт=100% полёт=83% дистанция=100% посадка=0%
2026-04-29T21:17:01.214874 - Прогресс: взлёт=100% полёт=83% дистанция=100% посадка=0%
2026-04-29T21:17:03.442839 - Прогресс: взлёт=100% полёт=83% дистанция=100% посадка=0%
2026-04-29T21:17:05.437572 - Прогресс: взлёт=100% полёт=83% дистанция=100% посадка=0%
2026-04-29T21:17:07.458002 - Прогресс: взлёт=100% полёт=83% дистанция=100% посадка=0%
2026-04-29T21:17:09.464122 - Прогресс: взлёт=100% полёт=83% дистанция=100% посадка=0%
2026-04-29T21:17:11.624536 - Прогресс: взлёт=100% полёт=83% дистанция=100% посадка=0%
2026-04-29T21:17:13.621876 - Прогресс: взлёт=100% полёт=83% дистанция=100% посадка=0%
2026-04-29T21:17:15.627116 - Прогресс: взлёт=100% полёт=83% дистанция=100% посадка=0%
2026-04-29T21:17:31.452307 - Прогресс: взлёт=100% полёт=83% дистанция=100% посадка=0%
2026-04-29T21:17:33.691486 - Прогресс: взлёт=100% полёт=83% дистанция=100% посадка=0%
2026-04-29T21:17:35.757446 - Прогресс: взлёт=100% полёт=83% дистанция=100% посадка=0%
2026-04-29T21:17:37.770091 - Прогресс: взлёт=100% полёт=83% дистанция=100% посадка=0%
2026-04-29T21:17:39.765617 - Прогресс: взлёт=100% полёт=83% дистанция=100% посадка=0%
2026-04-29T21:17:41.767475 - Прогресс: взлёт=100% полёт=83% дистанция=100% посадка=0%
2026-04-29T21:20:55.844020 - Прогресс: взлёт=100% полёт=83% дистанция=100% посадка=0%
2026-04-29T21:20:57.839734 - Прогресс: взлёт=100% полёт=83% дистанция=100% посадка=0%
2026-04-29T21:20:59.842290 - Прогресс: взлёт=100% полёт=83% дистанция=100% посадка=0%
2026-04-29T21:21:01.832756 - Прогресс: взлёт=100% полёт=83% дистанция=100% посадка=0%
2026-04-29T21:21:03.843256 - Прогресс: взлёт=100% полёт=83% дистанция=100% посадка=0%
2026-04-29T21:21:05.852963 - Прогресс: взлёт=100% полёт=83% дистанция=100% посадка=0%
2026-04-29T21:21:08.103239 - Прогресс: взлёт=100% полёт=83% дистанция=100% посадка=0%
2026-04-29T21:21:10.095220 - Прогресс: взлёт=100% полёт=83% дистанция=100% посадка=0%
2026-04-29T21:21:12.101678 - Прогресс: взлёт=100% полёт=83% дистанция=100% посадка=0%
2026-04-29T21:21:14.104422 - Прогресс: взлёт=100% полёт=83% дистанция=100% посадка=0%
2026-04-29T21:21:16.105517 - Прогресс: взлёт=100% полёт=83% дистанция=100% посадка=0%
2026-04-29T21:21:18.102185 - Прогресс: взлёт=100% полёт=83% дистанция=100% посадка=0%
2026-04-29T21:21:20.114672 - Прогресс: взлёт=100% полёт=83% дистанция=100% посадка=0%
2026-04-29T21:21:22.354888 - Прогресс: взлёт=100% полёт=83% дистанция=100% посадка=0%
2026-04-29T21:21:24.369533 - Прогресс: взлёт=100% полёт=83% дистанция=100% посадка=0%
2026-04-29T21:21:26.363544 - Прогресс: взлёт=100% полёт=83% дистанция=100% посадка=0%
2026-04-29T21:21:28.379234 - Прогресс: взлёт=100% полёт=83% дистанция=100% посадка=0%
2026-04-29T21:21:30.374976 - Прогресс: взлёт=100% полёт=83% дистанция=100% посадка=0%
2026-04-29T21:21:32.372171 - Прогресс: взлёт=100% полёт=83% дистанция=100% посадка=0%
2026-04-29T21:21:34.606907 - Прогресс: взлёт=100% полёт=83% дистанция=100% посадка=0%
2026-04-29T21:21:36.619499 - Прогресс: взлёт=100% полёт=83% дистанция=100% посадка=0%
2026-04-29T21:21:38.619439 - Прогресс: взлёт=100% полёт=83% дистанция=100% посадка=0%
2026-04-29T21:21:40.618561 - Прогресс: взлёт=100% полёт=83% дистанция=100% посадка=0%
2026-04-29T21:21:42.621179 - Прогресс: взлёт=100% полёт=83% дистанция=100% посадка=0%
2026-04-29T21:21:44.855218 - Прогресс: взлёт=100% полёт=83% дистанция=100% посадка=0%
2026-04-29T21:21:46.855243 - Прогресс: взлёт=100% полёт=83% дистанция=100% посадка=0%
2026-04-29T21:21:48.855963 - Прогресс: взлёт=100% полёт=83% дистанция=100% посадка=0%
2026-04-29T21:21:50.857346 - Прогресс: взлёт=100% полёт=83% дистанция=100% посадка=0%
2026-04-29T21:21:52.886115 - Прогресс: взлёт=100% полёт=83% дистанция=100% посадка=0%
2026-04-29T21:21:55.140188 - Прогресс: взлёт=100% полёт=83% дистанция=100% посадка=0%
2026-04-29T21:21:57.137178 - Прогресс: взлёт=100% полёт=83% дистанция=100% посадка=0%
2026-04-29T21:21:59.148115 - Прогресс: взлёт=100% полёт=83% дистанция=100% посадка=0%
2026-04-29T21:22:01.395379 - Прогресс: взлёт=100% полёт=83% дистанция=100% посадка=0%
2026-04-29T21:22:03.400789 - Прогресс: взлёт=100% полёт=83% дистанция=100% посадка=0%
2026-04-29T21:22:05.399853 - Прогресс: взлёт=100% полёт=83% дистанция=100% посадка=0%
2026-04-29T21:22:07.400842 - Прогресс: взлёт=100% полёт=83% дистанция=100% посадка=0%
2026-04-29T21:22:09.406931 - Прогресс: взлёт=100% полёт=83% дистанция=100% посадка=0%
2026-04-29T21:22:11.435530 - Прогресс: взлёт=100% полёт=83% дистанция=100% посадка=0%
2026-04-29T21:22:13.650530 - Прогресс: взлёт=100% полёт=83% дистанция=100% посадка=0%
2026-04-29T21:22:15.648100 - Прогресс: взлёт=100% полёт=83% дистанция=100% посадка=0%
2026-04-29T21:22:17.650294 - Прогресс: взлёт=100% полёт=83% дистанция=100% посадка=0%
2026-04-29T21:22:19.653758 - Прогресс: взлёт=100% полёт=83% дистанция=100% посадка=0%
2026-04-29T21:22:21.903369 - Прогресс: взлёт=100% полёт=83% дистанция=100% посадка=0%
2026-04-29T21:22:23.901632 - Прогресс: взлёт=100% полёт=83% дистанция=100% посадка=0%
2026-04-29T21:22:26.186090 - Прогресс: взлёт=100% полёт=83% дистанция=100% посадка=0%
2026-04-29T21:22:28.187781 - Прогресс: взлёт=100% полёт=83% дистанция=100% посадка=0%
2026-04-29T21:22:30.196547 - Прогресс: взлёт=100% полёт=83% дистанция=100% посадка=0%
2026-04-29T21:22:32.201526 - Прогресс: взлёт=100% полёт=83% дистанция=100% посадка=0%
2026-04-29T21:22:34.441291 - Прогресс: взлёт=100% полёт=83% дистанция=100% посадка=0%
2026-04-29T21:22:36.445607 - Прогресс: взлёт=100% полёт=83% дистанция=100% посадка=0%
2026-04-29T21:22:38.441522 - Прогресс: взлёт=100% полёт=83% дистанция=100% посадка=0%
2026-04-29T21:22:40.445227 - Прогресс: взлёт=100% полёт=83% дистанция=100% посадка=0%
2026-04-29T21:22:42.453984 - Прогресс: взлёт=100% полёт=83% дистанция=100% посадка=0%
2026-04-29T21:22:44.447146 - Прогресс: взлёт=100% полёт=83% дистанция=100% посадка=0%
2026-04-29T21:22:46.689078 - Прогресс: взлёт=100% полёт=83% дистанция=100% посадка=0%
2026-04-29T21:22:48.691905 - Прогресс: взлёт=100% полёт=83% дистанция=100% посадка=0%
2026-04-29T21:22:50.689369 - Прогресс: взлёт=100% полёт=83% дистанция=100% посадка=0%
2026-04-29T21:22:52.694981 - Прогресс: взлёт=100% полёт=83% дистанция=100% посадка=0%
2026-04-29T21:22:54.699165 - Прогресс: взлёт=100% полёт=83% дистанция=100% посадка=0%
2026-04-29T21:22:56.690472 - Прогресс: взлёт=100% полёт=83% дистанция=100% посадка=0%
2026-04-29T21:22:59.495309 - Прогресс: взлёт=100% полёт=83% дистанция=100% посадка=0%
2026-04-29T21:23:01.739368 - Прогресс: взлёт=100% полёт=83% дистанция=100% посадка=0%
2026-04-29T21:23:03.751668 - Прогресс: взлёт=100% полёт=83% дистанция=100% посадка=0%
2026-04-29T21:23:05.745999 - Прогресс: взлёт=100% полёт=83% дистанция=100% посадка=0%
2026-04-29T21:23:07.984976 - Прогресс: взлёт=100% полёт=83% дистанция=100% посадка=0%
