2026-04-29T20:33:20.190473 - Запущен evaluator для задания f07e3efb-4114-497f-97be-fe333bb60f8d, тип 2
2026-04-29T20:33:20.190870 - SITL запущен, ожидание инициализации...
2026-04-29T20:33:35.191048 - Подключение к MAVProxy на UDP 14550...
2026-04-29T20:33:35.610376 - Heartbeat получен, соединение установлено.
2026-04-29T20:33:35.610491 - Открытие TCP-сервера на порту 14603...
2026-04-29T20:33:35.610784 - Ожидание подключения Mission Planner на порту 14603
2026-04-29T20:33:38.033537 - Прогресс: взлёт=0% полёт=0% дистанция=0% посадка=0%
2026-04-29T20:33:38.260259 - Прогресс: взлёт=0% полёт=0% дистанция=0% посадка=0%
2026-04-29T20:33:40.616278 - Прогресс: взлёт=0% полёт=0% дистанция=0% посадка=0%
2026-04-29T20:33:41.991618 - Сбор данных (телеметрия) зафиксирован (критерий 3 выполнен)
2026-04-29T20:33:42.647253 - Прогресс: взлёт=0% полёт=0% дистанция=100% посадка=0%
2026-04-29T20:33:45.521101 - Прогресс: взлёт=0% полёт=0% дистанция=100% посадка=0%
2026-04-29T20:33:47.528015 - Прогресс: взлёт=0% полёт=0% дистанция=100% посадка=0%
2026-04-29T20:33:49.566903 - Прогресс: взлёт=0% полёт=0% дистанция=100% посадка=0%
2026-04-29T20:33:51.643750 - Прогресс: взлёт=0% полёт=0% дистанция=100% посадка=0%
2026-04-29T20:33:53.653779 - Прогресс: взлёт=0% полёт=0% дистанция=100% посадка=0%
2026-04-29T20:33:55.655578 - Прогресс: взлёт=0% полёт=0% дистанция=100% посадка=0%
2026-04-29T20:33:57.659712 - Прогресс: взлёт=0% полёт=0% дистанция=100% посадка=0%
2026-04-29T20:33:59.664970 - Прогресс: взлёт=0% полёт=0% дистанция=100% посадка=0%
2026-04-29T20:34:01.667195 - Прогресс: взлёт=0% полёт=0% дистанция=100% посадка=0%
2026-04-29T20:34:03.663530 - Прогресс: взлёт=0% полёт=0% дистанция=100% посадка=0%
2026-04-29T20:34:05.667683 - Прогресс: взлёт=0% полёт=0% дистанция=100% посадка=0%
2026-04-29T20:34:07.667809 - Прогресс: взлёт=0% полёт=0% дистанция=100% посадка=0%
2026-04-29T20:34:09.677567 - Прогресс: взлёт=0% полёт=0% дистанция=100% посадка=0%
2026-04-29T20:34:11.670547 - Прогресс: взлёт=0% полёт=0% дистанция=100% посадка=0%
2026-04-29T20:34:13.702069 - Прогресс: взлёт=0% полёт=0% дистанция=100% посадка=0%
2026-04-29T20:34:15.914909 - Прогресс: взлёт=0% полёт=0% дистанция=100% посадка=0%
2026-04-29T20:34:18.873278 - Прогресс: взлёт=0% полёт=0% дистанция=100% посадка=0%
2026-04-29T20:34:20.868197 - Прогресс: взлёт=0% полёт=0% дистанция=100% посадка=0%
2026-04-29T20:34:23.122816 - Прогресс: взлёт=0% полёт=0% дистанция=100% посадка=0%
2026-04-29T20:34:25.120395 - Прогресс: взлёт=0% полёт=0% дистанция=100% посадка=0%
2026-04-29T20:34:25.421813 - Миссия загружена, количество точек: 7 (критерий 1 выполнен)
2026-04-29T20:34:27.132383 - Прогресс: взлёт=100% полёт=0% дистанция=100% посадка=0%
2026-04-29T20:34:29.122994 - Прогресс: взлёт=100% полёт=0% дистанция=100% посадка=0%
2026-04-29T20:34:31.115431 - Прогресс: взлёт=100% полёт=0% дистанция=100% посадка=0%
2026-04-29T20:34:33.129561 - Прогресс: взлёт=100% полёт=0% дистанция=100% посадка=0%
2026-04-29T20:34:35.133519 - Прогресс: взлёт=100% полёт=0% дистанция=100% посадка=0%
2026-04-29T20:34:37.122849 - Прогресс: взлёт=100% полёт=0% дистанция=100% посадка=0%
2026-04-29T20:34:39.124127 - Прогресс: взлёт=100% полёт=0% дистанция=100% посадка=0%
2026-04-29T20:34:41.135307 - Прогресс: взлёт=100% полёт=0% дистанция=100% посадка=0%
2026-04-29T20:34:43.134573 - Прогресс: взлёт=100% полёт=0% дистанция=100% посадка=0%
2026-04-29T20:34:45.135075 - Прогресс: взлёт=100% полёт=0% дистанция=100% посадка=0%
2026-04-29T20:34:46.528071 - Режим AUTO активирован
2026-04-29T20:34:47.135360 - Прогресс: взлёт=100% полёт=0% дистанция=100% посадка=0%
2026-04-29T20:34:49.131912 - Прогресс: взлёт=100% полёт=0% дистанция=100% посадка=0%
2026-04-29T20:34:52.130509 - Прогресс: взлёт=100% полёт=0% дистанция=100% посадка=0%
2026-04-29T20:34:54.137666 - Прогресс: взлёт=100% полёт=0% дистанция=100% посадка=0%
2026-04-29T20:34:56.138388 - Прогресс: взлёт=100% полёт=0% дистанция=100% посадка=0%
2026-04-29T20:34:58.145596 - Прогресс: взлёт=100% полёт=0% дистанция=100% посадка=0%
2026-04-29T20:35:00.139724 - Прогресс: взлёт=100% полёт=14% дистанция=100% посадка=0%
2026-04-29T20:35:02.190201 - Прогресс: взлёт=100% полёт=14% дистанция=100% посадка=0%
2026-04-29T20:35:04.185189 - Прогресс: взлёт=100% полёт=14% дистанция=100% посадка=0%
2026-04-29T20:35:06.181929 - Прогресс: взлёт=100% полёт=14% дистанция=100% посадка=0%
2026-04-29T20:35:08.539232 - Прогресс: взлёт=100% полёт=14% дистанция=100% посадка=0%
2026-04-29T20:35:10.623810 - Прогресс: взлёт=100% полёт=14% дистанция=100% посадка=0%
2026-04-29T20:35:12.627413 - Прогресс: взлёт=100% полёт=14% дистанция=100% посадка=0%
2026-04-29T20:35:14.634867 - Прогресс: взлёт=100% полёт=14% дистанция=100% посадка=0%
2026-04-29T20:35:16.631142 - Прогресс: взлёт=100% полёт=14% дистанция=100% посадка=0%
2026-04-29T20:35:18.631227 - Прогресс: взлёт=100% полёт=14% дистанция=100% посадка=0%
2026-04-29T20:35:20.632160 - Прогресс: взлёт=100% полёт=14% дистанция=100% посадка=0%
2026-04-29T20:35:22.635249 - Прогресс: взлёт=100% полёт=14% дистанция=100% посадка=0%
2026-04-29T20:35:25.367406 - Прогресс: взлёт=100% полёт=14% дистанция=100% посадка=0%
2026-04-29T20:35:27.597395 - Прогресс: взлёт=100% полёт=28% дистанция=100% посадка=0%
2026-04-29T20:35:29.600324 - Прогресс: взлёт=100% полёт=28% дистанция=100% посадка=0%
2026-04-29T20:35:31.600985 - Прогресс: взлёт=100% полёт=28% дистанция=100% посадка=0%
2026-04-29T20:35:33.598986 - Прогресс: взлёт=100% полёт=28% дистанция=100% посадка=0%
2026-04-29T20:35:35.607977 - Прогресс: взлёт=100% полёт=28% дистанция=100% посадка=0%
2026-04-29T20:35:37.606112 - Прогресс: взлёт=100% полёт=28% дистанция=100% посадка=0%
2026-04-29T20:35:39.661207 - Прогресс: взлёт=100% полёт=28% дистанция=100% посадка=0%
2026-04-29T20:35:41.658484 - Прогресс: взлёт=100% полёт=42% дистанция=100% посадка=0%
2026-04-29T20:35:43.855275 - Прогресс: взлёт=100% полёт=42% дистанция=100% посадка=0%
2026-04-29T20:35:45.850642 - Прогресс: взлёт=100% полёт=42% дистанция=100% посадка=0%
2026-04-29T20:35:47.862473 - Прогресс: взлёт=100% полёт=42% дистанция=100% посадка=0%
2026-04-29T20:35:49.860519 - Прогресс: взлёт=100% полёт=42% дистанция=100% посадка=0%
2026-04-29T20:35:51.869989 - Прогресс: взлёт=100% полёт=57% дистанция=100% посадка=0%
2026-04-29T20:35:53.872953 - Прогресс: взлёт=100% полёт=57% дистанция=100% посадка=0%
2026-04-29T20:35:55.883658 - Прогресс: взлёт=100% полёт=57% дистанция=100% посадка=0%
2026-04-29T20:35:58.483896 - Прогресс: взлёт=100% полёт=57% дистанция=100% посадка=0%
2026-04-29T20:36:00.487940 - Прогресс: взлёт=100% полёт=57% дистанция=100% посадка=0%
2026-04-29T20:36:02.572339 - Прогресс: взлёт=100% полёт=57% дистанция=100% посадка=0%
2026-04-29T20:36:04.578251 - Прогресс: взлёт=100% полёт=57% дистанция=100% посадка=0%
2026-04-29T20:36:06.583222 - Прогресс: взлёт=100% полёт=71% дистанция=100% посадка=0%
2026-04-29T20:36:08.580509 - Прогресс: взлёт=100% полёт=71% дистанция=100% посадка=0%
2026-04-29T20:36:10.586254 - Прогресс: взлёт=100% полёт=71% дистанция=100% посадка=0%
2026-04-29T20:36:12.624117 - Прогресс: взлёт=100% полёт=71% дистанция=100% посадка=0%
2026-04-29T20:36:14.821106 - Прогресс: взлёт=100% полёт=71% дистанция=100% посадка=0%
2026-04-29T20:36:16.826229 - Прогресс: взлёт=100% полёт=71% дистанция=100% посадка=0%
2026-04-29T20:36:18.830745 - Прогресс: взлёт=100% полёт=71% дистанция=100% посадка=0%
2026-04-29T20:36:21.083110 - Прогресс: взлёт=100% полёт=85% дистанция=100% посадка=0%
2026-04-29T20:36:23.086155 - Прогресс: взлёт=100% полёт=85% дистанция=100% посадка=0%
2026-04-29T20:36:25.142870 - Прогресс: взлёт=100% полёт=85% дистанция=100% посадка=0%
2026-04-29T20:36:27.346911 - Прогресс: взлёт=100% полёт=85% дистанция=100% посадка=0%
2026-04-29T20:36:29.489733 - Прогресс: взлёт=100% полёт=85% дистанция=100% посадка=0%
2026-04-29T20:36:31.807705 - Прогресс: взлёт=100% полёт=85% дистанция=100% посадка=0%
2026-04-29T20:36:33.797319 - Прогресс: взлёт=100% полёт=85% дистанция=100% посадка=0%
2026-04-29T20:36:35.870354 - Прогресс: взлёт=100% полёт=85% дистанция=100% посадка=0%
2026-04-29T20:36:38.080476 - Прогресс: взлёт=100% полёт=85% дистанция=100% посадка=0%
2026-04-29T20:36:40.066984 - Прогресс: взлёт=100% полёт=85% дистанция=100% посадка=0%
2026-04-29T20:36:42.071135 - Прогресс: взлёт=100% полёт=85% дистанция=100% посадка=0%
2026-04-29T20:36:44.102485 - Прогресс: взлёт=100% полёт=85% дистанция=100% посадка=0%
2026-04-29T20:36:46.103685 - Прогресс: взлёт=100% полёт=85% дистанция=100% посадка=0%
2026-04-29T20:36:48.303078 - Прогресс: взлёт=100% полёт=85% дистанция=100% посадка=0%
2026-04-29T20:36:50.312393 - Прогресс: взлёт=100% полёт=85% дистанция=100% посадка=0%
2026-04-29T20:36:52.313932 - Прогресс: взлёт=100% полёт=85% дистанция=100% посадка=0%
2026-04-29T20:36:54.464654 - Прогресс: взлёт=100% полёт=85% дистанция=100% посадка=0%
2026-04-29T20:36:56.559050 - Прогресс: взлёт=100% полёт=85% дистанция=100% посадка=0%
2026-04-29T20:36:58.563607 - Прогресс: взлёт=100% полёт=85% дистанция=100% посадка=0%
2026-04-29T20:37:00.554434 - Прогресс: взлёт=100% полёт=85% дистанция=100% посадка=0%
2026-04-29T20:37:02.564756 - Прогресс: взлёт=100% полёт=85% дистанция=100% посадка=0%
2026-04-29T20:37:04.942690 - Прогресс: взлёт=100% полёт=85% дистанция=100% посадка=0%
2026-04-29T20:37:06.979679 - Прогресс: взлёт=100% полёт=85% дистанция=100% посадка=0%
2026-04-29T20:37:09.192859 - Прогресс: взлёт=100% полёт=85% дистанция=100% посадка=0%
2026-04-29T20:37:11.197494 - Прогресс: взлёт=100% полёт=85% дистанция=100% посадка=0%
2026-04-29T20:37:13.195491 - Прогресс: взлёт=100% полёт=85% дистанция=100% посадка=0%
2026-04-29T20:37:15.441926 - Прогресс: взлёт=100% полёт=85% дистанция=100% посадка=0%
2026-04-29T20:37:17.490865 - Прогресс: взлёт=100% полёт=85% дистанция=100% посадка=0%
2026-04-29T20:37:19.490511 - Прогресс: взлёт=100% полёт=85% дистанция=100% посадка=0%
2026-04-29T20:37:21.699387 - Прогресс: взлёт=100% полёт=85% дистанция=100% посадка=0%
2026-04-29T20:37:23.698730 - Прогресс: взлёт=100% полёт=85% дистанция=100% посадка=0%
2026-04-29T20:37:25.702174 - Прогресс: взлёт=100% полёт=85% дистанция=100% посадка=0%
2026-04-29T20:37:27.707977 - Прогресс: взлёт=100% полёт=85% дистанция=100% посадка=0%
2026-04-29T20:37:29.702214 - Прогресс: взлёт=100% полёт=85% дистанция=100% посадка=0%
2026-04-29T20:37:31.696899 - Прогресс: взлёт=100% полёт=85% дистанция=100% посадка=0%
2026-04-29T20:37:33.943561 - Прогресс: взлёт=100% полёт=85% дистанция=100% посадка=0%
2026-04-29T20:37:35.945211 - Прогресс: взлёт=100% полёт=85% дистанция=100% посадка=0%
2026-04-29T20:37:38.418825 - Прогресс: взлёт=100% полёт=85% дистанция=100% посадка=0%
2026-04-29T20:37:40.484270 - Прогресс: взлёт=100% полёт=85% дистанция=100% посадка=0%
2026-04-29T20:37:42.677796 - Прогресс: взлёт=100% полёт=85% дистанция=100% посадка=0%
2026-04-29T20:37:44.680804 - Прогресс: взлёт=100% полёт=85% дистанция=100% посадка=0%
2026-04-29T20:37:46.667604 - Прогресс: взлёт=100% полёт=85% дистанция=100% посадка=0%
2026-04-29T20:37:48.673928 - Прогресс: взлёт=100% полёт=85% дистанция=100% посадка=0%
2026-04-29T20:37:50.674729 - Прогресс: взлёт=100% полёт=85% дистанция=100% посадка=0%
2026-04-29T20:37:52.917120 - Прогресс: взлёт=100% полёт=85% дистанция=100% посадка=0%
2026-04-29T20:37:54.928963 - Прогресс: взлёт=100% полёт=85% дистанция=100% посадка=0%
2026-04-29T20:37:56.929035 - Прогресс: взлёт=100% полёт=85% дистанция=100% посадка=0%
2026-04-29T20:37:58.933834 - Прогресс: взлёт=100% полёт=85% дистанция=100% посадка=0%
2026-04-29T20:38:01.182713 - Прогресс: взлёт=100% полёт=85% дистанция=100% посадка=0%
2026-04-29T20:38:03.184980 - Прогресс: взлёт=100% полёт=85% дистанция=100% посадка=0%
2026-04-29T20:38:05.194951 - Прогресс: взлёт=100% полёт=85% дистанция=100% посадка=0%
2026-04-29T20:38:07.434094 - Прогресс: взлёт=100% полёт=85% дистанция=100% посадка=0%
2026-04-29T20:38:09.430400 - Прогресс: взлёт=100% полёт=85% дистанция=100% посадка=0%
2026-04-29T20:38:11.520439 - Прогресс: взлёт=100% полёт=85% дистанция=100% посадка=0%
2026-04-29T20:38:13.519093 - Прогресс: взлёт=100% полёт=85% дистанция=100% посадка=0%
2026-04-29T20:38:15.519744 - Прогресс: взлёт=100% полёт=85% дистанция=100% посадка=0%
2026-04-29T20:38:17.536105 - Прогресс: взлёт=100% полёт=85% дистанция=100% посадка=0%
2026-04-29T20:38:19.768528 - Прогресс: взлёт=100% полёт=85% дистанция=100% посадка=0%
2026-04-29T20:38:21.772573 - Прогресс: взлёт=100% полёт=85% дистанция=100% посадка=0%
2026-04-29T20:38:23.768175 - Прогресс: взлёт=100% полёт=85% дистанция=100% посадка=0%
2026-04-29T20:38:25.768112 - Прогресс: взлёт=100% полёт=85% дистанция=100% посадка=0%
2026-04-29T20:38:27.769913 - Прогресс: взлёт=100% полёт=85% дистанция=100% посадка=0%
2026-04-29T20:38:29.793277 - Прогресс: взлёт=100% полёт=85% дистанция=100% посадка=0%
2026-04-29T20:38:31.830248 - Прогресс: взлёт=100% полёт=85% дистанция=100% посадка=0%
2026-04-29T20:38:34.024337 - Прогресс: взлёт=100% полёт=85% дистанция=100% посадка=0%
2026-04-29T20:38:36.033812 - Прогресс: взлёт=100% полёт=85% дистанция=100% посадка=0%
2026-04-29T20:38:38.046695 - Прогресс: взлёт=100% полёт=85% дистанция=100% посадка=0%
2026-04-29T20:38:40.282627 - Прогресс: взлёт=100% полёт=85% дистанция=100% посадка=0%
2026-04-29T20:38:42.279301 - Прогресс: взлёт=100% полёт=85% дистанция=100% посадка=0%
2026-04-29T20:38:44.468510 - Прогресс: взлёт=100% полёт=85% дистанция=100% посадка=0%
2026-04-29T20:38:46.481593 - Прогресс: взлёт=100% полёт=85% дистанция=100% посадка=0%
2026-04-29T20:38:48.481246 - Прогресс: взлёт=100% полёт=85% дистанция=100% посадка=0%
2026-04-29T20:38:50.708089 - Прогресс: взлёт=100% полёт=85% дистанция=100% посадка=0%
2026-04-29T20:38:52.709169 - Прогресс: взлёт=100% полёт=85% дистанция=100% посадка=0%
2026-04-29T20:38:54.717553 - Прогресс: взлёт=100% полёт=85% дистанция=100% посадка=0%
2026-04-29T20:38:56.775126 - Прогресс: взлёт=100% полёт=85% дистанция=100% посадка=0%
2026-04-29T20:38:58.966680 - Прогресс: взлёт=100% полёт=85% дистанция=100% посадка=0%
2026-04-29T20:39:01.228618 - Прогресс: взлёт=100% полёт=85% дистанция=100% посадка=0%
2026-04-29T20:39:03.227845 - Прогресс: взлёт=100% полёт=85% дистанция=100% посадка=0%
2026-04-29T20:39:05.229938 - Прогресс: взлёт=100% полёт=85% дистанция=100% посадка=0%
2026-04-29T20:39:07.230226 - Прогресс: взлёт=100% полёт=85% дистанция=100% посадка=0%
2026-04-29T20:39:09.237368 - Прогресс: взлёт=100% полёт=85% дистанция=100% посадка=0%
2026-04-29T20:39:11.236260 - Прогресс: взлёт=100% полёт=85% дистанция=100% посадка=0%
2026-04-29T20:39:13.233840 - Прогресс: взлёт=100% полёт=85% дистанция=100% посадка=0%
2026-04-29T20:39:15.272801 - Прогресс: взлёт=100% полёт=85% дистанция=100% посадка=0%
2026-04-29T20:39:17.673592 - Прогресс: взлёт=100% полёт=85% дистанция=100% посадка=0%
2026-04-29T20:39:19.679685 - Прогресс: взлёт=100% полёт=85% дистанция=100% посадка=0%
2026-04-29T20:39:21.678394 - Прогресс: взлёт=100% полёт=85% дистанция=100% посадка=0%
2026-04-29T20:39:23.684450 - Прогресс: взлёт=100% полёт=85% дистанция=100% посадка=0%
2026-04-29T20:39:25.684697 - Прогресс: взлёт=100% полёт=85% дистанция=100% посадка=0%
2026-04-29T20:39:27.923856 - Прогресс: взлёт=100% полёт=85% дистанция=100% посадка=0%
2026-04-29T20:39:29.925162 - Прогресс: взлёт=100% полёт=85% дистанция=100% посадка=0%
2026-04-29T20:39:31.933430 - Прогресс: взлёт=100% полёт=85% дистанция=100% посадка=0%
2026-04-29T20:39:33.932528 - Прогресс: взлёт=100% полёт=85% дистанция=100% посадка=0%
2026-04-29T20:39:35.934624 - Прогресс: взлёт=100% полёт=85% дистанция=100% посадка=0%
2026-04-29T20:39:37.932726 - Прогресс: взлёт=100% полёт=85% дистанция=100% посадка=0%
2026-04-29T20:39:39.938644 - Прогресс: взлёт=100% полёт=85% дистанция=100% посадка=0%
2026-04-29T20:39:42.078402 - Прогресс: взлёт=100% полёт=85% дистанция=100% посадка=0%
2026-04-29T20:39:44.169991 - Прогресс: взлёт=100% полёт=85% дистанция=100% посадка=0%
2026-04-29T20:39:46.173776 - Прогресс: взлёт=100% полёт=85% дистанция=100% посадка=0%
2026-04-29T20:39:48.177215 - Прогресс: взлёт=100% полёт=85% дистанция=100% посадка=0%
2026-04-29T20:39:50.888956 - Прогресс: взлёт=100% полёт=85% дистанция=100% посадка=0%
2026-04-29T20:39:52.893961 - Прогресс: взлёт=100% полёт=85% дистанция=100% посадка=0%
2026-04-29T20:39:54.893712 - Прогресс: взлёт=100% полёт=85% дистанция=100% посадка=0%
2026-04-29T20:39:56.885316 - Прогресс: взлёт=100% полёт=85% дистанция=100% посадка=0%
2026-04-29T20:39:58.897674 - Прогресс: взлёт=100% полёт=85% дистанция=100% посадка=0%
2026-04-29T20:40:00.900988 - Прогресс: взлёт=100% полёт=85% дистанция=100% посадка=0%
2026-04-29T20:40:02.897959 - Прогресс: взлёт=100% полёт=85% дистанция=100% посадка=0%
2026-04-29T20:40:05.134064 - Прогресс: взлёт=100% полёт=85% дистанция=100% посадка=0%
2026-04-29T20:40:07.185144 - Прогресс: взлёт=100% полёт=85% дистанция=100% посадка=0%
2026-04-29T20:40:09.186203 - Прогресс: взлёт=100% полёт=85% дистанция=100% посадка=0%
2026-04-29T20:40:11.187873 - Прогресс: взлёт=100% полёт=85% дистанция=100% посадка=0%
2026-04-29T20:40:13.388642 - Прогресс: взлёт=100% полёт=85% дистанция=100% посадка=0%
2026-04-29T20:40:15.403599 - Прогресс: взлёт=100% полёт=85% дистанция=100% посадка=0%
2026-04-29T20:40:17.644152 - Прогресс: взлёт=100% полёт=85% дистанция=100% посадка=0%
2026-04-29T20:40:19.643909 - Прогресс: взлёт=100% полёт=85% дистанция=100% посадка=0%
2026-04-29T20:40:21.645699 - Прогресс: взлёт=100% полёт=85% дистанция=100% посадка=0%
2026-04-29T20:40:23.847964 - Прогресс: взлёт=100% полёт=85% дистанция=100% посадка=0%
2026-04-29T20:40:25.946131 - Прогресс: взлёт=100% полёт=85% дистанция=100% посадка=0%
2026-04-29T20:40:27.940218 - Прогресс: взлёт=100% полёт=85% дистанция=100% посадка=0%
2026-04-29T20:40:29.947695 - Прогресс: взлёт=100% полёт=85% дистанция=100% посадка=0%
2026-04-29T20:40:31.946532 - Прогресс: взлёт=100% полёт=85% дистанция=100% посадка=0%
2026-04-29T20:40:33.953304 - Прогресс: взлёт=100% полёт=85% дистанция=100% посадка=0%
2026-04-29T20:40:35.950756 - Прогресс: взлёт=100% полёт=85% дистанция=100% посадка=0%
2026-04-29T20:40:37.988704 - Прогресс: взлёт=100% полёт=85% дистанция=100% посадка=0%
2026-04-29T20:40:40.189323 - Прогресс: взлёт=100% полёт=85% дистанция=100% посадка=0%
2026-04-29T20:40:42.196252 - Прогресс: взлёт=100% полёт=85% дистанция=100% посадка=0%
2026-04-29T20:40:44.445575 - Прогресс: взлёт=100% полёт=85% дистанция=100% посадка=0%
2026-04-29T20:40:46.445470 - Прогресс: взлёт=100% полёт=85% дистанция=100% посадка=0%
2026-04-29T20:40:48.501976 - Прогресс: взлёт=100% полёт=85% дистанция=100% посадка=0%
2026-04-29T20:40:50.504918 - Прогресс: взлёт=100% полёт=85% дистанция=100% посадка=0%
2026-04-29T20:40:52.496612 - Прогресс: взлёт=100% полёт=85% дистанция=100% посадка=0%
2026-04-29T20:40:54.512674 - Прогресс: взлёт=100% полёт=85% дистанция=100% посадка=0%
2026-04-29T20:40:56.932848 - Прогресс: взлёт=100% полёт=85% дистанция=100% посадка=0%
2026-04-29T20:40:59.118566 - Прогресс: взлёт=100% полёт=85% дистанция=100% посадка=0%
2026-04-29T20:41:01.122421 - Прогресс: взлёт=100% полёт=85% дистанция=100% посадка=0%
2026-04-29T20:41:03.123236 - Прогресс: взлёт=100% полёт=85% дистанция=100% посадка=0%
2026-04-29T20:41:05.123528 - Прогресс: взлёт=100% полёт=85% дистанция=100% посадка=0%
2026-04-29T20:41:07.123212 - Прогресс: взлёт=100% полёт=85% дистанция=100% посадка=0%
2026-04-29T20:41:09.119215 - Прогресс: взлёт=100% полёт=85% дистанция=100% посадка=0%
2026-04-29T20:41:11.121348 - Прогресс: взлёт=100% полёт=85% дистанция=100% посадка=0%
2026-04-29T20:41:13.121400 - Прогресс: взлёт=100% полёт=85% дистанция=100% посадка=0%
2026-04-29T20:41:15.124660 - Прогресс: взлёт=100% полёт=85% дистанция=100% посадка=0%
2026-04-29T20:41:17.131776 - Прогресс: взлёт=100% полёт=85% дистанция=100% посадка=0%
2026-04-29T20:41:19.374226 - Прогресс: взлёт=100% полёт=85% дистанция=100% посадка=0%
2026-04-29T20:41:21.428482 - Прогресс: взлёт=100% полёт=85% дистанция=100% посадка=0%
2026-04-29T20:41:23.424382 - Прогресс: взлёт=100% полёт=85% дистанция=100% посадка=0%
2026-04-29T20:41:25.437853 - Прогресс: взлёт=100% полёт=85% дистанция=100% посадка=0%
2026-04-29T20:41:27.623123 - Прогресс: взлёт=100% полёт=85% дистанция=100% посадка=0%
2026-04-29T20:41:30.234565 - Прогресс: взлёт=100% полёт=85% дистанция=100% посадка=0%
2026-04-29T20:41:32.247359 - Прогресс: взлёт=100% полёт=85% дистанция=100% посадка=0%
2026-04-29T20:41:34.259059 - Прогресс: взлёт=100% полёт=85% дистанция=100% посадка=0%
2026-04-29T20:41:36.256348 - Прогресс: взлёт=100% полёт=85% дистанция=100% посадка=0%
2026-04-29T20:41:38.287836 - Прогресс: взлёт=100% полёт=85% дистанция=100% посадка=0%
2026-04-29T20:41:40.486909 - Прогресс: взлёт=100% полёт=85% дистанция=100% посадка=0%
2026-04-29T20:41:42.489508 - Прогресс: взлёт=100% полёт=85% дистанция=100% посадка=0%
2026-04-29T20:41:44.487083 - Прогресс: взлёт=100% полёт=85% дистанция=100% посадка=0%
2026-04-29T20:41:46.496352 - Прогресс: взлёт=100% полёт=85% дистанция=100% посадка=0%
2026-04-29T20:41:48.737544 - Прогресс: взлёт=100% полёт=85% дистанция=100% посадка=0%
2026-04-29T20:41:50.742003 - Прогресс: взлёт=100% полёт=85% дистанция=100% посадка=0%
2026-04-29T20:41:52.742166 - Прогресс: взлёт=100% полёт=85% дистанция=100% посадка=0%
2026-04-29T20:41:54.738199 - Прогресс: взлёт=100% полёт=85% дистанция=100% посадка=0%
2026-04-29T20:41:56.748412 - Прогресс: взлёт=100% полёт=85% дистанция=100% посадка=0%
2026-04-29T20:41:58.742194 - Прогресс: взлёт=100% полёт=85% дистанция=100% посадка=0%
2026-04-29T20:42:00.747903 - Прогресс: взлёт=100% полёт=85% дистанция=100% посадка=0%
2026-04-29T20:42:03.193759 - Прогресс: взлёт=100% полёт=85% дистанция=100% посадка=0%
2026-04-29T20:42:05.195308 - Прогресс: взлёт=100% полёт=85% дистанция=100% посадка=0%
2026-04-29T20:42:07.194963 - Прогресс: взлёт=100% полёт=85% дистанция=100% посадка=0%
2026-04-29T20:42:09.197995 - Прогресс: взлёт=100% полёт=85% дистанция=100% посадка=0%
2026-04-29T20:42:11.204913 - Прогресс: взлёт=100% полёт=85% дистанция=100% посадка=0%
2026-04-29T20:42:13.393210 - Прогресс: взлёт=100% полёт=85% дистанция=100% посадка=0%
2026-04-29T20:42:15.399845 - Прогресс: взлёт=100% полёт=85% дистанция=100% посадка=0%
2026-04-29T20:42:17.634234 - Прогресс: взлёт=100% полёт=85% дистанция=100% посадка=0%
2026-04-29T20:42:19.651951 - Прогресс: взлёт=100% полёт=85% дистанция=100% посадка=0%
2026-04-29T20:42:21.646835 - Прогресс: взлёт=100% полёт=85% дистанция=100% посадка=0%
2026-04-29T20:42:23.650659 - Прогресс: взлёт=100% полёт=85% дистанция=100% посадка=0%
2026-04-29T20:42:25.899264 - Прогресс: взлёт=100% полёт=85% дистанция=100% посадка=0%
2026-04-29T20:42:27.908367 - Прогресс: взлёт=100% полёт=85% дистанция=100% посадка=0%
2026-04-29T20:42:29.906406 - Прогресс: взлёт=100% полёт=85% дистанция=100% посадка=0%
2026-04-29T20:42:31.902886 - Прогресс: взлёт=100% полёт=85% дистанция=100% посадка=0%
2026-04-29T20:42:33.911193 - Прогресс: взлёт=100% полёт=85% дистанция=100% посадка=0%
2026-04-29T20:42:36.444583 - Прогресс: взлёт=100% полёт=85% дистанция=100% посадка=0%
2026-04-29T20:42:38.523141 - Прогресс: взлёт=100% полёт=85% дистанция=100% посадка=0%
2026-04-29T20:42:40.528770 - Прогресс: взлёт=100% полёт=85% дистанция=100% посадка=0%
2026-04-29T20:42:42.543602 - Прогресс: взлёт=100% полёт=85% дистанция=100% посадка=0%
2026-04-29T20:42:44.536703 - Прогресс: взлёт=100% полёт=85% дистанция=100% посадка=0%
2026-04-29T20:42:46.776934 - Прогресс: взлёт=100% полёт=85% дистанция=100% посадка=0%
2026-04-29T20:42:48.783552 - Прогресс: взлёт=100% полёт=85% дистанция=100% посадка=0%
