2026-05-03T20:06:41.362006 - Запущен evaluator для задания f911ded3-a694-4cf7-b8ca-52512e026b26, тип 2
2026-05-03T20:06:41.362076 - Запуск SITL: /home/vladik/ardupilot/Tools/autotest/sim_vehicle.py -v ArduCopter -I 0 --map --console --out 127.0.0.1:14560
2026-05-03T20:06:41.362510 - SITL запущен, ожидание инициализации...
2026-05-03T20:06:56.362795 - Подключение к MAVLink UDP 127.0.0.1:14560...
2026-05-03T20:06:56.805384 - Heartbeat получен, соединение с SITL установлено.
2026-05-03T20:06:56.805613 - Открытие TCP-сервера для Mission Planner на порту 14601...
2026-05-03T20:06:56.805995 - Ожидание подключения Mission Planner на порту 14601
2026-05-03T20:06:57.458197 - Прогресс: {1: 0, 2: 0, 3: 0, 4: 0}
2026-05-03T20:06:59.809370 - Прогресс: {1: 0, 2: 0, 3: 0, 4: 0}
2026-05-03T20:07:00.128709 - Стартовая позиция зафиксирована
2026-05-03T20:07:00.167424 - Сбор данных (телеметрия) зафиксирован (критерий 3 выполнен)
2026-05-03T20:07:01.889935 - Прогресс: {1: 0, 2: 0, 3: 100, 4: 0}
2026-05-03T20:07:03.885005 - Прогресс: {1: 0, 2: 0, 3: 100, 4: 0}
2026-05-03T20:07:05.889769 - Прогресс: {1: 0, 2: 0, 3: 100, 4: 0}
2026-05-03T20:07:07.886398 - Прогресс: {1: 0, 2: 0, 3: 100, 4: 0}
2026-05-03T20:07:09.887207 - Прогресс: {1: 0, 2: 0, 3: 100, 4: 0}
2026-05-03T20:07:11.900049 - Прогресс: {1: 0, 2: 0, 3: 100, 4: 0}
2026-05-03T20:07:15.246893 - Прогресс: {1: 0, 2: 0, 3: 100, 4: 0}
2026-05-03T20:07:17.255612 - Прогресс: {1: 0, 2: 0, 3: 100, 4: 0}
2026-05-03T20:07:19.259510 - Прогресс: {1: 0, 2: 0, 3: 100, 4: 0}
2026-05-03T20:07:21.257072 - Прогресс: {1: 0, 2: 0, 3: 100, 4: 0}
2026-05-03T20:07:23.250948 - Прогресс: {1: 0, 2: 0, 3: 100, 4: 0}
2026-05-03T20:07:25.251676 - Прогресс: {1: 0, 2: 0, 3: 100, 4: 0}
2026-05-03T20:07:27.319177 - Прогресс: {1: 0, 2: 0, 3: 100, 4: 0}
2026-05-03T20:07:29.328578 - Прогресс: {1: 0, 2: 0, 3: 100, 4: 0}
2026-05-03T20:07:31.322675 - Прогресс: {1: 0, 2: 0, 3: 100, 4: 0}
2026-05-03T20:07:33.504119 - Прогресс: {1: 0, 2: 0, 3: 100, 4: 0}
2026-05-03T20:07:35.508482 - Прогресс: {1: 0, 2: 0, 3: 100, 4: 0}
2026-05-03T20:07:37.754411 - Прогресс: {1: 0, 2: 0, 3: 100, 4: 0}
2026-05-03T20:07:39.763908 - Прогресс: {1: 0, 2: 0, 3: 100, 4: 0}
2026-05-03T20:07:41.767375 - Прогресс: {1: 0, 2: 0, 3: 100, 4: 0}
2026-05-03T20:07:43.774244 - Прогресс: {1: 0, 2: 0, 3: 100, 4: 0}
2026-05-03T20:07:45.770570 - Прогресс: {1: 0, 2: 0, 3: 100, 4: 0}
2026-05-03T20:07:49.455924 - Прогресс: {1: 0, 2: 0, 3: 100, 4: 0}
2026-05-03T20:07:51.469692 - Прогресс: {1: 0, 2: 0, 3: 100, 4: 0}
2026-05-03T20:07:53.620782 - Прогресс: {1: 0, 2: 0, 3: 100, 4: 0}
2026-05-03T20:07:55.415375 - Миссия загружена: элементов 6, реальных waypoint'ов: 5 (критерий 1 выполнен)
2026-05-03T20:07:55.695415 - Прогресс: {1: 100, 2: 0, 3: 100, 4: 0}
2026-05-03T20:07:57.771075 - Прогресс: {1: 100, 2: 0, 3: 100, 4: 0}
2026-05-03T20:07:59.769234 - Прогресс: {1: 100, 2: 0, 3: 100, 4: 0}
2026-05-03T20:08:01.944943 - Прогресс: {1: 100, 2: 0, 3: 100, 4: 0}
2026-05-03T20:08:03.948889 - Прогресс: {1: 100, 2: 0, 3: 100, 4: 0}
2026-05-03T20:08:05.954002 - Прогресс: {1: 100, 2: 0, 3: 100, 4: 0}
2026-05-03T20:08:07.957959 - Прогресс: {1: 100, 2: 0, 3: 100, 4: 0}
2026-05-03T20:08:09.953012 - Прогресс: {1: 100, 2: 0, 3: 100, 4: 0}
2026-05-03T20:08:11.950241 - Прогресс: {1: 100, 2: 0, 3: 100, 4: 0}
2026-05-03T20:08:13.961774 - Прогресс: {1: 100, 2: 0, 3: 100, 4: 0}
2026-05-03T20:08:15.967109 - Прогресс: {1: 100, 2: 0, 3: 100, 4: 0}
2026-05-03T20:08:18.207089 - Прогресс: {1: 100, 2: 0, 3: 100, 4: 0}
2026-05-03T20:08:19.617920 - Режим AUTO активирован
2026-05-03T20:08:20.219417 - Прогресс: {1: 100, 2: 0, 3: 100, 4: 0}
2026-05-03T20:08:23.598096 - Прогресс: {1: 100, 2: 0, 3: 100, 4: 0}
2026-05-03T20:08:25.677553 - Прогресс: {1: 100, 2: 0, 3: 100, 4: 0}
2026-05-03T20:08:27.681029 - Прогресс: {1: 100, 2: 0, 3: 100, 4: 0}
2026-05-03T20:08:29.929747 - Прогресс: {1: 100, 2: 0, 3: 100, 4: 0}
2026-05-03T20:08:31.924703 - Прогресс: {1: 100, 2: 0, 3: 100, 4: 0}
2026-05-03T20:08:34.167153 - Прогресс: {1: 100, 2: 0, 3: 100, 4: 0}
2026-05-03T20:08:36.173943 - Прогресс: {1: 100, 2: 0, 3: 100, 4: 0}
2026-05-03T20:08:38.249225 - Прогресс: {1: 100, 2: 0, 3: 100, 4: 0}
2026-05-03T20:08:40.248023 - Прогресс: {1: 100, 2: 0, 3: 100, 4: 0}
2026-05-03T20:08:42.251144 - Прогресс: {1: 100, 2: 0, 3: 100, 4: 0}
2026-05-03T20:08:44.239258 - Прогресс: {1: 100, 2: 0, 3: 100, 4: 0}
2026-05-03T20:08:46.420530 - Прогресс: {1: 100, 2: 0, 3: 100, 4: 0}
2026-05-03T20:08:48.175824 - Пройдена точка 1, прогресс выполнения маршрута: 20%
2026-05-03T20:08:48.427699 - Прогресс: {1: 100, 2: 20, 3: 100, 4: 0}
2026-05-03T20:08:49.167034 - Пройдена точка 1, прогресс выполнения маршрута: 20%
2026-05-03T20:08:49.427152 - Пройдена точка 1, прогресс выполнения маршрута: 20%
2026-05-03T20:08:50.435454 - Прогресс: {1: 100, 2: 20, 3: 100, 4: 0}
2026-05-03T20:08:50.680578 - Пройдена точка 1, прогресс выполнения маршрута: 20%
2026-05-03T20:08:51.675559 - Пройдена точка 1, прогресс выполнения маршрута: 20%
2026-05-03T20:08:51.924389 - Пройдена точка 1, прогресс выполнения маршрута: 20%
2026-05-03T20:08:52.172228 - Пройдена точка 1, прогресс выполнения маршрута: 20%
2026-05-03T20:08:52.420053 - Пройдена точка 1, прогресс выполнения маршрута: 20%
2026-05-03T20:08:52.434807 - Прогресс: {1: 100, 2: 20, 3: 100, 4: 0}
2026-05-03T20:08:54.183966 - Пройдена точка 1, прогресс выполнения маршрута: 20%
2026-05-03T20:08:54.683336 - Прогресс: {1: 100, 2: 20, 3: 100, 4: 0}
2026-05-03T20:08:54.927275 - Пройдена точка 1, прогресс выполнения маршрута: 20%
2026-05-03T20:08:55.420037 - Пройдена точка 1, прогресс выполнения маршрута: 20%
2026-05-03T20:08:57.664490 - Прогресс: {1: 100, 2: 20, 3: 100, 4: 0}
2026-05-03T20:08:57.843944 - Пройдена точка 1, прогресс выполнения маршрута: 20%
2026-05-03T20:08:58.850333 - Пройдена точка 1, прогресс выполнения маршрута: 20%
2026-05-03T20:08:59.349229 - Пройдена точка 1, прогресс выполнения маршрута: 20%
2026-05-03T20:08:59.671573 - Прогресс: {1: 100, 2: 20, 3: 100, 4: 0}
2026-05-03T20:09:00.100055 - Пройдена точка 1, прогресс выполнения маршрута: 20%
2026-05-03T20:09:00.344409 - Пройдена точка 1, прогресс выполнения маршрута: 20%
2026-05-03T20:09:00.596688 - Пройдена точка 1, прогресс выполнения маршрута: 20%
2026-05-03T20:09:00.844311 - Пройдена точка 1, прогресс выполнения маршрута: 20%
2026-05-03T20:09:01.592082 - Пройдена точка 1, прогресс выполнения маршрута: 20%
2026-05-03T20:09:01.858755 - Прогресс: {1: 100, 2: 20, 3: 100, 4: 0}
2026-05-03T20:09:02.108603 - Пройдена точка 1, прогресс выполнения маршрута: 20%
2026-05-03T20:09:02.345332 - Пройдена точка 1, прогресс выполнения маршрута: 20%
2026-05-03T20:09:02.593887 - Пройдена точка 1, прогресс выполнения маршрута: 20%
2026-05-03T20:09:03.108434 - Пройдена точка 1, прогресс выполнения маршрута: 20%
2026-05-03T20:09:03.861011 - Прогресс: {1: 100, 2: 20, 3: 100, 4: 0}
2026-05-03T20:09:04.341670 - Пройдена точка 1, прогресс выполнения маршрута: 20%
2026-05-03T20:09:04.605817 - Пройдена точка 1, прогресс выполнения маршрута: 20%
2026-05-03T20:09:05.107679 - Пройдена точка 1, прогресс выполнения маршрута: 20%
2026-05-03T20:09:05.344011 - Пройдена точка 1, прогресс выполнения маршрута: 20%
2026-05-03T20:09:05.864107 - Прогресс: {1: 100, 2: 20, 3: 100, 4: 0}
2026-05-03T20:09:06.095210 - Пройдена точка 1, прогресс выполнения маршрута: 20%
2026-05-03T20:09:06.346449 - Пройдена точка 1, прогресс выполнения маршрута: 20%
2026-05-03T20:09:06.853200 - Пройдена точка 1, прогресс выполнения маршрута: 20%
2026-05-03T20:09:07.096699 - Пройдена точка 1, прогресс выполнения маршрута: 20%
2026-05-03T20:09:07.602105 - Пройдена точка 1, прогресс выполнения маршрута: 20%
2026-05-03T20:09:07.843575 - Пройдена точка 1, прогресс выполнения маршрута: 20%
2026-05-03T20:09:08.111640 - Прогресс: {1: 100, 2: 20, 3: 100, 4: 0}
2026-05-03T20:09:08.115377 - Пройдена точка 1, прогресс выполнения маршрута: 20%
2026-05-03T20:09:08.608023 - Пройдена точка 1, прогресс выполнения маршрута: 20%
2026-05-03T20:09:10.183886 - Прогресс: {1: 100, 2: 20, 3: 100, 4: 0}
2026-05-03T20:09:11.166929 - Пройдена точка 1, прогресс выполнения маршрута: 20%
2026-05-03T20:09:11.668696 - Пройдена точка 1, прогресс выполнения маршрута: 20%
2026-05-03T20:09:12.183681 - Прогресс: {1: 100, 2: 20, 3: 100, 4: 0}
2026-05-03T20:09:13.672097 - Пройдена точка 1, прогресс выполнения маршрута: 20%
2026-05-03T20:09:14.162036 - Пройдена точка 1, прогресс выполнения маршрута: 20%
2026-05-03T20:09:14.355586 - Прогресс: {1: 100, 2: 20, 3: 100, 4: 0}
2026-05-03T20:09:15.355196 - Пройдена точка 1, прогресс выполнения маршрута: 20%
2026-05-03T20:09:16.109583 - Пройдена точка 1, прогресс выполнения маршрута: 20%
2026-05-03T20:09:16.369394 - Прогресс: {1: 100, 2: 20, 3: 100, 4: 0}
2026-05-03T20:09:16.606207 - Пройдена точка 2, прогресс выполнения маршрута: 40%
2026-05-03T20:09:16.843836 - Пройдена точка 2, прогресс выполнения маршрута: 40%
2026-05-03T20:09:17.602815 - Пройдена точка 2, прогресс выполнения маршрута: 40%
2026-05-03T20:09:18.112957 - Пройдена точка 2, прогресс выполнения маршрута: 40%
2026-05-03T20:09:18.355701 - Пройдена точка 2, прогресс выполнения маршрута: 40%
2026-05-03T20:09:18.371369 - Прогресс: {1: 100, 2: 40, 3: 100, 4: 0}
2026-05-03T20:09:18.597713 - Пройдена точка 2, прогресс выполнения маршрута: 40%
2026-05-03T20:09:18.853202 - Пройдена точка 2, прогресс выполнения маршрута: 40%
2026-05-03T20:09:19.096999 - Пройдена точка 2, прогресс выполнения маршрута: 40%
2026-05-03T20:09:19.349562 - Пройдена точка 2, прогресс выполнения маршрута: 40%
2026-05-03T20:09:20.611127 - Прогресс: {1: 100, 2: 40, 3: 100, 4: 0}
2026-05-03T20:09:21.099980 - Пройдена точка 2, прогресс выполнения маршрута: 40%
2026-05-03T20:09:21.356383 - Пройдена точка 2, прогресс выполнения маршрута: 40%
2026-05-03T20:09:22.097851 - Пройдена точка 2, прогресс выполнения маршрута: 40%
2026-05-03T20:09:22.611758 - Прогресс: {1: 100, 2: 40, 3: 100, 4: 0}
2026-05-03T20:09:22.857394 - Пройдена точка 2, прогресс выполнения маршрута: 40%
2026-05-03T20:09:23.603151 - Пройдена точка 2, прогресс выполнения маршрута: 40%
2026-05-03T20:09:23.848733 - Пройдена точка 2, прогресс выполнения маршрута: 40%
2026-05-03T20:09:24.353685 - Пройдена точка 2, прогресс выполнения маршрута: 40%
2026-05-03T20:09:24.617053 - Прогресс: {1: 100, 2: 40, 3: 100, 4: 0}
2026-05-03T20:09:25.112682 - Пройдена точка 2, прогресс выполнения маршрута: 40%
2026-05-03T20:09:25.350741 - Пройдена точка 2, прогресс выполнения маршрута: 40%
2026-05-03T20:09:25.845669 - Пройдена точка 2, прогресс выполнения маршрута: 40%
2026-05-03T20:09:26.098008 - Пройдена точка 2, прогресс выполнения маршрута: 40%
2026-05-03T20:09:26.865811 - Прогресс: {1: 100, 2: 40, 3: 100, 4: 0}
2026-05-03T20:09:27.107182 - Пройдена точка 2, прогресс выполнения маршрута: 40%
2026-05-03T20:09:27.351151 - Пройдена точка 2, прогресс выполнения маршрута: 40%
2026-05-03T20:09:27.607263 - Пройдена точка 2, прогресс выполнения маршрута: 40%
2026-05-03T20:09:28.348262 - Пройдена точка 2, прогресс выполнения маршрута: 40%
2026-05-03T20:09:28.865004 - Прогресс: {1: 100, 2: 40, 3: 100, 4: 0}
2026-05-03T20:09:29.350140 - Пройдена точка 2, прогресс выполнения маршрута: 40%
2026-05-03T20:09:29.846739 - Пройдена точка 2, прогресс выполнения маршрута: 40%
2026-05-03T20:09:32.043855 - Прогресс: {1: 100, 2: 40, 3: 100, 4: 0}
2026-05-03T20:09:32.546280 - Пройдена точка 3, прогресс выполнения маршрута: 60%
2026-05-03T20:09:32.796340 - Пройдена точка 3, прогресс выполнения маршрута: 60%
2026-05-03T20:09:33.545210 - Пройдена точка 3, прогресс выполнения маршрута: 60%
2026-05-03T20:09:34.056850 - Прогресс: {1: 100, 2: 60, 3: 100, 4: 0}
2026-05-03T20:09:34.293544 - Пройдена точка 3, прогресс выполнения маршрута: 60%
2026-05-03T20:09:34.546790 - Пройдена точка 3, прогресс выполнения маршрута: 60%
2026-05-03T20:09:34.790166 - Пройдена точка 3, прогресс выполнения маршрута: 60%
2026-05-03T20:09:35.041917 - Пройдена точка 3, прогресс выполнения маршрута: 60%
2026-05-03T20:09:35.794635 - Пройдена точка 3, прогресс выполнения маршрута: 60%
2026-05-03T20:09:36.040732 - Пройдена точка 3, прогресс выполнения маршрута: 60%
2026-05-03T20:09:36.046604 - Прогресс: {1: 100, 2: 60, 3: 100, 4: 0}
2026-05-03T20:09:36.297840 - Пройдена точка 3, прогресс выполнения маршрута: 60%
2026-05-03T20:09:37.046044 - Пройдена точка 3, прогресс выполнения маршрута: 60%
2026-05-03T20:09:37.296185 - Пройдена точка 3, прогресс выполнения маршрута: 60%
2026-05-03T20:09:37.537160 - Пройдена точка 3, прогресс выполнения маршрута: 60%
2026-05-03T20:09:37.798334 - Пройдена точка 3, прогресс выполнения маршрута: 60%
2026-05-03T20:09:38.045021 - Прогресс: {1: 100, 2: 60, 3: 100, 4: 0}
2026-05-03T20:09:38.292850 - Пройдена точка 3, прогресс выполнения маршрута: 60%
2026-05-03T20:09:39.042919 - Пройдена точка 3, прогресс выполнения маршрута: 60%
2026-05-03T20:09:39.288802 - Пройдена точка 3, прогресс выполнения маршрута: 60%
2026-05-03T20:09:39.553057 - Пройдена точка 3, прогресс выполнения маршрута: 60%
2026-05-03T20:09:40.049677 - Прогресс: {1: 100, 2: 60, 3: 100, 4: 0}
2026-05-03T20:09:40.300661 - Пройдена точка 3, прогресс выполнения маршрута: 60%
2026-05-03T20:09:40.801129 - Пройдена точка 3, прогресс выполнения маршрута: 60%
2026-05-03T20:09:41.040319 - Пройдена точка 3, прогресс выполнения маршрута: 60%
2026-05-03T20:09:41.297637 - Пройдена точка 3, прогресс выполнения маршрута: 60%
2026-05-03T20:09:41.552365 - Пройдена точка 3, прогресс выполнения маршрута: 60%
2026-05-03T20:09:42.068023 - Прогресс: {1: 100, 2: 60, 3: 100, 4: 0}
2026-05-03T20:09:42.547573 - Пройдена точка 3, прогресс выполнения маршрута: 60%
2026-05-03T20:09:42.792229 - Пройдена точка 3, прогресс выполнения маршрута: 60%
2026-05-03T20:09:44.074479 - Прогресс: {1: 100, 2: 60, 3: 100, 4: 0}
2026-05-03T20:09:44.800193 - Пройдена точка 4, прогресс выполнения маршрута: 80%
2026-05-03T20:09:45.052856 - Пройдена точка 4, прогресс выполнения маршрута: 80%
2026-05-03T20:09:45.294138 - Пройдена точка 4, прогресс выполнения маршрута: 80%
2026-05-03T20:09:46.117471 - Прогресс: {1: 100, 2: 80, 3: 100, 4: 0}
2026-05-03T20:09:46.550487 - Пройдена точка 4, прогресс выполнения маршрута: 80%
2026-05-03T20:09:46.800833 - Пройдена точка 4, прогресс выполнения маршрута: 80%
2026-05-03T20:09:47.056032 - Пройдена точка 4, прогресс выполнения маршрута: 80%
2026-05-03T20:09:48.124416 - Прогресс: {1: 100, 2: 80, 3: 100, 4: 0}
2026-05-03T20:09:49.115962 - Пройдена точка 4, прогресс выполнения маршрута: 80%
2026-05-03T20:09:49.613815 - Пройдена точка 4, прогресс выполнения маршрута: 80%
2026-05-03T20:09:50.120863 - Прогресс: {1: 100, 2: 80, 3: 100, 4: 0}
2026-05-03T20:09:50.610757 - Пройдена точка 4, прогресс выполнения маршрута: 80%
2026-05-03T20:09:51.114561 - Пройдена точка 4, прогресс выполнения маршрута: 80%
2026-05-03T20:09:51.609300 - Пройдена точка 4, прогресс выполнения маршрута: 80%
2026-05-03T20:09:52.130575 - Прогресс: {1: 100, 2: 80, 3: 100, 4: 0}
2026-05-03T20:09:52.610692 - Пройдена точка 4, прогресс выполнения маршрута: 80%
2026-05-03T20:09:53.616701 - Пройдена точка 4, прогресс выполнения маршрута: 80%
2026-05-03T20:09:54.131675 - Прогресс: {1: 100, 2: 80, 3: 100, 4: 0}
2026-05-03T20:09:54.608748 - Пройдена точка 4, прогресс выполнения маршрута: 80%
2026-05-03T20:09:55.612327 - Пройдена точка 4, прогресс выполнения маршрута: 80%
2026-05-03T20:09:56.307232 - Прогресс: {1: 100, 2: 80, 3: 100, 4: 0}
2026-05-03T20:09:57.619115 - Пройдена точка 5, прогресс выполнения маршрута: 100%
2026-05-03T20:09:57.619153 - Все waypoint'ы миссии пройдены (миссия выполнена)
2026-05-03T20:09:58.309245 - Прогресс: {1: 100, 2: 100, 3: 100, 4: 0}
2026-05-03T20:10:00.546759 - Прогресс: {1: 100, 2: 100, 3: 100, 4: 0}
2026-05-03T20:10:00.618767 - Пройдена точка 5, прогресс выполнения маршрута: 100%
2026-05-03T20:10:00.618928 - Все waypoint'ы миссии пройдены (миссия выполнена)
2026-05-03T20:10:01.113872 - Пройдена точка 5, прогресс выполнения маршрута: 100%
2026-05-03T20:10:01.113947 - Все waypoint'ы миссии пройдены (миссия выполнена)
2026-05-03T20:10:02.559004 - Прогресс: {1: 100, 2: 100, 3: 100, 4: 0}
2026-05-03T20:10:02.797794 - Пройдена точка 5, прогресс выполнения маршрута: 100%
2026-05-03T20:10:02.797907 - Все waypoint'ы миссии пройдены (миссия выполнена)
2026-05-03T20:10:03.053966 - Пройдена точка 5, прогресс выполнения маршрута: 100%
2026-05-03T20:10:03.054017 - Все waypoint'ы миссии пройдены (миссия выполнена)
2026-05-03T20:10:03.292069 - Пройдена точка 5, прогресс выполнения маршрута: 100%
2026-05-03T20:10:03.292168 - Все waypoint'ы миссии пройдены (миссия выполнена)
2026-05-03T20:10:03.549698 - Пройдена точка 5, прогресс выполнения маршрута: 100%
2026-05-03T20:10:03.549928 - Все waypoint'ы миссии пройдены (миссия выполнена)
2026-05-03T20:10:03.794171 - Пройдена точка 5, прогресс выполнения маршрута: 100%
2026-05-03T20:10:03.794208 - Все waypoint'ы миссии пройдены (миссия выполнена)
2026-05-03T20:10:06.259429 - Прогресс: {1: 100, 2: 100, 3: 100, 4: 0}
2026-05-03T20:10:06.495605 - Пройдена точка 5, прогресс выполнения маршрута: 100%
2026-05-03T20:10:06.495740 - Все waypoint'ы миссии пройдены (миссия выполнена)
2026-05-03T20:10:06.751211 - Пройдена точка 5, прогресс выполнения маршрута: 100%
2026-05-03T20:10:06.751267 - Все waypoint'ы миссии пройдены (миссия выполнена)
2026-05-03T20:10:07.747509 - Пройдена точка 5, прогресс выполнения маршрута: 100%
2026-05-03T20:10:07.747623 - Все waypoint'ы миссии пройдены (миссия выполнена)
2026-05-03T20:10:07.999124 - Пройдена точка 5, прогресс выполнения маршрута: 100%
2026-05-03T20:10:07.999165 - Все waypoint'ы миссии пройдены (миссия выполнена)
2026-05-03T20:10:08.247016 - Прогресс: {1: 100, 2: 100, 3: 100, 4: 0}
2026-05-03T20:10:09.492818 - Пройдена точка 5, прогресс выполнения маршрута: 100%
2026-05-03T20:10:09.492859 - Все waypoint'ы миссии пройдены (миссия выполнена)
2026-05-03T20:10:09.751764 - Пройдена точка 5, прогресс выполнения маршрута: 100%
2026-05-03T20:10:09.751974 - Все waypoint'ы миссии пройдены (миссия выполнена)
2026-05-03T20:10:10.004383 - Пройдена точка 5, прогресс выполнения маршрута: 100%
2026-05-03T20:10:10.004443 - Все waypoint'ы миссии пройдены (миссия выполнена)
2026-05-03T20:10:10.265394 - Прогресс: {1: 100, 2: 100, 3: 100, 4: 0}
2026-05-03T20:10:11.006741 - Пройдена точка 5, прогресс выполнения маршрута: 100%
2026-05-03T20:10:11.006928 - Все waypoint'ы миссии пройдены (миссия выполнена)
2026-05-03T20:10:11.251823 - Пройдена точка 5, прогресс выполнения маршрута: 100%
2026-05-03T20:10:11.251896 - Все waypoint'ы миссии пройдены (миссия выполнена)
2026-05-03T20:10:11.502708 - Пройдена точка 5, прогресс выполнения маршрута: 100%
2026-05-03T20:10:11.502934 - Все waypoint'ы миссии пройдены (миссия выполнена)
2026-05-03T20:10:12.426280 - Прогресс: {1: 100, 2: 100, 3: 100, 4: 0}
2026-05-03T20:10:12.502599 - Пройдена точка 5, прогресс выполнения маршрута: 100%
2026-05-03T20:10:12.502661 - Все waypoint'ы миссии пройдены (миссия выполнена)
2026-05-03T20:10:12.745727 - Пройдена точка 5, прогресс выполнения маршрута: 100%
2026-05-03T20:10:12.745774 - Все waypoint'ы миссии пройдены (миссия выполнена)
2026-05-03T20:10:13.248922 - Пройдена точка 5, прогресс выполнения маршрута: 100%
2026-05-03T20:10:13.249051 - Все waypoint'ы миссии пройдены (миссия выполнена)
2026-05-03T20:10:13.747726 - Пройдена точка 5, прогресс выполнения маршрута: 100%
2026-05-03T20:10:13.747774 - Все waypoint'ы миссии пройдены (миссия выполнена)
2026-05-03T20:10:13.989781 - Пройдена точка 5, прогресс выполнения маршрута: 100%
2026-05-03T20:10:13.989821 - Все waypoint'ы миссии пройдены (миссия выполнена)
2026-05-03T20:10:14.250865 - Пройдена точка 5, прогресс выполнения маршрута: 100%
2026-05-03T20:10:14.250940 - Все waypoint'ы миссии пройдены (миссия выполнена)
2026-05-03T20:10:14.428110 - Прогресс: {1: 100, 2: 100, 3: 100, 4: 0}
2026-05-03T20:10:14.503299 - Пройдена точка 5, прогресс выполнения маршрута: 100%
2026-05-03T20:10:14.503539 - Все waypoint'ы миссии пройдены (миссия выполнена)
2026-05-03T20:10:14.744501 - Пройдена точка 5, прогресс выполнения маршрута: 100%
2026-05-03T20:10:14.744676 - Все waypoint'ы миссии пройдены (миссия выполнена)
2026-05-03T20:10:15.006833 - Пройдена точка 5, прогресс выполнения маршрута: 100%
2026-05-03T20:10:15.007337 - Все waypoint'ы миссии пройдены (миссия выполнена)
2026-05-03T20:10:16.253998 - Пройдена точка 5, прогресс выполнения маршрута: 100%
2026-05-03T20:10:16.254056 - Все waypoint'ы миссии пройдены (миссия выполнена)
2026-05-03T20:10:16.435600 - Прогресс: {1: 100, 2: 100, 3: 100, 4: 0}
2026-05-03T20:10:17.745315 - Пройдена точка 5, прогресс выполнения маршрута: 100%
2026-05-03T20:10:17.745468 - Все waypoint'ы миссии пройдены (миссия выполнена)
2026-05-03T20:10:18.511892 - Прогресс: {1: 100, 2: 100, 3: 100, 4: 0}
2026-05-03T20:10:18.749245 - Пройдена точка 5, прогресс выполнения маршрута: 100%
2026-05-03T20:10:18.749402 - Все waypoint'ы миссии пройдены (миссия выполнена)
2026-05-03T20:10:19.013083 - Пройдена точка 5, прогресс выполнения маршрута: 100%
2026-05-03T20:10:19.013237 - Все waypoint'ы миссии пройдены (миссия выполнена)
2026-05-03T20:10:19.244478 - Пройдена точка 5, прогресс выполнения маршрута: 100%
2026-05-03T20:10:19.244515 - Все waypoint'ы миссии пройдены (миссия выполнена)
2026-05-03T20:10:19.748952 - Пройдена точка 5, прогресс выполнения маршрута: 100%
2026-05-03T20:10:19.748996 - Все waypoint'ы миссии пройдены (миссия выполнена)
2026-05-03T20:10:20.006672 - Пройдена точка 5, прогресс выполнения маршрута: 100%
2026-05-03T20:10:20.006826 - Все waypoint'ы миссии пройдены (миссия выполнена)
2026-05-03T20:10:20.504182 - Прогресс: {1: 100, 2: 100, 3: 100, 4: 0}
2026-05-03T20:10:20.747610 - Пройдена точка 5, прогресс выполнения маршрута: 100%
2026-05-03T20:10:20.747648 - Все waypoint'ы миссии пройдены (миссия выполнена)
2026-05-03T20:10:20.993610 - Пройдена точка 5, прогресс выполнения маршрута: 100%
2026-05-03T20:10:20.993650 - Все waypoint'ы миссии пройдены (миссия выполнена)
2026-05-03T20:10:21.246140 - Пройдена точка 5, прогресс выполнения маршрута: 100%
2026-05-03T20:10:21.246175 - Все waypoint'ы миссии пройдены (миссия выполнена)
2026-05-03T20:10:21.744393 - Пройдена точка 5, прогресс выполнения маршрута: 100%
2026-05-03T20:10:21.744437 - Все waypoint'ы миссии пройдены (миссия выполнена)
2026-05-03T20:10:22.009966 - Пройдена точка 5, прогресс выполнения маршрута: 100%
2026-05-03T20:10:22.010630 - Все waypoint'ы миссии пройдены (миссия выполнена)
2026-05-03T20:10:22.252663 - Пройдена точка 5, прогресс выполнения маршрута: 100%
2026-05-03T20:10:22.252813 - Все waypoint'ы миссии пройдены (миссия выполнена)
2026-05-03T20:10:22.507727 - Прогресс: {1: 100, 2: 100, 3: 100, 4: 0}
2026-05-03T20:10:23.001631 - Пройдена точка 5, прогресс выполнения маршрута: 100%
2026-05-03T20:10:23.001741 - Все waypoint'ы миссии пройдены (миссия выполнена)
2026-05-03T20:10:23.246651 - Пройдена точка 5, прогресс выполнения маршрута: 100%
2026-05-03T20:10:23.246697 - Все waypoint'ы миссии пройдены (миссия выполнена)
2026-05-03T20:10:23.747408 - Пройдена точка 5, прогресс выполнения маршрута: 100%
2026-05-03T20:10:23.747498 - Все waypoint'ы миссии пройдены (миссия выполнена)
2026-05-03T20:10:24.254039 - Пройдена точка 5, прогресс выполнения маршрута: 100%
2026-05-03T20:10:24.254185 - Все waypoint'ы миссии пройдены (миссия выполнена)
2026-05-03T20:10:24.492307 - Пройдена точка 5, прогресс выполнения маршрута: 100%
2026-05-03T20:10:24.492346 - Все waypoint'ы миссии пройдены (миссия выполнена)
2026-05-03T20:10:24.497616 - Прогресс: {1: 100, 2: 100, 3: 100, 4: 0}
2026-05-03T20:10:24.744347 - Пройдена точка 5, прогресс выполнения маршрута: 100%
2026-05-03T20:10:24.744389 - Все waypoint'ы миссии пройдены (миссия выполнена)
2026-05-03T20:10:26.068153 - Пройдена точка 5, прогресс выполнения маршрута: 100%
2026-05-03T20:10:26.068325 - Все waypoint'ы миссии пройдены (миссия выполнена)
2026-05-03T20:10:26.504798 - Прогресс: {1: 100, 2: 100, 3: 100, 4: 0}
2026-05-03T20:10:27.566559 - Пройдена точка 5, прогресс выполнения маршрута: 100%
2026-05-03T20:10:27.566740 - Все waypoint'ы миссии пройдены (миссия выполнена)
2026-05-03T20:10:28.067103 - Пройдена точка 5, прогресс выполнения маршрута: 100%
2026-05-03T20:10:28.067149 - Все waypoint'ы миссии пройдены (миссия выполнена)
2026-05-03T20:10:28.511716 - Прогресс: {1: 100, 2: 100, 3: 100, 4: 0}
2026-05-03T20:10:28.570158 - Пройдена точка 5, прогресс выполнения маршрута: 100%
2026-05-03T20:10:28.570214 - Все waypoint'ы миссии пройдены (миссия выполнена)
2026-05-03T20:10:29.062817 - Пройдена точка 5, прогресс выполнения маршрута: 100%
2026-05-03T20:10:29.062880 - Все waypoint'ы миссии пройдены (миссия выполнена)
2026-05-03T20:10:30.544934 - Прогресс: {1: 100, 2: 100, 3: 100, 4: 0}
2026-05-03T20:10:32.248975 - Пройдена точка 5, прогресс выполнения маршрута: 100%
2026-05-03T20:10:32.249155 - Все waypoint'ы миссии пройдены (миссия выполнена)
2026-05-03T20:10:32.502919 - Пройдена точка 5, прогресс выполнения маршрута: 100%
2026-05-03T20:10:32.503272 - Все waypoint'ы миссии пройдены (миссия выполнена)
2026-05-03T20:10:32.564294 - Прогресс: {1: 100, 2: 100, 3: 100, 4: 0}
2026-05-03T20:10:32.763962 - Пройдена точка 5, прогресс выполнения маршрута: 100%
2026-05-03T20:10:32.764125 - Все waypoint'ы миссии пройдены (миссия выполнена)
2026-05-03T20:10:33.996646 - Пройдена точка 5, прогресс выполнения маршрута: 100%
2026-05-03T20:10:33.996705 - Все waypoint'ы миссии пройдены (миссия выполнена)
2026-05-03T20:10:34.504911 - Пройдена точка 5, прогресс выполнения маршрута: 100%
2026-05-03T20:10:34.505021 - Все waypoint'ы миссии пройдены (миссия выполнена)
2026-05-03T20:10:34.761619 - Прогресс: {1: 100, 2: 100, 3: 100, 4: 0}
2026-05-03T20:10:35.744081 - Пройдена точка 5, прогресс выполнения маршрута: 100%
2026-05-03T20:10:35.744189 - Все waypoint'ы миссии пройдены (миссия выполнена)
2026-05-03T20:10:36.505449 - Пройдена точка 5, прогресс выполнения маршрута: 100%
2026-05-03T20:10:36.505595 - Все waypoint'ы миссии пройдены (миссия выполнена)
2026-05-03T20:10:37.005403 - Прогресс: {1: 100, 2: 100, 3: 100, 4: 0}
2026-05-03T20:10:37.009797 - Пройдена точка 5, прогресс выполнения маршрута: 100%
2026-05-03T20:10:37.009994 - Все waypoint'ы миссии пройдены (миссия выполнена)
2026-05-03T20:10:37.498950 - Пройдена точка 5, прогресс выполнения маршрута: 100%
2026-05-03T20:10:37.498988 - Все waypoint'ы миссии пройдены (миссия выполнена)
2026-05-03T20:10:37.755805 - Пройдена точка 5, прогресс выполнения маршрута: 100%
2026-05-03T20:10:37.756017 - Все waypoint'ы миссии пройдены (миссия выполнена)
2026-05-03T20:10:38.250514 - Пройдена точка 5, прогресс выполнения маршрута: 100%
2026-05-03T20:10:38.250667 - Все waypoint'ы миссии пройдены (миссия выполнена)
2026-05-03T20:10:40.377769 - Прогресс: {1: 100, 2: 100, 3: 100, 4: 0}
2026-05-03T20:10:40.699527 - Пройдена точка 5, прогресс выполнения маршрута: 100%
2026-05-03T20:10:40.699610 - Все waypoint'ы миссии пройдены (миссия выполнена)
2026-05-03T20:10:40.950071 - Пройдена точка 5, прогресс выполнения маршрута: 100%
2026-05-03T20:10:40.950134 - Все waypoint'ы миссии пройдены (миссия выполнена)
2026-05-03T20:10:41.193225 - Пройдена точка 5, прогресс выполнения маршрута: 100%
2026-05-03T20:10:41.193259 - Все waypoint'ы миссии пройдены (миссия выполнена)
2026-05-03T20:10:41.448400 - Пройдена точка 5, прогресс выполнения маршрута: 100%
2026-05-03T20:10:41.448495 - Все waypoint'ы миссии пройдены (миссия выполнена)
2026-05-03T20:10:41.702905 - Пройдена точка 5, прогресс выполнения маршрута: 100%
2026-05-03T20:10:41.703153 - Все waypoint'ы миссии пройдены (миссия выполнена)
2026-05-03T20:10:42.457149 - Прогресс: {1: 100, 2: 100, 3: 100, 4: 0}
2026-05-03T20:10:42.702903 - Пройдена точка 5, прогресс выполнения маршрута: 100%
2026-05-03T20:10:42.703545 - Все waypoint'ы миссии пройдены (миссия выполнена)
2026-05-03T20:10:42.941511 - Пройдена точка 5, прогресс выполнения маршрута: 100%
2026-05-03T20:10:42.941552 - Все waypoint'ы миссии пройдены (миссия выполнена)
2026-05-03T20:10:43.945047 - Пройдена точка 5, прогресс выполнения маршрута: 100%
2026-05-03T20:10:43.945083 - Все waypoint'ы миссии пройдены (миссия выполнена)
2026-05-03T20:10:44.459341 - Прогресс: {1: 100, 2: 100, 3: 100, 4: 0}
2026-05-03T20:10:44.691850 - Пройдена точка 5, прогресс выполнения маршрута: 100%
2026-05-03T20:10:44.691971 - Все waypoint'ы миссии пройдены (миссия выполнена)
2026-05-03T20:10:45.202352 - Пройдена точка 5, прогресс выполнения маршрута: 100%
2026-05-03T20:10:45.202567 - Все waypoint'ы миссии пройдены (миссия выполнена)
2026-05-03T20:10:46.710083 - Прогресс: {1: 100, 2: 100, 3: 100, 4: 0}
2026-05-03T20:10:46.953161 - Пройдена точка 5, прогресс выполнения маршрута: 100%
2026-05-03T20:10:46.953313 - Все waypoint'ы миссии пройдены (миссия выполнена)
2026-05-03T20:10:47.442123 - Пройдена точка 5, прогресс выполнения маршрута: 100%
2026-05-03T20:10:47.442162 - Все waypoint'ы миссии пройдены (миссия выполнена)
2026-05-03T20:10:47.702748 - Пройдена точка 5, прогресс выполнения маршрута: 100%
2026-05-03T20:10:47.702845 - Все waypoint'ы миссии пройдены (миссия выполнена)
2026-05-03T20:10:48.195323 - Пройдена точка 5, прогресс выполнения маршрута: 100%
2026-05-03T20:10:48.195509 - Все waypoint'ы миссии пройдены (миссия выполнена)
2026-05-03T20:10:48.452669 - Пройдена точка 5, прогресс выполнения маршрута: 100%
2026-05-03T20:10:48.452913 - Все waypoint'ы миссии пройдены (миссия выполнена)
2026-05-03T20:10:48.712819 - Прогресс: {1: 100, 2: 100, 3: 100, 4: 0}
2026-05-03T20:10:49.193511 - Пройдена точка 5, прогресс выполнения маршрута: 100%
2026-05-03T20:10:49.193551 - Все waypoint'ы миссии пройдены (миссия выполнена)
2026-05-03T20:10:49.693736 - Пройдена точка 5, прогресс выполнения маршрута: 100%
2026-05-03T20:10:49.693785 - Все waypoint'ы миссии пройдены (миссия выполнена)
2026-05-03T20:10:50.457772 - Пройдена точка 5, прогресс выполнения маршрута: 100%
2026-05-03T20:10:50.457926 - Все waypoint'ы миссии пройдены (миссия выполнена)
2026-05-03T20:10:50.714621 - Прогресс: {1: 100, 2: 100, 3: 100, 4: 0}
2026-05-03T20:10:52.202246 - Пройдена точка 5, прогресс выполнения маршрута: 100%
2026-05-03T20:10:52.202469 - Все waypoint'ы миссии пройдены (миссия выполнена)
2026-05-03T20:10:52.449539 - Пройдена точка 5, прогресс выполнения маршрута: 100%
2026-05-03T20:10:52.449584 - Все waypoint'ы миссии пройдены (миссия выполнена)
2026-05-03T20:10:52.695419 - Пройдена точка 5, прогресс выполнения маршрута: 100%
2026-05-03T20:10:52.695456 - Все waypoint'ы миссии пройдены (миссия выполнена)
2026-05-03T20:10:52.954703 - Прогресс: {1: 100, 2: 100, 3: 100, 4: 0}
2026-05-03T20:10:53.951453 - Пройдена точка 5, прогресс выполнения маршрута: 100%
2026-05-03T20:10:53.951646 - Все waypoint'ы миссии пройдены (миссия выполнена)
2026-05-03T20:10:54.197248 - Пройдена точка 5, прогресс выполнения маршрута: 100%
2026-05-03T20:10:54.197817 - Все waypoint'ы миссии пройдены (миссия выполнена)
2026-05-03T20:10:54.701917 - Пройдена точка 5, прогресс выполнения маршрута: 100%
2026-05-03T20:10:54.702032 - Все waypoint'ы миссии пройдены (миссия выполнена)
2026-05-03T20:10:54.952734 - Прогресс: {1: 100, 2: 100, 3: 100, 4: 0}
2026-05-03T20:10:55.454025 - Пройдена точка 5, прогресс выполнения маршрута: 100%
2026-05-03T20:10:55.454182 - Все waypoint'ы миссии пройдены (миссия выполнена)
2026-05-03T20:10:55.701714 - Пройдена точка 5, прогресс выполнения маршрута: 100%
2026-05-03T20:10:55.701813 - Все waypoint'ы миссии пройдены (миссия выполнена)
2026-05-03T20:10:56.194852 - Пройдена точка 5, прогресс выполнения маршрута: 100%
2026-05-03T20:10:56.194891 - Все waypoint'ы миссии пройдены (миссия выполнена)
2026-05-03T20:10:56.453855 - Пройдена точка 5, прогресс выполнения маршрута: 100%
2026-05-03T20:10:56.453923 - Все waypoint'ы миссии пройдены (миссия выполнена)
2026-05-03T20:10:56.711182 - Пройдена точка 5, прогресс выполнения маршрута: 100%
2026-05-03T20:10:56.711471 - Все waypoint'ы миссии пройдены (миссия выполнена)
2026-05-03T20:10:57.013698 - Прогресс: {1: 100, 2: 100, 3: 100, 4: 0}
2026-05-03T20:10:57.203355 - Пройдена точка 5, прогресс выполнения маршрута: 100%
2026-05-03T20:10:57.203528 - Все waypoint'ы миссии пройдены (миссия выполнена)
2026-05-03T20:10:57.450864 - Пройдена точка 5, прогресс выполнения маршрута: 100%
2026-05-03T20:10:57.450945 - Все waypoint'ы миссии пройдены (миссия выполнена)
2026-05-03T20:10:58.195125 - Пройдена точка 5, прогресс выполнения маршрута: 100%
2026-05-03T20:10:58.195176 - Все waypoint'ы миссии пройдены (миссия выполнена)
2026-05-03T20:10:58.701725 - Пройдена точка 5, прогресс выполнения маршрута: 100%
2026-05-03T20:10:58.701856 - Все waypoint'ы миссии пройдены (миссия выполнена)
2026-05-03T20:10:58.954147 - Пройдена точка 5, прогресс выполнения маршрута: 100%
2026-05-03T20:10:58.954253 - Все waypoint'ы миссии пройдены (миссия выполнена)
2026-05-03T20:10:59.014280 - Прогресс: {1: 100, 2: 100, 3: 100, 4: 0}
2026-05-03T20:10:59.454857 - Пройдена точка 5, прогресс выполнения маршрута: 100%
2026-05-03T20:10:59.454929 - Все waypoint'ы миссии пройдены (миссия выполнена)
2026-05-03T20:10:59.692074 - Пройдена точка 5, прогресс выполнения маршрута: 100%
2026-05-03T20:10:59.692108 - Все waypoint'ы миссии пройдены (миссия выполнена)
2026-05-03T20:11:00.195510 - Пройдена точка 5, прогресс выполнения маршрута: 100%
2026-05-03T20:11:00.195552 - Все waypoint'ы миссии пройдены (миссия выполнена)
2026-05-03T20:11:00.453493 - Пройдена точка 5, прогресс выполнения маршрута: 100%
2026-05-03T20:11:00.453964 - Все waypoint'ы миссии пройдены (миссия выполнена)
2026-05-03T20:11:00.703713 - Пройдена точка 5, прогресс выполнения маршрута: 100%
2026-05-03T20:11:00.704929 - Все waypoint'ы миссии пройдены (миссия выполнена)
2026-05-03T20:11:01.212851 - Прогресс: {1: 100, 2: 100, 3: 100, 4: 0}
2026-05-03T20:11:01.706113 - Пройдена точка 5, прогресс выполнения маршрута: 100%
2026-05-03T20:11:01.706339 - Все waypoint'ы миссии пройдены (миссия выполнена)
2026-05-03T20:11:02.205454 - Пройдена точка 5, прогресс выполнения маршрута: 100%
2026-05-03T20:11:02.205675 - Все waypoint'ы миссии пройдены (миссия выполнена)
2026-05-03T20:11:02.448872 - Пройдена точка 5, прогресс выполнения маршрута: 100%
2026-05-03T20:11:02.449018 - Все waypoint'ы миссии пройдены (миссия выполнена)
2026-05-03T20:11:03.010284 - Посадка после миссии (высота 0.6 м) – критерий 4 выполнен
2026-05-03T20:11:03.327554 - Задание завершено. Успех: True
2026-05-03T20:11:03.335594 - Evaluator завершён
