2026-04-29T21:04:43.739182 - Запущен evaluator для задания ffe11e24-2cc3-4c63-be09-3defecf7738c, тип 2
2026-04-29T21:04:43.739492 - SITL запущен, ожидание инициализации...
2026-04-29T21:04:58.739797 - Подключение к MAVProxy на UDP 14550...
2026-04-29T21:04:59.298736 - Heartbeat получен, соединение установлено.
2026-04-29T21:04:59.298785 - Открытие TCP-сервера на порту 14601...
2026-04-29T21:04:59.298897 - Ожидание подключения Mission Planner на порту 14601
2026-04-29T21:05:00.903506 - Прогресс: взлёт=0% полёт=0% дистанция=0% посадка=0%
2026-04-29T21:05:02.880172 - Стартовая позиция зафиксирована: (-35.3632621, 149.1652374)
2026-04-29T21:05:02.881196 - Сбор данных (телеметрия) зафиксирован (критерий 3 выполнен)
2026-04-29T21:05:03.140434 - Прогресс: взлёт=0% полёт=0% дистанция=100% посадка=0%
2026-04-29T21:05:05.148126 - Прогресс: взлёт=0% полёт=0% дистанция=100% посадка=0%
2026-04-29T21:05:07.145628 - Прогресс: взлёт=0% полёт=0% дистанция=100% посадка=0%
2026-04-29T21:05:09.141339 - Прогресс: взлёт=0% полёт=0% дистанция=100% посадка=0%
2026-04-29T21:05:09.336035 - Миссия загружена, количество точек: 6 (критерий 1 выполнен)
2026-04-29T21:05:11.144986 - Прогресс: взлёт=100% полёт=0% дистанция=100% посадка=0%
2026-04-29T21:05:13.141626 - Прогресс: взлёт=100% полёт=0% дистанция=100% посадка=0%
2026-04-29T21:05:15.140991 - Прогресс: взлёт=100% полёт=0% дистанция=100% посадка=0%
2026-04-29T21:05:17.144102 - Прогресс: взлёт=100% полёт=0% дистанция=100% посадка=0%
2026-04-29T21:05:19.148611 - Прогресс: взлёт=100% полёт=0% дистанция=100% посадка=0%
2026-04-29T21:05:21.152062 - Прогресс: взлёт=100% полёт=0% дистанция=100% посадка=0%
2026-04-29T21:05:23.160209 - Прогресс: взлёт=100% полёт=0% дистанция=100% посадка=0%
2026-04-29T21:05:25.388728 - Прогресс: взлёт=100% полёт=0% дистанция=100% посадка=0%
2026-04-29T21:05:27.393046 - Прогресс: взлёт=100% полёт=0% дистанция=100% посадка=0%
2026-04-29T21:05:29.403072 - Прогресс: взлёт=100% полёт=0% дистанция=100% посадка=0%
2026-04-29T21:05:31.395798 - Прогресс: взлёт=100% полёт=0% дистанция=100% посадка=0%
2026-04-29T21:05:32.311057 - Режим AUTO активирован
2026-04-29T21:05:34.187690 - Прогресс: взлёт=100% полёт=0% дистанция=100% посадка=0%
2026-04-29T21:05:36.202320 - Прогресс: взлёт=100% полёт=0% дистанция=100% посадка=0%
2026-04-29T21:05:38.208428 - Прогресс: взлёт=100% полёт=0% дистанция=100% посадка=0%
2026-04-29T21:05:39.443257 - Пройдена точка 1, прогресс выполнения маршрута: 16%
2026-04-29T21:05:40.212944 - Прогресс: взлёт=100% полёт=16% дистанция=100% посадка=0%
2026-04-29T21:05:42.203529 - Прогресс: взлёт=100% полёт=16% дистанция=100% посадка=0%
2026-04-29T21:05:44.455094 - Прогресс: взлёт=100% полёт=16% дистанция=100% посадка=0%
2026-04-29T21:05:46.452607 - Прогресс: взлёт=100% полёт=16% дистанция=100% посадка=0%
2026-04-29T21:05:48.690438 - Прогресс: взлёт=100% полёт=16% дистанция=100% посадка=0%
2026-04-29T21:05:50.717066 - Прогресс: взлёт=100% полёт=16% дистанция=100% посадка=0%
2026-04-29T21:05:52.718733 - Прогресс: взлёт=100% полёт=16% дистанция=100% посадка=0%
2026-04-29T21:05:54.945288 - Прогресс: взлёт=100% полёт=16% дистанция=100% посадка=0%
2026-04-29T21:05:56.952878 - Прогресс: взлёт=100% полёт=16% дистанция=100% посадка=0%
2026-04-29T21:05:58.948398 - Прогресс: взлёт=100% полёт=16% дистанция=100% посадка=0%
2026-04-29T21:06:00.953693 - Прогресс: взлёт=100% полёт=16% дистанция=100% посадка=0%
2026-04-29T21:06:02.954664 - Прогресс: взлёт=100% полёт=16% дистанция=100% посадка=0%
2026-04-29T21:06:04.963193 - Прогресс: взлёт=100% полёт=16% дистанция=100% посадка=0%
2026-04-29T21:06:07.456311 - Прогресс: взлёт=100% полёт=16% дистанция=100% посадка=0%
2026-04-29T21:06:07.972579 - Пройдена точка 2, прогресс выполнения маршрута: 33%
2026-04-29T21:06:09.476054 - Прогресс: взлёт=100% полёт=33% дистанция=100% посадка=0%
2026-04-29T21:06:11.461340 - Прогресс: взлёт=100% полёт=33% дистанция=100% посадка=0%
2026-04-29T21:06:13.486773 - Прогресс: взлёт=100% полёт=33% дистанция=100% посадка=0%
2026-04-29T21:06:15.486983 - Прогресс: взлёт=100% полёт=33% дистанция=100% посадка=0%
2026-04-29T21:06:17.717797 - Прогресс: взлёт=100% полёт=33% дистанция=100% посадка=0%
2026-04-29T21:06:19.710266 - Прогресс: взлёт=100% полёт=33% дистанция=100% посадка=0%
2026-04-29T21:06:21.716253 - Прогресс: взлёт=100% полёт=33% дистанция=100% посадка=0%
2026-04-29T21:06:21.974738 - Пройдена точка 3, прогресс выполнения маршрута: 50%
2026-04-29T21:06:23.734078 - Прогресс: взлёт=100% полёт=50% дистанция=100% посадка=0%
2026-04-29T21:06:25.719859 - Прогресс: взлёт=100% полёт=50% дистанция=100% посадка=0%
2026-04-29T21:06:27.725593 - Прогресс: взлёт=100% полёт=50% дистанция=100% посадка=0%
2026-04-29T21:06:29.720586 - Прогресс: взлёт=100% полёт=50% дистанция=100% посадка=0%
2026-04-29T21:06:31.724253 - Прогресс: взлёт=100% полёт=50% дистанция=100% посадка=0%
2026-04-29T21:06:32.711823 - Пройдена точка 4, прогресс выполнения маршрута: 66%
2026-04-29T21:06:33.967593 - Прогресс: взлёт=100% полёт=66% дистанция=100% посадка=0%
2026-04-29T21:06:35.981516 - Прогресс: взлёт=100% полёт=66% дистанция=100% посадка=0%
2026-04-29T21:06:37.976246 - Прогресс: взлёт=100% полёт=66% дистанция=100% посадка=0%
2026-04-29T21:06:40.735340 - Прогресс: взлёт=100% полёт=66% дистанция=100% посадка=0%
2026-04-29T21:06:43.003898 - Прогресс: взлёт=100% полёт=66% дистанция=100% посадка=0%
2026-04-29T21:06:44.997007 - Прогресс: взлёт=100% полёт=66% дистанция=100% посадка=0%
2026-04-29T21:06:47.008917 - Прогресс: взлёт=100% полёт=66% дистанция=100% посадка=0%
2026-04-29T21:06:47.724232 - Пройдена точка 5, прогресс выполнения маршрута: 83%
2026-04-29T21:06:49.240572 - Прогресс: взлёт=100% полёт=83% дистанция=100% посадка=0%
2026-04-29T21:06:51.235882 - Прогресс: взлёт=100% полёт=83% дистанция=100% посадка=0%
2026-04-29T21:06:53.238506 - Прогресс: взлёт=100% полёт=83% дистанция=100% посадка=0%
2026-04-29T21:06:55.239662 - Прогресс: взлёт=100% полёт=83% дистанция=100% посадка=0%
2026-04-29T21:06:57.246637 - Прогресс: взлёт=100% полёт=83% дистанция=100% посадка=0%
2026-04-29T21:06:59.246464 - Прогресс: взлёт=100% полёт=83% дистанция=100% посадка=0%
2026-04-29T21:07:01.249134 - Прогресс: взлёт=100% полёт=83% дистанция=100% посадка=0%
2026-04-29T21:07:03.252343 - Прогресс: взлёт=100% полёт=83% дистанция=100% посадка=0%
2026-04-29T21:07:05.247266 - Прогресс: взлёт=100% полёт=83% дистанция=100% посадка=0%
2026-04-29T21:07:07.490581 - Прогресс: взлёт=100% полёт=83% дистанция=100% посадка=0%
2026-04-29T21:07:09.497503 - Прогресс: взлёт=100% полёт=83% дистанция=100% посадка=0%
2026-04-29T21:07:11.502484 - Прогресс: взлёт=100% полёт=83% дистанция=100% посадка=0%
2026-04-29T21:07:13.997445 - Прогресс: взлёт=100% полёт=83% дистанция=100% посадка=0%
2026-04-29T21:07:15.994985 - Прогресс: взлёт=100% полёт=83% дистанция=100% посадка=0%
2026-04-29T21:07:18.003807 - Прогресс: взлёт=100% полёт=83% дистанция=100% посадка=0%
2026-04-29T21:07:20.001379 - Прогресс: взлёт=100% полёт=83% дистанция=100% посадка=0%
2026-04-29T21:07:22.015267 - Прогресс: взлёт=100% полёт=83% дистанция=100% посадка=0%
2026-04-29T21:07:24.242742 - Прогресс: взлёт=100% полёт=83% дистанция=100% посадка=0%
2026-04-29T21:07:26.411888 - Прогресс: взлёт=100% полёт=83% дистанция=100% посадка=0%
2026-04-29T21:07:28.492024 - Прогресс: взлёт=100% полёт=83% дистанция=100% посадка=0%
2026-04-29T21:07:30.515228 - Прогресс: взлёт=100% полёт=83% дистанция=100% посадка=0%
